/home/tscherli/.bashrc: line 15: bind: warning: line editing not enabled
/home/tscherli/.bashrc: line 16: bind: warning: line editing not enabled
/home/tscherli/.bashrc: line 17: bind: warning: line editing not enabled
/home/tscherli/.bashrc: line 18: bind: warning: line editing not enabled
+ wait
+ nvidia-docker run -v /data/datasets:/data/datasets -v /home/tscherli:/home/tscherli tscherli/alphatraining python3 /data/datasets/tscherli/task2/train/basic3.py
2019-03-04 16:43:29.469322: I tensorflow/core/platform/cpu_feature_guard.cc:141] Your CPU supports instructions that this TensorFlow binary was not compiled to use: AVX2 FMA
2019-03-04 16:43:29.741628: I tensorflow/core/common_runtime/gpu/gpu_device.cc:1432] Found device 0 with properties: 
name: TITAN X (Pascal) major: 6 minor: 1 memoryClockRate(GHz): 1.531
pciBusID: 0000:02:00.0
totalMemory: 11.91GiB freeMemory: 11.75GiB
2019-03-04 16:43:29.950768: I tensorflow/core/common_runtime/gpu/gpu_device.cc:1432] Found device 1 with properties: 
name: TITAN X (Pascal) major: 6 minor: 1 memoryClockRate(GHz): 1.531
pciBusID: 0000:03:00.0
totalMemory: 11.91GiB freeMemory: 11.75GiB
2019-03-04 16:43:30.181970: I tensorflow/core/common_runtime/gpu/gpu_device.cc:1432] Found device 2 with properties: 
name: TITAN X (Pascal) major: 6 minor: 1 memoryClockRate(GHz): 1.531
pciBusID: 0000:81:00.0
totalMemory: 11.91GiB freeMemory: 11.75GiB
2019-03-04 16:43:30.409162: I tensorflow/core/common_runtime/gpu/gpu_device.cc:1432] Found device 3 with properties: 
name: TITAN X (Pascal) major: 6 minor: 1 memoryClockRate(GHz): 1.531
pciBusID: 0000:82:00.0
totalMemory: 11.91GiB freeMemory: 11.75GiB
2019-03-04 16:43:30.412417: I tensorflow/core/common_runtime/gpu/gpu_device.cc:1511] Adding visible gpu devices: 0, 1, 2, 3
2019-03-04 16:43:31.939346: I tensorflow/core/common_runtime/gpu/gpu_device.cc:982] Device interconnect StreamExecutor with strength 1 edge matrix:
2019-03-04 16:43:31.939393: I tensorflow/core/common_runtime/gpu/gpu_device.cc:988]      0 1 2 3 
2019-03-04 16:43:31.939401: I tensorflow/core/common_runtime/gpu/gpu_device.cc:1001] 0:   N Y N N 
2019-03-04 16:43:31.939406: I tensorflow/core/common_runtime/gpu/gpu_device.cc:1001] 1:   Y N N N 
2019-03-04 16:43:31.939410: I tensorflow/core/common_runtime/gpu/gpu_device.cc:1001] 2:   N N N Y 
2019-03-04 16:43:31.939414: I tensorflow/core/common_runtime/gpu/gpu_device.cc:1001] 3:   N N Y N 
2019-03-04 16:43:31.940332: I tensorflow/core/common_runtime/gpu/gpu_device.cc:1115] Created TensorFlow device (/job:localhost/replica:0/task:0/device:GPU:0 with 11374 MB memory) -> physical GPU (device: 0, name: TITAN X (Pascal), pci bus id: 0000:02:00.0, compute capability: 6.1)
2019-03-04 16:43:31.941831: I tensorflow/core/common_runtime/gpu/gpu_device.cc:1115] Created TensorFlow device (/job:localhost/replica:0/task:0/device:GPU:1 with 11374 MB memory) -> physical GPU (device: 1, name: TITAN X (Pascal), pci bus id: 0000:03:00.0, compute capability: 6.1)
2019-03-04 16:43:31.942411: I tensorflow/core/common_runtime/gpu/gpu_device.cc:1115] Created TensorFlow device (/job:localhost/replica:0/task:0/device:GPU:2 with 11374 MB memory) -> physical GPU (device: 2, name: TITAN X (Pascal), pci bus id: 0000:81:00.0, compute capability: 6.1)
2019-03-04 16:43:31.943330: I tensorflow/core/common_runtime/gpu/gpu_device.cc:1115] Created TensorFlow device (/job:localhost/replica:0/task:0/device:GPU:3 with 11374 MB memory) -> physical GPU (device: 3, name: TITAN X (Pascal), pci bus id: 0000:82:00.0, compute capability: 6.1)
Using TensorFlow backend.
                                                                               [                             ] N/A% ETA:  --:--:-- | Batch: 39, Loaded: 0.0 MB                                                                               [=============================] 100% ETA:  00:00:00 / Batch: 39, Loaded: 0.0 MB
+ echo 'Done!'
