Starting Docker Image
/data/datasets/tscherli/task2
CONTAINER ID        IMAGE               COMMAND             CREATED             STATUS              PORTS               NAMES
CONTAINER ID        IMAGE               COMMAND             CREATED             STATUS              PORTS               NAMES
reading dataset labels:
...done
Filtering and normalizing labels...
Bad File: /data/datasets/tscherli/Data_Training/IMG_8832.jdon.JPG
Bad File: /data/datasets/tscherli/Data_Training/IMG_8686.sjon.JPG
...done
train/test split: 5061 / 1266
creating generator for 5061 images...
starting read:
[ 0 of 844 ] batch loaded. Batch Size: 2.880144 M. Total size: 0.0007679999999999999 M.
[ 1 of 844 ] batch loaded. Batch Size: 2.880144 M. Total size: 0.0015360000000000003 M.
[ 2 of 844 ] batch loaded. Batch Size: 2.880144 M. Total size: 0.0023040000000000005 M.
[ 3 of 844 ] batch loaded. Batch Size: 2.880144 M. Total size: 0.003072000000000001 M.
[ 4 of 844 ] batch loaded. Batch Size: 2.880144 M. Total size: 0.0038400000000000014 M.
[ 5 of 844 ] batch loaded. Batch Size: 2.880144 M. Total size: 0.004607999999999999 M.
[ 6 of 844 ] batch loaded. Batch Size: 2.880144 M. Total size: 0.005375999999999997 M.
[ 7 of 844 ] batch loaded. Batch Size: 2.880144 M. Total size: 0.006143999999999995 M.
[ 8 of 844 ] batch loaded. Batch Size: 2.880144 M. Total size: 0.006911999999999993 M.
[ 9 of 844 ] batch loaded. Batch Size: 2.880144 M. Total size: 0.007679999999999991 M.
[ 10 of 844 ] batch loaded. Batch Size: 2.880144 M. Total size: 0.008447999999999989 M.
[ 11 of 844 ] batch loaded. Batch Size: 2.880144 M. Total size: 0.009215999999999986 M.
[ 12 of 844 ] batch loaded. Batch Size: 2.880144 M. Total size: 0.009983999999999984 M.
[ 13 of 844 ] batch loaded. Batch Size: 2.880144 M. Total size: 0.010751999999999982 M.
[ 14 of 844 ] batch loaded. Batch Size: 2.880144 M. Total size: 0.01151999999999998 M.
[ 15 of 844 ] batch loaded. Batch Size: 2.880144 M. Total size: 0.012287999999999978 M.
[ 16 of 844 ] batch loaded. Batch Size: 2.880144 M. Total size: 0.013055999999999976 M.
[ 17 of 844 ] batch loaded. Batch Size: 2.880144 M. Total size: 0.013823999999999973 M.
[ 18 of 844 ] batch loaded. Batch Size: 2.880144 M. Total size: 0.014591999999999971 M.
[ 19 of 844 ] batch loaded. Batch Size: 2.880144 M. Total size: 0.01535999999999997 M.
[ 20 of 844 ] batch loaded. Batch Size: 2.880144 M. Total size: 0.01612799999999997 M.
[ 21 of 844 ] batch loaded. Batch Size: 2.880144 M. Total size: 0.016895999999999967 M.
[ 22 of 844 ] batch loaded. Batch Size: 2.880144 M. Total size: 0.017663999999999964 M.
[ 23 of 844 ] batch loaded. Batch Size: 2.880144 M. Total size: 0.018431999999999962 M.
[ 24 of 844 ] batch loaded. Batch Size: 2.880144 M. Total size: 0.01919999999999996 M.
[ 25 of 844 ] batch loaded. Batch Size: 2.880144 M. Total size: 0.019967999999999958 M.
[ 26 of 844 ] batch loaded. Batch Size: 2.880144 M. Total size: 0.020735999999999956 M.
[ 27 of 844 ] batch loaded. Batch Size: 2.880144 M. Total size: 0.021503999999999954 M.
[ 28 of 844 ] batch loaded. Batch Size: 2.880144 M. Total size: 0.02227199999999995 M.
[ 29 of 844 ] batch loaded. Batch Size: 2.880144 M. Total size: 0.02303999999999995 M.
[ 30 of 844 ] batch loaded. Batch Size: 2.880144 M. Total size: 0.023807999999999947 M.
[ 31 of 844 ] batch loaded. Batch Size: 2.880144 M. Total size: 0.024575999999999945 M.
[ 32 of 844 ] batch loaded. Batch Size: 2.880144 M. Total size: 0.025343999999999943 M.
[ 33 of 844 ] batch loaded. Batch Size: 2.880144 M. Total size: 0.02611199999999994 M.
[ 34 of 844 ] batch loaded. Batch Size: 2.880144 M. Total size: 0.02687999999999994 M.
[ 35 of 844 ] batch loaded. Batch Size: 2.880144 M. Total size: 0.027647999999999937 M.
[ 36 of 844 ] batch loaded. Batch Size: 2.880144 M. Total size: 0.028415999999999934 M.
[ 37 of 844 ] batch loaded. Batch Size: 2.880144 M. Total size: 0.029183999999999932 M.
[ 38 of 844 ] batch loaded. Batch Size: 2.880144 M. Total size: 0.02995199999999993 M.
[ 39 of 844 ] batch loaded. Batch Size: 2.880144 M. Total size: 0.030719999999999928 M.
[ 40 of 844 ] batch loaded. Batch Size: 2.880144 M. Total size: 0.03148799999999993 M.
[ 41 of 844 ] batch loaded. Batch Size: 2.880144 M. Total size: 0.03225599999999995 M.
[ 42 of 844 ] batch loaded. Batch Size: 2.880144 M. Total size: 0.03302399999999997 M.
[ 43 of 844 ] batch loaded. Batch Size: 2.880144 M. Total size: 0.03379199999999999 M.
[ 44 of 844 ] batch loaded. Batch Size: 2.880144 M. Total size: 0.03456000000000001 M.
[ 45 of 844 ] batch loaded. Batch Size: 2.880144 M. Total size: 0.035328000000000026 M.
[ 46 of 844 ] batch loaded. Batch Size: 2.880144 M. Total size: 0.036096000000000045 M.
[ 47 of 844 ] batch loaded. Batch Size: 2.880144 M. Total size: 0.03686400000000006 M.
[ 48 of 844 ] batch loaded. Batch Size: 2.880144 M. Total size: 0.03763200000000008 M.
[ 49 of 844 ] batch loaded. Batch Size: 2.880144 M. Total size: 0.0384000000000001 M.
[ 50 of 844 ] batch loaded. Batch Size: 2.880144 M. Total size: 0.03916800000000012 M.
[ 51 of 844 ] batch loaded. Batch Size: 2.880144 M. Total size: 0.03993600000000014 M.
[ 52 of 844 ] batch loaded. Batch Size: 2.880144 M. Total size: 0.04070400000000016 M.
[ 53 of 844 ] batch loaded. Batch Size: 2.880144 M. Total size: 0.041472000000000175 M.
[ 54 of 844 ] batch loaded. Batch Size: 2.880144 M. Total size: 0.042240000000000194 M.
[ 55 of 844 ] batch loaded. Batch Size: 2.880144 M. Total size: 0.04300800000000021 M.
[ 56 of 844 ] batch loaded. Batch Size: 2.880144 M. Total size: 0.04377600000000023 M.
[ 57 of 844 ] batch loaded. Batch Size: 2.880144 M. Total size: 0.04454400000000025 M.
[ 58 of 844 ] batch loaded. Batch Size: 2.880144 M. Total size: 0.04531200000000027 M.
[ 59 of 844 ] batch loaded. Batch Size: 2.880144 M. Total size: 0.04608000000000029 M.
[ 60 of 844 ] batch loaded. Batch Size: 2.880144 M. Total size: 0.046848000000000306 M.
[ 61 of 844 ] batch loaded. Batch Size: 2.880144 M. Total size: 0.047616000000000325 M.
[ 62 of 844 ] batch loaded. Batch Size: 2.880144 M. Total size: 0.04838400000000034 M.
[ 63 of 844 ] batch loaded. Batch Size: 2.880144 M. Total size: 0.04915200000000036 M.
[ 64 of 844 ] batch loaded. Batch Size: 2.880144 M. Total size: 0.04992000000000038 M.
[ 65 of 844 ] batch loaded. Batch Size: 2.880144 M. Total size: 0.0506880000000004 M.
[ 66 of 844 ] batch loaded. Batch Size: 2.880144 M. Total size: 0.05145600000000042 M.
[ 67 of 844 ] batch loaded. Batch Size: 2.880144 M. Total size: 0.05222400000000044 M.
[ 68 of 844 ] batch loaded. Batch Size: 2.880144 M. Total size: 0.052992000000000455 M.
[ 69 of 844 ] batch loaded. Batch Size: 2.880144 M. Total size: 0.053760000000000474 M.
[ 70 of 844 ] batch loaded. Batch Size: 2.880144 M. Total size: 0.05452800000000049 M.
[ 71 of 844 ] batch loaded. Batch Size: 2.880144 M. Total size: 0.05529600000000051 M.
[ 72 of 844 ] batch loaded. Batch Size: 2.880144 M. Total size: 0.05606400000000053 M.
[ 73 of 844 ] batch loaded. Batch Size: 2.880144 M. Total size: 0.05683200000000055 M.
[ 74 of 844 ] batch loaded. Batch Size: 2.880144 M. Total size: 0.05760000000000057 M.
[ 75 of 844 ] batch loaded. Batch Size: 2.880144 M. Total size: 0.058368000000000586 M.
[ 76 of 844 ] batch loaded. Batch Size: 2.880144 M. Total size: 0.059136000000000605 M.
[ 77 of 844 ] batch loaded. Batch Size: 2.880144 M. Total size: 0.05990400000000062 M.
[ 78 of 844 ] batch loaded. Batch Size: 2.880144 M. Total size: 0.06067200000000064 M.
[ 79 of 844 ] batch loaded. Batch Size: 2.880144 M. Total size: 0.06144000000000066 M.
[ 80 of 844 ] batch loaded. Batch Size: 2.880144 M. Total size: 0.06220800000000068 M.
[ 81 of 844 ] batch loaded. Batch Size: 2.880144 M. Total size: 0.0629760000000007 M.
[ 82 of 844 ] batch loaded. Batch Size: 2.880144 M. Total size: 0.06374400000000072 M.
[ 83 of 844 ] batch loaded. Batch Size: 2.880144 M. Total size: 0.06451200000000074 M.
[ 84 of 844 ] batch loaded. Batch Size: 2.880144 M. Total size: 0.06528000000000075 M.
[ 85 of 844 ] batch loaded. Batch Size: 2.880144 M. Total size: 0.06604800000000077 M.
[ 86 of 844 ] batch loaded. Batch Size: 2.880144 M. Total size: 0.06681600000000079 M.
[ 87 of 844 ] batch loaded. Batch Size: 2.880144 M. Total size: 0.06758400000000081 M.
[ 88 of 844 ] batch loaded. Batch Size: 2.880144 M. Total size: 0.06835200000000083 M.
[ 89 of 844 ] batch loaded. Batch Size: 2.880144 M. Total size: 0.06912000000000085 M.
[ 90 of 844 ] batch loaded. Batch Size: 2.880144 M. Total size: 0.06988800000000087 M.
[ 91 of 844 ] batch loaded. Batch Size: 2.880144 M. Total size: 0.07065600000000088 M.
[ 92 of 844 ] batch loaded. Batch Size: 2.880144 M. Total size: 0.0714240000000009 M.
[ 93 of 844 ] batch loaded. Batch Size: 2.880144 M. Total size: 0.07219200000000092 M.
[ 94 of 844 ] batch loaded. Batch Size: 2.880144 M. Total size: 0.07296000000000094 M.
[ 95 of 844 ] batch loaded. Batch Size: 2.880144 M. Total size: 0.07372800000000096 M.
[ 96 of 844 ] batch loaded. Batch Size: 2.880144 M. Total size: 0.07449600000000098 M.
[ 97 of 844 ] batch loaded. Batch Size: 2.880144 M. Total size: 0.075264000000001 M.
[ 98 of 844 ] batch loaded. Batch Size: 2.880144 M. Total size: 0.07603200000000102 M.
[ 99 of 844 ] batch loaded. Batch Size: 2.880144 M. Total size: 0.07680000000000103 M.
[ 100 of 844 ] batch loaded. Batch Size: 2.880144 M. Total size: 0.07756800000000105 M.
[ 101 of 844 ] batch loaded. Batch Size: 2.880144 M. Total size: 0.07833600000000107 M.
[ 102 of 844 ] batch loaded. Batch Size: 2.880144 M. Total size: 0.07910400000000109 M.
[ 103 of 844 ] batch loaded. Batch Size: 2.880144 M. Total size: 0.07987200000000111 M.
[ 104 of 844 ] batch loaded. Batch Size: 2.880144 M. Total size: 0.08064000000000113 M.
[ 105 of 844 ] batch loaded. Batch Size: 2.880144 M. Total size: 0.08140800000000115 M.
[ 106 of 844 ] batch loaded. Batch Size: 2.880144 M. Total size: 0.08217600000000116 M.
[ 107 of 844 ] batch loaded. Batch Size: 2.880144 M. Total size: 0.08294400000000118 M.
[ 108 of 844 ] batch loaded. Batch Size: 2.880144 M. Total size: 0.0837120000000012 M.
[ 109 of 844 ] batch loaded. Batch Size: 2.880144 M. Total size: 0.08448000000000122 M.
[ 110 of 844 ] batch loaded. Batch Size: 2.880144 M. Total size: 0.08524800000000124 M.
[ 111 of 844 ] batch loaded. Batch Size: 2.880144 M. Total size: 0.08601600000000126 M.
[ 112 of 844 ] batch loaded. Batch Size: 2.880144 M. Total size: 0.08678400000000128 M.
[ 113 of 844 ] batch loaded. Batch Size: 2.880144 M. Total size: 0.0875520000000013 M.
[ 114 of 844 ] batch loaded. Batch Size: 2.880144 M. Total size: 0.08832000000000131 M.
[ 115 of 844 ] batch loaded. Batch Size: 2.880144 M. Total size: 0.08908800000000133 M.
[ 116 of 844 ] batch loaded. Batch Size: 2.880144 M. Total size: 0.08985600000000135 M.
[ 117 of 844 ] batch loaded. Batch Size: 2.880144 M. Total size: 0.09062400000000137 M.
[ 118 of 844 ] batch loaded. Batch Size: 2.880144 M. Total size: 0.09139200000000139 M.
[ 119 of 844 ] batch loaded. Batch Size: 2.880144 M. Total size: 0.09216000000000141 M.
[ 120 of 844 ] batch loaded. Batch Size: 2.880144 M. Total size: 0.09292800000000143 M.
[ 121 of 844 ] batch loaded. Batch Size: 2.880144 M. Total size: 0.09369600000000144 M.
[ 122 of 844 ] batch loaded. Batch Size: 2.880144 M. Total size: 0.09446400000000146 M.
[ 123 of 844 ] batch loaded. Batch Size: 2.880144 M. Total size: 0.09523200000000148 M.
[ 124 of 844 ] batch loaded. Batch Size: 2.880144 M. Total size: 0.0960000000000015 M.
[ 125 of 844 ] batch loaded. Batch Size: 2.880144 M. Total size: 0.09676800000000152 M.
[ 126 of 844 ] batch loaded. Batch Size: 2.880144 M. Total size: 0.09753600000000154 M.
[ 127 of 844 ] batch loaded. Batch Size: 2.880144 M. Total size: 0.09830400000000156 M.
[ 128 of 844 ] batch loaded. Batch Size: 2.880144 M. Total size: 0.09907200000000158 M.
[ 129 of 844 ] batch loaded. Batch Size: 2.880144 M. Total size: 0.0998400000000016 M.
[ 130 of 844 ] batch loaded. Batch Size: 2.880144 M. Total size: 0.10060800000000161 M.
[ 131 of 844 ] batch loaded. Batch Size: 2.880144 M. Total size: 0.10137600000000163 M.
[ 132 of 844 ] batch loaded. Batch Size: 2.880144 M. Total size: 0.10214400000000165 M.
[ 133 of 844 ] batch loaded. Batch Size: 2.880144 M. Total size: 0.10291200000000167 M.
[ 134 of 844 ] batch loaded. Batch Size: 2.880144 M. Total size: 0.10368000000000169 M.
[ 135 of 844 ] batch loaded. Batch Size: 2.880144 M. Total size: 0.1044480000000017 M.
[ 136 of 844 ] batch loaded. Batch Size: 2.880144 M. Total size: 0.10521600000000172 M.
[ 137 of 844 ] batch loaded. Batch Size: 2.880144 M. Total size: 0.10598400000000174 M.
[ 138 of 844 ] batch loaded. Batch Size: 2.880144 M. Total size: 0.10675200000000176 M.
[ 139 of 844 ] batch loaded. Batch Size: 2.880144 M. Total size: 0.10752000000000178 M.
[ 140 of 844 ] batch loaded. Batch Size: 2.880144 M. Total size: 0.1082880000000018 M.
[ 141 of 844 ] batch loaded. Batch Size: 2.880144 M. Total size: 0.10905600000000182 M.
[ 142 of 844 ] batch loaded. Batch Size: 2.880144 M. Total size: 0.10982400000000184 M.
[ 143 of 844 ] batch loaded. Batch Size: 2.880144 M. Total size: 0.11059200000000186 M.
[ 144 of 844 ] batch loaded. Batch Size: 2.880144 M. Total size: 0.11136000000000187 M.
[ 145 of 844 ] batch loaded. Batch Size: 2.880144 M. Total size: 0.11212800000000189 M.
[ 146 of 844 ] batch loaded. Batch Size: 2.880144 M. Total size: 0.11289600000000191 M.
[ 147 of 844 ] batch loaded. Batch Size: 2.880144 M. Total size: 0.11366400000000193 M.
[ 148 of 844 ] batch loaded. Batch Size: 2.880144 M. Total size: 0.11443200000000195 M.
[ 149 of 844 ] batch loaded. Batch Size: 2.880144 M. Total size: 0.11520000000000197 M.
[ 150 of 844 ] batch loaded. Batch Size: 2.880144 M. Total size: 0.11596800000000199 M.
[ 151 of 844 ] batch loaded. Batch Size: 2.880144 M. Total size: 0.116736000000002 M.
[ 152 of 844 ] batch loaded. Batch Size: 2.880144 M. Total size: 0.11750400000000202 M.
[ 153 of 844 ] batch loaded. Batch Size: 2.880144 M. Total size: 0.11827200000000204 M.
[ 154 of 844 ] batch loaded. Batch Size: 2.880144 M. Total size: 0.11904000000000206 M.
[ 155 of 844 ] batch loaded. Batch Size: 2.880144 M. Total size: 0.11980800000000208 M.
[ 156 of 844 ] batch loaded. Batch Size: 2.880144 M. Total size: 0.1205760000000021 M.
[ 157 of 844 ] batch loaded. Batch Size: 2.880144 M. Total size: 0.12134400000000212 M.
[ 158 of 844 ] batch loaded. Batch Size: 2.880144 M. Total size: 0.12211200000000214 M.
[ 159 of 844 ] batch loaded. Batch Size: 2.880144 M. Total size: 0.12288000000000215 M.
[ 160 of 844 ] batch loaded. Batch Size: 2.880144 M. Total size: 0.12364800000000217 M.
[ 161 of 844 ] batch loaded. Batch Size: 2.880144 M. Total size: 0.12441600000000219 M.
[ 162 of 844 ] batch loaded. Batch Size: 2.880144 M. Total size: 0.12518400000000218 M.
[ 163 of 844 ] batch loaded. Batch Size: 2.880144 M. Total size: 0.12595200000000212 M.
[ 164 of 844 ] batch loaded. Batch Size: 2.880144 M. Total size: 0.12672000000000205 M.
[ 165 of 844 ] batch loaded. Batch Size: 2.880144 M. Total size: 0.127488000000002 M.
[ 166 of 844 ] batch loaded. Batch Size: 2.880144 M. Total size: 0.12825600000000192 M.
[ 167 of 844 ] batch loaded. Batch Size: 2.880144 M. Total size: 0.12902400000000186 M.
[ 168 of 844 ] batch loaded. Batch Size: 2.880144 M. Total size: 0.1297920000000018 M.
[ 169 of 844 ] batch loaded. Batch Size: 2.880144 M. Total size: 0.13056000000000173 M.
[ 170 of 844 ] batch loaded. Batch Size: 2.880144 M. Total size: 0.13132800000000167 M.
[ 171 of 844 ] batch loaded. Batch Size: 2.880144 M. Total size: 0.1320960000000016 M.
[ 172 of 844 ] batch loaded. Batch Size: 2.880144 M. Total size: 0.13286400000000154 M.
[ 173 of 844 ] batch loaded. Batch Size: 2.880144 M. Total size: 0.13363200000000147 M.
[ 174 of 844 ] batch loaded. Batch Size: 2.880144 M. Total size: 0.1344000000000014 M.
[ 175 of 844 ] batch loaded. Batch Size: 2.880144 M. Total size: 0.13516800000000134 M.
[ 176 of 844 ] batch loaded. Batch Size: 2.880144 M. Total size: 0.13593600000000128 M.
[ 177 of 844 ] batch loaded. Batch Size: 2.880144 M. Total size: 0.1367040000000012 M.
[ 178 of 844 ] batch loaded. Batch Size: 2.880144 M. Total size: 0.13747200000000115 M.
[ 179 of 844 ] batch loaded. Batch Size: 2.880144 M. Total size: 0.13824000000000108 M.
[ 180 of 844 ] batch loaded. Batch Size: 2.880144 M. Total size: 0.13900800000000102 M.
[ 181 of 844 ] batch loaded. Batch Size: 2.880144 M. Total size: 0.13977600000000096 M.
[ 182 of 844 ] batch loaded. Batch Size: 2.880144 M. Total size: 0.1405440000000009 M.
[ 183 of 844 ] batch loaded. Batch Size: 2.880144 M. Total size: 0.14131200000000083 M.
[ 184 of 844 ] batch loaded. Batch Size: 2.880144 M. Total size: 0.14208000000000076 M.
[ 185 of 844 ] batch loaded. Batch Size: 2.880144 M. Total size: 0.1428480000000007 M.
[ 186 of 844 ] batch loaded. Batch Size: 2.880144 M. Total size: 0.14361600000000063 M.
[ 187 of 844 ] batch loaded. Batch Size: 2.880144 M. Total size: 0.14438400000000057 M.
[ 188 of 844 ] batch loaded. Batch Size: 2.880144 M. Total size: 0.1451520000000005 M.
[ 189 of 844 ] batch loaded. Batch Size: 2.880144 M. Total size: 0.14592000000000044 M.
[ 190 of 844 ] batch loaded. Batch Size: 2.880144 M. Total size: 0.14668800000000037 M.
[ 191 of 844 ] batch loaded. Batch Size: 2.880144 M. Total size: 0.1474560000000003 M.
[ 192 of 844 ] batch loaded. Batch Size: 2.880144 M. Total size: 0.14822400000000024 M.
[ 193 of 844 ] batch loaded. Batch Size: 2.880144 M. Total size: 0.14899200000000018 M.
[ 194 of 844 ] batch loaded. Batch Size: 2.880144 M. Total size: 0.14976000000000012 M.
[ 195 of 844 ] batch loaded. Batch Size: 2.880144 M. Total size: 0.15052800000000005 M.
[ 196 of 844 ] batch loaded. Batch Size: 2.880144 M. Total size: 0.15129599999999999 M.
[ 197 of 844 ] batch loaded. Batch Size: 2.880144 M. Total size: 0.15206399999999992 M.
[ 198 of 844 ] batch loaded. Batch Size: 2.880144 M. Total size: 0.15283199999999986 M.
[ 199 of 844 ] batch loaded. Batch Size: 2.880144 M. Total size: 0.1535999999999998 M.
[ 200 of 844 ] batch loaded. Batch Size: 2.880144 M. Total size: 0.15436799999999973 M.
[ 201 of 844 ] batch loaded. Batch Size: 2.880144 M. Total size: 0.15513599999999966 M.
[ 202 of 844 ] batch loaded. Batch Size: 2.880144 M. Total size: 0.1559039999999996 M.
[ 203 of 844 ] batch loaded. Batch Size: 2.880144 M. Total size: 0.15667199999999953 M.
[ 204 of 844 ] batch loaded. Batch Size: 2.880144 M. Total size: 0.15743999999999947 M.
[ 205 of 844 ] batch loaded. Batch Size: 2.880144 M. Total size: 0.1582079999999994 M.
[ 206 of 844 ] batch loaded. Batch Size: 2.880144 M. Total size: 0.15897599999999934 M.
[ 207 of 844 ] batch loaded. Batch Size: 2.880144 M. Total size: 0.15974399999999928 M.
[ 208 of 844 ] batch loaded. Batch Size: 2.880144 M. Total size: 0.1605119999999992 M.
[ 209 of 844 ] batch loaded. Batch Size: 2.880144 M. Total size: 0.16127999999999915 M.
[ 210 of 844 ] batch loaded. Batch Size: 2.880144 M. Total size: 0.16204799999999908 M.
[ 211 of 844 ] batch loaded. Batch Size: 2.880144 M. Total size: 0.16281599999999902 M.
[ 212 of 844 ] batch loaded. Batch Size: 2.880144 M. Total size: 0.16358399999999895 M.
[ 213 of 844 ] batch loaded. Batch Size: 2.880144 M. Total size: 0.1643519999999989 M.
[ 214 of 844 ] batch loaded. Batch Size: 2.880144 M. Total size: 0.16511999999999882 M.
[ 215 of 844 ] batch loaded. Batch Size: 2.880144 M. Total size: 0.16588799999999876 M.
[ 216 of 844 ] batch loaded. Batch Size: 2.880144 M. Total size: 0.1666559999999987 M.
[ 217 of 844 ] batch loaded. Batch Size: 2.880144 M. Total size: 0.16742399999999863 M.
[ 218 of 844 ] batch loaded. Batch Size: 2.880144 M. Total size: 0.16819199999999856 M.
[ 219 of 844 ] batch loaded. Batch Size: 2.880144 M. Total size: 0.1689599999999985 M.
[ 220 of 844 ] batch loaded. Batch Size: 2.880144 M. Total size: 0.16972799999999844 M.
[ 221 of 844 ] batch loaded. Batch Size: 2.880144 M. Total size: 0.17049599999999837 M.
[ 222 of 844 ] batch loaded. Batch Size: 2.880144 M. Total size: 0.1712639999999983 M.
[ 223 of 844 ] batch loaded. Batch Size: 2.880144 M. Total size: 0.17203199999999824 M.
[ 224 of 844 ] batch loaded. Batch Size: 2.880144 M. Total size: 0.17279999999999818 M.
[ 225 of 844 ] batch loaded. Batch Size: 2.880144 M. Total size: 0.1735679999999981 M.
[ 226 of 844 ] batch loaded. Batch Size: 2.880144 M. Total size: 0.17433599999999805 M.
[ 227 of 844 ] batch loaded. Batch Size: 2.880144 M. Total size: 0.17510399999999798 M.
[ 228 of 844 ] batch loaded. Batch Size: 2.880144 M. Total size: 0.17587199999999792 M.
[ 229 of 844 ] batch loaded. Batch Size: 2.880144 M. Total size: 0.17663999999999785 M.
[ 230 of 844 ] batch loaded. Batch Size: 2.880144 M. Total size: 0.1774079999999978 M.
[ 231 of 844 ] batch loaded. Batch Size: 2.880144 M. Total size: 0.17817599999999773 M.
[ 232 of 844 ] batch loaded. Batch Size: 2.880144 M. Total size: 0.17894399999999766 M.
[ 233 of 844 ] batch loaded. Batch Size: 2.880144 M. Total size: 0.1797119999999976 M.
[ 234 of 844 ] batch loaded. Batch Size: 2.880144 M. Total size: 0.18047999999999753 M.
[ 235 of 844 ] batch loaded. Batch Size: 2.880144 M. Total size: 0.18124799999999747 M.
[ 236 of 844 ] batch loaded. Batch Size: 2.880144 M. Total size: 0.1820159999999974 M.
[ 237 of 844 ] batch loaded. Batch Size: 2.880144 M. Total size: 0.18278399999999734 M.
[ 238 of 844 ] batch loaded. Batch Size: 2.880144 M. Total size: 0.18355199999999727 M.
[ 239 of 844 ] batch loaded. Batch Size: 2.880144 M. Total size: 0.1843199999999972 M.
[ 240 of 844 ] batch loaded. Batch Size: 2.880144 M. Total size: 0.18508799999999714 M.
[ 241 of 844 ] batch loaded. Batch Size: 2.880144 M. Total size: 0.18585599999999708 M.
[ 242 of 844 ] batch loaded. Batch Size: 2.880144 M. Total size: 0.18662399999999701 M.
[ 243 of 844 ] batch loaded. Batch Size: 2.880144 M. Total size: 0.18739199999999695 M.
[ 244 of 844 ] batch loaded. Batch Size: 2.880144 M. Total size: 0.18815999999999689 M.
[ 245 of 844 ] batch loaded. Batch Size: 2.880144 M. Total size: 0.18892799999999682 M.
[ 246 of 844 ] batch loaded. Batch Size: 2.880144 M. Total size: 0.18969599999999676 M.
[ 247 of 844 ] batch loaded. Batch Size: 2.880144 M. Total size: 0.1904639999999967 M.
[ 248 of 844 ] batch loaded. Batch Size: 2.880144 M. Total size: 0.19123199999999663 M.
[ 249 of 844 ] batch loaded. Batch Size: 2.880144 M. Total size: 0.19199999999999656 M.
[ 250 of 844 ] batch loaded. Batch Size: 2.880144 M. Total size: 0.1927679999999965 M.
[ 251 of 844 ] batch loaded. Batch Size: 2.880144 M. Total size: 0.19353599999999643 M.
[ 252 of 844 ] batch loaded. Batch Size: 2.880144 M. Total size: 0.19430399999999637 M.
[ 253 of 844 ] batch loaded. Batch Size: 2.880144 M. Total size: 0.1950719999999963 M.
[ 254 of 844 ] batch loaded. Batch Size: 2.880144 M. Total size: 0.19583999999999624 M.
[ 255 of 844 ] batch loaded. Batch Size: 2.880144 M. Total size: 0.19660799999999617 M.
[ 256 of 844 ] batch loaded. Batch Size: 2.880144 M. Total size: 0.1973759999999961 M.
[ 257 of 844 ] batch loaded. Batch Size: 2.880144 M. Total size: 0.19814399999999605 M.
[ 258 of 844 ] batch loaded. Batch Size: 2.880144 M. Total size: 0.19891199999999598 M.
[ 259 of 844 ] batch loaded. Batch Size: 2.880144 M. Total size: 0.19967999999999592 M.
[ 260 of 844 ] batch loaded. Batch Size: 2.880144 M. Total size: 0.20044799999999585 M.
[ 261 of 844 ] batch loaded. Batch Size: 2.880144 M. Total size: 0.2012159999999958 M.
[ 262 of 844 ] batch loaded. Batch Size: 2.880144 M. Total size: 0.20198399999999572 M.
[ 263 of 844 ] batch loaded. Batch Size: 2.880144 M. Total size: 0.20275199999999566 M.
[ 264 of 844 ] batch loaded. Batch Size: 2.880144 M. Total size: 0.2035199999999956 M.
[ 265 of 844 ] batch loaded. Batch Size: 2.880144 M. Total size: 0.20428799999999553 M.
[ 266 of 844 ] batch loaded. Batch Size: 2.880144 M. Total size: 0.20505599999999546 M.
[ 267 of 844 ] batch loaded. Batch Size: 2.880144 M. Total size: 0.2058239999999954 M.
[ 268 of 844 ] batch loaded. Batch Size: 2.880144 M. Total size: 0.20659199999999533 M.
[ 269 of 844 ] batch loaded. Batch Size: 2.880144 M. Total size: 0.20735999999999527 M.
[ 270 of 844 ] batch loaded. Batch Size: 2.880144 M. Total size: 0.2081279999999952 M.
[ 271 of 844 ] batch loaded. Batch Size: 2.880144 M. Total size: 0.20889599999999514 M.
[ 272 of 844 ] batch loaded. Batch Size: 2.880144 M. Total size: 0.20966399999999508 M.
[ 273 of 844 ] batch loaded. Batch Size: 2.880144 M. Total size: 0.210431999999995 M.
[ 274 of 844 ] batch loaded. Batch Size: 2.880144 M. Total size: 0.21119999999999495 M.
[ 275 of 844 ] batch loaded. Batch Size: 2.880144 M. Total size: 0.21196799999999488 M.
[ 276 of 844 ] batch loaded. Batch Size: 2.880144 M. Total size: 0.21273599999999482 M.
[ 277 of 844 ] batch loaded. Batch Size: 2.880144 M. Total size: 0.21350399999999475 M.
[ 278 of 844 ] batch loaded. Batch Size: 2.880144 M. Total size: 0.2142719999999947 M.
[ 279 of 844 ] batch loaded. Batch Size: 2.880144 M. Total size: 0.21503999999999462 M.
[ 280 of 844 ] batch loaded. Batch Size: 2.880144 M. Total size: 0.21580799999999456 M.
[ 281 of 844 ] batch loaded. Batch Size: 2.880144 M. Total size: 0.2165759999999945 M.
[ 282 of 844 ] batch loaded. Batch Size: 2.880144 M. Total size: 0.21734399999999443 M.
[ 283 of 844 ] batch loaded. Batch Size: 2.880144 M. Total size: 0.21811199999999437 M.
[ 284 of 844 ] batch loaded. Batch Size: 2.880144 M. Total size: 0.2188799999999943 M.
[ 285 of 844 ] batch loaded. Batch Size: 2.880144 M. Total size: 0.21964799999999424 M.
[ 286 of 844 ] batch loaded. Batch Size: 2.880144 M. Total size: 0.22041599999999417 M.
[ 287 of 844 ] batch loaded. Batch Size: 2.880144 M. Total size: 0.2211839999999941 M.
[ 288 of 844 ] batch loaded. Batch Size: 2.880144 M. Total size: 0.22195199999999404 M.
[ 289 of 844 ] batch loaded. Batch Size: 2.880144 M. Total size: 0.22271999999999398 M.
[ 290 of 844 ] batch loaded. Batch Size: 2.880144 M. Total size: 0.2234879999999939 M.
[ 291 of 844 ] batch loaded. Batch Size: 2.880144 M. Total size: 0.22425599999999385 M.
[ 292 of 844 ] batch loaded. Batch Size: 2.880144 M. Total size: 0.22502399999999378 M.
[ 293 of 844 ] batch loaded. Batch Size: 2.880144 M. Total size: 0.22579199999999372 M.
[ 294 of 844 ] batch loaded. Batch Size: 2.880144 M. Total size: 0.22655999999999366 M.
[ 295 of 844 ] batch loaded. Batch Size: 2.880144 M. Total size: 0.2273279999999936 M.
[ 296 of 844 ] batch loaded. Batch Size: 2.880144 M. Total size: 0.22809599999999353 M.
[ 297 of 844 ] batch loaded. Batch Size: 2.880144 M. Total size: 0.22886399999999346 M.
[ 298 of 844 ] batch loaded. Batch Size: 2.880144 M. Total size: 0.2296319999999934 M.
[ 299 of 844 ] batch loaded. Batch Size: 2.880144 M. Total size: 0.23039999999999333 M.
[ 300 of 844 ] batch loaded. Batch Size: 2.880144 M. Total size: 0.23116799999999327 M.
[ 301 of 844 ] batch loaded. Batch Size: 2.880144 M. Total size: 0.2319359999999932 M.
[ 302 of 844 ] batch loaded. Batch Size: 2.880144 M. Total size: 0.23270399999999314 M.
[ 303 of 844 ] batch loaded. Batch Size: 2.880144 M. Total size: 0.23347199999999307 M.
[ 304 of 844 ] batch loaded. Batch Size: 2.880144 M. Total size: 0.234239999999993 M.
[ 305 of 844 ] batch loaded. Batch Size: 2.880144 M. Total size: 0.23500799999999294 M.
[ 306 of 844 ] batch loaded. Batch Size: 2.880144 M. Total size: 0.23577599999999288 M.
[ 307 of 844 ] batch loaded. Batch Size: 2.880144 M. Total size: 0.23654399999999282 M.
[ 308 of 844 ] batch loaded. Batch Size: 2.880144 M. Total size: 0.23731199999999275 M.
[ 309 of 844 ] batch loaded. Batch Size: 2.880144 M. Total size: 0.2380799999999927 M.
[ 310 of 844 ] batch loaded. Batch Size: 2.880144 M. Total size: 0.23884799999999262 M.
[ 311 of 844 ] batch loaded. Batch Size: 2.880144 M. Total size: 0.23961599999999256 M.
[ 312 of 844 ] batch loaded. Batch Size: 2.880144 M. Total size: 0.2403839999999925 M.
[ 313 of 844 ] batch loaded. Batch Size: 2.880144 M. Total size: 0.24115199999999243 M.
[ 314 of 844 ] batch loaded. Batch Size: 2.880144 M. Total size: 0.24191999999999236 M.
[ 315 of 844 ] batch loaded. Batch Size: 2.880144 M. Total size: 0.2426879999999923 M.
[ 316 of 844 ] batch loaded. Batch Size: 2.880144 M. Total size: 0.24345599999999223 M.
[ 317 of 844 ] batch loaded. Batch Size: 2.880144 M. Total size: 0.24422399999999217 M.
[ 318 of 844 ] batch loaded. Batch Size: 2.880144 M. Total size: 0.2449919999999921 M.
[ 319 of 844 ] batch loaded. Batch Size: 2.880144 M. Total size: 0.24575999999999204 M.
[ 320 of 844 ] batch loaded. Batch Size: 2.880144 M. Total size: 0.24652799999999198 M.
[ 321 of 844 ] batch loaded. Batch Size: 2.880144 M. Total size: 0.2472959999999919 M.
[ 322 of 844 ] batch loaded. Batch Size: 2.880144 M. Total size: 0.24806399999999185 M.
[ 323 of 844 ] batch loaded. Batch Size: 2.880144 M. Total size: 0.24883199999999178 M.
[ 324 of 844 ] batch loaded. Batch Size: 2.880144 M. Total size: 0.24959999999999172 M.
[ 325 of 844 ] batch loaded. Batch Size: 2.880144 M. Total size: 0.2503679999999917 M.
[ 326 of 844 ] batch loaded. Batch Size: 2.880144 M. Total size: 0.2511359999999918 M.
[ 327 of 844 ] batch loaded. Batch Size: 2.880144 M. Total size: 0.2519039999999919 M.
[ 328 of 844 ] batch loaded. Batch Size: 2.880144 M. Total size: 0.252671999999992 M.
[ 329 of 844 ] batch loaded. Batch Size: 2.880144 M. Total size: 0.2534399999999921 M.
[ 330 of 844 ] batch loaded. Batch Size: 2.880144 M. Total size: 0.2542079999999922 M.
[ 331 of 844 ] batch loaded. Batch Size: 2.880144 M. Total size: 0.2549759999999923 M.
[ 332 of 844 ] batch loaded. Batch Size: 2.880144 M. Total size: 0.2557439999999924 M.
[ 333 of 844 ] batch loaded. Batch Size: 2.880144 M. Total size: 0.2565119999999925 M.
[ 334 of 844 ] batch loaded. Batch Size: 2.880144 M. Total size: 0.2572799999999926 M.
[ 335 of 844 ] batch loaded. Batch Size: 2.880144 M. Total size: 0.2580479999999927 M.
[ 336 of 844 ] batch loaded. Batch Size: 2.880144 M. Total size: 0.25881599999999283 M.
[ 337 of 844 ] batch loaded. Batch Size: 2.880144 M. Total size: 0.25958399999999293 M.
[ 338 of 844 ] batch loaded. Batch Size: 2.880144 M. Total size: 0.26035199999999303 M.
[ 339 of 844 ] batch loaded. Batch Size: 2.880144 M. Total size: 0.26111999999999314 M.
[ 340 of 844 ] batch loaded. Batch Size: 2.880144 M. Total size: 0.26188799999999324 M.
[ 341 of 844 ] batch loaded. Batch Size: 2.880144 M. Total size: 0.26265599999999334 M.
[ 342 of 844 ] batch loaded. Batch Size: 2.880144 M. Total size: 0.26342399999999344 M.
[ 343 of 844 ] batch loaded. Batch Size: 2.880144 M. Total size: 0.26419199999999354 M.
[ 344 of 844 ] batch loaded. Batch Size: 2.880144 M. Total size: 0.26495999999999365 M.
[ 345 of 844 ] batch loaded. Batch Size: 2.880144 M. Total size: 0.26572799999999375 M.
[ 346 of 844 ] batch loaded. Batch Size: 2.880144 M. Total size: 0.26649599999999385 M.
[ 347 of 844 ] batch loaded. Batch Size: 2.880144 M. Total size: 0.26726399999999395 M.
[ 348 of 844 ] batch loaded. Batch Size: 2.880144 M. Total size: 0.26803199999999405 M.
[ 349 of 844 ] batch loaded. Batch Size: 2.880144 M. Total size: 0.26879999999999415 M.
[ 350 of 844 ] batch loaded. Batch Size: 2.880144 M. Total size: 0.26956799999999426 M.
[ 351 of 844 ] batch loaded. Batch Size: 2.880144 M. Total size: 0.27033599999999436 M.
[ 352 of 844 ] batch loaded. Batch Size: 2.880144 M. Total size: 0.27110399999999446 M.
[ 353 of 844 ] batch loaded. Batch Size: 2.880144 M. Total size: 0.27187199999999456 M.
[ 354 of 844 ] batch loaded. Batch Size: 2.880144 M. Total size: 0.27263999999999466 M.
[ 355 of 844 ] batch loaded. Batch Size: 2.880144 M. Total size: 0.27340799999999477 M.
[ 356 of 844 ] batch loaded. Batch Size: 2.880144 M. Total size: 0.27417599999999487 M.
[ 357 of 844 ] batch loaded. Batch Size: 2.880144 M. Total size: 0.27494399999999497 M.
[ 358 of 844 ] batch loaded. Batch Size: 2.880144 M. Total size: 0.27571199999999507 M.
[ 359 of 844 ] batch loaded. Batch Size: 2.880144 M. Total size: 0.2764799999999952 M.
[ 360 of 844 ] batch loaded. Batch Size: 2.880144 M. Total size: 0.2772479999999953 M.
[ 361 of 844 ] batch loaded. Batch Size: 2.880144 M. Total size: 0.2780159999999954 M.
[ 362 of 844 ] batch loaded. Batch Size: 2.880144 M. Total size: 0.2787839999999955 M.
[ 363 of 844 ] batch loaded. Batch Size: 2.880144 M. Total size: 0.2795519999999956 M.
[ 364 of 844 ] batch loaded. Batch Size: 2.880144 M. Total size: 0.2803199999999957 M.
[ 365 of 844 ] batch loaded. Batch Size: 2.880144 M. Total size: 0.2810879999999958 M.
[ 366 of 844 ] batch loaded. Batch Size: 2.880144 M. Total size: 0.2818559999999959 M.
[ 367 of 844 ] batch loaded. Batch Size: 2.880144 M. Total size: 0.282623999999996 M.
[ 368 of 844 ] batch loaded. Batch Size: 2.880144 M. Total size: 0.2833919999999961 M.
[ 369 of 844 ] batch loaded. Batch Size: 2.880144 M. Total size: 0.2841599999999962 M.
[ 370 of 844 ] batch loaded. Batch Size: 2.880144 M. Total size: 0.2849279999999963 M.
[ 371 of 844 ] batch loaded. Batch Size: 2.880144 M. Total size: 0.2856959999999964 M.
[ 372 of 844 ] batch loaded. Batch Size: 2.880144 M. Total size: 0.2864639999999965 M.
[ 373 of 844 ] batch loaded. Batch Size: 2.880144 M. Total size: 0.2872319999999966 M.
[ 374 of 844 ] batch loaded. Batch Size: 2.880144 M. Total size: 0.2879999999999967 M.
[ 375 of 844 ] batch loaded. Batch Size: 2.880144 M. Total size: 0.2887679999999968 M.
[ 376 of 844 ] batch loaded. Batch Size: 2.880144 M. Total size: 0.2895359999999969 M.
[ 377 of 844 ] batch loaded. Batch Size: 2.880144 M. Total size: 0.290303999999997 M.
[ 378 of 844 ] batch loaded. Batch Size: 2.880144 M. Total size: 0.2910719999999971 M.
[ 379 of 844 ] batch loaded. Batch Size: 2.880144 M. Total size: 0.2918399999999972 M.
[ 380 of 844 ] batch loaded. Batch Size: 2.880144 M. Total size: 0.2926079999999973 M.
[ 381 of 844 ] batch loaded. Batch Size: 2.880144 M. Total size: 0.2933759999999974 M.
[ 382 of 844 ] batch loaded. Batch Size: 2.880144 M. Total size: 0.2941439999999975 M.
[ 383 of 844 ] batch loaded. Batch Size: 2.880144 M. Total size: 0.2949119999999976 M.
[ 384 of 844 ] batch loaded. Batch Size: 2.880144 M. Total size: 0.2956799999999977 M.
[ 385 of 844 ] batch loaded. Batch Size: 2.880144 M. Total size: 0.2964479999999978 M.
[ 386 of 844 ] batch loaded. Batch Size: 2.880144 M. Total size: 0.2972159999999979 M.
[ 387 of 844 ] batch loaded. Batch Size: 2.880144 M. Total size: 0.29798399999999803 M.
[ 388 of 844 ] batch loaded. Batch Size: 2.880144 M. Total size: 0.29875199999999813 M.
[ 389 of 844 ] batch loaded. Batch Size: 2.880144 M. Total size: 0.29951999999999823 M.
[ 390 of 844 ] batch loaded. Batch Size: 2.880144 M. Total size: 0.30028799999999833 M.
[ 391 of 844 ] batch loaded. Batch Size: 2.880144 M. Total size: 0.30105599999999844 M.
[ 392 of 844 ] batch loaded. Batch Size: 2.880144 M. Total size: 0.30182399999999854 M.
[ 393 of 844 ] batch loaded. Batch Size: 2.880144 M. Total size: 0.30259199999999864 M.
[ 394 of 844 ] batch loaded. Batch Size: 2.880144 M. Total size: 0.30335999999999874 M.
[ 395 of 844 ] batch loaded. Batch Size: 2.880144 M. Total size: 0.30412799999999884 M.
[ 396 of 844 ] batch loaded. Batch Size: 2.880144 M. Total size: 0.30489599999999895 M.
[ 397 of 844 ] batch loaded. Batch Size: 2.880144 M. Total size: 0.30566399999999905 M.
[ 398 of 844 ] batch loaded. Batch Size: 2.880144 M. Total size: 0.30643199999999915 M.
[ 399 of 844 ] batch loaded. Batch Size: 2.880144 M. Total size: 0.30719999999999925 M.
[ 400 of 844 ] batch loaded. Batch Size: 2.880144 M. Total size: 0.30796799999999935 M.
[ 401 of 844 ] batch loaded. Batch Size: 2.880144 M. Total size: 0.30873599999999946 M.
[ 402 of 844 ] batch loaded. Batch Size: 2.880144 M. Total size: 0.30950399999999956 M.
[ 403 of 844 ] batch loaded. Batch Size: 2.880144 M. Total size: 0.31027199999999966 M.
[ 404 of 844 ] batch loaded. Batch Size: 2.880144 M. Total size: 0.31103999999999976 M.
[ 405 of 844 ] batch loaded. Batch Size: 2.880144 M. Total size: 0.31180799999999986 M.
[ 406 of 844 ] batch loaded. Batch Size: 2.880144 M. Total size: 0.31257599999999996 M.
[ 407 of 844 ] batch loaded. Batch Size: 2.880144 M. Total size: 0.31334400000000007 M.
[ 408 of 844 ] batch loaded. Batch Size: 2.880144 M. Total size: 0.31411200000000017 M.
[ 409 of 844 ] batch loaded. Batch Size: 2.880144 M. Total size: 0.31488000000000027 M.
[ 410 of 844 ] batch loaded. Batch Size: 2.880144 M. Total size: 0.3156480000000004 M.
[ 411 of 844 ] batch loaded. Batch Size: 2.880144 M. Total size: 0.3164160000000005 M.
[ 412 of 844 ] batch loaded. Batch Size: 2.880144 M. Total size: 0.3171840000000006 M.
[ 413 of 844 ] batch loaded. Batch Size: 2.880144 M. Total size: 0.3179520000000007 M.
[ 414 of 844 ] batch loaded. Batch Size: 2.880144 M. Total size: 0.3187200000000008 M.
[ 415 of 844 ] batch loaded. Batch Size: 2.880144 M. Total size: 0.3194880000000009 M.
[ 416 of 844 ] batch loaded. Batch Size: 2.880144 M. Total size: 0.320256000000001 M.
[ 417 of 844 ] batch loaded. Batch Size: 2.880144 M. Total size: 0.3210240000000011 M.
[ 418 of 844 ] batch loaded. Batch Size: 2.880144 M. Total size: 0.3217920000000012 M.
[ 419 of 844 ] batch loaded. Batch Size: 2.880144 M. Total size: 0.3225600000000013 M.
[ 420 of 844 ] batch loaded. Batch Size: 2.880144 M. Total size: 0.3233280000000014 M.
[ 421 of 844 ] batch loaded. Batch Size: 2.880144 M. Total size: 0.3240960000000015 M.
[ 422 of 844 ] batch loaded. Batch Size: 2.880144 M. Total size: 0.3248640000000016 M.
[ 423 of 844 ] batch loaded. Batch Size: 2.880144 M. Total size: 0.3256320000000017 M.
[ 424 of 844 ] batch loaded. Batch Size: 2.880144 M. Total size: 0.3264000000000018 M.
[ 425 of 844 ] batch loaded. Batch Size: 2.880144 M. Total size: 0.3271680000000019 M.
[ 426 of 844 ] batch loaded. Batch Size: 2.880144 M. Total size: 0.327936000000002 M.
[ 427 of 844 ] batch loaded. Batch Size: 2.880144 M. Total size: 0.3287040000000021 M.
[ 428 of 844 ] batch loaded. Batch Size: 2.880144 M. Total size: 0.3294720000000022 M.
[ 429 of 844 ] batch loaded. Batch Size: 2.880144 M. Total size: 0.3302400000000023 M.
[ 430 of 844 ] batch loaded. Batch Size: 2.880144 M. Total size: 0.3310080000000024 M.
[ 431 of 844 ] batch loaded. Batch Size: 2.880144 M. Total size: 0.3317760000000025 M.
[ 432 of 844 ] batch loaded. Batch Size: 2.880144 M. Total size: 0.3325440000000026 M.
[ 433 of 844 ] batch loaded. Batch Size: 2.880144 M. Total size: 0.3333120000000027 M.
[ 434 of 844 ] batch loaded. Batch Size: 2.880144 M. Total size: 0.3340800000000028 M.
[ 435 of 844 ] batch loaded. Batch Size: 2.880144 M. Total size: 0.3348480000000029 M.
[ 436 of 844 ] batch loaded. Batch Size: 2.880144 M. Total size: 0.335616000000003 M.
[ 437 of 844 ] batch loaded. Batch Size: 2.880144 M. Total size: 0.3363840000000031 M.
[ 438 of 844 ] batch loaded. Batch Size: 2.880144 M. Total size: 0.3371520000000032 M.
[ 439 of 844 ] batch loaded. Batch Size: 2.880144 M. Total size: 0.33792000000000333 M.
[ 440 of 844 ] batch loaded. Batch Size: 2.880144 M. Total size: 0.33868800000000343 M.
[ 441 of 844 ] batch loaded. Batch Size: 2.880144 M. Total size: 0.33945600000000353 M.
[ 442 of 844 ] batch loaded. Batch Size: 2.880144 M. Total size: 0.34022400000000363 M.
[ 443 of 844 ] batch loaded. Batch Size: 2.880144 M. Total size: 0.34099200000000374 M.
[ 444 of 844 ] batch loaded. Batch Size: 2.880144 M. Total size: 0.34176000000000384 M.
[ 445 of 844 ] batch loaded. Batch Size: 2.880144 M. Total size: 0.34252800000000394 M.
[ 446 of 844 ] batch loaded. Batch Size: 2.880144 M. Total size: 0.34329600000000404 M.
[ 447 of 844 ] batch loaded. Batch Size: 2.880144 M. Total size: 0.34406400000000414 M.
[ 448 of 844 ] batch loaded. Batch Size: 2.880144 M. Total size: 0.34483200000000425 M.
[ 449 of 844 ] batch loaded. Batch Size: 2.880144 M. Total size: 0.34560000000000435 M.
[ 450 of 844 ] batch loaded. Batch Size: 2.880144 M. Total size: 0.34636800000000445 M.
[ 451 of 844 ] batch loaded. Batch Size: 2.880144 M. Total size: 0.34713600000000455 M.
[ 452 of 844 ] batch loaded. Batch Size: 2.880144 M. Total size: 0.34790400000000465 M.
[ 453 of 844 ] batch loaded. Batch Size: 2.880144 M. Total size: 0.34867200000000476 M.
[ 454 of 844 ] batch loaded. Batch Size: 2.880144 M. Total size: 0.34944000000000486 M.
[ 455 of 844 ] batch loaded. Batch Size: 2.880144 M. Total size: 0.35020800000000496 M.
[ 456 of 844 ] batch loaded. Batch Size: 2.880144 M. Total size: 0.35097600000000506 M.
[ 457 of 844 ] batch loaded. Batch Size: 2.880144 M. Total size: 0.35174400000000516 M.
[ 458 of 844 ] batch loaded. Batch Size: 2.880144 M. Total size: 0.35251200000000527 M.
[ 459 of 844 ] batch loaded. Batch Size: 2.880144 M. Total size: 0.35328000000000537 M.
[ 460 of 844 ] batch loaded. Batch Size: 2.880144 M. Total size: 0.35404800000000547 M.
[ 461 of 844 ] batch loaded. Batch Size: 2.880144 M. Total size: 0.35481600000000557 M.
[ 462 of 844 ] batch loaded. Batch Size: 2.880144 M. Total size: 0.3555840000000057 M.
[ 463 of 844 ] batch loaded. Batch Size: 2.880144 M. Total size: 0.3563520000000058 M.
[ 464 of 844 ] batch loaded. Batch Size: 2.880144 M. Total size: 0.3571200000000059 M.
[ 465 of 844 ] batch loaded. Batch Size: 2.880144 M. Total size: 0.357888000000006 M.
[ 466 of 844 ] batch loaded. Batch Size: 2.880144 M. Total size: 0.3586560000000061 M.
[ 467 of 844 ] batch loaded. Batch Size: 2.880144 M. Total size: 0.3594240000000062 M.
[ 468 of 844 ] batch loaded. Batch Size: 2.880144 M. Total size: 0.3601920000000063 M.
[ 469 of 844 ] batch loaded. Batch Size: 2.880144 M. Total size: 0.3609600000000064 M.
[ 470 of 844 ] batch loaded. Batch Size: 2.880144 M. Total size: 0.3617280000000065 M.
[ 471 of 844 ] batch loaded. Batch Size: 2.880144 M. Total size: 0.3624960000000066 M.
[ 472 of 844 ] batch loaded. Batch Size: 2.880144 M. Total size: 0.3632640000000067 M.
[ 473 of 844 ] batch loaded. Batch Size: 2.880144 M. Total size: 0.3640320000000068 M.
[ 474 of 844 ] batch loaded. Batch Size: 2.880144 M. Total size: 0.3648000000000069 M.
[ 475 of 844 ] batch loaded. Batch Size: 2.880144 M. Total size: 0.365568000000007 M.
[ 476 of 844 ] batch loaded. Batch Size: 2.880144 M. Total size: 0.3663360000000071 M.
[ 477 of 844 ] batch loaded. Batch Size: 2.880144 M. Total size: 0.3671040000000072 M.
[ 478 of 844 ] batch loaded. Batch Size: 2.880144 M. Total size: 0.3678720000000073 M.
[ 479 of 844 ] batch loaded. Batch Size: 2.880144 M. Total size: 0.3686400000000074 M.
[ 480 of 844 ] batch loaded. Batch Size: 2.880144 M. Total size: 0.3694080000000075 M.
[ 481 of 844 ] batch loaded. Batch Size: 2.880144 M. Total size: 0.3701760000000076 M.
[ 482 of 844 ] batch loaded. Batch Size: 2.880144 M. Total size: 0.3709440000000077 M.
[ 483 of 844 ] batch loaded. Batch Size: 2.880144 M. Total size: 0.3717120000000078 M.
[ 484 of 844 ] batch loaded. Batch Size: 2.880144 M. Total size: 0.3724800000000079 M.
[ 485 of 844 ] batch loaded. Batch Size: 2.880144 M. Total size: 0.373248000000008 M.
[ 486 of 844 ] batch loaded. Batch Size: 2.880144 M. Total size: 0.3740160000000081 M.
[ 487 of 844 ] batch loaded. Batch Size: 2.880144 M. Total size: 0.3747840000000082 M.
[ 488 of 844 ] batch loaded. Batch Size: 2.880144 M. Total size: 0.3755520000000083 M.
[ 489 of 844 ] batch loaded. Batch Size: 2.880144 M. Total size: 0.3763200000000084 M.
[ 490 of 844 ] batch loaded. Batch Size: 2.880144 M. Total size: 0.3770880000000085 M.
[ 491 of 844 ] batch loaded. Batch Size: 2.880144 M. Total size: 0.37785600000000863 M.
[ 492 of 844 ] batch loaded. Batch Size: 2.880144 M. Total size: 0.37862400000000873 M.
[ 493 of 844 ] batch loaded. Batch Size: 2.880144 M. Total size: 0.37939200000000883 M.
[ 494 of 844 ] batch loaded. Batch Size: 2.880144 M. Total size: 0.38016000000000894 M.
[ 495 of 844 ] batch loaded. Batch Size: 2.880144 M. Total size: 0.38092800000000904 M.
[ 496 of 844 ] batch loaded. Batch Size: 2.880144 M. Total size: 0.38169600000000914 M.
[ 497 of 844 ] batch loaded. Batch Size: 2.880144 M. Total size: 0.38246400000000924 M.
[ 498 of 844 ] batch loaded. Batch Size: 2.880144 M. Total size: 0.38323200000000934 M.
[ 499 of 844 ] batch loaded. Batch Size: 2.880144 M. Total size: 0.38400000000000944 M.
[ 500 of 844 ] batch loaded. Batch Size: 2.880144 M. Total size: 0.38476800000000955 M.
[ 501 of 844 ] batch loaded. Batch Size: 2.880144 M. Total size: 0.38553600000000965 M.
[ 502 of 844 ] batch loaded. Batch Size: 2.880144 M. Total size: 0.38630400000000975 M.
[ 503 of 844 ] batch loaded. Batch Size: 2.880144 M. Total size: 0.38707200000000985 M.
[ 504 of 844 ] batch loaded. Batch Size: 2.880144 M. Total size: 0.38784000000000995 M.
[ 505 of 844 ] batch loaded. Batch Size: 2.880144 M. Total size: 0.38860800000001006 M.
[ 506 of 844 ] batch loaded. Batch Size: 2.880144 M. Total size: 0.38937600000001016 M.
[ 507 of 844 ] batch loaded. Batch Size: 2.880144 M. Total size: 0.39014400000001026 M.
[ 508 of 844 ] batch loaded. Batch Size: 2.880144 M. Total size: 0.39091200000001036 M.
[ 509 of 844 ] batch loaded. Batch Size: 2.880144 M. Total size: 0.39168000000001046 M.
[ 510 of 844 ] batch loaded. Batch Size: 2.880144 M. Total size: 0.39244800000001057 M.
[ 511 of 844 ] batch loaded. Batch Size: 2.880144 M. Total size: 0.39321600000001067 M.
[ 512 of 844 ] batch loaded. Batch Size: 2.880144 M. Total size: 0.39398400000001077 M.
[ 513 of 844 ] batch loaded. Batch Size: 2.880144 M. Total size: 0.39475200000001087 M.
[ 514 of 844 ] batch loaded. Batch Size: 2.880144 M. Total size: 0.395520000000011 M.
[ 515 of 844 ] batch loaded. Batch Size: 2.880144 M. Total size: 0.3962880000000111 M.
[ 516 of 844 ] batch loaded. Batch Size: 2.880144 M. Total size: 0.3970560000000112 M.
[ 517 of 844 ] batch loaded. Batch Size: 2.880144 M. Total size: 0.3978240000000113 M.
[ 518 of 844 ] batch loaded. Batch Size: 2.880144 M. Total size: 0.3985920000000114 M.
[ 519 of 844 ] batch loaded. Batch Size: 2.880144 M. Total size: 0.3993600000000115 M.
[ 520 of 844 ] batch loaded. Batch Size: 2.880144 M. Total size: 0.4001280000000116 M.
[ 521 of 844 ] batch loaded. Batch Size: 2.880144 M. Total size: 0.4008960000000117 M.
[ 522 of 844 ] batch loaded. Batch Size: 2.880144 M. Total size: 0.4016640000000118 M.
[ 523 of 844 ] batch loaded. Batch Size: 2.880144 M. Total size: 0.4024320000000119 M.
[ 524 of 844 ] batch loaded. Batch Size: 2.880144 M. Total size: 0.403200000000012 M.
[ 525 of 844 ] batch loaded. Batch Size: 2.880144 M. Total size: 0.4039680000000121 M.
[ 526 of 844 ] batch loaded. Batch Size: 2.880144 M. Total size: 0.4047360000000122 M.
[ 527 of 844 ] batch loaded. Batch Size: 2.880144 M. Total size: 0.4055040000000123 M.
[ 528 of 844 ] batch loaded. Batch Size: 2.880144 M. Total size: 0.4062720000000124 M.
[ 529 of 844 ] batch loaded. Batch Size: 2.880144 M. Total size: 0.4070400000000125 M.
[ 530 of 844 ] batch loaded. Batch Size: 2.880144 M. Total size: 0.4078080000000126 M.
[ 531 of 844 ] batch loaded. Batch Size: 2.880144 M. Total size: 0.4085760000000127 M.
[ 532 of 844 ] batch loaded. Batch Size: 2.880144 M. Total size: 0.4093440000000128 M.
[ 533 of 844 ] batch loaded. Batch Size: 2.880144 M. Total size: 0.4101120000000129 M.
[ 534 of 844 ] batch loaded. Batch Size: 2.880144 M. Total size: 0.410880000000013 M.
[ 535 of 844 ] batch loaded. Batch Size: 2.880144 M. Total size: 0.4116480000000131 M.
[ 536 of 844 ] batch loaded. Batch Size: 2.880144 M. Total size: 0.4124160000000132 M.
[ 537 of 844 ] batch loaded. Batch Size: 2.880144 M. Total size: 0.4131840000000133 M.
[ 538 of 844 ] batch loaded. Batch Size: 2.880144 M. Total size: 0.4139520000000134 M.
[ 539 of 844 ] batch loaded. Batch Size: 2.880144 M. Total size: 0.4147200000000135 M.
[ 540 of 844 ] batch loaded. Batch Size: 2.880144 M. Total size: 0.4154880000000136 M.
[ 541 of 844 ] batch loaded. Batch Size: 2.880144 M. Total size: 0.4162560000000137 M.
[ 542 of 844 ] batch loaded. Batch Size: 2.880144 M. Total size: 0.41702400000001383 M.
[ 543 of 844 ] batch loaded. Batch Size: 2.880144 M. Total size: 0.41779200000001393 M.
[ 544 of 844 ] batch loaded. Batch Size: 2.880144 M. Total size: 0.41856000000001403 M.
[ 545 of 844 ] batch loaded. Batch Size: 2.880144 M. Total size: 0.41932800000001413 M.
[ 546 of 844 ] batch loaded. Batch Size: 2.880144 M. Total size: 0.42009600000001424 M.
[ 547 of 844 ] batch loaded. Batch Size: 2.880144 M. Total size: 0.42086400000001434 M.
[ 548 of 844 ] batch loaded. Batch Size: 2.880144 M. Total size: 0.42163200000001444 M.
[ 549 of 844 ] batch loaded. Batch Size: 2.880144 M. Total size: 0.42240000000001454 M.
[ 550 of 844 ] batch loaded. Batch Size: 2.880144 M. Total size: 0.42316800000001464 M.
[ 551 of 844 ] batch loaded. Batch Size: 2.880144 M. Total size: 0.42393600000001475 M.
[ 552 of 844 ] batch loaded. Batch Size: 2.880144 M. Total size: 0.42470400000001485 M.
[ 553 of 844 ] batch loaded. Batch Size: 2.880144 M. Total size: 0.42547200000001495 M.
[ 554 of 844 ] batch loaded. Batch Size: 2.880144 M. Total size: 0.42624000000001505 M.
[ 555 of 844 ] batch loaded. Batch Size: 2.880144 M. Total size: 0.42700800000001515 M.
[ 556 of 844 ] batch loaded. Batch Size: 2.880144 M. Total size: 0.42777600000001526 M.
[ 557 of 844 ] batch loaded. Batch Size: 2.880144 M. Total size: 0.42854400000001536 M.
[ 558 of 844 ] batch loaded. Batch Size: 2.880144 M. Total size: 0.42931200000001546 M.
[ 559 of 844 ] batch loaded. Batch Size: 2.880144 M. Total size: 0.43008000000001556 M.
[ 560 of 844 ] batch loaded. Batch Size: 2.880144 M. Total size: 0.43084800000001566 M.
[ 561 of 844 ] batch loaded. Batch Size: 2.880144 M. Total size: 0.43161600000001576 M.
[ 562 of 844 ] batch loaded. Batch Size: 2.880144 M. Total size: 0.43238400000001587 M.
[ 563 of 844 ] batch loaded. Batch Size: 2.880144 M. Total size: 0.43315200000001597 M.
[ 564 of 844 ] batch loaded. Batch Size: 2.880144 M. Total size: 0.43392000000001607 M.
[ 565 of 844 ] batch loaded. Batch Size: 2.880144 M. Total size: 0.4346880000000162 M.
[ 566 of 844 ] batch loaded. Batch Size: 2.880144 M. Total size: 0.4354560000000163 M.
[ 567 of 844 ] batch loaded. Batch Size: 2.880144 M. Total size: 0.4362240000000164 M.
[ 568 of 844 ] batch loaded. Batch Size: 2.880144 M. Total size: 0.4369920000000165 M.
[ 569 of 844 ] batch loaded. Batch Size: 2.880144 M. Total size: 0.4377600000000166 M.
[ 570 of 844 ] batch loaded. Batch Size: 2.880144 M. Total size: 0.4385280000000167 M.
[ 571 of 844 ] batch loaded. Batch Size: 2.880144 M. Total size: 0.4392960000000168 M.
[ 572 of 844 ] batch loaded. Batch Size: 2.880144 M. Total size: 0.4400640000000169 M.
[ 573 of 844 ] batch loaded. Batch Size: 2.880144 M. Total size: 0.440832000000017 M.
[ 574 of 844 ] batch loaded. Batch Size: 2.880144 M. Total size: 0.4416000000000171 M.
[ 575 of 844 ] batch loaded. Batch Size: 2.880144 M. Total size: 0.4423680000000172 M.
[ 576 of 844 ] batch loaded. Batch Size: 2.880144 M. Total size: 0.4431360000000173 M.
[ 577 of 844 ] batch loaded. Batch Size: 2.880144 M. Total size: 0.4439040000000174 M.
[ 578 of 844 ] batch loaded. Batch Size: 2.880144 M. Total size: 0.4446720000000175 M.
[ 579 of 844 ] batch loaded. Batch Size: 2.880144 M. Total size: 0.4454400000000176 M.
[ 580 of 844 ] batch loaded. Batch Size: 2.880144 M. Total size: 0.4462080000000177 M.
[ 581 of 844 ] batch loaded. Batch Size: 2.880144 M. Total size: 0.4469760000000178 M.
[ 582 of 844 ] batch loaded. Batch Size: 2.880144 M. Total size: 0.4477440000000179 M.
[ 583 of 844 ] batch loaded. Batch Size: 2.880144 M. Total size: 0.448512000000018 M.
[ 584 of 844 ] batch loaded. Batch Size: 2.880144 M. Total size: 0.4492800000000181 M.
[ 585 of 844 ] batch loaded. Batch Size: 2.880144 M. Total size: 0.4500480000000182 M.
[ 586 of 844 ] batch loaded. Batch Size: 2.880144 M. Total size: 0.4508160000000183 M.
[ 587 of 844 ] batch loaded. Batch Size: 2.880144 M. Total size: 0.4515840000000184 M.
[ 588 of 844 ] batch loaded. Batch Size: 2.880144 M. Total size: 0.4523520000000185 M.
[ 589 of 844 ] batch loaded. Batch Size: 2.880144 M. Total size: 0.4531200000000186 M.
[ 590 of 844 ] batch loaded. Batch Size: 2.880144 M. Total size: 0.4538880000000187 M.
[ 591 of 844 ] batch loaded. Batch Size: 2.880144 M. Total size: 0.4546560000000188 M.
[ 592 of 844 ] batch loaded. Batch Size: 2.880144 M. Total size: 0.4554240000000189 M.
[ 593 of 844 ] batch loaded. Batch Size: 2.880144 M. Total size: 0.456192000000019 M.
[ 594 of 844 ] batch loaded. Batch Size: 2.880144 M. Total size: 0.45696000000001913 M.
[ 595 of 844 ] batch loaded. Batch Size: 2.880144 M. Total size: 0.45772800000001923 M.
[ 596 of 844 ] batch loaded. Batch Size: 2.880144 M. Total size: 0.45849600000001933 M.
[ 597 of 844 ] batch loaded. Batch Size: 2.880144 M. Total size: 0.45926400000001943 M.
[ 598 of 844 ] batch loaded. Batch Size: 2.880144 M. Total size: 0.46003200000001954 M.
[ 599 of 844 ] batch loaded. Batch Size: 2.880144 M. Total size: 0.46080000000001964 M.
[ 600 of 844 ] batch loaded. Batch Size: 2.880144 M. Total size: 0.46156800000001974 M.
[ 601 of 844 ] batch loaded. Batch Size: 2.880144 M. Total size: 0.46233600000001984 M.
[ 602 of 844 ] batch loaded. Batch Size: 2.880144 M. Total size: 0.46310400000001994 M.
[ 603 of 844 ] batch loaded. Batch Size: 2.880144 M. Total size: 0.46387200000002005 M.
[ 604 of 844 ] batch loaded. Batch Size: 2.880144 M. Total size: 0.46464000000002015 M.
[ 605 of 844 ] batch loaded. Batch Size: 2.880144 M. Total size: 0.46540800000002025 M.
[ 606 of 844 ] batch loaded. Batch Size: 2.880144 M. Total size: 0.46617600000002035 M.
[ 607 of 844 ] batch loaded. Batch Size: 2.880144 M. Total size: 0.46694400000002045 M.
[ 608 of 844 ] batch loaded. Batch Size: 2.880144 M. Total size: 0.46771200000002056 M.
[ 609 of 844 ] batch loaded. Batch Size: 2.880144 M. Total size: 0.46848000000002066 M.
[ 610 of 844 ] batch loaded. Batch Size: 2.880144 M. Total size: 0.46924800000002076 M.
[ 611 of 844 ] batch loaded. Batch Size: 2.880144 M. Total size: 0.47001600000002086 M.
[ 612 of 844 ] batch loaded. Batch Size: 2.880144 M. Total size: 0.47078400000002096 M.
[ 613 of 844 ] batch loaded. Batch Size: 2.880144 M. Total size: 0.47155200000002107 M.
[ 614 of 844 ] batch loaded. Batch Size: 2.880144 M. Total size: 0.47232000000002117 M.
[ 615 of 844 ] batch loaded. Batch Size: 2.880144 M. Total size: 0.47308800000002127 M.
[ 616 of 844 ] batch loaded. Batch Size: 2.880144 M. Total size: 0.47385600000002137 M.
[ 617 of 844 ] batch loaded. Batch Size: 2.880144 M. Total size: 0.4746240000000215 M.
[ 618 of 844 ] batch loaded. Batch Size: 2.880144 M. Total size: 0.4753920000000216 M.
[ 619 of 844 ] batch loaded. Batch Size: 2.880144 M. Total size: 0.4761600000000217 M.
[ 620 of 844 ] batch loaded. Batch Size: 2.880144 M. Total size: 0.4769280000000218 M.
[ 621 of 844 ] batch loaded. Batch Size: 2.880144 M. Total size: 0.4776960000000219 M.
[ 622 of 844 ] batch loaded. Batch Size: 2.880144 M. Total size: 0.478464000000022 M.
[ 623 of 844 ] batch loaded. Batch Size: 2.880144 M. Total size: 0.4792320000000221 M.
[ 624 of 844 ] batch loaded. Batch Size: 2.880144 M. Total size: 0.4800000000000222 M.
[ 625 of 844 ] batch loaded. Batch Size: 2.880144 M. Total size: 0.4807680000000223 M.
[ 626 of 844 ] batch loaded. Batch Size: 2.880144 M. Total size: 0.4815360000000224 M.
[ 627 of 844 ] batch loaded. Batch Size: 2.880144 M. Total size: 0.4823040000000225 M.
[ 628 of 844 ] batch loaded. Batch Size: 2.880144 M. Total size: 0.4830720000000226 M.
[ 629 of 844 ] batch loaded. Batch Size: 2.880144 M. Total size: 0.4838400000000227 M.
[ 630 of 844 ] batch loaded. Batch Size: 2.880144 M. Total size: 0.4846080000000228 M.
[ 631 of 844 ] batch loaded. Batch Size: 2.880144 M. Total size: 0.4853760000000229 M.
[ 632 of 844 ] batch loaded. Batch Size: 2.880144 M. Total size: 0.486144000000023 M.
[ 633 of 844 ] batch loaded. Batch Size: 2.880144 M. Total size: 0.4869120000000231 M.
[ 634 of 844 ] batch loaded. Batch Size: 2.880144 M. Total size: 0.4876800000000232 M.
[ 635 of 844 ] batch loaded. Batch Size: 2.880144 M. Total size: 0.4884480000000233 M.
[ 636 of 844 ] batch loaded. Batch Size: 2.880144 M. Total size: 0.4892160000000234 M.
[ 637 of 844 ] batch loaded. Batch Size: 2.880144 M. Total size: 0.4899840000000235 M.
[ 638 of 844 ] batch loaded. Batch Size: 2.880144 M. Total size: 0.4907520000000236 M.
[ 639 of 844 ] batch loaded. Batch Size: 2.880144 M. Total size: 0.4915200000000237 M.
[ 640 of 844 ] batch loaded. Batch Size: 2.880144 M. Total size: 0.4922880000000238 M.
[ 641 of 844 ] batch loaded. Batch Size: 2.880144 M. Total size: 0.4930560000000239 M.
[ 642 of 844 ] batch loaded. Batch Size: 2.880144 M. Total size: 0.493824000000024 M.
[ 643 of 844 ] batch loaded. Batch Size: 2.880144 M. Total size: 0.4945920000000241 M.
[ 644 of 844 ] batch loaded. Batch Size: 2.880144 M. Total size: 0.4953600000000242 M.
[ 645 of 844 ] batch loaded. Batch Size: 2.880144 M. Total size: 0.4961280000000243 M.
[ 646 of 844 ] batch loaded. Batch Size: 2.880144 M. Total size: 0.49689600000002443 M.
[ 647 of 844 ] batch loaded. Batch Size: 2.880144 M. Total size: 0.49766400000002453 M.
[ 648 of 844 ] batch loaded. Batch Size: 2.880144 M. Total size: 0.49843200000002463 M.
[ 649 of 844 ] batch loaded. Batch Size: 2.880144 M. Total size: 0.49920000000002474 M.
[ 650 of 844 ] batch loaded. Batch Size: 2.880144 M. Total size: 0.49996800000002484 M.
[ 651 of 844 ] batch loaded. Batch Size: 2.880144 M. Total size: 0.5007360000000249 M.
[ 652 of 844 ] batch loaded. Batch Size: 2.880144 M. Total size: 0.501504000000025 M.
[ 653 of 844 ] batch loaded. Batch Size: 2.880144 M. Total size: 0.5022720000000251 M.
[ 654 of 844 ] batch loaded. Batch Size: 2.880144 M. Total size: 0.5030400000000252 M.
[ 655 of 844 ] batch loaded. Batch Size: 2.880144 M. Total size: 0.5038080000000253 M.
[ 656 of 844 ] batch loaded. Batch Size: 2.880144 M. Total size: 0.5045760000000254 M.
[ 657 of 844 ] batch loaded. Batch Size: 2.880144 M. Total size: 0.5053440000000256 M.
[ 658 of 844 ] batch loaded. Batch Size: 2.880144 M. Total size: 0.5061120000000257 M.
[ 659 of 844 ] batch loaded. Batch Size: 2.880144 M. Total size: 0.5068800000000258 M.
[ 660 of 844 ] batch loaded. Batch Size: 2.880144 M. Total size: 0.5076480000000259 M.
[ 661 of 844 ] batch loaded. Batch Size: 2.880144 M. Total size: 0.508416000000026 M.
[ 662 of 844 ] batch loaded. Batch Size: 2.880144 M. Total size: 0.5091840000000261 M.
[ 663 of 844 ] batch loaded. Batch Size: 2.880144 M. Total size: 0.5099520000000262 M.
[ 664 of 844 ] batch loaded. Batch Size: 2.880144 M. Total size: 0.5107200000000263 M.
[ 665 of 844 ] batch loaded. Batch Size: 2.880144 M. Total size: 0.5114880000000264 M.
[ 666 of 844 ] batch loaded. Batch Size: 2.880144 M. Total size: 0.5122560000000265 M.
[ 667 of 844 ] batch loaded. Batch Size: 2.880144 M. Total size: 0.5130240000000266 M.
[ 668 of 844 ] batch loaded. Batch Size: 2.880144 M. Total size: 0.5137920000000267 M.
[ 669 of 844 ] batch loaded. Batch Size: 2.880144 M. Total size: 0.5145600000000268 M.
[ 670 of 844 ] batch loaded. Batch Size: 2.880144 M. Total size: 0.5153280000000269 M.
[ 671 of 844 ] batch loaded. Batch Size: 2.880144 M. Total size: 0.516096000000027 M.
[ 672 of 844 ] batch loaded. Batch Size: 2.880144 M. Total size: 0.5168640000000271 M.
[ 673 of 844 ] batch loaded. Batch Size: 2.880144 M. Total size: 0.5176320000000272 M.
[ 674 of 844 ] batch loaded. Batch Size: 2.880144 M. Total size: 0.5184000000000273 M.
[ 675 of 844 ] batch loaded. Batch Size: 2.880144 M. Total size: 0.5191680000000274 M.
[ 676 of 844 ] batch loaded. Batch Size: 2.880144 M. Total size: 0.5199360000000275 M.
[ 677 of 844 ] batch loaded. Batch Size: 2.880144 M. Total size: 0.5207040000000276 M.
[ 678 of 844 ] batch loaded. Batch Size: 2.880144 M. Total size: 0.5214720000000277 M.
[ 679 of 844 ] batch loaded. Batch Size: 2.880144 M. Total size: 0.5222400000000278 M.
[ 680 of 844 ] batch loaded. Batch Size: 2.880144 M. Total size: 0.5230080000000279 M.
[ 681 of 844 ] batch loaded. Batch Size: 2.880144 M. Total size: 0.523776000000028 M.
[ 682 of 844 ] batch loaded. Batch Size: 2.880144 M. Total size: 0.5245440000000281 M.
[ 683 of 844 ] batch loaded. Batch Size: 2.880144 M. Total size: 0.5253120000000282 M.
[ 684 of 844 ] batch loaded. Batch Size: 2.880144 M. Total size: 0.5260800000000283 M.
[ 685 of 844 ] batch loaded. Batch Size: 2.880144 M. Total size: 0.5268480000000284 M.
[ 686 of 844 ] batch loaded. Batch Size: 2.880144 M. Total size: 0.5276160000000285 M.
[ 687 of 844 ] batch loaded. Batch Size: 2.880144 M. Total size: 0.5283840000000286 M.
[ 688 of 844 ] batch loaded. Batch Size: 2.880144 M. Total size: 0.5291520000000287 M.
[ 689 of 844 ] batch loaded. Batch Size: 2.880144 M. Total size: 0.5299200000000288 M.
[ 690 of 844 ] batch loaded. Batch Size: 2.880144 M. Total size: 0.5306880000000289 M.
[ 691 of 844 ] batch loaded. Batch Size: 2.880144 M. Total size: 0.531456000000029 M.
[ 692 of 844 ] batch loaded. Batch Size: 2.880144 M. Total size: 0.5322240000000291 M.
[ 693 of 844 ] batch loaded. Batch Size: 2.880144 M. Total size: 0.5329920000000292 M.
[ 694 of 844 ] batch loaded. Batch Size: 2.880144 M. Total size: 0.5337600000000293 M.
[ 695 of 844 ] batch loaded. Batch Size: 2.880144 M. Total size: 0.5345280000000294 M.
[ 696 of 844 ] batch loaded. Batch Size: 2.880144 M. Total size: 0.5352960000000295 M.
[ 697 of 844 ] batch loaded. Batch Size: 2.880144 M. Total size: 0.5360640000000296 M.
[ 698 of 844 ] batch loaded. Batch Size: 2.880144 M. Total size: 0.5368320000000297 M.
[ 699 of 844 ] batch loaded. Batch Size: 2.880144 M. Total size: 0.5376000000000298 M.
[ 700 of 844 ] batch loaded. Batch Size: 2.880144 M. Total size: 0.5383680000000299 M.
[ 701 of 844 ] batch loaded. Batch Size: 2.880144 M. Total size: 0.53913600000003 M.
[ 702 of 844 ] batch loaded. Batch Size: 2.880144 M. Total size: 0.5399040000000301 M.
[ 703 of 844 ] batch loaded. Batch Size: 2.880144 M. Total size: 0.5406720000000302 M.
[ 704 of 844 ] batch loaded. Batch Size: 2.880144 M. Total size: 0.5414400000000303 M.
[ 705 of 844 ] batch loaded. Batch Size: 2.880144 M. Total size: 0.5422080000000304 M.
[ 706 of 844 ] batch loaded. Batch Size: 2.880144 M. Total size: 0.5429760000000305 M.
[ 707 of 844 ] batch loaded. Batch Size: 2.880144 M. Total size: 0.5437440000000306 M.
[ 708 of 844 ] batch loaded. Batch Size: 2.880144 M. Total size: 0.5445120000000307 M.
[ 709 of 844 ] batch loaded. Batch Size: 2.880144 M. Total size: 0.5452800000000309 M.
[ 710 of 844 ] batch loaded. Batch Size: 2.880144 M. Total size: 0.546048000000031 M.
[ 711 of 844 ] batch loaded. Batch Size: 2.880144 M. Total size: 0.546816000000031 M.
[ 712 of 844 ] batch loaded. Batch Size: 2.880144 M. Total size: 0.5475840000000312 M.
[ 713 of 844 ] batch loaded. Batch Size: 2.880144 M. Total size: 0.5483520000000313 M.
[ 714 of 844 ] batch loaded. Batch Size: 2.880144 M. Total size: 0.5491200000000314 M.
[ 715 of 844 ] batch loaded. Batch Size: 2.880144 M. Total size: 0.5498880000000315 M.
[ 716 of 844 ] batch loaded. Batch Size: 2.880144 M. Total size: 0.5506560000000316 M.
[ 717 of 844 ] batch loaded. Batch Size: 2.880144 M. Total size: 0.5514240000000317 M.
[ 718 of 844 ] batch loaded. Batch Size: 2.880144 M. Total size: 0.5521920000000318 M.
[ 719 of 844 ] batch loaded. Batch Size: 2.880144 M. Total size: 0.5529600000000319 M.
[ 720 of 844 ] batch loaded. Batch Size: 2.880144 M. Total size: 0.553728000000032 M.
[ 721 of 844 ] batch loaded. Batch Size: 2.880144 M. Total size: 0.5544960000000321 M.
[ 722 of 844 ] batch loaded. Batch Size: 2.880144 M. Total size: 0.5552640000000322 M.
[ 723 of 844 ] batch loaded. Batch Size: 2.880144 M. Total size: 0.5560320000000323 M.
[ 724 of 844 ] batch loaded. Batch Size: 2.880144 M. Total size: 0.5568000000000324 M.
[ 725 of 844 ] batch loaded. Batch Size: 2.880144 M. Total size: 0.5575680000000325 M.
[ 726 of 844 ] batch loaded. Batch Size: 2.880144 M. Total size: 0.5583360000000326 M.
[ 727 of 844 ] batch loaded. Batch Size: 2.880144 M. Total size: 0.5591040000000327 M.
[ 728 of 844 ] batch loaded. Batch Size: 2.880144 M. Total size: 0.5598720000000328 M.
[ 729 of 844 ] batch loaded. Batch Size: 2.880144 M. Total size: 0.5606400000000329 M.
[ 730 of 844 ] batch loaded. Batch Size: 2.880144 M. Total size: 0.561408000000033 M.
[ 731 of 844 ] batch loaded. Batch Size: 2.880144 M. Total size: 0.5621760000000331 M.
[ 732 of 844 ] batch loaded. Batch Size: 2.880144 M. Total size: 0.5629440000000332 M.
[ 733 of 844 ] batch loaded. Batch Size: 2.880144 M. Total size: 0.5637120000000333 M.
[ 734 of 844 ] batch loaded. Batch Size: 2.880144 M. Total size: 0.5644800000000334 M.
[ 735 of 844 ] batch loaded. Batch Size: 2.880144 M. Total size: 0.5652480000000335 M.
[ 736 of 844 ] batch loaded. Batch Size: 2.880144 M. Total size: 0.5660160000000336 M.
[ 737 of 844 ] batch loaded. Batch Size: 2.880144 M. Total size: 0.5667840000000337 M.
[ 738 of 844 ] batch loaded. Batch Size: 2.880144 M. Total size: 0.5675520000000338 M.
[ 739 of 844 ] batch loaded. Batch Size: 2.880144 M. Total size: 0.5683200000000339 M.
[ 740 of 844 ] batch loaded. Batch Size: 2.880144 M. Total size: 0.569088000000034 M.
[ 741 of 844 ] batch loaded. Batch Size: 2.880144 M. Total size: 0.5698560000000341 M.
[ 742 of 844 ] batch loaded. Batch Size: 2.880144 M. Total size: 0.5706240000000342 M.
[ 743 of 844 ] batch loaded. Batch Size: 2.880144 M. Total size: 0.5713920000000343 M.
[ 744 of 844 ] batch loaded. Batch Size: 2.880144 M. Total size: 0.5721600000000344 M.
[ 745 of 844 ] batch loaded. Batch Size: 2.880144 M. Total size: 0.5729280000000345 M.
[ 746 of 844 ] batch loaded. Batch Size: 2.880144 M. Total size: 0.5736960000000346 M.
[ 747 of 844 ] batch loaded. Batch Size: 2.880144 M. Total size: 0.5744640000000347 M.
[ 748 of 844 ] batch loaded. Batch Size: 2.880144 M. Total size: 0.5752320000000348 M.
[ 749 of 844 ] batch loaded. Batch Size: 2.880144 M. Total size: 0.5760000000000349 M.
[ 750 of 844 ] batch loaded. Batch Size: 2.880144 M. Total size: 0.576768000000035 M.
[ 751 of 844 ] batch loaded. Batch Size: 2.880144 M. Total size: 0.5775360000000351 M.
[ 752 of 844 ] batch loaded. Batch Size: 2.880144 M. Total size: 0.5783040000000352 M.
[ 753 of 844 ] batch loaded. Batch Size: 2.880144 M. Total size: 0.5790720000000353 M.
[ 754 of 844 ] batch loaded. Batch Size: 2.880144 M. Total size: 0.5798400000000354 M.
[ 755 of 844 ] batch loaded. Batch Size: 2.880144 M. Total size: 0.5806080000000355 M.
[ 756 of 844 ] batch loaded. Batch Size: 2.880144 M. Total size: 0.5813760000000356 M.
[ 757 of 844 ] batch loaded. Batch Size: 2.880144 M. Total size: 0.5821440000000357 M.
[ 758 of 844 ] batch loaded. Batch Size: 2.880144 M. Total size: 0.5829120000000358 M.
[ 759 of 844 ] batch loaded. Batch Size: 2.880144 M. Total size: 0.583680000000036 M.
[ 760 of 844 ] batch loaded. Batch Size: 2.880144 M. Total size: 0.584448000000036 M.
[ 761 of 844 ] batch loaded. Batch Size: 2.880144 M. Total size: 0.5852160000000362 M.
[ 762 of 844 ] batch loaded. Batch Size: 2.880144 M. Total size: 0.5859840000000363 M.
[ 763 of 844 ] batch loaded. Batch Size: 2.880144 M. Total size: 0.5867520000000364 M.
[ 764 of 844 ] batch loaded. Batch Size: 2.880144 M. Total size: 0.5875200000000365 M.
[ 765 of 844 ] batch loaded. Batch Size: 2.880144 M. Total size: 0.5882880000000366 M.
[ 766 of 844 ] batch loaded. Batch Size: 2.880144 M. Total size: 0.5890560000000367 M.
[ 767 of 844 ] batch loaded. Batch Size: 2.880144 M. Total size: 0.5898240000000368 M.
[ 768 of 844 ] batch loaded. Batch Size: 2.880144 M. Total size: 0.5905920000000369 M.
[ 769 of 844 ] batch loaded. Batch Size: 2.880144 M. Total size: 0.591360000000037 M.
[ 770 of 844 ] batch loaded. Batch Size: 2.880144 M. Total size: 0.5921280000000371 M.
[ 771 of 844 ] batch loaded. Batch Size: 2.880144 M. Total size: 0.5928960000000372 M.
[ 772 of 844 ] batch loaded. Batch Size: 2.880144 M. Total size: 0.5936640000000373 M.
[ 773 of 844 ] batch loaded. Batch Size: 2.880144 M. Total size: 0.5944320000000374 M.
[ 774 of 844 ] batch loaded. Batch Size: 2.880144 M. Total size: 0.5952000000000375 M.
[ 775 of 844 ] batch loaded. Batch Size: 2.880144 M. Total size: 0.5959680000000376 M.
[ 776 of 844 ] batch loaded. Batch Size: 2.880144 M. Total size: 0.5967360000000377 M.
[ 777 of 844 ] batch loaded. Batch Size: 2.880144 M. Total size: 0.5975040000000378 M.
[ 778 of 844 ] batch loaded. Batch Size: 2.880144 M. Total size: 0.5982720000000379 M.
[ 779 of 844 ] batch loaded. Batch Size: 2.880144 M. Total size: 0.599040000000038 M.
[ 780 of 844 ] batch loaded. Batch Size: 2.880144 M. Total size: 0.5998080000000381 M.
[ 781 of 844 ] batch loaded. Batch Size: 2.880144 M. Total size: 0.6005760000000382 M.
[ 782 of 844 ] batch loaded. Batch Size: 2.880144 M. Total size: 0.6013440000000383 M.
[ 783 of 844 ] batch loaded. Batch Size: 2.880144 M. Total size: 0.6021120000000384 M.
[ 784 of 844 ] batch loaded. Batch Size: 2.880144 M. Total size: 0.6028800000000385 M.
[ 785 of 844 ] batch loaded. Batch Size: 2.880144 M. Total size: 0.6036480000000386 M.
[ 786 of 844 ] batch loaded. Batch Size: 2.880144 M. Total size: 0.6044160000000387 M.
[ 787 of 844 ] batch loaded. Batch Size: 2.880144 M. Total size: 0.6051840000000388 M.
[ 788 of 844 ] batch loaded. Batch Size: 2.880144 M. Total size: 0.6059520000000389 M.
[ 789 of 844 ] batch loaded. Batch Size: 2.880144 M. Total size: 0.606720000000039 M.
[ 790 of 844 ] batch loaded. Batch Size: 2.880144 M. Total size: 0.6074880000000391 M.
[ 791 of 844 ] batch loaded. Batch Size: 2.880144 M. Total size: 0.6082560000000392 M.
[ 792 of 844 ] batch loaded. Batch Size: 2.880144 M. Total size: 0.6090240000000393 M.
[ 793 of 844 ] batch loaded. Batch Size: 2.880144 M. Total size: 0.6097920000000394 M.
[ 794 of 844 ] batch loaded. Batch Size: 2.880144 M. Total size: 0.6105600000000395 M.
[ 795 of 844 ] batch loaded. Batch Size: 2.880144 M. Total size: 0.6113280000000396 M.
[ 796 of 844 ] batch loaded. Batch Size: 2.880144 M. Total size: 0.6120960000000397 M.
[ 797 of 844 ] batch loaded. Batch Size: 2.880144 M. Total size: 0.6128640000000398 M.
[ 798 of 844 ] batch loaded. Batch Size: 2.880144 M. Total size: 0.6136320000000399 M.
[ 799 of 844 ] batch loaded. Batch Size: 2.880144 M. Total size: 0.61440000000004 M.
[ 800 of 844 ] batch loaded. Batch Size: 2.880144 M. Total size: 0.6151680000000401 M.
[ 801 of 844 ] batch loaded. Batch Size: 2.880144 M. Total size: 0.6159360000000402 M.
[ 802 of 844 ] batch loaded. Batch Size: 2.880144 M. Total size: 0.6167040000000403 M.
[ 803 of 844 ] batch loaded. Batch Size: 2.880144 M. Total size: 0.6174720000000404 M.
[ 804 of 844 ] batch loaded. Batch Size: 2.880144 M. Total size: 0.6182400000000405 M.
[ 805 of 844 ] batch loaded. Batch Size: 2.880144 M. Total size: 0.6190080000000406 M.
[ 806 of 844 ] batch loaded. Batch Size: 2.880144 M. Total size: 0.6197760000000407 M.
[ 807 of 844 ] batch loaded. Batch Size: 2.880144 M. Total size: 0.6205440000000408 M.
[ 808 of 844 ] batch loaded. Batch Size: 2.880144 M. Total size: 0.6213120000000409 M.
[ 809 of 844 ] batch loaded. Batch Size: 2.880144 M. Total size: 0.622080000000041 M.
[ 810 of 844 ] batch loaded. Batch Size: 2.880144 M. Total size: 0.6228480000000411 M.
[ 811 of 844 ] batch loaded. Batch Size: 2.880144 M. Total size: 0.6236160000000412 M.
[ 812 of 844 ] batch loaded. Batch Size: 2.880144 M. Total size: 0.6243840000000414 M.
[ 813 of 844 ] batch loaded. Batch Size: 2.880144 M. Total size: 0.6251520000000415 M.
[ 814 of 844 ] batch loaded. Batch Size: 2.880144 M. Total size: 0.6259200000000416 M.
[ 815 of 844 ] batch loaded. Batch Size: 2.880144 M. Total size: 0.6266880000000417 M.
[ 816 of 844 ] batch loaded. Batch Size: 2.880144 M. Total size: 0.6274560000000418 M.
[ 817 of 844 ] batch loaded. Batch Size: 2.880144 M. Total size: 0.6282240000000419 M.
[ 818 of 844 ] batch loaded. Batch Size: 2.880144 M. Total size: 0.628992000000042 M.
[ 819 of 844 ] batch loaded. Batch Size: 2.880144 M. Total size: 0.6297600000000421 M.
[ 820 of 844 ] batch loaded. Batch Size: 2.880144 M. Total size: 0.6305280000000422 M.
[ 821 of 844 ] batch loaded. Batch Size: 2.880144 M. Total size: 0.6312960000000423 M.
[ 822 of 844 ] batch loaded. Batch Size: 2.880144 M. Total size: 0.6320640000000424 M.
[ 823 of 844 ] batch loaded. Batch Size: 2.880144 M. Total size: 0.6328320000000425 M.
[ 824 of 844 ] batch loaded. Batch Size: 2.880144 M. Total size: 0.6336000000000426 M.
[ 825 of 844 ] batch loaded. Batch Size: 2.880144 M. Total size: 0.6343680000000427 M.
[ 826 of 844 ] batch loaded. Batch Size: 2.880144 M. Total size: 0.6351360000000428 M.
[ 827 of 844 ] batch loaded. Batch Size: 2.880144 M. Total size: 0.6359040000000429 M.
[ 828 of 844 ] batch loaded. Batch Size: 2.880144 M. Total size: 0.636672000000043 M.
[ 829 of 844 ] batch loaded. Batch Size: 2.880144 M. Total size: 0.6374400000000431 M.
[ 830 of 844 ] batch loaded. Batch Size: 2.880144 M. Total size: 0.6382080000000432 M.
[ 831 of 844 ] batch loaded. Batch Size: 2.880144 M. Total size: 0.6389760000000433 M.
[ 832 of 844 ] batch loaded. Batch Size: 2.880144 M. Total size: 0.6397440000000434 M.
[ 833 of 844 ] batch loaded. Batch Size: 2.880144 M. Total size: 0.6405120000000435 M.
[ 834 of 844 ] batch loaded. Batch Size: 2.880144 M. Total size: 0.6412800000000436 M.
[ 835 of 844 ] batch loaded. Batch Size: 2.880144 M. Total size: 0.6420480000000437 M.
[ 836 of 844 ] batch loaded. Batch Size: 2.880144 M. Total size: 0.6428160000000438 M.
[ 837 of 844 ] batch loaded. Batch Size: 2.880144 M. Total size: 0.6435840000000439 M.
[ 838 of 844 ] batch loaded. Batch Size: 2.880144 M. Total size: 0.644352000000044 M.
[ 839 of 844 ] batch loaded. Batch Size: 2.880144 M. Total size: 0.6451200000000441 M.
[ 840 of 844 ] batch loaded. Batch Size: 2.880144 M. Total size: 0.6458880000000442 M.
[ 841 of 844 ] batch loaded. Batch Size: 2.880144 M. Total size: 0.6466560000000443 M.
[ 842 of 844 ] batch loaded. Batch Size: 2.880144 M. Total size: 0.6474240000000444 M.
[ 843 of 844 ] batch loaded. Batch Size: 1.440144 M. Total size: 0.6478080000000445 M.
creating generator for 1266 images...
starting read:
[ 0 of 211 ] batch loaded. Batch Size: 2.880144 M. Total size: 0.0007679999999999999 M.
[ 1 of 211 ] batch loaded. Batch Size: 2.880144 M. Total size: 0.0015360000000000003 M.
[ 2 of 211 ] batch loaded. Batch Size: 2.880144 M. Total size: 0.0023040000000000005 M.
[ 3 of 211 ] batch loaded. Batch Size: 2.880144 M. Total size: 0.003072000000000001 M.
[ 4 of 211 ] batch loaded. Batch Size: 2.880144 M. Total size: 0.0038400000000000014 M.
[ 5 of 211 ] batch loaded. Batch Size: 2.880144 M. Total size: 0.004607999999999999 M.
[ 6 of 211 ] batch loaded. Batch Size: 2.880144 M. Total size: 0.005375999999999997 M.
[ 7 of 211 ] batch loaded. Batch Size: 2.880144 M. Total size: 0.006143999999999995 M.
[ 8 of 211 ] batch loaded. Batch Size: 2.880144 M. Total size: 0.006911999999999993 M.
[ 9 of 211 ] batch loaded. Batch Size: 2.880144 M. Total size: 0.007679999999999991 M.
[ 10 of 211 ] batch loaded. Batch Size: 2.880144 M. Total size: 0.008447999999999989 M.
[ 11 of 211 ] batch loaded. Batch Size: 2.880144 M. Total size: 0.009215999999999986 M.
[ 12 of 211 ] batch loaded. Batch Size: 2.880144 M. Total size: 0.009983999999999984 M.
[ 13 of 211 ] batch loaded. Batch Size: 2.880144 M. Total size: 0.010751999999999982 M.
[ 14 of 211 ] batch loaded. Batch Size: 2.880144 M. Total size: 0.01151999999999998 M.
[ 15 of 211 ] batch loaded. Batch Size: 2.880144 M. Total size: 0.012287999999999978 M.
[ 16 of 211 ] batch loaded. Batch Size: 2.880144 M. Total size: 0.013055999999999976 M.
[ 17 of 211 ] batch loaded. Batch Size: 2.880144 M. Total size: 0.013823999999999973 M.
[ 18 of 211 ] batch loaded. Batch Size: 2.880144 M. Total size: 0.014591999999999971 M.
[ 19 of 211 ] batch loaded. Batch Size: 2.880144 M. Total size: 0.01535999999999997 M.
[ 20 of 211 ] batch loaded. Batch Size: 2.880144 M. Total size: 0.01612799999999997 M.
[ 21 of 211 ] batch loaded. Batch Size: 2.880144 M. Total size: 0.016895999999999967 M.
[ 22 of 211 ] batch loaded. Batch Size: 2.880144 M. Total size: 0.017663999999999964 M.
[ 23 of 211 ] batch loaded. Batch Size: 2.880144 M. Total size: 0.018431999999999962 M.
[ 24 of 211 ] batch loaded. Batch Size: 2.880144 M. Total size: 0.01919999999999996 M.
[ 25 of 211 ] batch loaded. Batch Size: 2.880144 M. Total size: 0.019967999999999958 M.
[ 26 of 211 ] batch loaded. Batch Size: 2.880144 M. Total size: 0.020735999999999956 M.
[ 27 of 211 ] batch loaded. Batch Size: 2.880144 M. Total size: 0.021503999999999954 M.
[ 28 of 211 ] batch loaded. Batch Size: 2.880144 M. Total size: 0.02227199999999995 M.
[ 29 of 211 ] batch loaded. Batch Size: 2.880144 M. Total size: 0.02303999999999995 M.
[ 30 of 211 ] batch loaded. Batch Size: 2.880144 M. Total size: 0.023807999999999947 M.
[ 31 of 211 ] batch loaded. Batch Size: 2.880144 M. Total size: 0.024575999999999945 M.
[ 32 of 211 ] batch loaded. Batch Size: 2.880144 M. Total size: 0.025343999999999943 M.
[ 33 of 211 ] batch loaded. Batch Size: 2.880144 M. Total size: 0.02611199999999994 M.
[ 34 of 211 ] batch loaded. Batch Size: 2.880144 M. Total size: 0.02687999999999994 M.
[ 35 of 211 ] batch loaded. Batch Size: 2.880144 M. Total size: 0.027647999999999937 M.
[ 36 of 211 ] batch loaded. Batch Size: 2.880144 M. Total size: 0.028415999999999934 M.
[ 37 of 211 ] batch loaded. Batch Size: 2.880144 M. Total size: 0.029183999999999932 M.
[ 38 of 211 ] batch loaded. Batch Size: 2.880144 M. Total size: 0.02995199999999993 M.
[ 39 of 211 ] batch loaded. Batch Size: 2.880144 M. Total size: 0.030719999999999928 M.
[ 40 of 211 ] batch loaded. Batch Size: 2.880144 M. Total size: 0.03148799999999993 M.
[ 41 of 211 ] batch loaded. Batch Size: 2.880144 M. Total size: 0.03225599999999995 M.
[ 42 of 211 ] batch loaded. Batch Size: 2.880144 M. Total size: 0.03302399999999997 M.
[ 43 of 211 ] batch loaded. Batch Size: 2.880144 M. Total size: 0.03379199999999999 M.
[ 44 of 211 ] batch loaded. Batch Size: 2.880144 M. Total size: 0.03456000000000001 M.
[ 45 of 211 ] batch loaded. Batch Size: 2.880144 M. Total size: 0.035328000000000026 M.
[ 46 of 211 ] batch loaded. Batch Size: 2.880144 M. Total size: 0.036096000000000045 M.
[ 47 of 211 ] batch loaded. Batch Size: 2.880144 M. Total size: 0.03686400000000006 M.
[ 48 of 211 ] batch loaded. Batch Size: 2.880144 M. Total size: 0.03763200000000008 M.
[ 49 of 211 ] batch loaded. Batch Size: 2.880144 M. Total size: 0.0384000000000001 M.
[ 50 of 211 ] batch loaded. Batch Size: 2.880144 M. Total size: 0.03916800000000012 M.
[ 51 of 211 ] batch loaded. Batch Size: 2.880144 M. Total size: 0.03993600000000014 M.
[ 52 of 211 ] batch loaded. Batch Size: 2.880144 M. Total size: 0.04070400000000016 M.
[ 53 of 211 ] batch loaded. Batch Size: 2.880144 M. Total size: 0.041472000000000175 M.
[ 54 of 211 ] batch loaded. Batch Size: 2.880144 M. Total size: 0.042240000000000194 M.
[ 55 of 211 ] batch loaded. Batch Size: 2.880144 M. Total size: 0.04300800000000021 M.
[ 56 of 211 ] batch loaded. Batch Size: 2.880144 M. Total size: 0.04377600000000023 M.
[ 57 of 211 ] batch loaded. Batch Size: 2.880144 M. Total size: 0.04454400000000025 M.
[ 58 of 211 ] batch loaded. Batch Size: 2.880144 M. Total size: 0.04531200000000027 M.
[ 59 of 211 ] batch loaded. Batch Size: 2.880144 M. Total size: 0.04608000000000029 M.
[ 60 of 211 ] batch loaded. Batch Size: 2.880144 M. Total size: 0.046848000000000306 M.
[ 61 of 211 ] batch loaded. Batch Size: 2.880144 M. Total size: 0.047616000000000325 M.
[ 62 of 211 ] batch loaded. Batch Size: 2.880144 M. Total size: 0.04838400000000034 M.
[ 63 of 211 ] batch loaded. Batch Size: 2.880144 M. Total size: 0.04915200000000036 M.
[ 64 of 211 ] batch loaded. Batch Size: 2.880144 M. Total size: 0.04992000000000038 M.
[ 65 of 211 ] batch loaded. Batch Size: 2.880144 M. Total size: 0.0506880000000004 M.
[ 66 of 211 ] batch loaded. Batch Size: 2.880144 M. Total size: 0.05145600000000042 M.
[ 67 of 211 ] batch loaded. Batch Size: 2.880144 M. Total size: 0.05222400000000044 M.
[ 68 of 211 ] batch loaded. Batch Size: 2.880144 M. Total size: 0.052992000000000455 M.
[ 69 of 211 ] batch loaded. Batch Size: 2.880144 M. Total size: 0.053760000000000474 M.
[ 70 of 211 ] batch loaded. Batch Size: 2.880144 M. Total size: 0.05452800000000049 M.
[ 71 of 211 ] batch loaded. Batch Size: 2.880144 M. Total size: 0.05529600000000051 M.
[ 72 of 211 ] batch loaded. Batch Size: 2.880144 M. Total size: 0.05606400000000053 M.
[ 73 of 211 ] batch loaded. Batch Size: 2.880144 M. Total size: 0.05683200000000055 M.
[ 74 of 211 ] batch loaded. Batch Size: 2.880144 M. Total size: 0.05760000000000057 M.
[ 75 of 211 ] batch loaded. Batch Size: 2.880144 M. Total size: 0.058368000000000586 M.
[ 76 of 211 ] batch loaded. Batch Size: 2.880144 M. Total size: 0.059136000000000605 M.
[ 77 of 211 ] batch loaded. Batch Size: 2.880144 M. Total size: 0.05990400000000062 M.
[ 78 of 211 ] batch loaded. Batch Size: 2.880144 M. Total size: 0.06067200000000064 M.
[ 79 of 211 ] batch loaded. Batch Size: 2.880144 M. Total size: 0.06144000000000066 M.
[ 80 of 211 ] batch loaded. Batch Size: 2.880144 M. Total size: 0.06220800000000068 M.
[ 81 of 211 ] batch loaded. Batch Size: 2.880144 M. Total size: 0.0629760000000007 M.
[ 82 of 211 ] batch loaded. Batch Size: 2.880144 M. Total size: 0.06374400000000072 M.
[ 83 of 211 ] batch loaded. Batch Size: 2.880144 M. Total size: 0.06451200000000074 M.
[ 84 of 211 ] batch loaded. Batch Size: 2.880144 M. Total size: 0.06528000000000075 M.
[ 85 of 211 ] batch loaded. Batch Size: 2.880144 M. Total size: 0.06604800000000077 M.
[ 86 of 211 ] batch loaded. Batch Size: 2.880144 M. Total size: 0.06681600000000079 M.
[ 87 of 211 ] batch loaded. Batch Size: 2.880144 M. Total size: 0.06758400000000081 M.
[ 88 of 211 ] batch loaded. Batch Size: 2.880144 M. Total size: 0.06835200000000083 M.
[ 89 of 211 ] batch loaded. Batch Size: 2.880144 M. Total size: 0.06912000000000085 M.
[ 90 of 211 ] batch loaded. Batch Size: 2.880144 M. Total size: 0.06988800000000087 M.
[ 91 of 211 ] batch loaded. Batch Size: 2.880144 M. Total size: 0.07065600000000088 M.
[ 92 of 211 ] batch loaded. Batch Size: 2.880144 M. Total size: 0.0714240000000009 M.
[ 93 of 211 ] batch loaded. Batch Size: 2.880144 M. Total size: 0.07219200000000092 M.
[ 94 of 211 ] batch loaded. Batch Size: 2.880144 M. Total size: 0.07296000000000094 M.
[ 95 of 211 ] batch loaded. Batch Size: 2.880144 M. Total size: 0.07372800000000096 M.
[ 96 of 211 ] batch loaded. Batch Size: 2.880144 M. Total size: 0.07449600000000098 M.
[ 97 of 211 ] batch loaded. Batch Size: 2.880144 M. Total size: 0.075264000000001 M.
[ 98 of 211 ] batch loaded. Batch Size: 2.880144 M. Total size: 0.07603200000000102 M.
[ 99 of 211 ] batch loaded. Batch Size: 2.880144 M. Total size: 0.07680000000000103 M.
[ 100 of 211 ] batch loaded. Batch Size: 2.880144 M. Total size: 0.07756800000000105 M.
[ 101 of 211 ] batch loaded. Batch Size: 2.880144 M. Total size: 0.07833600000000107 M.
[ 102 of 211 ] batch loaded. Batch Size: 2.880144 M. Total size: 0.07910400000000109 M.
[ 103 of 211 ] batch loaded. Batch Size: 2.880144 M. Total size: 0.07987200000000111 M.
[ 104 of 211 ] batch loaded. Batch Size: 2.880144 M. Total size: 0.08064000000000113 M.
[ 105 of 211 ] batch loaded. Batch Size: 2.880144 M. Total size: 0.08140800000000115 M.
[ 106 of 211 ] batch loaded. Batch Size: 2.880144 M. Total size: 0.08217600000000116 M.
[ 107 of 211 ] batch loaded. Batch Size: 2.880144 M. Total size: 0.08294400000000118 M.
[ 108 of 211 ] batch loaded. Batch Size: 2.880144 M. Total size: 0.0837120000000012 M.
[ 109 of 211 ] batch loaded. Batch Size: 2.880144 M. Total size: 0.08448000000000122 M.
[ 110 of 211 ] batch loaded. Batch Size: 2.880144 M. Total size: 0.08524800000000124 M.
[ 111 of 211 ] batch loaded. Batch Size: 2.880144 M. Total size: 0.08601600000000126 M.
[ 112 of 211 ] batch loaded. Batch Size: 2.880144 M. Total size: 0.08678400000000128 M.
[ 113 of 211 ] batch loaded. Batch Size: 2.880144 M. Total size: 0.0875520000000013 M.
[ 114 of 211 ] batch loaded. Batch Size: 2.880144 M. Total size: 0.08832000000000131 M.
[ 115 of 211 ] batch loaded. Batch Size: 2.880144 M. Total size: 0.08908800000000133 M.
[ 116 of 211 ] batch loaded. Batch Size: 2.880144 M. Total size: 0.08985600000000135 M.
[ 117 of 211 ] batch loaded. Batch Size: 2.880144 M. Total size: 0.09062400000000137 M.
[ 118 of 211 ] batch loaded. Batch Size: 2.880144 M. Total size: 0.09139200000000139 M.
[ 119 of 211 ] batch loaded. Batch Size: 2.880144 M. Total size: 0.09216000000000141 M.
[ 120 of 211 ] batch loaded. Batch Size: 2.880144 M. Total size: 0.09292800000000143 M.
[ 121 of 211 ] batch loaded. Batch Size: 2.880144 M. Total size: 0.09369600000000144 M.
[ 122 of 211 ] batch loaded. Batch Size: 2.880144 M. Total size: 0.09446400000000146 M.
[ 123 of 211 ] batch loaded. Batch Size: 2.880144 M. Total size: 0.09523200000000148 M.
[ 124 of 211 ] batch loaded. Batch Size: 2.880144 M. Total size: 0.0960000000000015 M.
[ 125 of 211 ] batch loaded. Batch Size: 2.880144 M. Total size: 0.09676800000000152 M.
[ 126 of 211 ] batch loaded. Batch Size: 2.880144 M. Total size: 0.09753600000000154 M.
[ 127 of 211 ] batch loaded. Batch Size: 2.880144 M. Total size: 0.09830400000000156 M.
[ 128 of 211 ] batch loaded. Batch Size: 2.880144 M. Total size: 0.09907200000000158 M.
[ 129 of 211 ] batch loaded. Batch Size: 2.880144 M. Total size: 0.0998400000000016 M.
[ 130 of 211 ] batch loaded. Batch Size: 2.880144 M. Total size: 0.10060800000000161 M.
[ 131 of 211 ] batch loaded. Batch Size: 2.880144 M. Total size: 0.10137600000000163 M.
[ 132 of 211 ] batch loaded. Batch Size: 2.880144 M. Total size: 0.10214400000000165 M.
[ 133 of 211 ] batch loaded. Batch Size: 2.880144 M. Total size: 0.10291200000000167 M.
[ 134 of 211 ] batch loaded. Batch Size: 2.880144 M. Total size: 0.10368000000000169 M.
[ 135 of 211 ] batch loaded. Batch Size: 2.880144 M. Total size: 0.1044480000000017 M.
[ 136 of 211 ] batch loaded. Batch Size: 2.880144 M. Total size: 0.10521600000000172 M.
[ 137 of 211 ] batch loaded. Batch Size: 2.880144 M. Total size: 0.10598400000000174 M.
[ 138 of 211 ] batch loaded. Batch Size: 2.880144 M. Total size: 0.10675200000000176 M.
[ 139 of 211 ] batch loaded. Batch Size: 2.880144 M. Total size: 0.10752000000000178 M.
[ 140 of 211 ] batch loaded. Batch Size: 2.880144 M. Total size: 0.1082880000000018 M.
[ 141 of 211 ] batch loaded. Batch Size: 2.880144 M. Total size: 0.10905600000000182 M.
[ 142 of 211 ] batch loaded. Batch Size: 2.880144 M. Total size: 0.10982400000000184 M.
[ 143 of 211 ] batch loaded. Batch Size: 2.880144 M. Total size: 0.11059200000000186 M.
[ 144 of 211 ] batch loaded. Batch Size: 2.880144 M. Total size: 0.11136000000000187 M.
[ 145 of 211 ] batch loaded. Batch Size: 2.880144 M. Total size: 0.11212800000000189 M.
[ 146 of 211 ] batch loaded. Batch Size: 2.880144 M. Total size: 0.11289600000000191 M.
[ 147 of 211 ] batch loaded. Batch Size: 2.880144 M. Total size: 0.11366400000000193 M.
[ 148 of 211 ] batch loaded. Batch Size: 2.880144 M. Total size: 0.11443200000000195 M.
[ 149 of 211 ] batch loaded. Batch Size: 2.880144 M. Total size: 0.11520000000000197 M.
[ 150 of 211 ] batch loaded. Batch Size: 2.880144 M. Total size: 0.11596800000000199 M.
[ 151 of 211 ] batch loaded. Batch Size: 2.880144 M. Total size: 0.116736000000002 M.
[ 152 of 211 ] batch loaded. Batch Size: 2.880144 M. Total size: 0.11750400000000202 M.
[ 153 of 211 ] batch loaded. Batch Size: 2.880144 M. Total size: 0.11827200000000204 M.
[ 154 of 211 ] batch loaded. Batch Size: 2.880144 M. Total size: 0.11904000000000206 M.
[ 155 of 211 ] batch loaded. Batch Size: 2.880144 M. Total size: 0.11980800000000208 M.
[ 156 of 211 ] batch loaded. Batch Size: 2.880144 M. Total size: 0.1205760000000021 M.
[ 157 of 211 ] batch loaded. Batch Size: 2.880144 M. Total size: 0.12134400000000212 M.
[ 158 of 211 ] batch loaded. Batch Size: 2.880144 M. Total size: 0.12211200000000214 M.
[ 159 of 211 ] batch loaded. Batch Size: 2.880144 M. Total size: 0.12288000000000215 M.
[ 160 of 211 ] batch loaded. Batch Size: 2.880144 M. Total size: 0.12364800000000217 M.
[ 161 of 211 ] batch loaded. Batch Size: 2.880144 M. Total size: 0.12441600000000219 M.
[ 162 of 211 ] batch loaded. Batch Size: 2.880144 M. Total size: 0.12518400000000218 M.
[ 163 of 211 ] batch loaded. Batch Size: 2.880144 M. Total size: 0.12595200000000212 M.
[ 164 of 211 ] batch loaded. Batch Size: 2.880144 M. Total size: 0.12672000000000205 M.
[ 165 of 211 ] batch loaded. Batch Size: 2.880144 M. Total size: 0.127488000000002 M.
[ 166 of 211 ] batch loaded. Batch Size: 2.880144 M. Total size: 0.12825600000000192 M.
[ 167 of 211 ] batch loaded. Batch Size: 2.880144 M. Total size: 0.12902400000000186 M.
[ 168 of 211 ] batch loaded. Batch Size: 2.880144 M. Total size: 0.1297920000000018 M.
[ 169 of 211 ] batch loaded. Batch Size: 2.880144 M. Total size: 0.13056000000000173 M.
[ 170 of 211 ] batch loaded. Batch Size: 2.880144 M. Total size: 0.13132800000000167 M.
[ 171 of 211 ] batch loaded. Batch Size: 2.880144 M. Total size: 0.1320960000000016 M.
[ 172 of 211 ] batch loaded. Batch Size: 2.880144 M. Total size: 0.13286400000000154 M.
[ 173 of 211 ] batch loaded. Batch Size: 2.880144 M. Total size: 0.13363200000000147 M.
[ 174 of 211 ] batch loaded. Batch Size: 2.880144 M. Total size: 0.1344000000000014 M.
[ 175 of 211 ] batch loaded. Batch Size: 2.880144 M. Total size: 0.13516800000000134 M.
[ 176 of 211 ] batch loaded. Batch Size: 2.880144 M. Total size: 0.13593600000000128 M.
[ 177 of 211 ] batch loaded. Batch Size: 2.880144 M. Total size: 0.1367040000000012 M.
[ 178 of 211 ] batch loaded. Batch Size: 2.880144 M. Total size: 0.13747200000000115 M.
[ 179 of 211 ] batch loaded. Batch Size: 2.880144 M. Total size: 0.13824000000000108 M.
[ 180 of 211 ] batch loaded. Batch Size: 2.880144 M. Total size: 0.13900800000000102 M.
[ 181 of 211 ] batch loaded. Batch Size: 2.880144 M. Total size: 0.13977600000000096 M.
[ 182 of 211 ] batch loaded. Batch Size: 2.880144 M. Total size: 0.1405440000000009 M.
[ 183 of 211 ] batch loaded. Batch Size: 2.880144 M. Total size: 0.14131200000000083 M.
[ 184 of 211 ] batch loaded. Batch Size: 2.880144 M. Total size: 0.14208000000000076 M.
[ 185 of 211 ] batch loaded. Batch Size: 2.880144 M. Total size: 0.1428480000000007 M.
[ 186 of 211 ] batch loaded. Batch Size: 2.880144 M. Total size: 0.14361600000000063 M.
[ 187 of 211 ] batch loaded. Batch Size: 2.880144 M. Total size: 0.14438400000000057 M.
[ 188 of 211 ] batch loaded. Batch Size: 2.880144 M. Total size: 0.1451520000000005 M.
[ 189 of 211 ] batch loaded. Batch Size: 2.880144 M. Total size: 0.14592000000000044 M.
[ 190 of 211 ] batch loaded. Batch Size: 2.880144 M. Total size: 0.14668800000000037 M.
[ 191 of 211 ] batch loaded. Batch Size: 2.880144 M. Total size: 0.1474560000000003 M.
[ 192 of 211 ] batch loaded. Batch Size: 2.880144 M. Total size: 0.14822400000000024 M.
[ 193 of 211 ] batch loaded. Batch Size: 2.880144 M. Total size: 0.14899200000000018 M.
[ 194 of 211 ] batch loaded. Batch Size: 2.880144 M. Total size: 0.14976000000000012 M.
[ 195 of 211 ] batch loaded. Batch Size: 2.880144 M. Total size: 0.15052800000000005 M.
[ 196 of 211 ] batch loaded. Batch Size: 2.880144 M. Total size: 0.15129599999999999 M.
[ 197 of 211 ] batch loaded. Batch Size: 2.880144 M. Total size: 0.15206399999999992 M.
[ 198 of 211 ] batch loaded. Batch Size: 2.880144 M. Total size: 0.15283199999999986 M.
[ 199 of 211 ] batch loaded. Batch Size: 2.880144 M. Total size: 0.1535999999999998 M.
[ 200 of 211 ] batch loaded. Batch Size: 2.880144 M. Total size: 0.15436799999999973 M.
[ 201 of 211 ] batch loaded. Batch Size: 2.880144 M. Total size: 0.15513599999999966 M.
[ 202 of 211 ] batch loaded. Batch Size: 2.880144 M. Total size: 0.1559039999999996 M.
[ 203 of 211 ] batch loaded. Batch Size: 2.880144 M. Total size: 0.15667199999999953 M.
[ 204 of 211 ] batch loaded. Batch Size: 2.880144 M. Total size: 0.15743999999999947 M.
[ 205 of 211 ] batch loaded. Batch Size: 2.880144 M. Total size: 0.1582079999999994 M.
[ 206 of 211 ] batch loaded. Batch Size: 2.880144 M. Total size: 0.15897599999999934 M.
[ 207 of 211 ] batch loaded. Batch Size: 2.880144 M. Total size: 0.15974399999999928 M.
[ 208 of 211 ] batch loaded. Batch Size: 2.880144 M. Total size: 0.1605119999999992 M.
[ 209 of 211 ] batch loaded. Batch Size: 2.880144 M. Total size: 0.16127999999999915 M.
[ 210 of 211 ] batch loaded. Batch Size: 2.880144 M. Total size: 0.16204799999999908 M.
Compiling network:
Fitting:
Epoch 1/1200
Done!
