Starting Docker Image
/data/datasets/tscherli/task2
CONTAINER ID        IMAGE                       COMMAND                  CREATED             STATUS              PORTS                NAMES
3fa6746c91c3        harjatin/hrl:v1             "/bin/bash"              8 days ago          Up 8 days                                insane_fermi
008a02ae9fcb        harjatin/hrl:v1             "/bin/bash"              10 days ago         Up 10 days                               elegant_turing
30ec4ec8ca2c        dbb6df0d051a                "/bin/bash"              2 weeks ago         Up 2 weeks                               cranky_franklin
270ac871c181        shastrir/deep_learning:v1   "/bin/bash"              2 weeks ago         Up 2 weeks                               focused_mccarthy
50d0f0677b81        shastrir/deep_learning:v1   "/bin/bash"              2 weeks ago         Up 2 weeks                               loving_bassi
58d9d29a2697        tensorflow/tensorflow       "/run_jupyter.sh --al"   2 weeks ago         Up 2 weeks          6006/tcp, 8888/tcp   cranky_darwin
cf7046a34c3a        nvidia/cuda                 "/bin/bash"              2 weeks ago         Up 2 weeks                               nostalgic_galileo
0d26f972178c        nvidia/cuda                 "/bin/bash"              2 weeks ago         Up 2 weeks                               condescending_jones
5e949098689f        deron/pytorch:1.0.0         "/bin/bash"              5 weeks ago         Up 5 weeks                               furious_wescoff
b7bbe5d5b81b        deron/pytorch:1.0.0         "/bin/bash"              5 weeks ago         Up 5 weeks                               cranky_fermi
4ddc17b96aec        deron/pytorch:1.0.0         "/bin/bash"              5 weeks ago         Up 5 weeks                               suspicious_bassi
CONTAINER ID        IMAGE                       COMMAND                  CREATED             STATUS              PORTS                NAMES
3fa6746c91c3        harjatin/hrl:v1             "/bin/bash"              8 days ago          Up 8 days                                insane_fermi
008a02ae9fcb        harjatin/hrl:v1             "/bin/bash"              10 days ago         Up 10 days                               elegant_turing
30ec4ec8ca2c        dbb6df0d051a                "/bin/bash"              2 weeks ago         Up 2 weeks                               cranky_franklin
270ac871c181        shastrir/deep_learning:v1   "/bin/bash"              2 weeks ago         Up 2 weeks                               focused_mccarthy
50d0f0677b81        shastrir/deep_learning:v1   "/bin/bash"              2 weeks ago         Up 2 weeks                               loving_bassi
58d9d29a2697        tensorflow/tensorflow       "/run_jupyter.sh --al"   2 weeks ago         Up 2 weeks          6006/tcp, 8888/tcp   cranky_darwin
cf7046a34c3a        nvidia/cuda                 "/bin/bash"              2 weeks ago         Up 2 weeks                               nostalgic_galileo
0d26f972178c        nvidia/cuda                 "/bin/bash"              2 weeks ago         Up 2 weeks                               condescending_jones
5e949098689f        deron/pytorch:1.0.0         "/bin/bash"              5 weeks ago         Up 5 weeks                               furious_wescoff
b7bbe5d5b81b        deron/pytorch:1.0.0         "/bin/bash"              5 weeks ago         Up 5 weeks                               cranky_fermi
4ddc17b96aec        deron/pytorch:1.0.0         "/bin/bash"              5 weeks ago         Up 5 weeks                               suspicious_bassi
reading dataset labels:
...done
Filtering and normalizing labels...
Bad File: /data/datasets/tscherli/Data_Training_300/IMG_8832.jdon.JPG
Bad File: /data/datasets/tscherli/Data_Training_300/IMG_8686.sjon.JPG
...done
train/test split: 5694 / 633
creating generator for 5694 images...
starting read:
[ 0 of 356 ] batch loaded. Batch Size: 3.145872 M. Total size: 3.147776 M.
[ 1 of 356 ] batch loaded. Batch Size: 3.145872 M. Total size: 6.295551999999995 M.
[ 2 of 356 ] batch loaded. Batch Size: 3.145872 M. Total size: 9.443327999999989 M.
[ 3 of 356 ] batch loaded. Batch Size: 3.145872 M. Total size: 12.591103999999982 M.
[ 4 of 356 ] batch loaded. Batch Size: 3.145872 M. Total size: 15.738879999999975 M.
[ 5 of 356 ] batch loaded. Batch Size: 3.145872 M. Total size: 18.886655999999995 M.
[ 6 of 356 ] batch loaded. Batch Size: 3.145872 M. Total size: 22.034432000000017 M.
[ 7 of 356 ] batch loaded. Batch Size: 3.145872 M. Total size: 25.18220800000004 M.
[ 8 of 356 ] batch loaded. Batch Size: 3.145872 M. Total size: 28.32998400000006 M.
[ 9 of 356 ] batch loaded. Batch Size: 3.145872 M. Total size: 31.47776000000008 M.
[ 10 of 356 ] batch loaded. Batch Size: 3.145872 M. Total size: 34.6255360000001 M.
[ 11 of 356 ] batch loaded. Batch Size: 3.145872 M. Total size: 37.773312000000125 M.
[ 12 of 356 ] batch loaded. Batch Size: 3.145872 M. Total size: 40.92108800000015 M.
[ 13 of 356 ] batch loaded. Batch Size: 3.145872 M. Total size: 44.06886400000017 M.
[ 14 of 356 ] batch loaded. Batch Size: 3.145872 M. Total size: 47.21664000000019 M.
[ 15 of 356 ] batch loaded. Batch Size: 3.145872 M. Total size: 50.36441600000021 M.
[ 16 of 356 ] batch loaded. Batch Size: 3.145872 M. Total size: 53.51219200000023 M.
[ 17 of 356 ] batch loaded. Batch Size: 3.145872 M. Total size: 56.659968000000255 M.
[ 18 of 356 ] batch loaded. Batch Size: 3.145872 M. Total size: 59.80774400000028 M.
[ 19 of 356 ] batch loaded. Batch Size: 3.145872 M. Total size: 62.9555200000003 M.
[ 20 of 356 ] batch loaded. Batch Size: 3.145872 M. Total size: 66.10329600000031 M.
[ 21 of 356 ] batch loaded. Batch Size: 3.145872 M. Total size: 69.25107200000033 M.
[ 22 of 356 ] batch loaded. Batch Size: 3.145872 M. Total size: 72.39884800000036 M.
[ 23 of 356 ] batch loaded. Batch Size: 3.145872 M. Total size: 75.54662400000038 M.
[ 24 of 356 ] batch loaded. Batch Size: 3.145872 M. Total size: 78.6944000000004 M.
[ 25 of 356 ] batch loaded. Batch Size: 3.145872 M. Total size: 81.84217600000042 M.
[ 26 of 356 ] batch loaded. Batch Size: 3.145872 M. Total size: 84.98995200000044 M.
[ 27 of 356 ] batch loaded. Batch Size: 3.145872 M. Total size: 88.13772800000046 M.
[ 28 of 356 ] batch loaded. Batch Size: 3.145872 M. Total size: 91.28550400000049 M.
[ 29 of 356 ] batch loaded. Batch Size: 3.145872 M. Total size: 94.43328000000051 M.
[ 30 of 356 ] batch loaded. Batch Size: 3.145872 M. Total size: 97.58105600000053 M.
[ 31 of 356 ] batch loaded. Batch Size: 3.145872 M. Total size: 100.72883200000055 M.
[ 32 of 356 ] batch loaded. Batch Size: 3.145872 M. Total size: 103.87660800000057 M.
[ 33 of 356 ] batch loaded. Batch Size: 3.145872 M. Total size: 107.0243840000006 M.
[ 34 of 356 ] batch loaded. Batch Size: 3.145872 M. Total size: 110.17216000000062 M.
[ 35 of 356 ] batch loaded. Batch Size: 3.145872 M. Total size: 113.31993600000064 M.
[ 36 of 356 ] batch loaded. Batch Size: 3.145872 M. Total size: 116.46771200000066 M.
[ 37 of 356 ] batch loaded. Batch Size: 3.145872 M. Total size: 119.61548800000068 M.
[ 38 of 356 ] batch loaded. Batch Size: 3.145872 M. Total size: 122.7632640000007 M.
[ 39 of 356 ] batch loaded. Batch Size: 3.145872 M. Total size: 125.91104000000072 M.
[ 40 of 356 ] batch loaded. Batch Size: 3.145872 M. Total size: 129.05881600000066 M.
[ 41 of 356 ] batch loaded. Batch Size: 3.145872 M. Total size: 132.20659200000046 M.
[ 42 of 356 ] batch loaded. Batch Size: 3.145872 M. Total size: 135.35436800000025 M.
[ 43 of 356 ] batch loaded. Batch Size: 3.145872 M. Total size: 138.50214400000004 M.
[ 44 of 356 ] batch loaded. Batch Size: 3.145872 M. Total size: 141.64991999999984 M.
[ 45 of 356 ] batch loaded. Batch Size: 3.145872 M. Total size: 144.79769599999963 M.
[ 46 of 356 ] batch loaded. Batch Size: 3.145872 M. Total size: 147.94547199999943 M.
[ 47 of 356 ] batch loaded. Batch Size: 3.145872 M. Total size: 151.09324799999922 M.
[ 48 of 356 ] batch loaded. Batch Size: 3.145872 M. Total size: 154.24102399999902 M.
[ 49 of 356 ] batch loaded. Batch Size: 3.145872 M. Total size: 157.3887999999988 M.
[ 50 of 356 ] batch loaded. Batch Size: 3.145872 M. Total size: 160.5365759999986 M.
[ 51 of 356 ] batch loaded. Batch Size: 3.145872 M. Total size: 163.6843519999984 M.
[ 52 of 356 ] batch loaded. Batch Size: 3.145872 M. Total size: 166.8321279999982 M.
[ 53 of 356 ] batch loaded. Batch Size: 3.145872 M. Total size: 169.979903999998 M.
[ 54 of 356 ] batch loaded. Batch Size: 3.145872 M. Total size: 173.12767999999778 M.
[ 55 of 356 ] batch loaded. Batch Size: 3.145872 M. Total size: 176.27545599999758 M.
[ 56 of 356 ] batch loaded. Batch Size: 3.145872 M. Total size: 179.42323199999737 M.
[ 57 of 356 ] batch loaded. Batch Size: 3.145872 M. Total size: 182.57100799999716 M.
[ 58 of 356 ] batch loaded. Batch Size: 3.145872 M. Total size: 185.71878399999696 M.
[ 59 of 356 ] batch loaded. Batch Size: 3.145872 M. Total size: 188.86655999999675 M.
[ 60 of 356 ] batch loaded. Batch Size: 3.145872 M. Total size: 192.01433599999655 M.
[ 61 of 356 ] batch loaded. Batch Size: 3.145872 M. Total size: 195.16211199999634 M.
[ 62 of 356 ] batch loaded. Batch Size: 3.145872 M. Total size: 198.30988799999614 M.
[ 63 of 356 ] batch loaded. Batch Size: 3.145872 M. Total size: 201.45766399999593 M.
[ 64 of 356 ] batch loaded. Batch Size: 3.145872 M. Total size: 204.60543999999572 M.
[ 65 of 356 ] batch loaded. Batch Size: 3.145872 M. Total size: 207.75321599999552 M.
[ 66 of 356 ] batch loaded. Batch Size: 3.145872 M. Total size: 210.9009919999953 M.
[ 67 of 356 ] batch loaded. Batch Size: 3.145872 M. Total size: 214.0487679999951 M.
[ 68 of 356 ] batch loaded. Batch Size: 3.145872 M. Total size: 217.1965439999949 M.
[ 69 of 356 ] batch loaded. Batch Size: 3.145872 M. Total size: 220.3443199999947 M.
[ 70 of 356 ] batch loaded. Batch Size: 3.145872 M. Total size: 223.4920959999945 M.
[ 71 of 356 ] batch loaded. Batch Size: 3.145872 M. Total size: 226.63987199999428 M.
[ 72 of 356 ] batch loaded. Batch Size: 3.145872 M. Total size: 229.78764799999408 M.
[ 73 of 356 ] batch loaded. Batch Size: 3.145872 M. Total size: 232.93542399999387 M.
[ 74 of 356 ] batch loaded. Batch Size: 3.145872 M. Total size: 236.08319999999367 M.
[ 75 of 356 ] batch loaded. Batch Size: 3.145872 M. Total size: 239.23097599999346 M.
[ 76 of 356 ] batch loaded. Batch Size: 3.145872 M. Total size: 242.37875199999326 M.
[ 77 of 356 ] batch loaded. Batch Size: 3.145872 M. Total size: 245.52652799999305 M.
[ 78 of 356 ] batch loaded. Batch Size: 3.145872 M. Total size: 248.67430399999284 M.
[ 79 of 356 ] batch loaded. Batch Size: 3.145872 M. Total size: 251.82207999999264 M.
[ 80 of 356 ] batch loaded. Batch Size: 3.145872 M. Total size: 254.96985599999243 M.
[ 81 of 356 ] batch loaded. Batch Size: 3.145872 M. Total size: 258.1176319999922 M.
[ 82 of 356 ] batch loaded. Batch Size: 3.145872 M. Total size: 261.265407999992 M.
[ 83 of 356 ] batch loaded. Batch Size: 3.145872 M. Total size: 264.4131839999918 M.
[ 84 of 356 ] batch loaded. Batch Size: 3.145872 M. Total size: 267.5609599999916 M.
[ 85 of 356 ] batch loaded. Batch Size: 3.145872 M. Total size: 270.7087359999914 M.
[ 86 of 356 ] batch loaded. Batch Size: 3.145872 M. Total size: 273.8565119999912 M.
[ 87 of 356 ] batch loaded. Batch Size: 3.145872 M. Total size: 277.004287999991 M.
[ 88 of 356 ] batch loaded. Batch Size: 3.145872 M. Total size: 280.1520639999908 M.
[ 89 of 356 ] batch loaded. Batch Size: 3.145872 M. Total size: 283.2998399999906 M.
[ 90 of 356 ] batch loaded. Batch Size: 3.145872 M. Total size: 286.4476159999904 M.
[ 91 of 356 ] batch loaded. Batch Size: 3.145872 M. Total size: 289.59539199999017 M.
[ 92 of 356 ] batch loaded. Batch Size: 3.145872 M. Total size: 292.74316799998996 M.
[ 93 of 356 ] batch loaded. Batch Size: 3.145872 M. Total size: 295.89094399998976 M.
[ 94 of 356 ] batch loaded. Batch Size: 3.145872 M. Total size: 299.03871999998955 M.
[ 95 of 356 ] batch loaded. Batch Size: 3.145872 M. Total size: 302.18649599998935 M.
[ 96 of 356 ] batch loaded. Batch Size: 3.145872 M. Total size: 305.33427199998914 M.
[ 97 of 356 ] batch loaded. Batch Size: 3.145872 M. Total size: 308.48204799998894 M.
[ 98 of 356 ] batch loaded. Batch Size: 3.145872 M. Total size: 311.62982399998873 M.
[ 99 of 356 ] batch loaded. Batch Size: 3.145872 M. Total size: 314.7775999999885 M.
[ 100 of 356 ] batch loaded. Batch Size: 3.145872 M. Total size: 317.9253759999883 M.
[ 101 of 356 ] batch loaded. Batch Size: 3.145872 M. Total size: 321.0731519999881 M.
[ 102 of 356 ] batch loaded. Batch Size: 3.145872 M. Total size: 324.2209279999879 M.
[ 103 of 356 ] batch loaded. Batch Size: 3.145872 M. Total size: 327.3687039999877 M.
[ 104 of 356 ] batch loaded. Batch Size: 3.145872 M. Total size: 330.5164799999875 M.
[ 105 of 356 ] batch loaded. Batch Size: 3.145872 M. Total size: 333.6642559999873 M.
[ 106 of 356 ] batch loaded. Batch Size: 3.145872 M. Total size: 336.8120319999871 M.
[ 107 of 356 ] batch loaded. Batch Size: 3.145872 M. Total size: 339.9598079999869 M.
[ 108 of 356 ] batch loaded. Batch Size: 3.145872 M. Total size: 343.1075839999867 M.
[ 109 of 356 ] batch loaded. Batch Size: 3.145872 M. Total size: 346.25535999998647 M.
[ 110 of 356 ] batch loaded. Batch Size: 3.145872 M. Total size: 349.40313599998626 M.
[ 111 of 356 ] batch loaded. Batch Size: 3.145872 M. Total size: 352.55091199998606 M.
[ 112 of 356 ] batch loaded. Batch Size: 3.145872 M. Total size: 355.69868799998585 M.
[ 113 of 356 ] batch loaded. Batch Size: 3.145872 M. Total size: 358.84646399998564 M.
[ 114 of 356 ] batch loaded. Batch Size: 3.145872 M. Total size: 361.99423999998544 M.
[ 115 of 356 ] batch loaded. Batch Size: 3.145872 M. Total size: 365.14201599998523 M.
[ 116 of 356 ] batch loaded. Batch Size: 3.145872 M. Total size: 368.289791999985 M.
[ 117 of 356 ] batch loaded. Batch Size: 3.145872 M. Total size: 371.4375679999848 M.
[ 118 of 356 ] batch loaded. Batch Size: 3.145872 M. Total size: 374.5853439999846 M.
[ 119 of 356 ] batch loaded. Batch Size: 3.145872 M. Total size: 377.7331199999844 M.
[ 120 of 356 ] batch loaded. Batch Size: 3.145872 M. Total size: 380.8808959999842 M.
[ 121 of 356 ] batch loaded. Batch Size: 3.145872 M. Total size: 384.028671999984 M.
[ 122 of 356 ] batch loaded. Batch Size: 3.145872 M. Total size: 387.1764479999838 M.
[ 123 of 356 ] batch loaded. Batch Size: 3.145872 M. Total size: 390.3242239999836 M.
[ 124 of 356 ] batch loaded. Batch Size: 3.145872 M. Total size: 393.4719999999834 M.
[ 125 of 356 ] batch loaded. Batch Size: 3.145872 M. Total size: 396.6197759999832 M.
[ 126 of 356 ] batch loaded. Batch Size: 3.145872 M. Total size: 399.76755199998297 M.
[ 127 of 356 ] batch loaded. Batch Size: 3.145872 M. Total size: 402.91532799998276 M.
[ 128 of 356 ] batch loaded. Batch Size: 3.145872 M. Total size: 406.06310399998256 M.
[ 129 of 356 ] batch loaded. Batch Size: 3.145872 M. Total size: 409.21087999998235 M.
[ 130 of 356 ] batch loaded. Batch Size: 3.145872 M. Total size: 412.35865599998215 M.
[ 131 of 356 ] batch loaded. Batch Size: 3.145872 M. Total size: 415.50643199998194 M.
[ 132 of 356 ] batch loaded. Batch Size: 3.145872 M. Total size: 418.65420799998174 M.
[ 133 of 356 ] batch loaded. Batch Size: 3.145872 M. Total size: 421.80198399998153 M.
[ 134 of 356 ] batch loaded. Batch Size: 3.145872 M. Total size: 424.9497599999813 M.
[ 135 of 356 ] batch loaded. Batch Size: 3.145872 M. Total size: 428.0975359999811 M.
[ 136 of 356 ] batch loaded. Batch Size: 3.145872 M. Total size: 431.2453119999809 M.
[ 137 of 356 ] batch loaded. Batch Size: 3.145872 M. Total size: 434.3930879999807 M.
[ 138 of 356 ] batch loaded. Batch Size: 3.145872 M. Total size: 437.5408639999805 M.
[ 139 of 356 ] batch loaded. Batch Size: 3.145872 M. Total size: 440.6886399999803 M.
[ 140 of 356 ] batch loaded. Batch Size: 3.145872 M. Total size: 443.8364159999801 M.
[ 141 of 356 ] batch loaded. Batch Size: 3.145872 M. Total size: 446.9841919999799 M.
[ 142 of 356 ] batch loaded. Batch Size: 3.145872 M. Total size: 450.1319679999797 M.
[ 143 of 356 ] batch loaded. Batch Size: 3.145872 M. Total size: 453.2797439999795 M.
[ 144 of 356 ] batch loaded. Batch Size: 3.145872 M. Total size: 456.42751999997927 M.
[ 145 of 356 ] batch loaded. Batch Size: 3.145872 M. Total size: 459.57529599997906 M.
[ 146 of 356 ] batch loaded. Batch Size: 3.145872 M. Total size: 462.72307199997886 M.
[ 147 of 356 ] batch loaded. Batch Size: 3.145872 M. Total size: 465.87084799997865 M.
[ 148 of 356 ] batch loaded. Batch Size: 3.145872 M. Total size: 469.01862399997844 M.
[ 149 of 356 ] batch loaded. Batch Size: 3.145872 M. Total size: 472.16639999997824 M.
[ 150 of 356 ] batch loaded. Batch Size: 3.145872 M. Total size: 475.31417599997803 M.
[ 151 of 356 ] batch loaded. Batch Size: 3.145872 M. Total size: 478.4619519999778 M.
[ 152 of 356 ] batch loaded. Batch Size: 3.145872 M. Total size: 481.6097279999776 M.
[ 153 of 356 ] batch loaded. Batch Size: 3.145872 M. Total size: 484.7575039999774 M.
[ 154 of 356 ] batch loaded. Batch Size: 3.145872 M. Total size: 487.9052799999772 M.
[ 155 of 356 ] batch loaded. Batch Size: 3.145872 M. Total size: 491.053055999977 M.
[ 156 of 356 ] batch loaded. Batch Size: 3.145872 M. Total size: 494.2008319999768 M.
[ 157 of 356 ] batch loaded. Batch Size: 3.145872 M. Total size: 497.3486079999766 M.
[ 158 of 356 ] batch loaded. Batch Size: 3.145872 M. Total size: 500.4963839999764 M.
[ 159 of 356 ] batch loaded. Batch Size: 3.145872 M. Total size: 503.6441599999762 M.
[ 160 of 356 ] batch loaded. Batch Size: 3.145872 M. Total size: 506.791935999976 M.
[ 161 of 356 ] batch loaded. Batch Size: 3.145872 M. Total size: 509.93971199997577 M.
[ 162 of 356 ] batch loaded. Batch Size: 3.145872 M. Total size: 513.0874879999756 M.
[ 163 of 356 ] batch loaded. Batch Size: 3.145872 M. Total size: 516.2352639999754 M.
[ 164 of 356 ] batch loaded. Batch Size: 3.145872 M. Total size: 519.3830399999752 M.
[ 165 of 356 ] batch loaded. Batch Size: 3.145872 M. Total size: 522.530815999975 M.
[ 166 of 356 ] batch loaded. Batch Size: 3.145872 M. Total size: 525.6785919999747 M.
[ 167 of 356 ] batch loaded. Batch Size: 3.145872 M. Total size: 528.8263679999745 M.
[ 168 of 356 ] batch loaded. Batch Size: 3.145872 M. Total size: 531.9741439999743 M.
[ 169 of 356 ] batch loaded. Batch Size: 3.145872 M. Total size: 535.1219199999741 M.
[ 170 of 356 ] batch loaded. Batch Size: 3.145872 M. Total size: 538.2696959999739 M.
[ 171 of 356 ] batch loaded. Batch Size: 3.145872 M. Total size: 541.4174719999737 M.
[ 172 of 356 ] batch loaded. Batch Size: 3.145872 M. Total size: 544.5652479999735 M.
[ 173 of 356 ] batch loaded. Batch Size: 3.145872 M. Total size: 547.7130239999733 M.
[ 174 of 356 ] batch loaded. Batch Size: 3.145872 M. Total size: 550.8607999999731 M.
[ 175 of 356 ] batch loaded. Batch Size: 3.145872 M. Total size: 554.0085759999729 M.
[ 176 of 356 ] batch loaded. Batch Size: 3.145872 M. Total size: 557.1563519999727 M.
[ 177 of 356 ] batch loaded. Batch Size: 3.145872 M. Total size: 560.3041279999725 M.
[ 178 of 356 ] batch loaded. Batch Size: 3.145872 M. Total size: 563.4519039999723 M.
[ 179 of 356 ] batch loaded. Batch Size: 3.145872 M. Total size: 566.5996799999721 M.
[ 180 of 356 ] batch loaded. Batch Size: 3.145872 M. Total size: 569.7474559999719 M.
[ 181 of 356 ] batch loaded. Batch Size: 3.145872 M. Total size: 572.8952319999717 M.
[ 182 of 356 ] batch loaded. Batch Size: 3.145872 M. Total size: 576.0430079999715 M.
[ 183 of 356 ] batch loaded. Batch Size: 3.145872 M. Total size: 579.1907839999712 M.
[ 184 of 356 ] batch loaded. Batch Size: 3.145872 M. Total size: 582.338559999971 M.
[ 185 of 356 ] batch loaded. Batch Size: 3.145872 M. Total size: 585.4863359999708 M.
[ 186 of 356 ] batch loaded. Batch Size: 3.145872 M. Total size: 588.6341119999706 M.
[ 187 of 356 ] batch loaded. Batch Size: 3.145872 M. Total size: 591.7818879999704 M.
[ 188 of 356 ] batch loaded. Batch Size: 3.145872 M. Total size: 594.9296639999702 M.
[ 189 of 356 ] batch loaded. Batch Size: 3.145872 M. Total size: 598.07743999997 M.
[ 190 of 356 ] batch loaded. Batch Size: 3.145872 M. Total size: 601.2252159999698 M.
[ 191 of 356 ] batch loaded. Batch Size: 3.145872 M. Total size: 604.3729919999696 M.
[ 192 of 356 ] batch loaded. Batch Size: 3.145872 M. Total size: 607.5207679999694 M.
[ 193 of 356 ] batch loaded. Batch Size: 3.145872 M. Total size: 610.6685439999692 M.
[ 194 of 356 ] batch loaded. Batch Size: 3.145872 M. Total size: 613.816319999969 M.
[ 195 of 356 ] batch loaded. Batch Size: 3.145872 M. Total size: 616.9640959999688 M.
[ 196 of 356 ] batch loaded. Batch Size: 3.145872 M. Total size: 620.1118719999686 M.
[ 197 of 356 ] batch loaded. Batch Size: 3.145872 M. Total size: 623.2596479999684 M.
[ 198 of 356 ] batch loaded. Batch Size: 3.145872 M. Total size: 626.4074239999682 M.
[ 199 of 356 ] batch loaded. Batch Size: 3.145872 M. Total size: 629.555199999968 M.
[ 200 of 356 ] batch loaded. Batch Size: 3.145872 M. Total size: 632.7029759999677 M.
[ 201 of 356 ] batch loaded. Batch Size: 3.145872 M. Total size: 635.8507519999675 M.
[ 202 of 356 ] batch loaded. Batch Size: 3.145872 M. Total size: 638.9985279999673 M.
[ 203 of 356 ] batch loaded. Batch Size: 3.145872 M. Total size: 642.1463039999671 M.
[ 204 of 356 ] batch loaded. Batch Size: 3.145872 M. Total size: 645.2940799999669 M.
[ 205 of 356 ] batch loaded. Batch Size: 3.145872 M. Total size: 648.4418559999667 M.
[ 206 of 356 ] batch loaded. Batch Size: 3.145872 M. Total size: 651.5896319999665 M.
[ 207 of 356 ] batch loaded. Batch Size: 3.145872 M. Total size: 654.7374079999663 M.
[ 208 of 356 ] batch loaded. Batch Size: 3.145872 M. Total size: 657.8851839999661 M.
[ 209 of 356 ] batch loaded. Batch Size: 3.145872 M. Total size: 661.0329599999659 M.
[ 210 of 356 ] batch loaded. Batch Size: 3.145872 M. Total size: 664.1807359999657 M.
[ 211 of 356 ] batch loaded. Batch Size: 3.145872 M. Total size: 667.3285119999655 M.
[ 212 of 356 ] batch loaded. Batch Size: 3.145872 M. Total size: 670.4762879999653 M.
[ 213 of 356 ] batch loaded. Batch Size: 3.145872 M. Total size: 673.6240639999651 M.
[ 214 of 356 ] batch loaded. Batch Size: 3.145872 M. Total size: 676.7718399999649 M.
[ 215 of 356 ] batch loaded. Batch Size: 3.145872 M. Total size: 679.9196159999647 M.
[ 216 of 356 ] batch loaded. Batch Size: 3.145872 M. Total size: 683.0673919999645 M.
[ 217 of 356 ] batch loaded. Batch Size: 3.145872 M. Total size: 686.2151679999643 M.
[ 218 of 356 ] batch loaded. Batch Size: 3.145872 M. Total size: 689.362943999964 M.
[ 219 of 356 ] batch loaded. Batch Size: 3.145872 M. Total size: 692.5107199999638 M.
[ 220 of 356 ] batch loaded. Batch Size: 3.145872 M. Total size: 695.6584959999636 M.
[ 221 of 356 ] batch loaded. Batch Size: 3.145872 M. Total size: 698.8062719999634 M.
[ 222 of 356 ] batch loaded. Batch Size: 3.145872 M. Total size: 701.9540479999632 M.
[ 223 of 356 ] batch loaded. Batch Size: 3.145872 M. Total size: 705.101823999963 M.
[ 224 of 356 ] batch loaded. Batch Size: 3.145872 M. Total size: 708.2495999999628 M.
[ 225 of 356 ] batch loaded. Batch Size: 3.145872 M. Total size: 711.3973759999626 M.
[ 226 of 356 ] batch loaded. Batch Size: 3.145872 M. Total size: 714.5451519999624 M.
[ 227 of 356 ] batch loaded. Batch Size: 3.145872 M. Total size: 717.6929279999622 M.
[ 228 of 356 ] batch loaded. Batch Size: 3.145872 M. Total size: 720.840703999962 M.
[ 229 of 356 ] batch loaded. Batch Size: 3.145872 M. Total size: 723.9884799999618 M.
[ 230 of 356 ] batch loaded. Batch Size: 3.145872 M. Total size: 727.1362559999616 M.
[ 231 of 356 ] batch loaded. Batch Size: 3.145872 M. Total size: 730.2840319999614 M.
[ 232 of 356 ] batch loaded. Batch Size: 3.145872 M. Total size: 733.4318079999612 M.
[ 233 of 356 ] batch loaded. Batch Size: 3.145872 M. Total size: 736.579583999961 M.
[ 234 of 356 ] batch loaded. Batch Size: 3.145872 M. Total size: 739.7273599999608 M.
[ 235 of 356 ] batch loaded. Batch Size: 3.145872 M. Total size: 742.8751359999605 M.
[ 236 of 356 ] batch loaded. Batch Size: 3.145872 M. Total size: 746.0229119999603 M.
[ 237 of 356 ] batch loaded. Batch Size: 3.145872 M. Total size: 749.1706879999601 M.
[ 238 of 356 ] batch loaded. Batch Size: 3.145872 M. Total size: 752.3184639999599 M.
[ 239 of 356 ] batch loaded. Batch Size: 3.145872 M. Total size: 755.4662399999597 M.
[ 240 of 356 ] batch loaded. Batch Size: 3.145872 M. Total size: 758.6140159999595 M.
[ 241 of 356 ] batch loaded. Batch Size: 3.145872 M. Total size: 761.7617919999593 M.
[ 242 of 356 ] batch loaded. Batch Size: 3.145872 M. Total size: 764.9095679999591 M.
[ 243 of 356 ] batch loaded. Batch Size: 3.145872 M. Total size: 768.0573439999589 M.
[ 244 of 356 ] batch loaded. Batch Size: 3.145872 M. Total size: 771.2051199999587 M.
[ 245 of 356 ] batch loaded. Batch Size: 3.145872 M. Total size: 774.3528959999585 M.
[ 246 of 356 ] batch loaded. Batch Size: 3.145872 M. Total size: 777.5006719999583 M.
[ 247 of 356 ] batch loaded. Batch Size: 3.145872 M. Total size: 780.6484479999581 M.
[ 248 of 356 ] batch loaded. Batch Size: 3.145872 M. Total size: 783.7962239999579 M.
[ 249 of 356 ] batch loaded. Batch Size: 3.145872 M. Total size: 786.9439999999577 M.
[ 250 of 356 ] batch loaded. Batch Size: 3.145872 M. Total size: 790.0917759999575 M.
[ 251 of 356 ] batch loaded. Batch Size: 3.145872 M. Total size: 793.2395519999573 M.
[ 252 of 356 ] batch loaded. Batch Size: 3.145872 M. Total size: 796.387327999957 M.
[ 253 of 356 ] batch loaded. Batch Size: 3.145872 M. Total size: 799.5351039999568 M.
[ 254 of 356 ] batch loaded. Batch Size: 3.145872 M. Total size: 802.6828799999566 M.
[ 255 of 356 ] batch loaded. Batch Size: 3.145872 M. Total size: 805.8306559999564 M.
[ 256 of 356 ] batch loaded. Batch Size: 3.145872 M. Total size: 808.9784319999562 M.
[ 257 of 356 ] batch loaded. Batch Size: 3.145872 M. Total size: 812.126207999956 M.
[ 258 of 356 ] batch loaded. Batch Size: 3.145872 M. Total size: 815.2739839999558 M.
[ 259 of 356 ] batch loaded. Batch Size: 3.145872 M. Total size: 818.4217599999556 M.
[ 260 of 356 ] batch loaded. Batch Size: 3.145872 M. Total size: 821.5695359999554 M.
[ 261 of 356 ] batch loaded. Batch Size: 3.145872 M. Total size: 824.7173119999552 M.
[ 262 of 356 ] batch loaded. Batch Size: 3.145872 M. Total size: 827.865087999955 M.
[ 263 of 356 ] batch loaded. Batch Size: 3.145872 M. Total size: 831.0128639999548 M.
[ 264 of 356 ] batch loaded. Batch Size: 3.145872 M. Total size: 834.1606399999546 M.
[ 265 of 356 ] batch loaded. Batch Size: 3.145872 M. Total size: 837.3084159999544 M.
[ 266 of 356 ] batch loaded. Batch Size: 3.145872 M. Total size: 840.4561919999542 M.
[ 267 of 356 ] batch loaded. Batch Size: 3.145872 M. Total size: 843.603967999954 M.
[ 268 of 356 ] batch loaded. Batch Size: 3.145872 M. Total size: 846.7517439999538 M.
[ 269 of 356 ] batch loaded. Batch Size: 3.145872 M. Total size: 849.8995199999536 M.
[ 270 of 356 ] batch loaded. Batch Size: 3.145872 M. Total size: 853.0472959999533 M.
[ 271 of 356 ] batch loaded. Batch Size: 3.145872 M. Total size: 856.1950719999531 M.
[ 272 of 356 ] batch loaded. Batch Size: 3.145872 M. Total size: 859.3428479999529 M.
[ 273 of 356 ] batch loaded. Batch Size: 3.145872 M. Total size: 862.4906239999527 M.
[ 274 of 356 ] batch loaded. Batch Size: 3.145872 M. Total size: 865.6383999999525 M.
[ 275 of 356 ] batch loaded. Batch Size: 3.145872 M. Total size: 868.7861759999523 M.
[ 276 of 356 ] batch loaded. Batch Size: 3.145872 M. Total size: 871.9339519999521 M.
[ 277 of 356 ] batch loaded. Batch Size: 3.145872 M. Total size: 875.0817279999519 M.
[ 278 of 356 ] batch loaded. Batch Size: 3.145872 M. Total size: 878.2295039999517 M.
[ 279 of 356 ] batch loaded. Batch Size: 3.145872 M. Total size: 881.3772799999515 M.
[ 280 of 356 ] batch loaded. Batch Size: 3.145872 M. Total size: 884.5250559999513 M.
[ 281 of 356 ] batch loaded. Batch Size: 3.145872 M. Total size: 887.6728319999511 M.
[ 282 of 356 ] batch loaded. Batch Size: 3.145872 M. Total size: 890.8206079999509 M.
[ 283 of 356 ] batch loaded. Batch Size: 3.145872 M. Total size: 893.9683839999507 M.
[ 284 of 356 ] batch loaded. Batch Size: 3.145872 M. Total size: 897.1161599999505 M.
[ 285 of 356 ] batch loaded. Batch Size: 3.145872 M. Total size: 900.2639359999503 M.
[ 286 of 356 ] batch loaded. Batch Size: 3.145872 M. Total size: 903.4117119999501 M.
[ 287 of 356 ] batch loaded. Batch Size: 3.145872 M. Total size: 906.5594879999499 M.
[ 288 of 356 ] batch loaded. Batch Size: 3.145872 M. Total size: 909.7072639999496 M.
[ 289 of 356 ] batch loaded. Batch Size: 3.145872 M. Total size: 912.8550399999494 M.
[ 290 of 356 ] batch loaded. Batch Size: 3.145872 M. Total size: 916.0028159999492 M.
[ 291 of 356 ] batch loaded. Batch Size: 3.145872 M. Total size: 919.150591999949 M.
[ 292 of 356 ] batch loaded. Batch Size: 3.145872 M. Total size: 922.2983679999488 M.
[ 293 of 356 ] batch loaded. Batch Size: 3.145872 M. Total size: 925.4461439999486 M.
[ 294 of 356 ] batch loaded. Batch Size: 3.145872 M. Total size: 928.5939199999484 M.
[ 295 of 356 ] batch loaded. Batch Size: 3.145872 M. Total size: 931.7416959999482 M.
[ 296 of 356 ] batch loaded. Batch Size: 3.145872 M. Total size: 934.889471999948 M.
[ 297 of 356 ] batch loaded. Batch Size: 3.145872 M. Total size: 938.0372479999478 M.
[ 298 of 356 ] batch loaded. Batch Size: 3.145872 M. Total size: 941.1850239999476 M.
[ 299 of 356 ] batch loaded. Batch Size: 3.145872 M. Total size: 944.3327999999474 M.
[ 300 of 356 ] batch loaded. Batch Size: 3.145872 M. Total size: 947.4805759999472 M.
[ 301 of 356 ] batch loaded. Batch Size: 3.145872 M. Total size: 950.628351999947 M.
[ 302 of 356 ] batch loaded. Batch Size: 3.145872 M. Total size: 953.7761279999468 M.
[ 303 of 356 ] batch loaded. Batch Size: 3.145872 M. Total size: 956.9239039999466 M.
[ 304 of 356 ] batch loaded. Batch Size: 3.145872 M. Total size: 960.0716799999464 M.
[ 305 of 356 ] batch loaded. Batch Size: 3.145872 M. Total size: 963.2194559999461 M.
[ 306 of 356 ] batch loaded. Batch Size: 3.145872 M. Total size: 966.367231999946 M.
[ 307 of 356 ] batch loaded. Batch Size: 3.145872 M. Total size: 969.5150079999457 M.
[ 308 of 356 ] batch loaded. Batch Size: 3.145872 M. Total size: 972.6627839999455 M.
[ 309 of 356 ] batch loaded. Batch Size: 3.145872 M. Total size: 975.8105599999453 M.
[ 310 of 356 ] batch loaded. Batch Size: 3.145872 M. Total size: 978.9583359999451 M.
[ 311 of 356 ] batch loaded. Batch Size: 3.145872 M. Total size: 982.1061119999449 M.
[ 312 of 356 ] batch loaded. Batch Size: 3.145872 M. Total size: 985.2538879999447 M.
[ 313 of 356 ] batch loaded. Batch Size: 3.145872 M. Total size: 988.4016639999445 M.
[ 314 of 356 ] batch loaded. Batch Size: 3.145872 M. Total size: 991.5494399999443 M.
[ 315 of 356 ] batch loaded. Batch Size: 3.145872 M. Total size: 994.6972159999441 M.
[ 316 of 356 ] batch loaded. Batch Size: 3.145872 M. Total size: 997.8449919999439 M.
[ 317 of 356 ] batch loaded. Batch Size: 3.145872 M. Total size: 1000.9927679999437 M.
[ 318 of 356 ] batch loaded. Batch Size: 3.145872 M. Total size: 1004.1405439999435 M.
[ 319 of 356 ] batch loaded. Batch Size: 3.145872 M. Total size: 1007.2883199999433 M.
[ 320 of 356 ] batch loaded. Batch Size: 3.145872 M. Total size: 1010.4360959999431 M.
[ 321 of 356 ] batch loaded. Batch Size: 3.145872 M. Total size: 1013.5838719999429 M.
[ 322 of 356 ] batch loaded. Batch Size: 3.145872 M. Total size: 1016.7316479999427 M.
[ 323 of 356 ] batch loaded. Batch Size: 3.145872 M. Total size: 1019.8794239999424 M.
[ 324 of 356 ] batch loaded. Batch Size: 3.145872 M. Total size: 1023.0271999999422 M.
[ 325 of 356 ] batch loaded. Batch Size: 3.145872 M. Total size: 1026.1749759999434 M.
[ 326 of 356 ] batch loaded. Batch Size: 3.145872 M. Total size: 1029.322751999945 M.
[ 327 of 356 ] batch loaded. Batch Size: 3.145872 M. Total size: 1032.4705279999466 M.
[ 328 of 356 ] batch loaded. Batch Size: 3.145872 M. Total size: 1035.6183039999482 M.
[ 329 of 356 ] batch loaded. Batch Size: 3.145872 M. Total size: 1038.7660799999499 M.
[ 330 of 356 ] batch loaded. Batch Size: 3.145872 M. Total size: 1041.9138559999515 M.
[ 331 of 356 ] batch loaded. Batch Size: 3.145872 M. Total size: 1045.061631999953 M.
[ 332 of 356 ] batch loaded. Batch Size: 3.145872 M. Total size: 1048.2094079999547 M.
[ 333 of 356 ] batch loaded. Batch Size: 3.145872 M. Total size: 1051.3571839999563 M.
[ 334 of 356 ] batch loaded. Batch Size: 3.145872 M. Total size: 1054.504959999958 M.
[ 335 of 356 ] batch loaded. Batch Size: 3.145872 M. Total size: 1057.6527359999595 M.
[ 336 of 356 ] batch loaded. Batch Size: 3.145872 M. Total size: 1060.8005119999611 M.
[ 337 of 356 ] batch loaded. Batch Size: 3.145872 M. Total size: 1063.9482879999628 M.
[ 338 of 356 ] batch loaded. Batch Size: 3.145872 M. Total size: 1067.0960639999644 M.
[ 339 of 356 ] batch loaded. Batch Size: 3.145872 M. Total size: 1070.243839999966 M.
[ 340 of 356 ] batch loaded. Batch Size: 3.145872 M. Total size: 1073.3916159999676 M.
[ 341 of 356 ] batch loaded. Batch Size: 3.145872 M. Total size: 1076.5393919999692 M.
[ 342 of 356 ] batch loaded. Batch Size: 3.145872 M. Total size: 1079.6871679999708 M.
[ 343 of 356 ] batch loaded. Batch Size: 3.145872 M. Total size: 1082.8349439999724 M.
[ 344 of 356 ] batch loaded. Batch Size: 3.145872 M. Total size: 1085.982719999974 M.
[ 345 of 356 ] batch loaded. Batch Size: 3.145872 M. Total size: 1089.1304959999757 M.
[ 346 of 356 ] batch loaded. Batch Size: 3.145872 M. Total size: 1092.2782719999773 M.
[ 347 of 356 ] batch loaded. Batch Size: 3.145872 M. Total size: 1095.426047999979 M.
[ 348 of 356 ] batch loaded. Batch Size: 3.145872 M. Total size: 1098.5738239999805 M.
[ 349 of 356 ] batch loaded. Batch Size: 3.145872 M. Total size: 1101.7215999999821 M.
[ 350 of 356 ] batch loaded. Batch Size: 3.145872 M. Total size: 1104.8693759999837 M.
[ 351 of 356 ] batch loaded. Batch Size: 3.145872 M. Total size: 1108.0171519999853 M.
[ 352 of 356 ] batch loaded. Batch Size: 3.145872 M. Total size: 1111.164927999987 M.
[ 353 of 356 ] batch loaded. Batch Size: 3.145872 M. Total size: 1114.3127039999886 M.
[ 354 of 356 ] batch loaded. Batch Size: 3.145872 M. Total size: 1117.4604799999902 M.
[ 355 of 356 ] batch loaded. Batch Size: 2.752656 M. Total size: 1120.2147839999916 M.
creating generator for 633 images...
starting read:
[ 0 of 40 ] batch loaded. Batch Size: 3.145872 M. Total size: 3.147776 M.
[ 1 of 40 ] batch loaded. Batch Size: 3.145872 M. Total size: 6.295551999999995 M.
[ 2 of 40 ] batch loaded. Batch Size: 3.145872 M. Total size: 9.443327999999989 M.
[ 3 of 40 ] batch loaded. Batch Size: 3.145872 M. Total size: 12.591103999999982 M.
[ 4 of 40 ] batch loaded. Batch Size: 3.145872 M. Total size: 15.738879999999975 M.
[ 5 of 40 ] batch loaded. Batch Size: 3.145872 M. Total size: 18.886655999999995 M.
[ 6 of 40 ] batch loaded. Batch Size: 3.145872 M. Total size: 22.034432000000017 M.
[ 7 of 40 ] batch loaded. Batch Size: 3.145872 M. Total size: 25.18220800000004 M.
[ 8 of 40 ] batch loaded. Batch Size: 3.145872 M. Total size: 28.32998400000006 M.
[ 9 of 40 ] batch loaded. Batch Size: 3.145872 M. Total size: 31.47776000000008 M.
[ 10 of 40 ] batch loaded. Batch Size: 3.145872 M. Total size: 34.6255360000001 M.
[ 11 of 40 ] batch loaded. Batch Size: 3.145872 M. Total size: 37.773312000000125 M.
[ 12 of 40 ] batch loaded. Batch Size: 3.145872 M. Total size: 40.92108800000015 M.
[ 13 of 40 ] batch loaded. Batch Size: 3.145872 M. Total size: 44.06886400000017 M.
[ 14 of 40 ] batch loaded. Batch Size: 3.145872 M. Total size: 47.21664000000019 M.
[ 15 of 40 ] batch loaded. Batch Size: 3.145872 M. Total size: 50.36441600000021 M.
[ 16 of 40 ] batch loaded. Batch Size: 3.145872 M. Total size: 53.51219200000023 M.
[ 17 of 40 ] batch loaded. Batch Size: 3.145872 M. Total size: 56.659968000000255 M.
[ 18 of 40 ] batch loaded. Batch Size: 3.145872 M. Total size: 59.80774400000028 M.
[ 19 of 40 ] batch loaded. Batch Size: 3.145872 M. Total size: 62.9555200000003 M.
[ 20 of 40 ] batch loaded. Batch Size: 3.145872 M. Total size: 66.10329600000031 M.
[ 21 of 40 ] batch loaded. Batch Size: 3.145872 M. Total size: 69.25107200000033 M.
[ 22 of 40 ] batch loaded. Batch Size: 3.145872 M. Total size: 72.39884800000036 M.
[ 23 of 40 ] batch loaded. Batch Size: 3.145872 M. Total size: 75.54662400000038 M.
[ 24 of 40 ] batch loaded. Batch Size: 3.145872 M. Total size: 78.6944000000004 M.
[ 25 of 40 ] batch loaded. Batch Size: 3.145872 M. Total size: 81.84217600000042 M.
[ 26 of 40 ] batch loaded. Batch Size: 3.145872 M. Total size: 84.98995200000044 M.
[ 27 of 40 ] batch loaded. Batch Size: 3.145872 M. Total size: 88.13772800000046 M.
[ 28 of 40 ] batch loaded. Batch Size: 3.145872 M. Total size: 91.28550400000049 M.
[ 29 of 40 ] batch loaded. Batch Size: 3.145872 M. Total size: 94.43328000000051 M.
[ 30 of 40 ] batch loaded. Batch Size: 3.145872 M. Total size: 97.58105600000053 M.
[ 31 of 40 ] batch loaded. Batch Size: 3.145872 M. Total size: 100.72883200000055 M.
[ 32 of 40 ] batch loaded. Batch Size: 3.145872 M. Total size: 103.87660800000057 M.
[ 33 of 40 ] batch loaded. Batch Size: 3.145872 M. Total size: 107.0243840000006 M.
[ 34 of 40 ] batch loaded. Batch Size: 3.145872 M. Total size: 110.17216000000062 M.
[ 35 of 40 ] batch loaded. Batch Size: 3.145872 M. Total size: 113.31993600000064 M.
[ 36 of 40 ] batch loaded. Batch Size: 3.145872 M. Total size: 116.46771200000066 M.
[ 37 of 40 ] batch loaded. Batch Size: 3.145872 M. Total size: 119.61548800000068 M.
[ 38 of 40 ] batch loaded. Batch Size: 3.145872 M. Total size: 122.7632640000007 M.
[ 39 of 40 ] batch loaded. Batch Size: 1.769616 M. Total size: 124.53388800000072 M.
Compiling network:
Fitting:
Epoch 1/650
 - 22s - loss: 3.0021 - acc: 0.3520 - val_loss: 0.1455 - val_acc: 0.4581
Epoch 2/650
Epoch 1/650
 - 15s - loss: 0.0182 - acc: 0.4162 - val_loss: 0.0722 - val_acc: 0.4502
Epoch 3/650
 - 15s - loss: 0.0148 - acc: 0.4329 - val_loss: 0.0501 - val_acc: 0.4755
Epoch 4/650
 - 15s - loss: 0.0124 - acc: 0.4447 - val_loss: 0.0208 - val_acc: 0.4692
Epoch 5/650
 - 15s - loss: 0.0104 - acc: 0.4420 - val_loss: 0.0161 - val_acc: 0.4739
Epoch 6/650
 - 15s - loss: 0.0093 - acc: 0.4556 - val_loss: 0.0150 - val_acc: 0.4803
Epoch 7/650
 - 15s - loss: 0.0083 - acc: 0.4778 - val_loss: 0.0141 - val_acc: 0.4961
Epoch 8/650
 - 15s - loss: 0.0076 - acc: 0.4712 - val_loss: 0.0074 - val_acc: 0.4976
Epoch 9/650
 - 15s - loss: 0.0068 - acc: 0.4870 - val_loss: 0.0089 - val_acc: 0.4834
Epoch 10/650
 - 15s - loss: 0.0062 - acc: 0.4919 - val_loss: 0.0073 - val_acc: 0.5024
Epoch 11/650
 - 15s - loss: 0.0055 - acc: 0.4898 - val_loss: 0.0066 - val_acc: 0.4834
Epoch 12/650
 - 15s - loss: 0.0049 - acc: 0.4904 - val_loss: 0.0039 - val_acc: 0.4961
Epoch 13/650
 - 15s - loss: 0.0045 - acc: 0.4853 - val_loss: 0.0031 - val_acc: 0.5118
Epoch 14/650
 - 16s - loss: 0.0041 - acc: 0.4852 - val_loss: 0.0034 - val_acc: 0.5308
Epoch 15/650
 - 15s - loss: 0.0035 - acc: 0.4797 - val_loss: 0.0029 - val_acc: 0.4708
Epoch 16/650
 - 16s - loss: 0.0031 - acc: 0.4917 - val_loss: 0.0024 - val_acc: 0.5340
Epoch 17/650
 - 15s - loss: 0.0028 - acc: 0.4953 - val_loss: 0.0019 - val_acc: 0.5166
Epoch 18/650
 - 15s - loss: 0.0025 - acc: 0.4968 - val_loss: 0.0021 - val_acc: 0.5213
Epoch 19/650
 - 15s - loss: 0.0024 - acc: 0.5091 - val_loss: 0.0017 - val_acc: 0.5213
Epoch 20/650
 - 15s - loss: 0.0022 - acc: 0.5025 - val_loss: 0.0018 - val_acc: 0.5529
Epoch 21/650
 - 15s - loss: 0.0020 - acc: 0.5124 - val_loss: 0.0015 - val_acc: 0.5213
Epoch 22/650
 - 15s - loss: 0.0018 - acc: 0.5220 - val_loss: 0.0021 - val_acc: 0.5656
Epoch 23/650
 - 15s - loss: 0.0017 - acc: 0.5218 - val_loss: 0.0013 - val_acc: 0.5308
Epoch 24/650
 - 15s - loss: 0.0017 - acc: 0.5318 - val_loss: 0.0018 - val_acc: 0.5577
Epoch 25/650
 - 15s - loss: 0.0016 - acc: 0.5281 - val_loss: 0.0018 - val_acc: 0.5434
Epoch 26/650
 - 15s - loss: 0.0015 - acc: 0.5311 - val_loss: 0.0015 - val_acc: 0.5466
Epoch 27/650
 - 15s - loss: 0.0015 - acc: 0.5218 - val_loss: 0.0011 - val_acc: 0.5434
Epoch 28/650
 - 15s - loss: 0.0013 - acc: 0.5379 - val_loss: 0.0013 - val_acc: 0.6019
Epoch 29/650
 - 15s - loss: 0.0014 - acc: 0.5354 - val_loss: 0.0013 - val_acc: 0.5324
Epoch 30/650
 - 15s - loss: 0.0014 - acc: 0.5334 - val_loss: 0.0012 - val_acc: 0.5798
Epoch 31/650
 - 15s - loss: 0.0013 - acc: 0.5348 - val_loss: 0.0011 - val_acc: 0.5671
Epoch 32/650
 - 15s - loss: 0.0011 - acc: 0.5235 - val_loss: 0.0011 - val_acc: 0.5893
Epoch 33/650
 - 15s - loss: 0.0015 - acc: 0.5355 - val_loss: 0.0010 - val_acc: 0.5656
Epoch 34/650
 - 15s - loss: 0.0011 - acc: 0.5362 - val_loss: 0.0010 - val_acc: 0.5656
Epoch 35/650
 - 15s - loss: 0.0012 - acc: 0.5440 - val_loss: 0.0011 - val_acc: 0.5782
Epoch 36/650
 - 15s - loss: 0.0013 - acc: 0.5411 - val_loss: 0.0014 - val_acc: 0.5750
Epoch 37/650
 - 15s - loss: 0.0014 - acc: 0.5317 - val_loss: 0.0014 - val_acc: 0.5450
Epoch 38/650
 - 15s - loss: 0.0013 - acc: 0.5303 - val_loss: 0.0011 - val_acc: 0.5687
Epoch 39/650
 - 15s - loss: 0.0011 - acc: 0.5314 - val_loss: 0.0010 - val_acc: 0.5513
Epoch 40/650
 - 15s - loss: 0.0011 - acc: 0.5236 - val_loss: 9.7528e-04 - val_acc: 0.5687
Epoch 41/650
 - 15s - loss: 0.0011 - acc: 0.5483 - val_loss: 9.1123e-04 - val_acc: 0.5798
Epoch 42/650
 - 15s - loss: 0.0010 - acc: 0.5332 - val_loss: 9.2514e-04 - val_acc: 0.5893
Epoch 43/650
 - 15s - loss: 0.0014 - acc: 0.5246 - val_loss: 0.0013 - val_acc: 0.5371
Epoch 44/650
 - 15s - loss: 0.0011 - acc: 0.5303 - val_loss: 9.9123e-04 - val_acc: 0.5419
Epoch 45/650
 - 15s - loss: 0.0010 - acc: 0.5335 - val_loss: 0.0010 - val_acc: 0.5608
Epoch 46/650
 - 15s - loss: 0.0011 - acc: 0.5229 - val_loss: 9.8945e-04 - val_acc: 0.5750
Epoch 47/650
 - 15s - loss: 9.1984e-04 - acc: 0.5375 - val_loss: 7.7076e-04 - val_acc: 0.5292
Epoch 48/650
 - 15s - loss: 9.7860e-04 - acc: 0.5393 - val_loss: 8.7118e-04 - val_acc: 0.5845
Epoch 49/650
 - 15s - loss: 9.4950e-04 - acc: 0.5415 - val_loss: 7.3445e-04 - val_acc: 0.6161
Epoch 50/650
 - 15s - loss: 9.4716e-04 - acc: 0.5494 - val_loss: 9.9245e-04 - val_acc: 0.5798
Epoch 51/650
 - 15s - loss: 0.0011 - acc: 0.5403 - val_loss: 0.0014 - val_acc: 0.5371
Epoch 52/650
 - 15s - loss: 0.0012 - acc: 0.5166 - val_loss: 9.1143e-04 - val_acc: 0.5545
Epoch 53/650
 - 15s - loss: 8.5034e-04 - acc: 0.5446 - val_loss: 7.0758e-04 - val_acc: 0.5940
Epoch 54/650
 - 15s - loss: 8.2426e-04 - acc: 0.5441 - val_loss: 7.4741e-04 - val_acc: 0.6035
Epoch 55/650
 - 15s - loss: 0.0010 - acc: 0.5435 - val_loss: 0.0011 - val_acc: 0.5324
Epoch 56/650
 - 15s - loss: 9.6845e-04 - acc: 0.5358 - val_loss: 7.5604e-04 - val_acc: 0.6066
Epoch 57/650
 - 15s - loss: 8.7961e-04 - acc: 0.5402 - val_loss: 8.2134e-04 - val_acc: 0.5735
Epoch 58/650
 - 15s - loss: 7.6687e-04 - acc: 0.5568 - val_loss: 6.9616e-04 - val_acc: 0.5624
Epoch 59/650
 - 15s - loss: 7.0009e-04 - acc: 0.5537 - val_loss: 7.9767e-04 - val_acc: 0.6019
Epoch 60/650
 - 15s - loss: 7.8916e-04 - acc: 0.5462 - val_loss: 9.0737e-04 - val_acc: 0.6003
Epoch 61/650
 - 15s - loss: 7.0516e-04 - acc: 0.5551 - val_loss: 7.1462e-04 - val_acc: 0.6130
Epoch 62/650
 - 15s - loss: 7.0643e-04 - acc: 0.5461 - val_loss: 7.2864e-04 - val_acc: 0.6177
Epoch 63/650
 - 15s - loss: 7.7522e-04 - acc: 0.5484 - val_loss: 8.0584e-04 - val_acc: 0.6019
Epoch 64/650
 - 15s - loss: 7.7865e-04 - acc: 0.5598 - val_loss: 7.8777e-04 - val_acc: 0.6177
Epoch 65/650
 - 15s - loss: 9.7276e-04 - acc: 0.5580 - val_loss: 7.3791e-04 - val_acc: 0.5829
Epoch 66/650
 - 15s - loss: 8.4310e-04 - acc: 0.5449 - val_loss: 8.7131e-04 - val_acc: 0.5608
Epoch 67/650
 - 15s - loss: 8.0154e-04 - acc: 0.5527 - val_loss: 9.0354e-04 - val_acc: 0.5893
Epoch 68/650
 - 15s - loss: 6.6513e-04 - acc: 0.5739 - val_loss: 7.7190e-04 - val_acc: 0.5956
Epoch 69/650
 - 15s - loss: 8.3732e-04 - acc: 0.5507 - val_loss: 7.2268e-04 - val_acc: 0.6003
Epoch 70/650
 - 15s - loss: 7.0995e-04 - acc: 0.5573 - val_loss: 9.6780e-04 - val_acc: 0.6130
Epoch 71/650
 - 15s - loss: 8.8918e-04 - acc: 0.5375 - val_loss: 0.0010 - val_acc: 0.5545
Epoch 72/650
 - 15s - loss: 7.1022e-04 - acc: 0.5573 - val_loss: 7.8554e-04 - val_acc: 0.6035
Epoch 73/650
 - 15s - loss: 6.4644e-04 - acc: 0.5655 - val_loss: 8.2351e-04 - val_acc: 0.5450
Epoch 74/650
 - 16s - loss: 6.6427e-04 - acc: 0.5591 - val_loss: 8.8381e-04 - val_acc: 0.5624
Epoch 75/650
 - 15s - loss: 6.4102e-04 - acc: 0.5659 - val_loss: 9.2396e-04 - val_acc: 0.6161
Epoch 76/650
 - 15s - loss: 5.9390e-04 - acc: 0.5741 - val_loss: 6.7911e-04 - val_acc: 0.5956
Epoch 77/650
 - 15s - loss: 6.5146e-04 - acc: 0.5518 - val_loss: 9.0125e-04 - val_acc: 0.5893
Epoch 78/650
 - 15s - loss: 7.4478e-04 - acc: 0.5544 - val_loss: 0.0011 - val_acc: 0.6003
Epoch 79/650
 - 15s - loss: 6.8421e-04 - acc: 0.5637 - val_loss: 8.7453e-04 - val_acc: 0.5924
Epoch 80/650
 - 15s - loss: 6.0367e-04 - acc: 0.5617 - val_loss: 8.9650e-04 - val_acc: 0.5908
Epoch 81/650
 - 15s - loss: 5.6717e-04 - acc: 0.5669 - val_loss: 7.6149e-04 - val_acc: 0.6272
Epoch 82/650
 - 15s - loss: 6.1957e-04 - acc: 0.5634 - val_loss: 8.1692e-04 - val_acc: 0.6051
Epoch 83/650
 - 15s - loss: 5.8514e-04 - acc: 0.5722 - val_loss: 6.8844e-04 - val_acc: 0.6114
Epoch 84/650
 - 15s - loss: 5.8448e-04 - acc: 0.5710 - val_loss: 8.2925e-04 - val_acc: 0.5908
Epoch 85/650
 - 15s - loss: 6.5443e-04 - acc: 0.5532 - val_loss: 8.3398e-04 - val_acc: 0.5814
Epoch 86/650
 - 15s - loss: 6.4829e-04 - acc: 0.5641 - val_loss: 7.4428e-04 - val_acc: 0.5924
Epoch 87/650
 - 15s - loss: 6.0451e-04 - acc: 0.5663 - val_loss: 7.6382e-04 - val_acc: 0.5719
Epoch 88/650
 - 15s - loss: 5.6683e-04 - acc: 0.5590 - val_loss: 8.3841e-04 - val_acc: 0.5624
Epoch 89/650
 - 15s - loss: 6.9742e-04 - acc: 0.5628 - val_loss: 8.9272e-04 - val_acc: 0.5608
Epoch 90/650
 - 15s - loss: 6.7397e-04 - acc: 0.5662 - val_loss: 7.7141e-04 - val_acc: 0.6224
Epoch 91/650
 - 15s - loss: 5.9025e-04 - acc: 0.5594 - val_loss: 6.4557e-04 - val_acc: 0.6224
Epoch 92/650
 - 15s - loss: 5.4690e-04 - acc: 0.5639 - val_loss: 6.9166e-04 - val_acc: 0.6288
Epoch 93/650
 - 15s - loss: 6.0877e-04 - acc: 0.5704 - val_loss: 7.2984e-04 - val_acc: 0.6351
Epoch 94/650
 - 15s - loss: 5.9225e-04 - acc: 0.5762 - val_loss: 6.6617e-04 - val_acc: 0.5987
Epoch 95/650
 - 15s - loss: 5.7291e-04 - acc: 0.5532 - val_loss: 7.5576e-04 - val_acc: 0.5972
Epoch 96/650
 - 15s - loss: 6.0693e-04 - acc: 0.5629 - val_loss: 7.5889e-04 - val_acc: 0.6066
Epoch 97/650
 - 15s - loss: 5.7293e-04 - acc: 0.5635 - val_loss: 6.8255e-04 - val_acc: 0.6145
Epoch 98/650
 - 15s - loss: 5.4827e-04 - acc: 0.5650 - val_loss: 6.7962e-04 - val_acc: 0.6082
Epoch 99/650
 - 15s - loss: 6.5881e-04 - acc: 0.5646 - val_loss: 0.0022 - val_acc: 0.5513
Epoch 100/650
 - 15s - loss: 7.0470e-04 - acc: 0.5583 - val_loss: 6.7692e-04 - val_acc: 0.6272
Epoch 101/650
 - 15s - loss: 5.2006e-04 - acc: 0.5905 - val_loss: 6.7970e-04 - val_acc: 0.6161
Epoch 102/650
 - 15s - loss: 5.5728e-04 - acc: 0.5687 - val_loss: 9.1230e-04 - val_acc: 0.6209
Epoch 103/650
 - 15s - loss: 5.5476e-04 - acc: 0.5717 - val_loss: 7.8064e-04 - val_acc: 0.5987
Epoch 104/650
 - 15s - loss: 5.0853e-04 - acc: 0.5631 - val_loss: 7.2743e-04 - val_acc: 0.5814
Epoch 105/650
 - 15s - loss: 5.4753e-04 - acc: 0.5672 - val_loss: 7.7611e-04 - val_acc: 0.6161
Epoch 106/650
 - 15s - loss: 5.5345e-04 - acc: 0.5634 - val_loss: 6.6389e-04 - val_acc: 0.5877
Epoch 107/650
 - 15s - loss: 5.4667e-04 - acc: 0.5651 - val_loss: 8.1479e-04 - val_acc: 0.6224
Epoch 108/650
 - 15s - loss: 5.9614e-04 - acc: 0.5618 - val_loss: 0.0010 - val_acc: 0.6051
Epoch 109/650
 - 15s - loss: 5.5772e-04 - acc: 0.5645 - val_loss: 7.5881e-04 - val_acc: 0.5956
Epoch 110/650
 - 15s - loss: 8.3889e-04 - acc: 0.5493 - val_loss: 8.7000e-04 - val_acc: 0.6114
Epoch 111/650
 - 15s - loss: 6.8743e-04 - acc: 0.5358 - val_loss: 8.8031e-04 - val_acc: 0.6098
Epoch 112/650
 - 15s - loss: 6.2806e-04 - acc: 0.5671 - val_loss: 6.5060e-04 - val_acc: 0.6098
Epoch 113/650
 - 15s - loss: 5.6018e-04 - acc: 0.5660 - val_loss: 7.3012e-04 - val_acc: 0.5719
Epoch 114/650
 - 16s - loss: 5.3956e-04 - acc: 0.5664 - val_loss: 7.7396e-04 - val_acc: 0.6098
Epoch 115/650
 - 15s - loss: 5.9510e-04 - acc: 0.5581 - val_loss: 6.1750e-04 - val_acc: 0.6051
Epoch 116/650
 - 15s - loss: 4.8645e-04 - acc: 0.5722 - val_loss: 7.9465e-04 - val_acc: 0.6051
Epoch 117/650
 - 15s - loss: 5.2054e-04 - acc: 0.5685 - val_loss: 7.6475e-04 - val_acc: 0.5956
Epoch 118/650
 - 15s - loss: 4.9788e-04 - acc: 0.5659 - val_loss: 6.3042e-04 - val_acc: 0.6098
Epoch 119/650
 - 15s - loss: 4.7516e-04 - acc: 0.5785 - val_loss: 6.6492e-04 - val_acc: 0.6003
Epoch 120/650
 - 15s - loss: 4.8809e-04 - acc: 0.5632 - val_loss: 5.8433e-04 - val_acc: 0.5956
Epoch 121/650
 - 15s - loss: 5.3313e-04 - acc: 0.5711 - val_loss: 7.9093e-04 - val_acc: 0.5656
Epoch 122/650
 - 15s - loss: 5.8863e-04 - acc: 0.5653 - val_loss: 0.0011 - val_acc: 0.5735
Epoch 123/650
 - 15s - loss: 8.7958e-04 - acc: 0.5472 - val_loss: 7.5804e-04 - val_acc: 0.5845
Epoch 124/650
 - 15s - loss: 5.0491e-04 - acc: 0.5621 - val_loss: 6.9216e-04 - val_acc: 0.5893
Epoch 125/650
 - 15s - loss: 4.8007e-04 - acc: 0.5574 - val_loss: 7.4202e-04 - val_acc: 0.6003
Epoch 126/650
 - 15s - loss: 4.6522e-04 - acc: 0.5762 - val_loss: 6.7111e-04 - val_acc: 0.5592
Epoch 127/650
 - 15s - loss: 5.8696e-04 - acc: 0.5486 - val_loss: 8.9587e-04 - val_acc: 0.5814
Epoch 128/650
 - 15s - loss: 4.6524e-04 - acc: 0.5689 - val_loss: 7.0028e-04 - val_acc: 0.6130
Epoch 129/650
 - 15s - loss: 4.6676e-04 - acc: 0.5641 - val_loss: 6.4171e-04 - val_acc: 0.6209
Epoch 130/650
 - 15s - loss: 4.7101e-04 - acc: 0.5617 - val_loss: 6.7547e-04 - val_acc: 0.5956
Epoch 131/650
 - 15s - loss: 5.5309e-04 - acc: 0.5613 - val_loss: 7.7012e-04 - val_acc: 0.5719
Epoch 132/650
 - 15s - loss: 4.7372e-04 - acc: 0.5764 - val_loss: 7.3134e-04 - val_acc: 0.6240
Epoch 133/650
 - 15s - loss: 4.6885e-04 - acc: 0.5628 - val_loss: 6.1295e-04 - val_acc: 0.5956
Epoch 134/650
 - 15s - loss: 4.6790e-04 - acc: 0.5712 - val_loss: 6.2916e-04 - val_acc: 0.6035
Epoch 135/650
 - 15s - loss: 7.6494e-04 - acc: 0.5609 - val_loss: 0.0014 - val_acc: 0.5482
Epoch 136/650
 - 15s - loss: 0.0010 - acc: 0.5330 - val_loss: 7.6395e-04 - val_acc: 0.5924
Epoch 137/650
 - 15s - loss: 5.2531e-04 - acc: 0.5683 - val_loss: 7.9853e-04 - val_acc: 0.6066
Epoch 138/650
 - 15s - loss: 4.8273e-04 - acc: 0.5698 - val_loss: 8.1011e-04 - val_acc: 0.6193
Epoch 139/650
 - 15s - loss: 4.6608e-04 - acc: 0.5706 - val_loss: 7.0514e-04 - val_acc: 0.5924
Epoch 140/650
 - 15s - loss: 4.9233e-04 - acc: 0.5700 - val_loss: 6.5820e-04 - val_acc: 0.6193
Epoch 141/650
 - 15s - loss: 5.1133e-04 - acc: 0.5733 - val_loss: 8.5552e-04 - val_acc: 0.6082
Epoch 142/650
 - 15s - loss: 4.8078e-04 - acc: 0.5715 - val_loss: 7.9042e-04 - val_acc: 0.6256
Epoch 143/650
 - 15s - loss: 4.7549e-04 - acc: 0.5850 - val_loss: 7.3904e-04 - val_acc: 0.6367
Epoch 144/650
 - 15s - loss: 5.5039e-04 - acc: 0.5626 - val_loss: 8.5597e-04 - val_acc: 0.5719
Epoch 145/650
 - 15s - loss: 4.7979e-04 - acc: 0.5715 - val_loss: 6.9100e-04 - val_acc: 0.6098
Epoch 146/650
 - 15s - loss: 4.8204e-04 - acc: 0.5687 - val_loss: 7.7115e-04 - val_acc: 0.6098
Epoch 147/650
 - 15s - loss: 5.2245e-04 - acc: 0.5736 - val_loss: 7.8853e-04 - val_acc: 0.6082
Epoch 148/650
 - 15s - loss: 0.0013 - acc: 0.5456 - val_loss: 0.0013 - val_acc: 0.5355
Epoch 149/650
 - 15s - loss: 7.5853e-04 - acc: 0.5542 - val_loss: 0.0011 - val_acc: 0.6066
Epoch 150/650
 - 15s - loss: 6.5400e-04 - acc: 0.5519 - val_loss: 0.0011 - val_acc: 0.5924
Epoch 151/650
 - 15s - loss: 6.2409e-04 - acc: 0.5660 - val_loss: 9.3037e-04 - val_acc: 0.5845
Epoch 152/650
 - 15s - loss: 5.4764e-04 - acc: 0.5821 - val_loss: 8.3567e-04 - val_acc: 0.5956
Epoch 153/650
 - 15s - loss: 5.5567e-04 - acc: 0.5600 - val_loss: 8.7480e-04 - val_acc: 0.5893
Epoch 154/650
 - 15s - loss: 6.7406e-04 - acc: 0.5646 - val_loss: 8.4888e-04 - val_acc: 0.5766
Epoch 155/650
 - 15s - loss: 5.2836e-04 - acc: 0.5617 - val_loss: 8.1264e-04 - val_acc: 0.6082
Epoch 156/650
 - 15s - loss: 5.1573e-04 - acc: 0.5751 - val_loss: 8.3235e-04 - val_acc: 0.5529
Epoch 157/650
 - 15s - loss: 5.2963e-04 - acc: 0.5603 - val_loss: 9.1837e-04 - val_acc: 0.5561
Epoch 158/650
 - 15s - loss: 5.6128e-04 - acc: 0.5694 - val_loss: 7.7182e-04 - val_acc: 0.6224
Epoch 159/650
 - 15s - loss: 4.7957e-04 - acc: 0.5686 - val_loss: 7.6101e-04 - val_acc: 0.5940
Epoch 160/650
 - 15s - loss: 4.8096e-04 - acc: 0.5648 - val_loss: 7.5572e-04 - val_acc: 0.5766
Epoch 161/650
 - 15s - loss: 9.8490e-04 - acc: 0.5555 - val_loss: 0.0015 - val_acc: 0.5450
Epoch 162/650
 - 15s - loss: 6.9050e-04 - acc: 0.5520 - val_loss: 8.9846e-04 - val_acc: 0.5735
Epoch 163/650
 - 15s - loss: 5.0407e-04 - acc: 0.5657 - val_loss: 7.0275e-04 - val_acc: 0.5861
Epoch 164/650
 - 15s - loss: 4.9334e-04 - acc: 0.5743 - val_loss: 8.3293e-04 - val_acc: 0.6177
Epoch 165/650
 - 15s - loss: 4.7867e-04 - acc: 0.5707 - val_loss: 7.4737e-04 - val_acc: 0.5735
Epoch 166/650
 - 15s - loss: 4.9125e-04 - acc: 0.5644 - val_loss: 7.4134e-04 - val_acc: 0.5845
Epoch 167/650
 - 15s - loss: 4.7432e-04 - acc: 0.5615 - val_loss: 7.9705e-04 - val_acc: 0.6098
Epoch 168/650
 - 15s - loss: 4.7141e-04 - acc: 0.5550 - val_loss: 6.5309e-04 - val_acc: 0.6130
Epoch 169/650
 - 15s - loss: 4.7130e-04 - acc: 0.5757 - val_loss: 7.5449e-04 - val_acc: 0.6114
Epoch 170/650
 - 15s - loss: 4.8724e-04 - acc: 0.5711 - val_loss: 7.3804e-04 - val_acc: 0.5814
Epoch 171/650
 - 15s - loss: 4.9896e-04 - acc: 0.5676 - val_loss: 7.2978e-04 - val_acc: 0.6003
Epoch 172/650
 - 15s - loss: 5.6918e-04 - acc: 0.5717 - val_loss: 9.6610e-04 - val_acc: 0.6098
Epoch 173/650
 - 15s - loss: 5.5669e-04 - acc: 0.5616 - val_loss: 9.3657e-04 - val_acc: 0.5972
Epoch 174/650
 - 15s - loss: 5.0053e-04 - acc: 0.5598 - val_loss: 9.3734e-04 - val_acc: 0.6130
Epoch 175/650
 - 15s - loss: 4.8334e-04 - acc: 0.5678 - val_loss: 8.2562e-04 - val_acc: 0.6035
Epoch 176/650
 - 15s - loss: 7.3953e-04 - acc: 0.5584 - val_loss: 8.2146e-04 - val_acc: 0.5671
Epoch 177/650
 - 15s - loss: 5.0130e-04 - acc: 0.5693 - val_loss: 7.4772e-04 - val_acc: 0.6035
Epoch 178/650
 - 15s - loss: 4.7960e-04 - acc: 0.5787 - val_loss: 8.0178e-04 - val_acc: 0.5924
Epoch 179/650
 - 15s - loss: 4.5473e-04 - acc: 0.5745 - val_loss: 8.1996e-04 - val_acc: 0.6035
Epoch 180/650
 - 15s - loss: 4.7222e-04 - acc: 0.5682 - val_loss: 7.6582e-04 - val_acc: 0.5924
Epoch 181/650
 - 15s - loss: 4.5385e-04 - acc: 0.5751 - val_loss: 8.6868e-04 - val_acc: 0.6161
Epoch 182/650
 - 15s - loss: 4.9899e-04 - acc: 0.5726 - val_loss: 8.9624e-04 - val_acc: 0.6003
Epoch 183/650
 - 15s - loss: 6.1926e-04 - acc: 0.5634 - val_loss: 9.3529e-04 - val_acc: 0.6003
Epoch 184/650
 - 15s - loss: 5.9320e-04 - acc: 0.5722 - val_loss: 7.8346e-04 - val_acc: 0.5671
Epoch 185/650
 - 15s - loss: 4.6496e-04 - acc: 0.5685 - val_loss: 8.0973e-04 - val_acc: 0.5735
Epoch 186/650
 - 15s - loss: 4.5856e-04 - acc: 0.5661 - val_loss: 7.9301e-04 - val_acc: 0.5719
Epoch 187/650
 - 15s - loss: 4.8132e-04 - acc: 0.5746 - val_loss: 7.9861e-04 - val_acc: 0.6098
Epoch 188/650
 - 15s - loss: 4.5261e-04 - acc: 0.5664 - val_loss: 6.7004e-04 - val_acc: 0.5735
Epoch 189/650
 - 15s - loss: 4.8643e-04 - acc: 0.5810 - val_loss: 0.0010 - val_acc: 0.5261
Epoch 190/650
 - 15s - loss: 5.7684e-04 - acc: 0.5698 - val_loss: 7.9145e-04 - val_acc: 0.5987
Epoch 191/650
 - 15s - loss: 5.0964e-04 - acc: 0.5732 - val_loss: 6.4170e-04 - val_acc: 0.5498
Epoch 192/650
 - 15s - loss: 5.1186e-04 - acc: 0.5689 - val_loss: 9.3153e-04 - val_acc: 0.5987
Epoch 193/650
 - 15s - loss: 5.0507e-04 - acc: 0.5809 - val_loss: 7.5459e-04 - val_acc: 0.6051
Epoch 194/650
 - 15s - loss: 5.8284e-04 - acc: 0.5564 - val_loss: 8.9198e-04 - val_acc: 0.5656
Epoch 195/650
 - 15s - loss: 4.8813e-04 - acc: 0.5712 - val_loss: 6.9847e-04 - val_acc: 0.6066
Epoch 196/650
 - 15s - loss: 4.5565e-04 - acc: 0.5685 - val_loss: 7.5825e-04 - val_acc: 0.5893
Epoch 197/650
 - 15s - loss: 4.4242e-04 - acc: 0.5749 - val_loss: 7.4989e-04 - val_acc: 0.6082
Epoch 198/650
 - 15s - loss: 4.1497e-04 - acc: 0.5671 - val_loss: 7.4365e-04 - val_acc: 0.6145
Epoch 199/650
 - 15s - loss: 4.6013e-04 - acc: 0.5642 - val_loss: 6.8625e-04 - val_acc: 0.5798
Epoch 200/650
 - 15s - loss: 4.6163e-04 - acc: 0.5745 - val_loss: 8.7893e-04 - val_acc: 0.6066
Epoch 201/650
 - 15s - loss: 4.6152e-04 - acc: 0.5648 - val_loss: 8.6491e-04 - val_acc: 0.6193
Epoch 202/650
 - 15s - loss: 4.5614e-04 - acc: 0.5661 - val_loss: 6.6872e-04 - val_acc: 0.6035
Epoch 203/650
 - 15s - loss: 4.3570e-04 - acc: 0.5764 - val_loss: 7.2970e-04 - val_acc: 0.5671
Epoch 204/650
 - 15s - loss: 4.7736e-04 - acc: 0.5756 - val_loss: 9.2259e-04 - val_acc: 0.6130
Epoch 205/650
 - 15s - loss: 7.6561e-04 - acc: 0.5578 - val_loss: 0.0010 - val_acc: 0.5656
Epoch 206/650
 - 15s - loss: 4.8066e-04 - acc: 0.5716 - val_loss: 9.2557e-04 - val_acc: 0.6035
Epoch 207/650
 - 15s - loss: 4.3442e-04 - acc: 0.5751 - val_loss: 7.9588e-04 - val_acc: 0.6066
Epoch 208/650
 - 15s - loss: 4.4784e-04 - acc: 0.5774 - val_loss: 8.2262e-04 - val_acc: 0.5340
Epoch 209/650
 - 15s - loss: 4.5725e-04 - acc: 0.5752 - val_loss: 7.6852e-04 - val_acc: 0.5972
Epoch 210/650
 - 15s - loss: 4.1499e-04 - acc: 0.5794 - val_loss: 9.4492e-04 - val_acc: 0.5972
Epoch 211/650
 - 15s - loss: 4.3348e-04 - acc: 0.5728 - val_loss: 7.2037e-04 - val_acc: 0.5814
Epoch 212/650
 - 15s - loss: 4.1579e-04 - acc: 0.5788 - val_loss: 6.5189e-04 - val_acc: 0.6035
Epoch 213/650
 - 15s - loss: 4.4195e-04 - acc: 0.5730 - val_loss: 7.3667e-04 - val_acc: 0.6035
Epoch 214/650
 - 15s - loss: 4.5929e-04 - acc: 0.5664 - val_loss: 7.2009e-04 - val_acc: 0.5829
Epoch 215/650
 - 15s - loss: 4.8548e-04 - acc: 0.5665 - val_loss: 7.6032e-04 - val_acc: 0.6177
Epoch 216/650
 - 15s - loss: 4.6615e-04 - acc: 0.5648 - val_loss: 7.2968e-04 - val_acc: 0.5545
Epoch 217/650
 - 15s - loss: 4.6473e-04 - acc: 0.5767 - val_loss: 7.1630e-04 - val_acc: 0.6240
Epoch 218/650
 - 15s - loss: 4.2780e-04 - acc: 0.5767 - val_loss: 7.5849e-04 - val_acc: 0.6303
Epoch 219/650
 - 15s - loss: 4.7843e-04 - acc: 0.5764 - val_loss: 7.9193e-04 - val_acc: 0.6066
Epoch 220/650
 - 15s - loss: 4.4907e-04 - acc: 0.5645 - val_loss: 6.4803e-04 - val_acc: 0.5956
Epoch 221/650
 - 15s - loss: 4.4317e-04 - acc: 0.5688 - val_loss: 9.2150e-04 - val_acc: 0.5924
Epoch 222/650
 - 15s - loss: 6.1308e-04 - acc: 0.5640 - val_loss: 0.0010 - val_acc: 0.5956
Epoch 223/650
 - 15s - loss: 4.8397e-04 - acc: 0.5661 - val_loss: 6.9231e-04 - val_acc: 0.5656
Epoch 224/650
 - 15s - loss: 4.4963e-04 - acc: 0.5808 - val_loss: 7.9047e-04 - val_acc: 0.5956
Epoch 225/650
 - 15s - loss: 4.4660e-04 - acc: 0.5782 - val_loss: 7.0002e-04 - val_acc: 0.6114
Epoch 226/650
 - 15s - loss: 4.1531e-04 - acc: 0.5801 - val_loss: 6.9368e-04 - val_acc: 0.5814
Epoch 227/650
 - 15s - loss: 4.2497e-04 - acc: 0.5885 - val_loss: 6.1538e-04 - val_acc: 0.5529
Epoch 228/650
 - 15s - loss: 4.4931e-04 - acc: 0.5729 - val_loss: 6.9502e-04 - val_acc: 0.6145
Epoch 229/650
 - 15s - loss: 4.3150e-04 - acc: 0.5733 - val_loss: 8.4097e-04 - val_acc: 0.5624
Epoch 230/650
 - 15s - loss: 4.3544e-04 - acc: 0.5627 - val_loss: 7.3183e-04 - val_acc: 0.6082
Epoch 231/650
 - 15s - loss: 5.4387e-04 - acc: 0.5690 - val_loss: 7.5301e-04 - val_acc: 0.6209
Epoch 232/650
 - 15s - loss: 4.4412e-04 - acc: 0.5691 - val_loss: 6.7882e-04 - val_acc: 0.6288
Epoch 233/650
 - 15s - loss: 4.2572e-04 - acc: 0.5821 - val_loss: 6.9887e-04 - val_acc: 0.6303
Epoch 234/650
 - 15s - loss: 4.3543e-04 - acc: 0.5755 - val_loss: 8.2539e-04 - val_acc: 0.6019
Epoch 235/650
 - 15s - loss: 4.4192e-04 - acc: 0.5870 - val_loss: 7.4793e-04 - val_acc: 0.6098
Epoch 236/650
 - 15s - loss: 4.3846e-04 - acc: 0.5629 - val_loss: 7.5297e-04 - val_acc: 0.5940
Epoch 237/650
 - 15s - loss: 4.9163e-04 - acc: 0.5675 - val_loss: 7.0648e-04 - val_acc: 0.5845
Epoch 238/650
 - 15s - loss: 5.2122e-04 - acc: 0.5687 - val_loss: 0.0011 - val_acc: 0.5545
Epoch 239/650
 - 16s - loss: 4.6283e-04 - acc: 0.5771 - val_loss: 6.1991e-04 - val_acc: 0.6066
Epoch 240/650
 - 15s - loss: 4.3051e-04 - acc: 0.5791 - val_loss: 7.2591e-04 - val_acc: 0.5529
Epoch 241/650
 - 15s - loss: 4.9730e-04 - acc: 0.5613 - val_loss: 7.7786e-04 - val_acc: 0.6398
Epoch 242/650
 - 15s - loss: 4.5074e-04 - acc: 0.5737 - val_loss: 6.6214e-04 - val_acc: 0.6382
Epoch 243/650
 - 15s - loss: 4.4772e-04 - acc: 0.5761 - val_loss: 7.8489e-04 - val_acc: 0.5513
Epoch 244/650
 - 15s - loss: 4.3629e-04 - acc: 0.5804 - val_loss: 7.4048e-04 - val_acc: 0.5893
Epoch 245/650
 - 15s - loss: 4.6198e-04 - acc: 0.5692 - val_loss: 7.7588e-04 - val_acc: 0.5908
Epoch 246/650
 - 15s - loss: 4.3172e-04 - acc: 0.5693 - val_loss: 7.8365e-04 - val_acc: 0.6019
Epoch 247/650
 - 15s - loss: 4.2011e-04 - acc: 0.5825 - val_loss: 8.8958e-04 - val_acc: 0.5545
Epoch 248/650
 - 15s - loss: 4.5673e-04 - acc: 0.5664 - val_loss: 9.0528e-04 - val_acc: 0.5829
Epoch 249/650
 - 15s - loss: 4.2354e-04 - acc: 0.5748 - val_loss: 7.0179e-04 - val_acc: 0.6256
Epoch 250/650
 - 15s - loss: 0.0012 - acc: 0.5427 - val_loss: 0.0010 - val_acc: 0.5577
Epoch 251/650
 - 15s - loss: 6.0365e-04 - acc: 0.5600 - val_loss: 8.6324e-04 - val_acc: 0.5656
Epoch 252/650
 - 15s - loss: 4.5604e-04 - acc: 0.5590 - val_loss: 7.6526e-04 - val_acc: 0.5972
Epoch 253/650
 - 15s - loss: 4.3954e-04 - acc: 0.5675 - val_loss: 6.6944e-04 - val_acc: 0.6098
Epoch 254/650
 - 15s - loss: 4.1368e-04 - acc: 0.5760 - val_loss: 7.1962e-04 - val_acc: 0.5877
Epoch 255/650
 - 15s - loss: 4.1653e-04 - acc: 0.5724 - val_loss: 7.4228e-04 - val_acc: 0.5987
Epoch 256/650
 - 15s - loss: 4.4426e-04 - acc: 0.5797 - val_loss: 6.3787e-04 - val_acc: 0.6288
Epoch 257/650
 - 15s - loss: 4.1707e-04 - acc: 0.5846 - val_loss: 7.8640e-04 - val_acc: 0.6193
Epoch 258/650
 - 15s - loss: 4.1100e-04 - acc: 0.5798 - val_loss: 7.1948e-04 - val_acc: 0.5750
Epoch 259/650
 - 15s - loss: 4.6343e-04 - acc: 0.5589 - val_loss: 7.6052e-04 - val_acc: 0.6035
Epoch 260/650
 - 15s - loss: 4.2383e-04 - acc: 0.5746 - val_loss: 8.2498e-04 - val_acc: 0.6319
Epoch 261/650
 - 15s - loss: 4.0885e-04 - acc: 0.5841 - val_loss: 6.8226e-04 - val_acc: 0.6019
Epoch 262/650
 - 15s - loss: 4.1435e-04 - acc: 0.5824 - val_loss: 6.5412e-04 - val_acc: 0.6224
Epoch 263/650
 - 15s - loss: 4.1433e-04 - acc: 0.5747 - val_loss: 7.6644e-04 - val_acc: 0.6098
Epoch 264/650
 - 15s - loss: 4.4137e-04 - acc: 0.5734 - val_loss: 6.2713e-04 - val_acc: 0.6003
Epoch 265/650
 - 15s - loss: 6.4803e-04 - acc: 0.5702 - val_loss: 9.3451e-04 - val_acc: 0.5877
Epoch 266/650
 - 15s - loss: 4.8115e-04 - acc: 0.5705 - val_loss: 6.7676e-04 - val_acc: 0.6035
Epoch 267/650
 - 15s - loss: 4.2519e-04 - acc: 0.5730 - val_loss: 7.0900e-04 - val_acc: 0.5940
Epoch 268/650
 - 15s - loss: 4.2326e-04 - acc: 0.5829 - val_loss: 6.9070e-04 - val_acc: 0.5940
Epoch 269/650
 - 15s - loss: 4.1343e-04 - acc: 0.5815 - val_loss: 6.8029e-04 - val_acc: 0.6367
Epoch 270/650
 - 15s - loss: 4.0675e-04 - acc: 0.5755 - val_loss: 7.3675e-04 - val_acc: 0.6003
Epoch 271/650
 - 15s - loss: 5.6786e-04 - acc: 0.5728 - val_loss: 0.0017 - val_acc: 0.5877
Epoch 272/650
 - 15s - loss: 6.0170e-04 - acc: 0.5799 - val_loss: 8.5520e-04 - val_acc: 0.6098
Epoch 273/650
 - 15s - loss: 4.4726e-04 - acc: 0.5982 - val_loss: 7.4249e-04 - val_acc: 0.6051
Epoch 274/650
 - 15s - loss: 4.2006e-04 - acc: 0.5805 - val_loss: 7.7323e-04 - val_acc: 0.6256
Epoch 275/650
 - 15s - loss: 4.0533e-04 - acc: 0.5809 - val_loss: 6.9682e-04 - val_acc: 0.5877
Epoch 276/650
 - 15s - loss: 4.1362e-04 - acc: 0.5818 - val_loss: 6.9040e-04 - val_acc: 0.6051
Epoch 277/650
 - 15s - loss: 3.9463e-04 - acc: 0.5834 - val_loss: 6.5440e-04 - val_acc: 0.5861
Epoch 278/650
 - 15s - loss: 4.0562e-04 - acc: 0.5844 - val_loss: 7.2432e-04 - val_acc: 0.6177
Epoch 279/650
 - 15s - loss: 4.5354e-04 - acc: 0.5742 - val_loss: 8.2945e-04 - val_acc: 0.5829
Epoch 280/650
 - 15s - loss: 4.6293e-04 - acc: 0.5794 - val_loss: 7.5189e-04 - val_acc: 0.5798
Epoch 281/650
 - 15s - loss: 4.6442e-04 - acc: 0.5723 - val_loss: 7.6909e-04 - val_acc: 0.5766
Epoch 282/650
 - 15s - loss: 4.3208e-04 - acc: 0.5780 - val_loss: 7.2873e-04 - val_acc: 0.5908
Epoch 283/650
 - 15s - loss: 4.4328e-04 - acc: 0.5692 - val_loss: 7.1343e-04 - val_acc: 0.5640
Epoch 284/650
 - 15s - loss: 4.4051e-04 - acc: 0.5857 - val_loss: 6.3271e-04 - val_acc: 0.6240
Epoch 285/650
 - 15s - loss: 4.2150e-04 - acc: 0.5779 - val_loss: 6.7126e-04 - val_acc: 0.6098
Epoch 286/650
 - 15s - loss: 4.2235e-04 - acc: 0.5800 - val_loss: 6.2856e-04 - val_acc: 0.6003
Epoch 287/650
 - 15s - loss: 4.7453e-04 - acc: 0.5859 - val_loss: 8.5818e-04 - val_acc: 0.5671
Epoch 288/650
 - 15s - loss: 4.6800e-04 - acc: 0.5812 - val_loss: 9.2619e-04 - val_acc: 0.5972
Epoch 289/650
 - 15s - loss: 5.2493e-04 - acc: 0.5739 - val_loss: 8.5690e-04 - val_acc: 0.5861
Epoch 290/650
 - 15s - loss: 4.2067e-04 - acc: 0.5801 - val_loss: 6.3080e-04 - val_acc: 0.6130
Epoch 291/650
 - 15s - loss: 4.4337e-04 - acc: 0.5817 - val_loss: 6.9888e-04 - val_acc: 0.5956
Epoch 292/650
 - 15s - loss: 4.2316e-04 - acc: 0.5885 - val_loss: 6.9622e-04 - val_acc: 0.6303
Epoch 293/650
 - 15s - loss: 4.1850e-04 - acc: 0.5891 - val_loss: 6.6453e-04 - val_acc: 0.5956
Epoch 294/650
 - 15s - loss: 4.1338e-04 - acc: 0.5825 - val_loss: 7.4163e-04 - val_acc: 0.5972
Epoch 295/650
 - 15s - loss: 5.3838e-04 - acc: 0.5775 - val_loss: 0.0011 - val_acc: 0.5513
Epoch 296/650
 - 15s - loss: 5.9856e-04 - acc: 0.5611 - val_loss: 0.0011 - val_acc: 0.5829
Epoch 297/650
 - 15s - loss: 4.6623e-04 - acc: 0.5713 - val_loss: 8.4425e-04 - val_acc: 0.6193
Epoch 298/650
 - 15s - loss: 4.5065e-04 - acc: 0.5775 - val_loss: 7.8947e-04 - val_acc: 0.5719
Epoch 299/650
 - 15s - loss: 4.1348e-04 - acc: 0.5845 - val_loss: 6.8823e-04 - val_acc: 0.6066
Epoch 300/650
 - 15s - loss: 4.1505e-04 - acc: 0.5911 - val_loss: 7.0751e-04 - val_acc: 0.6098
Epoch 301/650
 - 15s - loss: 4.1587e-04 - acc: 0.5894 - val_loss: 8.2409e-04 - val_acc: 0.5719
Epoch 302/650
 - 15s - loss: 3.9063e-04 - acc: 0.5866 - val_loss: 8.6515e-04 - val_acc: 0.6177
Epoch 303/650
 - 15s - loss: 4.0318e-04 - acc: 0.5853 - val_loss: 6.5513e-04 - val_acc: 0.6098
Epoch 304/650
 - 15s - loss: 4.3799e-04 - acc: 0.5881 - val_loss: 8.6107e-04 - val_acc: 0.6193
Epoch 305/650
 - 15s - loss: 5.1393e-04 - acc: 0.5796 - val_loss: 7.2217e-04 - val_acc: 0.6145
Epoch 306/650
 - 15s - loss: 4.4994e-04 - acc: 0.5797 - val_loss: 7.4051e-04 - val_acc: 0.6303
Epoch 307/650
 - 15s - loss: 4.0959e-04 - acc: 0.5820 - val_loss: 6.3679e-04 - val_acc: 0.5640
Epoch 308/650
 - 15s - loss: 4.7679e-04 - acc: 0.5776 - val_loss: 8.3454e-04 - val_acc: 0.5956
Epoch 309/650
 - 15s - loss: 4.7030e-04 - acc: 0.5848 - val_loss: 7.3542e-04 - val_acc: 0.6051
Epoch 310/650
 - 15s - loss: 4.1109e-04 - acc: 0.5846 - val_loss: 7.5321e-04 - val_acc: 0.5940
Epoch 311/650
 - 15s - loss: 4.3121e-04 - acc: 0.5875 - val_loss: 6.8718e-04 - val_acc: 0.6130
Epoch 312/650
 - 15s - loss: 4.1093e-04 - acc: 0.5785 - val_loss: 7.2563e-04 - val_acc: 0.6224
Epoch 313/650
 - 15s - loss: 4.2443e-04 - acc: 0.5952 - val_loss: 6.6334e-04 - val_acc: 0.6082
Epoch 314/650
 - 15s - loss: 4.0295e-04 - acc: 0.5910 - val_loss: 7.2963e-04 - val_acc: 0.6114
Epoch 315/650
 - 15s - loss: 4.6384e-04 - acc: 0.5789 - val_loss: 0.0045 - val_acc: 0.4660
Epoch 316/650
 - 15s - loss: 0.0026 - acc: 0.5122 - val_loss: 9.1557e-04 - val_acc: 0.5908
Epoch 317/650
 - 15s - loss: 5.8721e-04 - acc: 0.5690 - val_loss: 7.9211e-04 - val_acc: 0.6177
Epoch 318/650
 - 15s - loss: 4.6220e-04 - acc: 0.5783 - val_loss: 7.0588e-04 - val_acc: 0.5861
Epoch 319/650
 - 15s - loss: 4.7499e-04 - acc: 0.5722 - val_loss: 7.3632e-04 - val_acc: 0.6019
Epoch 320/650
 - 15s - loss: 3.9969e-04 - acc: 0.5800 - val_loss: 7.6505e-04 - val_acc: 0.6161
Epoch 321/650
 - 15s - loss: 4.0856e-04 - acc: 0.5790 - val_loss: 7.1045e-04 - val_acc: 0.6130
Epoch 322/650
 - 15s - loss: 4.3993e-04 - acc: 0.5995 - val_loss: 6.7602e-04 - val_acc: 0.5908
Epoch 323/650
 - 15s - loss: 4.0564e-04 - acc: 0.5780 - val_loss: 7.7403e-04 - val_acc: 0.6019
Epoch 324/650
 - 15s - loss: 4.2904e-04 - acc: 0.5738 - val_loss: 9.8224e-04 - val_acc: 0.6019
Epoch 325/650
 - 15s - loss: 9.4712e-04 - acc: 0.5520 - val_loss: 7.2294e-04 - val_acc: 0.6003
Epoch 326/650
 - 15s - loss: 5.0172e-04 - acc: 0.5778 - val_loss: 8.3485e-04 - val_acc: 0.6193
Epoch 327/650
 - 15s - loss: 4.3148e-04 - acc: 0.5871 - val_loss: 8.1392e-04 - val_acc: 0.6003
Epoch 328/650
 - 15s - loss: 4.2024e-04 - acc: 0.5824 - val_loss: 6.9364e-04 - val_acc: 0.6161
Epoch 329/650
 - 15s - loss: 4.2252e-04 - acc: 0.5771 - val_loss: 8.1344e-04 - val_acc: 0.5545
Epoch 330/650
 - 15s - loss: 3.8984e-04 - acc: 0.5870 - val_loss: 8.0633e-04 - val_acc: 0.6224
Epoch 331/650
 - 15s - loss: 4.3048e-04 - acc: 0.5856 - val_loss: 8.0255e-04 - val_acc: 0.6051
Epoch 332/650
 - 15s - loss: 4.0633e-04 - acc: 0.5976 - val_loss: 6.8777e-04 - val_acc: 0.6145
Epoch 333/650
 - 15s - loss: 4.0434e-04 - acc: 0.5936 - val_loss: 7.8900e-04 - val_acc: 0.6193
Epoch 334/650
 - 15s - loss: 4.1409e-04 - acc: 0.5887 - val_loss: 6.6337e-04 - val_acc: 0.6193
Epoch 335/650
 - 15s - loss: 4.4810e-04 - acc: 0.5900 - val_loss: 7.9276e-04 - val_acc: 0.5466
Epoch 336/650
 - 15s - loss: 4.2024e-04 - acc: 0.5801 - val_loss: 9.1977e-04 - val_acc: 0.5829
Epoch 337/650
 - 15s - loss: 0.0010 - acc: 0.5454 - val_loss: 9.5471e-04 - val_acc: 0.5940
Epoch 338/650
 - 15s - loss: 5.4625e-04 - acc: 0.5773 - val_loss: 0.0010 - val_acc: 0.5687
Epoch 339/650
 - 15s - loss: 4.9029e-04 - acc: 0.5804 - val_loss: 9.1208e-04 - val_acc: 0.5877
Epoch 340/650
 - 15s - loss: 4.3534e-04 - acc: 0.5806 - val_loss: 8.0680e-04 - val_acc: 0.6114
Epoch 341/650
 - 15s - loss: 4.0943e-04 - acc: 0.5873 - val_loss: 7.4025e-04 - val_acc: 0.5972
Epoch 342/650
 - 15s - loss: 3.9348e-04 - acc: 0.5939 - val_loss: 7.8097e-04 - val_acc: 0.6161
Epoch 343/650
 - 15s - loss: 3.9485e-04 - acc: 0.5792 - val_loss: 7.7573e-04 - val_acc: 0.6461
Epoch 344/650
 - 15s - loss: 4.1335e-04 - acc: 0.5844 - val_loss: 7.6989e-04 - val_acc: 0.6114
Epoch 345/650
 - 15s - loss: 4.1055e-04 - acc: 0.5739 - val_loss: 6.9072e-04 - val_acc: 0.5972
Epoch 346/650
 - 15s - loss: 3.9629e-04 - acc: 0.5922 - val_loss: 7.0936e-04 - val_acc: 0.6382
Epoch 347/650
 - 15s - loss: 4.0240e-04 - acc: 0.5914 - val_loss: 7.9448e-04 - val_acc: 0.6019
Epoch 348/650
 - 15s - loss: 4.1568e-04 - acc: 0.5889 - val_loss: 9.8802e-04 - val_acc: 0.5814
Epoch 349/650
 - 15s - loss: 5.4105e-04 - acc: 0.5831 - val_loss: 8.0966e-04 - val_acc: 0.6319
Epoch 350/650
 - 15s - loss: 4.3602e-04 - acc: 0.5812 - val_loss: 7.0819e-04 - val_acc: 0.6303
Epoch 351/650
 - 15s - loss: 4.2480e-04 - acc: 0.5823 - val_loss: 7.5628e-04 - val_acc: 0.6177
Epoch 352/650
 - 15s - loss: 4.0255e-04 - acc: 0.5860 - val_loss: 7.3937e-04 - val_acc: 0.6051
Epoch 353/650
 - 15s - loss: 4.0794e-04 - acc: 0.5701 - val_loss: 7.5139e-04 - val_acc: 0.5987
Epoch 354/650
 - 15s - loss: 4.1999e-04 - acc: 0.5761 - val_loss: 9.2482e-04 - val_acc: 0.6193
Epoch 355/650
 - 15s - loss: 5.9587e-04 - acc: 0.5790 - val_loss: 0.0011 - val_acc: 0.6161
Epoch 356/650
 - 15s - loss: 5.0370e-04 - acc: 0.5766 - val_loss: 7.9656e-04 - val_acc: 0.5956
Epoch 357/650
 - 15s - loss: 4.2223e-04 - acc: 0.5853 - val_loss: 9.2875e-04 - val_acc: 0.6224
Epoch 358/650
 - 15s - loss: 5.0273e-04 - acc: 0.5865 - val_loss: 9.9229e-04 - val_acc: 0.5956
Epoch 359/650
 - 15s - loss: 4.3418e-04 - acc: 0.5833 - val_loss: 8.4013e-04 - val_acc: 0.5656
Epoch 360/650
 - 15s - loss: 4.1257e-04 - acc: 0.5832 - val_loss: 8.7438e-04 - val_acc: 0.5972
Epoch 361/650
 - 15s - loss: 4.0387e-04 - acc: 0.5805 - val_loss: 7.2888e-04 - val_acc: 0.6288
Epoch 362/650
 - 15s - loss: 3.9973e-04 - acc: 0.5832 - val_loss: 7.5219e-04 - val_acc: 0.6114
Epoch 363/650
 - 15s - loss: 4.0182e-04 - acc: 0.5868 - val_loss: 7.0268e-04 - val_acc: 0.6114
Epoch 364/650
 - 15s - loss: 4.3650e-04 - acc: 0.5879 - val_loss: 0.0011 - val_acc: 0.6193
Epoch 365/650
 - 15s - loss: 4.5263e-04 - acc: 0.5765 - val_loss: 8.4964e-04 - val_acc: 0.5735
Epoch 366/650
 - 15s - loss: 4.1559e-04 - acc: 0.5821 - val_loss: 7.5601e-04 - val_acc: 0.6177
Epoch 367/650
 - 15s - loss: 4.6196e-04 - acc: 0.5839 - val_loss: 8.1520e-04 - val_acc: 0.5577
Epoch 368/650
 - 15s - loss: 5.1486e-04 - acc: 0.5875 - val_loss: 8.9970e-04 - val_acc: 0.5766
Epoch 369/650
 - 15s - loss: 6.4926e-04 - acc: 0.5684 - val_loss: 8.7458e-04 - val_acc: 0.6098
Epoch 370/650
 - 15s - loss: 4.9867e-04 - acc: 0.5782 - val_loss: 9.9877e-04 - val_acc: 0.5608
Epoch 371/650
 - 15s - loss: 4.5266e-04 - acc: 0.5851 - val_loss: 7.3165e-04 - val_acc: 0.6082
Epoch 372/650
 - 15s - loss: 4.0522e-04 - acc: 0.5920 - val_loss: 7.4531e-04 - val_acc: 0.6161
Epoch 373/650
 - 15s - loss: 5.1014e-04 - acc: 0.5722 - val_loss: 9.4702e-04 - val_acc: 0.6161
Epoch 374/650
 - 15s - loss: 4.2651e-04 - acc: 0.5745 - val_loss: 7.0731e-04 - val_acc: 0.5940
Epoch 375/650
 - 15s - loss: 3.9718e-04 - acc: 0.5871 - val_loss: 8.4596e-04 - val_acc: 0.6066
Epoch 376/650
 - 15s - loss: 4.0569e-04 - acc: 0.5768 - val_loss: 8.6834e-04 - val_acc: 0.6303
Epoch 377/650
 - 16s - loss: 4.0733e-04 - acc: 0.5884 - val_loss: 8.8889e-04 - val_acc: 0.5735
Epoch 378/650
 - 15s - loss: 4.1227e-04 - acc: 0.5808 - val_loss: 6.9505e-04 - val_acc: 0.6303
Epoch 379/650
 - 15s - loss: 4.0665e-04 - acc: 0.5861 - val_loss: 8.9961e-04 - val_acc: 0.5782
Epoch 380/650
 - 15s - loss: 4.8227e-04 - acc: 0.5819 - val_loss: 0.0015 - val_acc: 0.5118
Epoch 381/650
 - 15s - loss: 8.7051e-04 - acc: 0.5645 - val_loss: 8.8167e-04 - val_acc: 0.5908
Epoch 382/650
 - 15s - loss: 4.8232e-04 - acc: 0.5759 - val_loss: 7.4593e-04 - val_acc: 0.5877
Epoch 383/650
 - 15s - loss: 4.0031e-04 - acc: 0.5817 - val_loss: 7.8611e-04 - val_acc: 0.6019
Epoch 384/650
 - 15s - loss: 4.1752e-04 - acc: 0.5798 - val_loss: 7.2839e-04 - val_acc: 0.6098
Epoch 385/650
 - 15s - loss: 4.0257e-04 - acc: 0.5778 - val_loss: 6.9310e-04 - val_acc: 0.6098
Epoch 386/650
 - 15s - loss: 3.7872e-04 - acc: 0.5873 - val_loss: 7.6310e-04 - val_acc: 0.6382
Epoch 387/650
 - 15s - loss: 4.0052e-04 - acc: 0.5963 - val_loss: 8.3083e-04 - val_acc: 0.5877
Epoch 388/650
 - 15s - loss: 4.1204e-04 - acc: 0.5859 - val_loss: 7.8109e-04 - val_acc: 0.5972
Epoch 389/650
 - 15s - loss: 3.9587e-04 - acc: 0.5792 - val_loss: 8.2631e-04 - val_acc: 0.6003
Epoch 390/650
 - 15s - loss: 5.4901e-04 - acc: 0.5781 - val_loss: 9.9956e-04 - val_acc: 0.6035
Epoch 391/650
 - 15s - loss: 5.4816e-04 - acc: 0.5767 - val_loss: 0.0012 - val_acc: 0.5972
Epoch 392/650
 - 15s - loss: 5.0483e-04 - acc: 0.5776 - val_loss: 7.6840e-04 - val_acc: 0.5829
Epoch 393/650
 - 15s - loss: 3.9963e-04 - acc: 0.5824 - val_loss: 7.5781e-04 - val_acc: 0.6145
Epoch 394/650
 - 15s - loss: 0.0013 - acc: 0.5500 - val_loss: 0.0012 - val_acc: 0.5608
Epoch 395/650
 - 15s - loss: 5.7310e-04 - acc: 0.5691 - val_loss: 0.0010 - val_acc: 0.6066
Epoch 396/650
 - 15s - loss: 4.6876e-04 - acc: 0.5727 - val_loss: 8.6985e-04 - val_acc: 0.6461
Epoch 397/650
 - 15s - loss: 4.7981e-04 - acc: 0.5775 - val_loss: 8.0833e-04 - val_acc: 0.6051
Epoch 398/650
 - 15s - loss: 4.2342e-04 - acc: 0.5789 - val_loss: 7.8211e-04 - val_acc: 0.6382
Epoch 399/650
 - 15s - loss: 4.6488e-04 - acc: 0.5601 - val_loss: 9.2588e-04 - val_acc: 0.6051
Epoch 400/650
 - 15s - loss: 4.1226e-04 - acc: 0.5752 - val_loss: 7.3583e-04 - val_acc: 0.5987
Epoch 401/650
 - 15s - loss: 4.1514e-04 - acc: 0.5834 - val_loss: 7.5468e-04 - val_acc: 0.6493
Epoch 402/650
 - 15s - loss: 4.0540e-04 - acc: 0.5832 - val_loss: 8.6968e-04 - val_acc: 0.5640
Epoch 403/650
 - 15s - loss: 5.6287e-04 - acc: 0.5870 - val_loss: 9.6798e-04 - val_acc: 0.6019
Epoch 404/650
 - 15s - loss: 4.4936e-04 - acc: 0.5798 - val_loss: 7.5588e-04 - val_acc: 0.5940
Epoch 405/650
 - 15s - loss: 4.0728e-04 - acc: 0.5748 - val_loss: 8.2479e-04 - val_acc: 0.6145
Epoch 406/650
 - 15s - loss: 4.0606e-04 - acc: 0.5847 - val_loss: 7.7754e-04 - val_acc: 0.5671
Epoch 407/650
 - 15s - loss: 4.1824e-04 - acc: 0.5827 - val_loss: 7.9249e-04 - val_acc: 0.6003
Epoch 408/650
 - 15s - loss: 4.8269e-04 - acc: 0.5894 - val_loss: 9.8519e-04 - val_acc: 0.6240
Epoch 409/650
 - 15s - loss: 5.5363e-04 - acc: 0.5780 - val_loss: 9.8295e-04 - val_acc: 0.6019
Epoch 410/650
 - 15s - loss: 4.5771e-04 - acc: 0.5807 - val_loss: 6.9648e-04 - val_acc: 0.5845
Epoch 411/650
 - 15s - loss: 6.4550e-04 - acc: 0.5689 - val_loss: 0.0010 - val_acc: 0.5893
Epoch 412/650
 - 16s - loss: 4.7881e-04 - acc: 0.5655 - val_loss: 7.6308e-04 - val_acc: 0.6256
Epoch 413/650
 - 15s - loss: 4.1476e-04 - acc: 0.5854 - val_loss: 7.9966e-04 - val_acc: 0.6161
Epoch 414/650
 - 15s - loss: 4.1346e-04 - acc: 0.5852 - val_loss: 7.4434e-04 - val_acc: 0.6114
Epoch 415/650
 - 15s - loss: 4.0574e-04 - acc: 0.5920 - val_loss: 8.6316e-04 - val_acc: 0.6098
Epoch 416/650
 - 15s - loss: 4.1102e-04 - acc: 0.5849 - val_loss: 7.5122e-04 - val_acc: 0.6145
Epoch 417/650
 - 15s - loss: 3.9166e-04 - acc: 0.5926 - val_loss: 7.0878e-04 - val_acc: 0.5640
Epoch 418/650
 - 15s - loss: 4.0945e-04 - acc: 0.5942 - val_loss: 6.6844e-04 - val_acc: 0.6445
Epoch 419/650
 - 15s - loss: 4.0663e-04 - acc: 0.5791 - val_loss: 7.1142e-04 - val_acc: 0.6193
Epoch 420/650
 - 15s - loss: 4.2618e-04 - acc: 0.5841 - val_loss: 9.4000e-04 - val_acc: 0.6066
Epoch 421/650
 - 15s - loss: 8.3633e-04 - acc: 0.5752 - val_loss: 0.0049 - val_acc: 0.4739
Epoch 422/650
 - 15s - loss: 7.9138e-04 - acc: 0.5603 - val_loss: 8.6143e-04 - val_acc: 0.6130
Epoch 423/650
 - 15s - loss: 4.4607e-04 - acc: 0.5932 - val_loss: 7.7614e-04 - val_acc: 0.6461
Epoch 424/650
 - 15s - loss: 4.1934e-04 - acc: 0.5940 - val_loss: 7.8755e-04 - val_acc: 0.6145
Epoch 425/650
 - 15s - loss: 4.1717e-04 - acc: 0.5852 - val_loss: 7.7847e-04 - val_acc: 0.5750
Epoch 426/650
 - 15s - loss: 4.0623e-04 - acc: 0.5766 - val_loss: 7.3853e-04 - val_acc: 0.5798
Epoch 427/650
 - 15s - loss: 4.0016e-04 - acc: 0.5921 - val_loss: 8.4545e-04 - val_acc: 0.6272
Epoch 428/650
 - 15s - loss: 4.0441e-04 - acc: 0.5790 - val_loss: 8.3426e-04 - val_acc: 0.5972
Epoch 429/650
 - 15s - loss: 3.9412e-04 - acc: 0.5871 - val_loss: 7.3406e-04 - val_acc: 0.6161
Epoch 430/650
 - 15s - loss: 4.8346e-04 - acc: 0.5755 - val_loss: 0.0012 - val_acc: 0.6003
Epoch 431/650
 - 15s - loss: 6.1114e-04 - acc: 0.5671 - val_loss: 8.0361e-04 - val_acc: 0.5861
Epoch 432/650
 - 15s - loss: 4.2962e-04 - acc: 0.5804 - val_loss: 6.8186e-04 - val_acc: 0.5561
Epoch 433/650
 - 15s - loss: 4.2399e-04 - acc: 0.5708 - val_loss: 7.3480e-04 - val_acc: 0.5861
Epoch 434/650
 - 15s - loss: 4.0761e-04 - acc: 0.5751 - val_loss: 7.4645e-04 - val_acc: 0.5735
Epoch 435/650
 - 15s - loss: 4.2587e-04 - acc: 0.5800 - val_loss: 8.3914e-04 - val_acc: 0.6177
Epoch 436/650
 - 15s - loss: 4.3036e-04 - acc: 0.5901 - val_loss: 9.9064e-04 - val_acc: 0.5814
Epoch 437/650
 - 15s - loss: 4.2573e-04 - acc: 0.5789 - val_loss: 8.4233e-04 - val_acc: 0.5893
Epoch 438/650
 - 15s - loss: 4.9757e-04 - acc: 0.5826 - val_loss: 9.7495e-04 - val_acc: 0.6051
Epoch 439/650
 - 15s - loss: 8.1929e-04 - acc: 0.5703 - val_loss: 9.8984e-04 - val_acc: 0.6256
Epoch 440/650
 - 15s - loss: 4.5436e-04 - acc: 0.5721 - val_loss: 8.3173e-04 - val_acc: 0.5972
Epoch 441/650
 - 15s - loss: 4.4389e-04 - acc: 0.5778 - val_loss: 8.8674e-04 - val_acc: 0.6082
Epoch 442/650
 - 15s - loss: 4.1527e-04 - acc: 0.5834 - val_loss: 7.3828e-04 - val_acc: 0.6098
Epoch 443/650
 - 16s - loss: 4.0404e-04 - acc: 0.5913 - val_loss: 8.4640e-04 - val_acc: 0.6256
Epoch 444/650
 - 15s - loss: 4.1276e-04 - acc: 0.5793 - val_loss: 7.7922e-04 - val_acc: 0.6035
Epoch 445/650
 - 15s - loss: 4.1269e-04 - acc: 0.5809 - val_loss: 9.0220e-04 - val_acc: 0.6256
Epoch 446/650
 - 15s - loss: 4.0555e-04 - acc: 0.5814 - val_loss: 7.8270e-04 - val_acc: 0.6193
Epoch 447/650
 - 15s - loss: 4.2042e-04 - acc: 0.5776 - val_loss: 7.5845e-04 - val_acc: 0.6209
Epoch 448/650
 - 15s - loss: 5.1749e-04 - acc: 0.5847 - val_loss: 7.7997e-04 - val_acc: 0.5987
Epoch 449/650
 - 16s - loss: 4.7842e-04 - acc: 0.5699 - val_loss: 7.0785e-04 - val_acc: 0.5608
Epoch 450/650
 - 15s - loss: 4.2093e-04 - acc: 0.5781 - val_loss: 7.3892e-04 - val_acc: 0.6066
Epoch 451/650
 - 15s - loss: 4.0491e-04 - acc: 0.5896 - val_loss: 7.1813e-04 - val_acc: 0.6098
Epoch 452/650
 - 15s - loss: 7.1151e-04 - acc: 0.5643 - val_loss: 0.0014 - val_acc: 0.5419
Epoch 453/650
 - 15s - loss: 6.3883e-04 - acc: 0.5565 - val_loss: 8.3583e-04 - val_acc: 0.6035
Epoch 454/650
 - 15s - loss: 4.5307e-04 - acc: 0.5792 - val_loss: 8.4646e-04 - val_acc: 0.5592
Epoch 455/650
 - 15s - loss: 4.0089e-04 - acc: 0.5852 - val_loss: 7.9823e-04 - val_acc: 0.5956
Epoch 456/650
 - 15s - loss: 4.1260e-04 - acc: 0.5870 - val_loss: 6.9207e-04 - val_acc: 0.6193
Epoch 457/650
 - 15s - loss: 3.9924e-04 - acc: 0.5945 - val_loss: 8.3848e-04 - val_acc: 0.6066
Epoch 458/650
 - 15s - loss: 4.0947e-04 - acc: 0.5947 - val_loss: 7.3640e-04 - val_acc: 0.6003
Epoch 459/650
 - 15s - loss: 3.9488e-04 - acc: 0.5882 - val_loss: 7.2648e-04 - val_acc: 0.6177
Epoch 460/650
 - 15s - loss: 4.2438e-04 - acc: 0.5806 - val_loss: 7.5120e-04 - val_acc: 0.5545
Epoch 461/650
 - 15s - loss: 4.2120e-04 - acc: 0.5868 - val_loss: 7.1102e-04 - val_acc: 0.6019
Epoch 462/650
 - 15s - loss: 4.1739e-04 - acc: 0.5904 - val_loss: 6.9645e-04 - val_acc: 0.6256
Epoch 463/650
 - 15s - loss: 9.3687e-04 - acc: 0.5587 - val_loss: 0.0010 - val_acc: 0.5656
Epoch 464/650
 - 15s - loss: 5.3694e-04 - acc: 0.5866 - val_loss: 9.3353e-04 - val_acc: 0.5845
Epoch 465/650
 - 15s - loss: 4.5266e-04 - acc: 0.5722 - val_loss: 7.4671e-04 - val_acc: 0.5750
Epoch 466/650
 - 15s - loss: 4.7257e-04 - acc: 0.5903 - val_loss: 7.0014e-04 - val_acc: 0.5893
Epoch 467/650
 - 15s - loss: 4.1909e-04 - acc: 0.5816 - val_loss: 7.3562e-04 - val_acc: 0.5814
Epoch 468/650
 - 15s - loss: 5.0450e-04 - acc: 0.5789 - val_loss: 7.7154e-04 - val_acc: 0.5987
Epoch 469/650
 - 15s - loss: 3.9919e-04 - acc: 0.5900 - val_loss: 7.7591e-04 - val_acc: 0.6003
Epoch 470/650
 - 15s - loss: 4.1201e-04 - acc: 0.5712 - val_loss: 7.3699e-04 - val_acc: 0.6019
Epoch 471/650
 - 15s - loss: 4.1188e-04 - acc: 0.5833 - val_loss: 7.7749e-04 - val_acc: 0.6082
Epoch 472/650
 - 15s - loss: 4.0071e-04 - acc: 0.5936 - val_loss: 7.5117e-04 - val_acc: 0.5814
Epoch 473/650
 - 15s - loss: 3.9465e-04 - acc: 0.5787 - val_loss: 6.9453e-04 - val_acc: 0.5940
Epoch 474/650
 - 15s - loss: 4.6008e-04 - acc: 0.5751 - val_loss: 0.0012 - val_acc: 0.6066
Epoch 475/650
 - 15s - loss: 4.4722e-04 - acc: 0.5764 - val_loss: 8.9352e-04 - val_acc: 0.5908
Epoch 476/650
 - 15s - loss: 7.1012e-04 - acc: 0.5631 - val_loss: 9.9483e-04 - val_acc: 0.6098
Epoch 477/650
 - 15s - loss: 4.4504e-04 - acc: 0.5705 - val_loss: 8.2117e-04 - val_acc: 0.6288
Epoch 478/650
 - 15s - loss: 4.2546e-04 - acc: 0.5850 - val_loss: 8.4696e-04 - val_acc: 0.6066
Epoch 479/650
 - 15s - loss: 4.0188e-04 - acc: 0.5852 - val_loss: 7.4657e-04 - val_acc: 0.5908
Epoch 480/650
 - 15s - loss: 4.1123e-04 - acc: 0.5764 - val_loss: 7.3636e-04 - val_acc: 0.6019
Epoch 481/650
 - 15s - loss: 4.1000e-04 - acc: 0.5809 - val_loss: 6.9752e-04 - val_acc: 0.6272
Epoch 482/650
 - 15s - loss: 4.0115e-04 - acc: 0.5802 - val_loss: 7.9210e-04 - val_acc: 0.5703
Epoch 483/650
 - 15s - loss: 5.1771e-04 - acc: 0.5774 - val_loss: 9.3550e-04 - val_acc: 0.5877
Epoch 484/650
 - 15s - loss: 6.3467e-04 - acc: 0.5587 - val_loss: 9.7639e-04 - val_acc: 0.5750
Epoch 485/650
 - 15s - loss: 4.6303e-04 - acc: 0.5811 - val_loss: 7.6661e-04 - val_acc: 0.6177
Epoch 486/650
 - 15s - loss: 4.5640e-04 - acc: 0.5894 - val_loss: 7.0448e-04 - val_acc: 0.5656
Epoch 487/650
 - 15s - loss: 4.0099e-04 - acc: 0.5891 - val_loss: 7.1196e-04 - val_acc: 0.6177
Epoch 488/650
 - 15s - loss: 4.0366e-04 - acc: 0.5966 - val_loss: 7.5628e-04 - val_acc: 0.5814
Epoch 489/650
 - 15s - loss: 3.9674e-04 - acc: 0.5887 - val_loss: 7.5907e-04 - val_acc: 0.6082
Epoch 490/650
 - 15s - loss: 3.9926e-04 - acc: 0.5830 - val_loss: 7.2324e-04 - val_acc: 0.6477
Epoch 491/650
 - 15s - loss: 3.8250e-04 - acc: 0.5922 - val_loss: 6.7317e-04 - val_acc: 0.6082
Epoch 492/650
 - 15s - loss: 3.9046e-04 - acc: 0.5851 - val_loss: 7.5439e-04 - val_acc: 0.5924
Epoch 493/650
 - 15s - loss: 3.8947e-04 - acc: 0.5917 - val_loss: 8.3196e-04 - val_acc: 0.5845
Epoch 494/650
 - 15s - loss: 4.3774e-04 - acc: 0.5929 - val_loss: 0.0013 - val_acc: 0.5829
Epoch 495/650
 - 15s - loss: 8.5290e-04 - acc: 0.5747 - val_loss: 0.0010 - val_acc: 0.5987
Epoch 496/650
 - 15s - loss: 4.9457e-04 - acc: 0.5910 - val_loss: 8.3291e-04 - val_acc: 0.6082
Epoch 497/650
 - 15s - loss: 4.3348e-04 - acc: 0.5876 - val_loss: 7.7328e-04 - val_acc: 0.6382
Epoch 498/650
 - 15s - loss: 4.0821e-04 - acc: 0.5893 - val_loss: 8.4866e-04 - val_acc: 0.5908
Epoch 499/650
 - 15s - loss: 4.0451e-04 - acc: 0.5909 - val_loss: 7.6627e-04 - val_acc: 0.5908
Epoch 500/650
 - 15s - loss: 3.8701e-04 - acc: 0.5897 - val_loss: 8.7178e-04 - val_acc: 0.6003
Epoch 501/650
 - 15s - loss: 3.9463e-04 - acc: 0.5860 - val_loss: 8.0744e-04 - val_acc: 0.6051
Epoch 502/650
 - 15s - loss: 4.1239e-04 - acc: 0.5765 - val_loss: 8.1784e-04 - val_acc: 0.6145
Epoch 503/650
 - 15s - loss: 4.6221e-04 - acc: 0.5811 - val_loss: 9.4208e-04 - val_acc: 0.5956
Epoch 504/650
 - 15s - loss: 4.2336e-04 - acc: 0.5860 - val_loss: 7.2308e-04 - val_acc: 0.6130
Epoch 505/650
 - 15s - loss: 3.9813e-04 - acc: 0.5915 - val_loss: 6.8789e-04 - val_acc: 0.5482
Epoch 506/650
 - 15s - loss: 6.7381e-04 - acc: 0.5687 - val_loss: 9.7365e-04 - val_acc: 0.5434
Epoch 507/650
 - 15s - loss: 5.1751e-04 - acc: 0.5812 - val_loss: 7.4113e-04 - val_acc: 0.6177
Epoch 508/650
 - 15s - loss: 4.1692e-04 - acc: 0.5857 - val_loss: 7.6697e-04 - val_acc: 0.6193
Epoch 509/650
 - 15s - loss: 4.0895e-04 - acc: 0.5875 - val_loss: 7.4734e-04 - val_acc: 0.5893
Epoch 510/650
 - 15s - loss: 4.0076e-04 - acc: 0.5802 - val_loss: 7.1610e-04 - val_acc: 0.6382
Epoch 511/650
 - 15s - loss: 4.3210e-04 - acc: 0.5772 - val_loss: 7.4429e-04 - val_acc: 0.6066
Epoch 512/650
 - 15s - loss: 4.0454e-04 - acc: 0.5839 - val_loss: 8.2946e-04 - val_acc: 0.6130
Epoch 513/650
 - 15s - loss: 4.3569e-04 - acc: 0.5873 - val_loss: 7.7138e-04 - val_acc: 0.6019
Epoch 514/650
 - 15s - loss: 4.0170e-04 - acc: 0.5892 - val_loss: 7.3966e-04 - val_acc: 0.6066
Epoch 515/650
 - 15s - loss: 4.1896e-04 - acc: 0.5968 - val_loss: 8.6623e-04 - val_acc: 0.6019
Epoch 516/650
 - 15s - loss: 5.9862e-04 - acc: 0.5810 - val_loss: 7.8962e-04 - val_acc: 0.5671
Epoch 517/650
 - 15s - loss: 4.9301e-04 - acc: 0.5911 - val_loss: 9.7181e-04 - val_acc: 0.6319
Epoch 518/650
 - 15s - loss: 4.2173e-04 - acc: 0.5880 - val_loss: 8.3096e-04 - val_acc: 0.5940
Epoch 519/650
 - 15s - loss: 4.0418e-04 - acc: 0.5865 - val_loss: 8.6232e-04 - val_acc: 0.6224
Epoch 520/650
 - 15s - loss: 3.8921e-04 - acc: 0.5842 - val_loss: 7.9894e-04 - val_acc: 0.5972
Epoch 521/650
 - 15s - loss: 3.9230e-04 - acc: 0.5954 - val_loss: 8.1716e-04 - val_acc: 0.6209
Epoch 522/650
 - 15s - loss: 4.1724e-04 - acc: 0.5885 - val_loss: 8.9411e-04 - val_acc: 0.6193
Epoch 523/650
 - 15s - loss: 4.9437e-04 - acc: 0.5815 - val_loss: 9.8393e-04 - val_acc: 0.6035
Epoch 524/650
 - 15s - loss: 9.1203e-04 - acc: 0.5673 - val_loss: 0.0010 - val_acc: 0.5703
Epoch 525/650
 - 15s - loss: 4.8371e-04 - acc: 0.5806 - val_loss: 9.8787e-04 - val_acc: 0.6082
Epoch 526/650
 - 15s - loss: 4.5885e-04 - acc: 0.5743 - val_loss: 9.0671e-04 - val_acc: 0.6130
Epoch 527/650
 - 15s - loss: 4.1965e-04 - acc: 0.5845 - val_loss: 8.2590e-04 - val_acc: 0.5893
Epoch 528/650
 - 15s - loss: 4.3562e-04 - acc: 0.5772 - val_loss: 8.8244e-04 - val_acc: 0.5877
Epoch 529/650
 - 15s - loss: 4.1960e-04 - acc: 0.5838 - val_loss: 7.9642e-04 - val_acc: 0.6051
Epoch 530/650
 - 15s - loss: 4.0221e-04 - acc: 0.5853 - val_loss: 7.7519e-04 - val_acc: 0.5940
Epoch 531/650
 - 15s - loss: 3.8934e-04 - acc: 0.5904 - val_loss: 7.5465e-04 - val_acc: 0.5829
Epoch 532/650
 - 15s - loss: 4.0063e-04 - acc: 0.5816 - val_loss: 7.3108e-04 - val_acc: 0.6082
Epoch 533/650
 - 15s - loss: 4.0682e-04 - acc: 0.5945 - val_loss: 8.0098e-04 - val_acc: 0.6051
Epoch 534/650
 - 15s - loss: 4.1011e-04 - acc: 0.5754 - val_loss: 7.6766e-04 - val_acc: 0.5735
Epoch 535/650
 - 15s - loss: 4.8007e-04 - acc: 0.5799 - val_loss: 9.6155e-04 - val_acc: 0.5624
Epoch 536/650
 - 15s - loss: 4.9959e-04 - acc: 0.5781 - val_loss: 9.8179e-04 - val_acc: 0.6382
Epoch 537/650
 - 15s - loss: 4.4438e-04 - acc: 0.5841 - val_loss: 9.0394e-04 - val_acc: 0.5940
Epoch 538/650
 - 15s - loss: 4.0204e-04 - acc: 0.5881 - val_loss: 8.5606e-04 - val_acc: 0.6145
Epoch 539/650
 - 15s - loss: 5.7502e-04 - acc: 0.5850 - val_loss: 0.0011 - val_acc: 0.5845
Epoch 540/650
 - 15s - loss: 5.5508e-04 - acc: 0.5750 - val_loss: 7.9237e-04 - val_acc: 0.5908
Epoch 541/650
 - 15s - loss: 4.1353e-04 - acc: 0.5833 - val_loss: 9.2476e-04 - val_acc: 0.6035
Epoch 542/650
 - 15s - loss: 4.0488e-04 - acc: 0.5852 - val_loss: 9.3991e-04 - val_acc: 0.6209
Epoch 543/650
 - 15s - loss: 4.1874e-04 - acc: 0.5841 - val_loss: 8.7249e-04 - val_acc: 0.6240
Epoch 544/650
 - 15s - loss: 3.9438e-04 - acc: 0.6019 - val_loss: 9.1366e-04 - val_acc: 0.6240
Epoch 545/650
 - 15s - loss: 4.1826e-04 - acc: 0.5862 - val_loss: 0.0014 - val_acc: 0.5671
Epoch 546/650
 - 15s - loss: 5.0389e-04 - acc: 0.5764 - val_loss: 8.2412e-04 - val_acc: 0.6303
Epoch 547/650
 - 15s - loss: 4.3085e-04 - acc: 0.5924 - val_loss: 9.1324e-04 - val_acc: 0.6098
Epoch 548/650
 - 15s - loss: 4.0605e-04 - acc: 0.5975 - val_loss: 8.2018e-04 - val_acc: 0.6082
Epoch 549/650
 - 15s - loss: 4.1051e-04 - acc: 0.5880 - val_loss: 8.4175e-04 - val_acc: 0.5987
Epoch 550/650
 - 15s - loss: 7.4297e-04 - acc: 0.5804 - val_loss: 8.9530e-04 - val_acc: 0.5877
Epoch 551/650
 - 15s - loss: 4.9633e-04 - acc: 0.5726 - val_loss: 7.9822e-04 - val_acc: 0.5924
Epoch 552/650
 - 15s - loss: 4.1107e-04 - acc: 0.5973 - val_loss: 9.2391e-04 - val_acc: 0.6209
Epoch 553/650
 - 15s - loss: 4.0022e-04 - acc: 0.5965 - val_loss: 7.8797e-04 - val_acc: 0.5940
Epoch 554/650
 - 15s - loss: 4.0515e-04 - acc: 0.5949 - val_loss: 8.1240e-04 - val_acc: 0.5861
Epoch 555/650
 - 15s - loss: 3.8668e-04 - acc: 0.5823 - val_loss: 8.2698e-04 - val_acc: 0.6398
Epoch 556/650
 - 15s - loss: 3.9540e-04 - acc: 0.5837 - val_loss: 7.8719e-04 - val_acc: 0.6224
Epoch 557/650
 - 15s - loss: 4.1056e-04 - acc: 0.6003 - val_loss: 8.7374e-04 - val_acc: 0.6319
Epoch 558/650
 - 15s - loss: 3.9526e-04 - acc: 0.5907 - val_loss: 8.4418e-04 - val_acc: 0.5861
Epoch 559/650
 - 15s - loss: 5.7011e-04 - acc: 0.5868 - val_loss: 0.0017 - val_acc: 0.5466
Epoch 560/650
 - 15s - loss: 5.8387e-04 - acc: 0.5678 - val_loss: 8.3204e-04 - val_acc: 0.5956
Epoch 561/650
 - 15s - loss: 4.5200e-04 - acc: 0.5864 - val_loss: 8.4700e-04 - val_acc: 0.6035
Epoch 562/650
 - 15s - loss: 3.9543e-04 - acc: 0.5980 - val_loss: 8.4481e-04 - val_acc: 0.6351
Epoch 563/650
 - 15s - loss: 3.8821e-04 - acc: 0.5933 - val_loss: 8.0542e-04 - val_acc: 0.6367
Epoch 564/650
 - 15s - loss: 4.2587e-04 - acc: 0.5839 - val_loss: 8.7003e-04 - val_acc: 0.5972
Epoch 565/650
 - 15s - loss: 4.1877e-04 - acc: 0.5859 - val_loss: 7.9843e-04 - val_acc: 0.5814
Epoch 566/650
 - 15s - loss: 4.1158e-04 - acc: 0.5879 - val_loss: 8.5676e-04 - val_acc: 0.6066
Epoch 567/650
 - 15s - loss: 0.0012 - acc: 0.5464 - val_loss: 0.0013 - val_acc: 0.5624
Epoch 568/650
 - 15s - loss: 6.5302e-04 - acc: 0.5642 - val_loss: 9.2779e-04 - val_acc: 0.6035
Epoch 569/650
 - 15s - loss: 4.5212e-04 - acc: 0.5863 - val_loss: 9.0307e-04 - val_acc: 0.6051
Epoch 570/650
 - 15s - loss: 4.3628e-04 - acc: 0.5818 - val_loss: 9.3758e-04 - val_acc: 0.5577
Epoch 571/650
 - 15s - loss: 4.0880e-04 - acc: 0.5862 - val_loss: 7.8547e-04 - val_acc: 0.6493
Epoch 572/650
 - 15s - loss: 4.0524e-04 - acc: 0.5857 - val_loss: 6.9882e-04 - val_acc: 0.6319
Epoch 573/650
 - 15s - loss: 4.1284e-04 - acc: 0.5901 - val_loss: 8.3991e-04 - val_acc: 0.6445
Epoch 574/650
 - 15s - loss: 3.9161e-04 - acc: 0.5929 - val_loss: 8.3544e-04 - val_acc: 0.6509
Epoch 575/650
 - 15s - loss: 3.9904e-04 - acc: 0.5868 - val_loss: 8.3656e-04 - val_acc: 0.6445
Epoch 576/650
 - 15s - loss: 3.8892e-04 - acc: 0.5845 - val_loss: 8.5045e-04 - val_acc: 0.6256
Epoch 577/650
 - 15s - loss: 3.9718e-04 - acc: 0.5933 - val_loss: 7.9386e-04 - val_acc: 0.6114
Epoch 578/650
 - 15s - loss: 4.1815e-04 - acc: 0.5884 - val_loss: 8.3830e-04 - val_acc: 0.5940
Epoch 579/650
 - 15s - loss: 3.8354e-04 - acc: 0.5974 - val_loss: 8.5979e-04 - val_acc: 0.6209
Epoch 580/650
 - 16s - loss: 4.0042e-04 - acc: 0.5888 - val_loss: 9.1309e-04 - val_acc: 0.6319
Epoch 581/650
 - 15s - loss: 3.9988e-04 - acc: 0.5934 - val_loss: 9.3372e-04 - val_acc: 0.5908
Epoch 582/650
 - 16s - loss: 0.0010 - acc: 0.5478 - val_loss: 9.6857e-04 - val_acc: 0.5529
Epoch 583/650
 - 15s - loss: 5.1828e-04 - acc: 0.5743 - val_loss: 9.9108e-04 - val_acc: 0.5640
Epoch 584/650
 - 15s - loss: 4.3353e-04 - acc: 0.5872 - val_loss: 9.2443e-04 - val_acc: 0.6193
Epoch 585/650
 - 15s - loss: 5.1235e-04 - acc: 0.5822 - val_loss: 9.6930e-04 - val_acc: 0.6240
Epoch 586/650
 - 15s - loss: 4.1959e-04 - acc: 0.5951 - val_loss: 9.9430e-04 - val_acc: 0.6288
Epoch 587/650
 - 15s - loss: 4.0926e-04 - acc: 0.5953 - val_loss: 9.0689e-04 - val_acc: 0.6082
Epoch 588/650
 - 15s - loss: 3.8589e-04 - acc: 0.5936 - val_loss: 9.6272e-04 - val_acc: 0.6256
Epoch 589/650
 - 15s - loss: 3.8903e-04 - acc: 0.5790 - val_loss: 9.5723e-04 - val_acc: 0.6161
Epoch 590/650
 - 15s - loss: 3.9761e-04 - acc: 0.5969 - val_loss: 8.0368e-04 - val_acc: 0.6398
Epoch 591/650
 - 15s - loss: 3.9548e-04 - acc: 0.5853 - val_loss: 7.5405e-04 - val_acc: 0.6288
Epoch 592/650
 - 15s - loss: 5.2039e-04 - acc: 0.5777 - val_loss: 0.0010 - val_acc: 0.5466
Epoch 593/650
 - 15s - loss: 4.5195e-04 - acc: 0.5774 - val_loss: 7.8351e-04 - val_acc: 0.5877
Epoch 594/650
 - 15s - loss: 4.1930e-04 - acc: 0.5751 - val_loss: 8.6955e-04 - val_acc: 0.6161
Epoch 595/650
 - 15s - loss: 3.9571e-04 - acc: 0.5903 - val_loss: 7.5869e-04 - val_acc: 0.5814
Epoch 596/650
 - 15s - loss: 7.4887e-04 - acc: 0.5803 - val_loss: 7.5150e-04 - val_acc: 0.6066
Epoch 597/650
 - 15s - loss: 4.4872e-04 - acc: 0.5731 - val_loss: 7.8843e-04 - val_acc: 0.6256
Epoch 598/650
 - 15s - loss: 4.1991e-04 - acc: 0.5833 - val_loss: 7.9584e-04 - val_acc: 0.5545
Epoch 599/650
 - 15s - loss: 5.5352e-04 - acc: 0.5724 - val_loss: 9.6575e-04 - val_acc: 0.5735
Epoch 600/650
 - 15s - loss: 4.1318e-04 - acc: 0.5857 - val_loss: 8.9286e-04 - val_acc: 0.6130
Epoch 601/650
 - 15s - loss: 4.1564e-04 - acc: 0.5881 - val_loss: 7.9998e-04 - val_acc: 0.6098
Epoch 602/650
 - 15s - loss: 4.0507e-04 - acc: 0.6021 - val_loss: 8.1506e-04 - val_acc: 0.5956
Epoch 603/650
 - 15s - loss: 4.3052e-04 - acc: 0.5927 - val_loss: 7.8554e-04 - val_acc: 0.5782
Epoch 604/650
 - 15s - loss: 9.9703e-04 - acc: 0.5638 - val_loss: 9.6557e-04 - val_acc: 0.5798
Epoch 605/650
 - 15s - loss: 5.2170e-04 - acc: 0.5806 - val_loss: 0.0010 - val_acc: 0.5798
Epoch 606/650
 - 15s - loss: 4.5935e-04 - acc: 0.5802 - val_loss: 0.0010 - val_acc: 0.6209
Epoch 607/650
 - 15s - loss: 4.4476e-04 - acc: 0.5912 - val_loss: 9.0630e-04 - val_acc: 0.6177
Epoch 608/650
 - 15s - loss: 3.9860e-04 - acc: 0.5883 - val_loss: 7.8655e-04 - val_acc: 0.6209
Epoch 609/650
 - 15s - loss: 4.0703e-04 - acc: 0.5899 - val_loss: 0.0010 - val_acc: 0.5766
Epoch 610/650
 - 15s - loss: 4.1723e-04 - acc: 0.5823 - val_loss: 7.7710e-04 - val_acc: 0.6035
Epoch 611/650
 - 15s - loss: 4.1297e-04 - acc: 0.5891 - val_loss: 9.5304e-04 - val_acc: 0.6161
Epoch 612/650
 - 15s - loss: 4.2437e-04 - acc: 0.5870 - val_loss: 0.0011 - val_acc: 0.5735
Epoch 613/650
 - 15s - loss: 0.0012 - acc: 0.5440 - val_loss: 9.0517e-04 - val_acc: 0.5877
Epoch 614/650
 - 15s - loss: 4.9902e-04 - acc: 0.5761 - val_loss: 8.8606e-04 - val_acc: 0.5324
Epoch 615/650
 - 15s - loss: 4.4548e-04 - acc: 0.5894 - val_loss: 8.5140e-04 - val_acc: 0.5561
Epoch 616/650
 - 15s - loss: 4.0685e-04 - acc: 0.5812 - val_loss: 8.1541e-04 - val_acc: 0.6098
Epoch 617/650
 - 15s - loss: 4.0516e-04 - acc: 0.5775 - val_loss: 7.9151e-04 - val_acc: 0.5735
Epoch 618/650
 - 15s - loss: 4.0979e-04 - acc: 0.5908 - val_loss: 8.2700e-04 - val_acc: 0.5861
Epoch 619/650
 - 15s - loss: 4.2564e-04 - acc: 0.5857 - val_loss: 8.3579e-04 - val_acc: 0.6035
Epoch 620/650
 - 15s - loss: 4.0392e-04 - acc: 0.5948 - val_loss: 8.1379e-04 - val_acc: 0.6272
Epoch 621/650
 - 15s - loss: 4.0167e-04 - acc: 0.5894 - val_loss: 8.8226e-04 - val_acc: 0.6066
Epoch 622/650
 - 15s - loss: 8.1571e-04 - acc: 0.5695 - val_loss: 0.0013 - val_acc: 0.5782
Epoch 623/650
 - 15s - loss: 5.9216e-04 - acc: 0.5777 - val_loss: 9.1113e-04 - val_acc: 0.6003
Epoch 624/650
 - 15s - loss: 4.4136e-04 - acc: 0.5880 - val_loss: 6.7885e-04 - val_acc: 0.5798
Epoch 625/650
 - 15s - loss: 4.7877e-04 - acc: 0.5905 - val_loss: 7.4584e-04 - val_acc: 0.6003
Epoch 626/650
 - 15s - loss: 4.0388e-04 - acc: 0.5922 - val_loss: 7.9171e-04 - val_acc: 0.6335
Epoch 627/650
 - 15s - loss: 3.9472e-04 - acc: 0.5882 - val_loss: 7.6427e-04 - val_acc: 0.5861
Epoch 628/650
 - 15s - loss: 4.7326e-04 - acc: 0.5818 - val_loss: 8.4702e-04 - val_acc: 0.6272
Epoch 629/650
 - 15s - loss: 4.3960e-04 - acc: 0.5836 - val_loss: 9.0277e-04 - val_acc: 0.6003
Epoch 630/650
 - 15s - loss: 4.0662e-04 - acc: 0.5877 - val_loss: 8.4896e-04 - val_acc: 0.5861
Epoch 631/650
 - 15s - loss: 3.9381e-04 - acc: 0.5801 - val_loss: 8.9439e-04 - val_acc: 0.5956
Epoch 632/650
 - 15s - loss: 4.3033e-04 - acc: 0.5799 - val_loss: 8.9726e-04 - val_acc: 0.5924
Epoch 633/650
 - 15s - loss: 4.7750e-04 - acc: 0.5910 - val_loss: 8.5935e-04 - val_acc: 0.6161
Epoch 634/650
 - 15s - loss: 4.2019e-04 - acc: 0.5837 - val_loss: 8.7688e-04 - val_acc: 0.6051
Epoch 635/650
 - 15s - loss: 4.0420e-04 - acc: 0.5879 - val_loss: 9.3134e-04 - val_acc: 0.5845
Epoch 636/650
 - 15s - loss: 4.0302e-04 - acc: 0.5928 - val_loss: 9.4511e-04 - val_acc: 0.6193
Epoch 637/650
 - 15s - loss: 4.1070e-04 - acc: 0.5884 - val_loss: 9.4085e-04 - val_acc: 0.6114
Epoch 638/650
 - 15s - loss: 5.9191e-04 - acc: 0.5679 - val_loss: 0.0011 - val_acc: 0.5703
Epoch 639/650
 - 15s - loss: 6.3948e-04 - acc: 0.5769 - val_loss: 9.2938e-04 - val_acc: 0.6003
Epoch 640/650
 - 15s - loss: 4.5192e-04 - acc: 0.5896 - val_loss: 9.5778e-04 - val_acc: 0.6098
Epoch 641/650
 - 15s - loss: 4.1787e-04 - acc: 0.5971 - val_loss: 9.6578e-04 - val_acc: 0.5703
Epoch 642/650
 - 15s - loss: 4.1214e-04 - acc: 0.5898 - val_loss: 7.5860e-04 - val_acc: 0.6335
Epoch 643/650
 - 15s - loss: 4.0469e-04 - acc: 0.5913 - val_loss: 7.4912e-04 - val_acc: 0.6145
Epoch 644/650
 - 15s - loss: 4.0238e-04 - acc: 0.5930 - val_loss: 8.2994e-04 - val_acc: 0.6414
Epoch 645/650
 - 15s - loss: 3.8904e-04 - acc: 0.5899 - val_loss: 8.2581e-04 - val_acc: 0.5893
Epoch 646/650
 - 15s - loss: 3.8042e-04 - acc: 0.5872 - val_loss: 8.5743e-04 - val_acc: 0.6019
Epoch 647/650
 - 15s - loss: 3.8696e-04 - acc: 0.5910 - val_loss: 7.7721e-04 - val_acc: 0.6051
Epoch 648/650
 - 15s - loss: 6.0355e-04 - acc: 0.5763 - val_loss: 0.0011 - val_acc: 0.5308
Epoch 649/650
 - 15s - loss: 7.7074e-04 - acc: 0.5609 - val_loss: 9.0553e-04 - val_acc: 0.5845
Epoch 650/650
 - 15s - loss: 4.6689e-04 - acc: 0.5777 - val_loss: 8.1715e-04 - val_acc: 0.5861
[INFO] serializing network and label binarizer...
k-fold cross validation:
Done!
