Starting Docker Image
/data/datasets/tscherli/task2
CONTAINER ID        IMAGE                    COMMAND             CREATED             STATUS              PORTS                NAMES
765acb75ceb0        tscherli/alphatraining   "/bin/bash"         About an hour ago   Up About an hour    6006/tcp, 8888/tcp   agitated_joliot
CONTAINER ID        IMAGE                    COMMAND             CREATED             STATUS              PORTS                NAMES
765acb75ceb0        tscherli/alphatraining   "/bin/bash"         About an hour ago   Up About an hour    6006/tcp, 8888/tcp   agitated_joliot
reading dataset labels:
...done
Filtering and normalizing labels...
Bad File: /data/datasets/tscherli/Data_Training/IMG_8832.jdon.JPG
Bad File: /data/datasets/tscherli/Data_Training/IMG_8686.sjon.JPG
...done
[ 20 of 126540 ]
[ 40 of 126540 ]
[ 60 of 126540 ]
[ 80 of 126540 ]
[ 100 of 126540 ]
[ 120 of 126540 ]
[ 140 of 126540 ]
[ 160 of 126540 ]
[ 180 of 126540 ]
[ 200 of 126540 ]
[ 220 of 126540 ]
[ 240 of 126540 ]
[ 260 of 126540 ]
[ 280 of 126540 ]
[ 300 of 126540 ]
[ 320 of 126540 ]
[ 340 of 126540 ]
[ 360 of 126540 ]
[ 380 of 126540 ]
[ 400 of 126540 ]
[ 420 of 126540 ]
[ 440 of 126540 ]
[ 460 of 126540 ]
[ 480 of 126540 ]
[ 500 of 126540 ]
[ 520 of 126540 ]
[ 540 of 126540 ]
[ 560 of 126540 ]
[ 580 of 126540 ]
[ 600 of 126540 ]
[ 620 of 126540 ]
[ 640 of 126540 ]
[ 660 of 126540 ]
[ 680 of 126540 ]
[ 700 of 126540 ]
[ 720 of 126540 ]
[ 740 of 126540 ]
[ 760 of 126540 ]
[ 780 of 126540 ]
[ 800 of 126540 ]
[ 820 of 126540 ]
[ 840 of 126540 ]
[ 860 of 126540 ]
[ 880 of 126540 ]
[ 900 of 126540 ]
[ 920 of 126540 ]
[ 940 of 126540 ]
[ 960 of 126540 ]
[ 980 of 126540 ]
[ 1000 of 126540 ]
[ 1020 of 126540 ]
[ 1040 of 126540 ]
[ 1060 of 126540 ]
[ 1080 of 126540 ]
[ 1100 of 126540 ]
[ 1120 of 126540 ]
[ 1140 of 126540 ]
[ 1160 of 126540 ]
[ 1180 of 126540 ]
[ 1200 of 126540 ]
[ 1220 of 126540 ]
[ 1240 of 126540 ]
[ 1260 of 126540 ]
[ 1280 of 126540 ]
[ 1300 of 126540 ]
[ 1320 of 126540 ]
[ 1340 of 126540 ]
[ 1360 of 126540 ]
[ 1380 of 126540 ]
[ 1400 of 126540 ]
[ 1420 of 126540 ]
[ 1440 of 126540 ]
[ 1460 of 126540 ]
[ 1480 of 126540 ]
[ 1500 of 126540 ]
[ 1520 of 126540 ]
[ 1540 of 126540 ]
[ 1560 of 126540 ]
[ 1580 of 126540 ]
[ 1600 of 126540 ]
[ 1620 of 126540 ]
[ 1640 of 126540 ]
[ 1660 of 126540 ]
[ 1680 of 126540 ]
[ 1700 of 126540 ]
[ 1720 of 126540 ]
[ 1740 of 126540 ]
[ 1760 of 126540 ]
[ 1780 of 126540 ]
[ 1800 of 126540 ]
[ 1820 of 126540 ]
[ 1840 of 126540 ]
[ 1860 of 126540 ]
[ 1880 of 126540 ]
[ 1900 of 126540 ]
[ 1920 of 126540 ]
[ 1940 of 126540 ]
[ 1960 of 126540 ]
[ 1980 of 126540 ]
[ 2000 of 126540 ]
[ 2020 of 126540 ]
[ 2040 of 126540 ]
[ 2060 of 126540 ]
[ 2080 of 126540 ]
[ 2100 of 126540 ]
[ 2120 of 126540 ]
[ 2140 of 126540 ]
[ 2160 of 126540 ]
[ 2180 of 126540 ]
[ 2200 of 126540 ]
[ 2220 of 126540 ]
[ 2240 of 126540 ]
[ 2260 of 126540 ]
[ 2280 of 126540 ]
[ 2300 of 126540 ]
[ 2320 of 126540 ]
[ 2340 of 126540 ]
[ 2360 of 126540 ]
[ 2380 of 126540 ]
[ 2400 of 126540 ]
[ 2420 of 126540 ]
[ 2440 of 126540 ]
[ 2460 of 126540 ]
[ 2480 of 126540 ]
[ 2500 of 126540 ]
[ 2520 of 126540 ]
[ 2540 of 126540 ]
[ 2560 of 126540 ]
[ 2580 of 126540 ]
[ 2600 of 126540 ]
[ 2620 of 126540 ]
[ 2640 of 126540 ]
[ 2660 of 126540 ]
[ 2680 of 126540 ]
[ 2700 of 126540 ]
[ 2720 of 126540 ]
[ 2740 of 126540 ]
[ 2760 of 126540 ]
[ 2780 of 126540 ]
[ 2800 of 126540 ]
[ 2820 of 126540 ]
[ 2840 of 126540 ]
[ 2860 of 126540 ]
[ 2880 of 126540 ]
[ 2900 of 126540 ]
[ 2920 of 126540 ]
[ 2940 of 126540 ]
[ 2960 of 126540 ]
[ 2980 of 126540 ]
[ 3000 of 126540 ]
[ 3020 of 126540 ]
[ 3040 of 126540 ]
[ 3060 of 126540 ]
[ 3080 of 126540 ]
[ 3100 of 126540 ]
[ 3120 of 126540 ]
[ 3140 of 126540 ]
[ 3160 of 126540 ]
[ 3180 of 126540 ]
[ 3200 of 126540 ]
[ 3220 of 126540 ]
[ 3240 of 126540 ]
[ 3260 of 126540 ]
[ 3280 of 126540 ]
[ 3300 of 126540 ]
[ 3320 of 126540 ]
[ 3340 of 126540 ]
[ 3360 of 126540 ]
[ 3380 of 126540 ]
[ 3400 of 126540 ]
[ 3420 of 126540 ]
[ 3440 of 126540 ]
[ 3460 of 126540 ]
[ 3480 of 126540 ]
[ 3500 of 126540 ]
[ 3520 of 126540 ]
[ 3540 of 126540 ]
[ 3560 of 126540 ]
[ 3580 of 126540 ]
[ 3600 of 126540 ]
[ 3620 of 126540 ]
[ 3640 of 126540 ]
[ 3660 of 126540 ]
[ 3680 of 126540 ]
[ 3700 of 126540 ]
[ 3720 of 126540 ]
[ 3740 of 126540 ]
[ 3760 of 126540 ]
[ 3780 of 126540 ]
[ 3800 of 126540 ]
[ 3820 of 126540 ]
[ 3840 of 126540 ]
[ 3860 of 126540 ]
[ 3880 of 126540 ]
[ 3900 of 126540 ]
[ 3920 of 126540 ]
[ 3940 of 126540 ]
[ 3960 of 126540 ]
[ 3980 of 126540 ]
[ 4000 of 126540 ]
[ 4020 of 126540 ]
[ 4040 of 126540 ]
[ 4060 of 126540 ]
[ 4080 of 126540 ]
[ 4100 of 126540 ]
[ 4120 of 126540 ]
[ 4140 of 126540 ]
[ 4160 of 126540 ]
[ 4180 of 126540 ]
[ 4200 of 126540 ]
[ 4220 of 126540 ]
[ 4240 of 126540 ]
[ 4260 of 126540 ]
[ 4280 of 126540 ]
[ 4300 of 126540 ]
[ 4320 of 126540 ]
[ 4340 of 126540 ]
[ 4360 of 126540 ]
[ 4380 of 126540 ]
[ 4400 of 126540 ]
[ 4420 of 126540 ]
[ 4440 of 126540 ]
[ 4460 of 126540 ]
[ 4480 of 126540 ]
[ 4500 of 126540 ]
[ 4520 of 126540 ]
[ 4540 of 126540 ]
[ 4560 of 126540 ]
[ 4580 of 126540 ]
[ 4600 of 126540 ]
[ 4620 of 126540 ]
[ 4640 of 126540 ]
[ 4660 of 126540 ]
[ 4680 of 126540 ]
[ 4700 of 126540 ]
[ 4720 of 126540 ]
[ 4740 of 126540 ]
[ 4760 of 126540 ]
[ 4780 of 126540 ]
[ 4800 of 126540 ]
[ 4820 of 126540 ]
[ 4840 of 126540 ]
[ 4860 of 126540 ]
[ 4880 of 126540 ]
[ 4900 of 126540 ]
[ 4920 of 126540 ]
[ 4940 of 126540 ]
[ 4960 of 126540 ]
[ 4980 of 126540 ]
[ 5000 of 126540 ]
[ 5020 of 126540 ]
[ 5040 of 126540 ]
[ 5060 of 126540 ]
[ 5080 of 126540 ]
[ 5100 of 126540 ]
[ 5120 of 126540 ]
[ 5140 of 126540 ]
[ 5160 of 126540 ]
[ 5180 of 126540 ]
[ 5200 of 126540 ]
[ 5220 of 126540 ]
[ 5240 of 126540 ]
[ 5260 of 126540 ]
[ 5280 of 126540 ]
[ 5300 of 126540 ]
[ 5320 of 126540 ]
[ 5340 of 126540 ]
[ 5360 of 126540 ]
[ 5380 of 126540 ]
[ 5400 of 126540 ]
[ 5420 of 126540 ]
[ 5440 of 126540 ]
[ 5460 of 126540 ]
[ 5480 of 126540 ]
[ 5500 of 126540 ]
[ 5520 of 126540 ]
[ 5540 of 126540 ]
[ 5560 of 126540 ]
[ 5580 of 126540 ]
[ 5600 of 126540 ]
[ 5620 of 126540 ]
[ 5640 of 126540 ]
[ 5660 of 126540 ]
[ 5680 of 126540 ]
[ 5700 of 126540 ]
[ 5720 of 126540 ]
[ 5740 of 126540 ]
[ 5760 of 126540 ]
[ 5780 of 126540 ]
[ 5800 of 126540 ]
[ 5820 of 126540 ]
[ 5840 of 126540 ]
[ 5860 of 126540 ]
[ 5880 of 126540 ]
[ 5900 of 126540 ]
[ 5920 of 126540 ]
[ 5940 of 126540 ]
[ 5960 of 126540 ]
[ 5980 of 126540 ]
[ 6000 of 126540 ]
[ 6020 of 126540 ]
[ 6040 of 126540 ]
[ 6060 of 126540 ]
[ 6080 of 126540 ]
[ 6100 of 126540 ]
[ 6120 of 126540 ]
[ 6140 of 126540 ]
[ 6160 of 126540 ]
[ 6180 of 126540 ]
[ 6200 of 126540 ]
[ 6220 of 126540 ]
[ 6240 of 126540 ]
[ 6260 of 126540 ]
[ 6280 of 126540 ]
[ 6300 of 126540 ]
[ 6320 of 126540 ]
[ 6340 of 126540 ]
[ 6360 of 126540 ]
[ 6380 of 126540 ]
[ 6400 of 126540 ]
[ 6420 of 126540 ]
[ 6440 of 126540 ]
[ 6460 of 126540 ]
[ 6480 of 126540 ]
[ 6500 of 126540 ]
[ 6520 of 126540 ]
[ 6540 of 126540 ]
[ 6560 of 126540 ]
[ 6580 of 126540 ]
[ 6600 of 126540 ]
[ 6620 of 126540 ]
[ 6640 of 126540 ]
[ 6660 of 126540 ]
[ 6680 of 126540 ]
[ 6700 of 126540 ]
[ 6720 of 126540 ]
[ 6740 of 126540 ]
[ 6760 of 126540 ]
[ 6780 of 126540 ]
[ 6800 of 126540 ]
[ 6820 of 126540 ]
[ 6840 of 126540 ]
[ 6860 of 126540 ]
[ 6880 of 126540 ]
[ 6900 of 126540 ]
[ 6920 of 126540 ]
[ 6940 of 126540 ]
[ 6960 of 126540 ]
[ 6980 of 126540 ]
[ 7000 of 126540 ]
[ 7020 of 126540 ]
[ 7040 of 126540 ]
[ 7060 of 126540 ]
[ 7080 of 126540 ]
[ 7100 of 126540 ]
[ 7120 of 126540 ]
[ 7140 of 126540 ]
[ 7160 of 126540 ]
[ 7180 of 126540 ]
[ 7200 of 126540 ]
[ 7220 of 126540 ]
[ 7240 of 126540 ]
[ 7260 of 126540 ]
[ 7280 of 126540 ]
[ 7300 of 126540 ]
[ 7320 of 126540 ]
[ 7340 of 126540 ]
[ 7360 of 126540 ]
[ 7380 of 126540 ]
[ 7400 of 126540 ]
[ 7420 of 126540 ]
[ 7440 of 126540 ]
[ 7460 of 126540 ]
[ 7480 of 126540 ]
[ 7500 of 126540 ]
[ 7520 of 126540 ]
[ 7540 of 126540 ]
[ 7560 of 126540 ]
[ 7580 of 126540 ]
[ 7600 of 126540 ]
[ 7620 of 126540 ]
[ 7640 of 126540 ]
[ 7660 of 126540 ]
[ 7680 of 126540 ]
[ 7700 of 126540 ]
[ 7720 of 126540 ]
[ 7740 of 126540 ]
[ 7760 of 126540 ]
[ 7780 of 126540 ]
[ 7800 of 126540 ]
[ 7820 of 126540 ]
[ 7840 of 126540 ]
[ 7860 of 126540 ]
[ 7880 of 126540 ]
[ 7900 of 126540 ]
[ 7920 of 126540 ]
[ 7940 of 126540 ]
[ 7960 of 126540 ]
[ 7980 of 126540 ]
[ 8000 of 126540 ]
[ 8020 of 126540 ]
[ 8040 of 126540 ]
[ 8060 of 126540 ]
[ 8080 of 126540 ]
[ 8100 of 126540 ]
[ 8120 of 126540 ]
[ 8140 of 126540 ]
[ 8160 of 126540 ]
[ 8180 of 126540 ]
[ 8200 of 126540 ]
[ 8220 of 126540 ]
[ 8240 of 126540 ]
[ 8260 of 126540 ]
[ 8280 of 126540 ]
[ 8300 of 126540 ]
[ 8320 of 126540 ]
[ 8340 of 126540 ]
[ 8360 of 126540 ]
[ 8380 of 126540 ]
[ 8400 of 126540 ]
[ 8420 of 126540 ]
[ 8440 of 126540 ]
[ 8460 of 126540 ]
[ 8480 of 126540 ]
[ 8500 of 126540 ]
[ 8520 of 126540 ]
[ 8540 of 126540 ]
[ 8560 of 126540 ]
[ 8580 of 126540 ]
[ 8600 of 126540 ]
[ 8620 of 126540 ]
[ 8640 of 126540 ]
[ 8660 of 126540 ]
[ 8680 of 126540 ]
[ 8700 of 126540 ]
[ 8720 of 126540 ]
[ 8740 of 126540 ]
[ 8760 of 126540 ]
[ 8780 of 126540 ]
[ 8800 of 126540 ]
[ 8820 of 126540 ]
[ 8840 of 126540 ]
[ 8860 of 126540 ]
[ 8880 of 126540 ]
[ 8900 of 126540 ]
[ 8920 of 126540 ]
[ 8940 of 126540 ]
[ 8960 of 126540 ]
[ 8980 of 126540 ]
[ 9000 of 126540 ]
[ 9020 of 126540 ]
[ 9040 of 126540 ]
[ 9060 of 126540 ]
[ 9080 of 126540 ]
[ 9100 of 126540 ]
[ 9120 of 126540 ]
[ 9140 of 126540 ]
[ 9160 of 126540 ]
[ 9180 of 126540 ]
[ 9200 of 126540 ]
[ 9220 of 126540 ]
[ 9240 of 126540 ]
[ 9260 of 126540 ]
[ 9280 of 126540 ]
[ 9300 of 126540 ]
[ 9320 of 126540 ]
[ 9340 of 126540 ]
[ 9360 of 126540 ]
[ 9380 of 126540 ]
[ 9400 of 126540 ]
[ 9420 of 126540 ]
[ 9440 of 126540 ]
[ 9460 of 126540 ]
[ 9480 of 126540 ]
[ 9500 of 126540 ]
[ 9520 of 126540 ]
[ 9540 of 126540 ]
[ 9560 of 126540 ]
[ 9580 of 126540 ]
[ 9600 of 126540 ]
[ 9620 of 126540 ]
[ 9640 of 126540 ]
[ 9660 of 126540 ]
[ 9680 of 126540 ]
[ 9700 of 126540 ]
[ 9720 of 126540 ]
[ 9740 of 126540 ]
[ 9760 of 126540 ]
[ 9780 of 126540 ]
[ 9800 of 126540 ]
[ 9820 of 126540 ]
[ 9840 of 126540 ]
[ 9860 of 126540 ]
[ 9880 of 126540 ]
[ 9900 of 126540 ]
[ 9920 of 126540 ]
[ 9940 of 126540 ]
[ 9960 of 126540 ]
[ 9980 of 126540 ]
[ 10000 of 126540 ]
[ 10020 of 126540 ]
[ 10040 of 126540 ]
[ 10060 of 126540 ]
[ 10080 of 126540 ]
[ 10100 of 126540 ]
[ 10120 of 126540 ]
[ 10140 of 126540 ]
[ 10160 of 126540 ]
[ 10180 of 126540 ]
[ 10200 of 126540 ]
[ 10220 of 126540 ]
[ 10240 of 126540 ]
[ 10260 of 126540 ]
[ 10280 of 126540 ]
[ 10300 of 126540 ]
[ 10320 of 126540 ]
[ 10340 of 126540 ]
[ 10360 of 126540 ]
[ 10380 of 126540 ]
[ 10400 of 126540 ]
[ 10420 of 126540 ]
[ 10440 of 126540 ]
[ 10460 of 126540 ]
[ 10480 of 126540 ]
[ 10500 of 126540 ]
[ 10520 of 126540 ]
[ 10540 of 126540 ]
[ 10560 of 126540 ]
[ 10580 of 126540 ]
[ 10600 of 126540 ]
[ 10620 of 126540 ]
[ 10640 of 126540 ]
[ 10660 of 126540 ]
[ 10680 of 126540 ]
[ 10700 of 126540 ]
[ 10720 of 126540 ]
[ 10740 of 126540 ]
[ 10760 of 126540 ]
[ 10780 of 126540 ]
[ 10800 of 126540 ]
[ 10820 of 126540 ]
[ 10840 of 126540 ]
[ 10860 of 126540 ]
[ 10880 of 126540 ]
[ 10900 of 126540 ]
[ 10920 of 126540 ]
[ 10940 of 126540 ]
[ 10960 of 126540 ]
[ 10980 of 126540 ]
[ 11000 of 126540 ]
[ 11020 of 126540 ]
[ 11040 of 126540 ]
[ 11060 of 126540 ]
[ 11080 of 126540 ]
[ 11100 of 126540 ]
[ 11120 of 126540 ]
[ 11140 of 126540 ]
[ 11160 of 126540 ]
[ 11180 of 126540 ]
[ 11200 of 126540 ]
[ 11220 of 126540 ]
[ 11240 of 126540 ]
[ 11260 of 126540 ]
[ 11280 of 126540 ]
[ 11300 of 126540 ]
[ 11320 of 126540 ]
[ 11340 of 126540 ]
[ 11360 of 126540 ]
[ 11380 of 126540 ]
[ 11400 of 126540 ]
[ 11420 of 126540 ]
[ 11440 of 126540 ]
[ 11460 of 126540 ]
[ 11480 of 126540 ]
[ 11500 of 126540 ]
[ 11520 of 126540 ]
[ 11540 of 126540 ]
[ 11560 of 126540 ]
[ 11580 of 126540 ]
[ 11600 of 126540 ]
[ 11620 of 126540 ]
[ 11640 of 126540 ]
[ 11660 of 126540 ]
[ 11680 of 126540 ]
[ 11700 of 126540 ]
[ 11720 of 126540 ]
[ 11740 of 126540 ]
[ 11760 of 126540 ]
[ 11780 of 126540 ]
[ 11800 of 126540 ]
[ 11820 of 126540 ]
[ 11840 of 126540 ]
[ 11860 of 126540 ]
[ 11880 of 126540 ]
[ 11900 of 126540 ]
[ 11920 of 126540 ]
[ 11940 of 126540 ]
[ 11960 of 126540 ]
[ 11980 of 126540 ]
[ 12000 of 126540 ]
[ 12020 of 126540 ]
[ 12040 of 126540 ]
[ 12060 of 126540 ]
[ 12080 of 126540 ]
[ 12100 of 126540 ]
[ 12120 of 126540 ]
[ 12140 of 126540 ]
[ 12160 of 126540 ]
[ 12180 of 126540 ]
[ 12200 of 126540 ]
[ 12220 of 126540 ]
[ 12240 of 126540 ]
[ 12260 of 126540 ]
[ 12280 of 126540 ]
[ 12300 of 126540 ]
[ 12320 of 126540 ]
[ 12340 of 126540 ]
[ 12360 of 126540 ]
[ 12380 of 126540 ]
[ 12400 of 126540 ]
[ 12420 of 126540 ]
[ 12440 of 126540 ]
[ 12460 of 126540 ]
[ 12480 of 126540 ]
[ 12500 of 126540 ]
[ 12520 of 126540 ]
[ 12540 of 126540 ]
[ 12560 of 126540 ]
[ 12580 of 126540 ]
[ 12600 of 126540 ]
[ 12620 of 126540 ]
[ 12640 of 126540 ]
[ 12660 of 126540 ]
[ 12680 of 126540 ]
[ 12700 of 126540 ]
[ 12720 of 126540 ]
[ 12740 of 126540 ]
[ 12760 of 126540 ]
[ 12780 of 126540 ]
[ 12800 of 126540 ]
[ 12820 of 126540 ]
[ 12840 of 126540 ]
[ 12860 of 126540 ]
[ 12880 of 126540 ]
[ 12900 of 126540 ]
[ 12920 of 126540 ]
[ 12940 of 126540 ]
[ 12960 of 126540 ]
[ 12980 of 126540 ]
[ 13000 of 126540 ]
[ 13020 of 126540 ]
[ 13040 of 126540 ]
[ 13060 of 126540 ]
[ 13080 of 126540 ]
[ 13100 of 126540 ]
[ 13120 of 126540 ]
[ 13140 of 126540 ]
[ 13160 of 126540 ]
[ 13180 of 126540 ]
[ 13200 of 126540 ]
[ 13220 of 126540 ]
[ 13240 of 126540 ]
[ 13260 of 126540 ]
[ 13280 of 126540 ]
[ 13300 of 126540 ]
[ 13320 of 126540 ]
[ 13340 of 126540 ]
[ 13360 of 126540 ]
[ 13380 of 126540 ]
[ 13400 of 126540 ]
[ 13420 of 126540 ]
[ 13440 of 126540 ]
[ 13460 of 126540 ]
[ 13480 of 126540 ]
[ 13500 of 126540 ]
[ 13520 of 126540 ]
[ 13540 of 126540 ]
[ 13560 of 126540 ]
[ 13580 of 126540 ]
[ 13600 of 126540 ]
[ 13620 of 126540 ]
[ 13640 of 126540 ]
[ 13660 of 126540 ]
[ 13680 of 126540 ]
[ 13700 of 126540 ]
[ 13720 of 126540 ]
[ 13740 of 126540 ]
[ 13760 of 126540 ]
[ 13780 of 126540 ]
[ 13800 of 126540 ]
[ 13820 of 126540 ]
[ 13840 of 126540 ]
[ 13860 of 126540 ]
[ 13880 of 126540 ]
[ 13900 of 126540 ]
[ 13920 of 126540 ]
[ 13940 of 126540 ]
[ 13960 of 126540 ]
[ 13980 of 126540 ]
[ 14000 of 126540 ]
[ 14020 of 126540 ]
[ 14040 of 126540 ]
[ 14060 of 126540 ]
[ 14080 of 126540 ]
[ 14100 of 126540 ]
[ 14120 of 126540 ]
[ 14140 of 126540 ]
[ 14160 of 126540 ]
[ 14180 of 126540 ]
[ 14200 of 126540 ]
[ 14220 of 126540 ]
[ 14240 of 126540 ]
[ 14260 of 126540 ]
[ 14280 of 126540 ]
[ 14300 of 126540 ]
[ 14320 of 126540 ]
[ 14340 of 126540 ]
[ 14360 of 126540 ]
[ 14380 of 126540 ]
[ 14400 of 126540 ]
[ 14420 of 126540 ]
[ 14440 of 126540 ]
[ 14460 of 126540 ]
[ 14480 of 126540 ]
[ 14500 of 126540 ]
[ 14520 of 126540 ]
[ 14540 of 126540 ]
[ 14560 of 126540 ]
[ 14580 of 126540 ]
[ 14600 of 126540 ]
[ 14620 of 126540 ]
[ 14640 of 126540 ]
[ 14660 of 126540 ]
[ 14680 of 126540 ]
[ 14700 of 126540 ]
[ 14720 of 126540 ]
[ 14740 of 126540 ]
[ 14760 of 126540 ]
[ 14780 of 126540 ]
[ 14800 of 126540 ]
[ 14820 of 126540 ]
[ 14840 of 126540 ]
[ 14860 of 126540 ]
[ 14880 of 126540 ]
[ 14900 of 126540 ]
[ 14920 of 126540 ]
[ 14940 of 126540 ]
[ 14960 of 126540 ]
[ 14980 of 126540 ]
[ 15000 of 126540 ]
[ 15020 of 126540 ]
[ 15040 of 126540 ]
[ 15060 of 126540 ]
[ 15080 of 126540 ]
[ 15100 of 126540 ]
[ 15120 of 126540 ]
[ 15140 of 126540 ]
[ 15160 of 126540 ]
[ 15180 of 126540 ]
[ 15200 of 126540 ]
[ 15220 of 126540 ]
[ 15240 of 126540 ]
[ 15260 of 126540 ]
[ 15280 of 126540 ]
[ 15300 of 126540 ]
[ 15320 of 126540 ]
[ 15340 of 126540 ]
[ 15360 of 126540 ]
[ 15380 of 126540 ]
[ 15400 of 126540 ]
[ 15420 of 126540 ]
[ 15440 of 126540 ]
[ 15460 of 126540 ]
[ 15480 of 126540 ]
[ 15500 of 126540 ]
[ 15520 of 126540 ]
[ 15540 of 126540 ]
[ 15560 of 126540 ]
[ 15580 of 126540 ]
[ 15600 of 126540 ]
[ 15620 of 126540 ]
[ 15640 of 126540 ]
[ 15660 of 126540 ]
[ 15680 of 126540 ]
[ 15700 of 126540 ]
[ 15720 of 126540 ]
[ 15740 of 126540 ]
[ 15760 of 126540 ]
[ 15780 of 126540 ]
[ 15800 of 126540 ]
[ 15820 of 126540 ]
[ 15840 of 126540 ]
[ 15860 of 126540 ]
[ 15880 of 126540 ]
[ 15900 of 126540 ]
[ 15920 of 126540 ]
[ 15940 of 126540 ]
[ 15960 of 126540 ]
[ 15980 of 126540 ]
[ 16000 of 126540 ]
[ 16020 of 126540 ]
[ 16040 of 126540 ]
[ 16060 of 126540 ]
[ 16080 of 126540 ]
[ 16100 of 126540 ]
[ 16120 of 126540 ]
[ 16140 of 126540 ]
[ 16160 of 126540 ]
[ 16180 of 126540 ]
[ 16200 of 126540 ]
[ 16220 of 126540 ]
[ 16240 of 126540 ]
[ 16260 of 126540 ]
[ 16280 of 126540 ]
[ 16300 of 126540 ]
[ 16320 of 126540 ]
[ 16340 of 126540 ]
[ 16360 of 126540 ]
[ 16380 of 126540 ]
[ 16400 of 126540 ]
[ 16420 of 126540 ]
[ 16440 of 126540 ]
[ 16460 of 126540 ]
[ 16480 of 126540 ]
[ 16500 of 126540 ]
[ 16520 of 126540 ]
[ 16540 of 126540 ]
[ 16560 of 126540 ]
[ 16580 of 126540 ]
[ 16600 of 126540 ]
[ 16620 of 126540 ]
[ 16640 of 126540 ]
[ 16660 of 126540 ]
[ 16680 of 126540 ]
[ 16700 of 126540 ]
[ 16720 of 126540 ]
[ 16740 of 126540 ]
[ 16760 of 126540 ]
[ 16780 of 126540 ]
[ 16800 of 126540 ]
[ 16820 of 126540 ]
[ 16840 of 126540 ]
[ 16860 of 126540 ]
[ 16880 of 126540 ]
[ 16900 of 126540 ]
[ 16920 of 126540 ]
[ 16940 of 126540 ]
[ 16960 of 126540 ]
[ 16980 of 126540 ]
[ 17000 of 126540 ]
[ 17020 of 126540 ]
[ 17040 of 126540 ]
[ 17060 of 126540 ]
[ 17080 of 126540 ]
[ 17100 of 126540 ]
[ 17120 of 126540 ]
[ 17140 of 126540 ]
[ 17160 of 126540 ]
[ 17180 of 126540 ]
[ 17200 of 126540 ]
[ 17220 of 126540 ]
[ 17240 of 126540 ]
[ 17260 of 126540 ]
[ 17280 of 126540 ]
[ 17300 of 126540 ]
[ 17320 of 126540 ]
[ 17340 of 126540 ]
[ 17360 of 126540 ]
[ 17380 of 126540 ]
[ 17400 of 126540 ]
[ 17420 of 126540 ]
[ 17440 of 126540 ]
[ 17460 of 126540 ]
[ 17480 of 126540 ]
[ 17500 of 126540 ]
[ 17520 of 126540 ]
[ 17540 of 126540 ]
[ 17560 of 126540 ]
[ 17580 of 126540 ]
[ 17600 of 126540 ]
[ 17620 of 126540 ]
[ 17640 of 126540 ]
[ 17660 of 126540 ]
[ 17680 of 126540 ]
[ 17700 of 126540 ]
[ 17720 of 126540 ]
[ 17740 of 126540 ]
[ 17760 of 126540 ]
[ 17780 of 126540 ]
[ 17800 of 126540 ]
[ 17820 of 126540 ]
[ 17840 of 126540 ]
[ 17860 of 126540 ]
[ 17880 of 126540 ]
[ 17900 of 126540 ]
[ 17920 of 126540 ]
[ 17940 of 126540 ]
[ 17960 of 126540 ]
[ 17980 of 126540 ]
[ 18000 of 126540 ]
[ 18020 of 126540 ]
[ 18040 of 126540 ]
[ 18060 of 126540 ]
[ 18080 of 126540 ]
[ 18100 of 126540 ]
[ 18120 of 126540 ]
[ 18140 of 126540 ]
[ 18160 of 126540 ]
[ 18180 of 126540 ]
[ 18200 of 126540 ]
[ 18220 of 126540 ]
[ 18240 of 126540 ]
[ 18260 of 126540 ]
[ 18280 of 126540 ]
[ 18300 of 126540 ]
[ 18320 of 126540 ]
[ 18340 of 126540 ]
[ 18360 of 126540 ]
[ 18380 of 126540 ]
[ 18400 of 126540 ]
[ 18420 of 126540 ]
[ 18440 of 126540 ]
[ 18460 of 126540 ]
[ 18480 of 126540 ]
[ 18500 of 126540 ]
[ 18520 of 126540 ]
[ 18540 of 126540 ]
[ 18560 of 126540 ]
[ 18580 of 126540 ]
[ 18600 of 126540 ]
[ 18620 of 126540 ]
[ 18640 of 126540 ]
[ 18660 of 126540 ]
[ 18680 of 126540 ]
[ 18700 of 126540 ]
[ 18720 of 126540 ]
[ 18740 of 126540 ]
[ 18760 of 126540 ]
[ 18780 of 126540 ]
[ 18800 of 126540 ]
[ 18820 of 126540 ]
[ 18840 of 126540 ]
[ 18860 of 126540 ]
[ 18880 of 126540 ]
[ 18900 of 126540 ]
[ 18920 of 126540 ]
[ 18940 of 126540 ]
[ 18960 of 126540 ]
[ 18980 of 126540 ]
[ 19000 of 126540 ]
[ 19020 of 126540 ]
[ 19040 of 126540 ]
[ 19060 of 126540 ]
[ 19080 of 126540 ]
[ 19100 of 126540 ]
[ 19120 of 126540 ]
[ 19140 of 126540 ]
[ 19160 of 126540 ]
[ 19180 of 126540 ]
[ 19200 of 126540 ]
[ 19220 of 126540 ]
[ 19240 of 126540 ]
[ 19260 of 126540 ]
[ 19280 of 126540 ]
[ 19300 of 126540 ]
[ 19320 of 126540 ]
[ 19340 of 126540 ]
[ 19360 of 126540 ]
[ 19380 of 126540 ]
[ 19400 of 126540 ]
[ 19420 of 126540 ]
[ 19440 of 126540 ]
[ 19460 of 126540 ]
[ 19480 of 126540 ]
[ 19500 of 126540 ]
[ 19520 of 126540 ]
[ 19540 of 126540 ]
[ 19560 of 126540 ]
[ 19580 of 126540 ]
[ 19600 of 126540 ]
[ 19620 of 126540 ]
[ 19640 of 126540 ]
[ 19660 of 126540 ]
[ 19680 of 126540 ]
[ 19700 of 126540 ]
[ 19720 of 126540 ]
[ 19740 of 126540 ]
[ 19760 of 126540 ]
[ 19780 of 126540 ]
[ 19800 of 126540 ]
[ 19820 of 126540 ]
[ 19840 of 126540 ]
[ 19860 of 126540 ]
[ 19880 of 126540 ]
[ 19900 of 126540 ]
[ 19920 of 126540 ]
[ 19940 of 126540 ]
[ 19960 of 126540 ]
[ 19980 of 126540 ]
[ 20000 of 126540 ]
[ 20020 of 126540 ]
[ 20040 of 126540 ]
[ 20060 of 126540 ]
[ 20080 of 126540 ]
[ 20100 of 126540 ]
[ 20120 of 126540 ]
[ 20140 of 126540 ]
[ 20160 of 126540 ]
[ 20180 of 126540 ]
[ 20200 of 126540 ]
[ 20220 of 126540 ]
[ 20240 of 126540 ]
[ 20260 of 126540 ]
[ 20280 of 126540 ]
[ 20300 of 126540 ]
[ 20320 of 126540 ]
[ 20340 of 126540 ]
[ 20360 of 126540 ]
[ 20380 of 126540 ]
[ 20400 of 126540 ]
[ 20420 of 126540 ]
[ 20440 of 126540 ]
[ 20460 of 126540 ]
[ 20480 of 126540 ]
[ 20500 of 126540 ]
[ 20520 of 126540 ]
[ 20540 of 126540 ]
[ 20560 of 126540 ]
[ 20580 of 126540 ]
[ 20600 of 126540 ]
[ 20620 of 126540 ]
[ 20640 of 126540 ]
[ 20660 of 126540 ]
[ 20680 of 126540 ]
[ 20700 of 126540 ]
[ 20720 of 126540 ]
[ 20740 of 126540 ]
[ 20760 of 126540 ]
[ 20780 of 126540 ]
[ 20800 of 126540 ]
[ 20820 of 126540 ]
[ 20840 of 126540 ]
[ 20860 of 126540 ]
[ 20880 of 126540 ]
[ 20900 of 126540 ]
[ 20920 of 126540 ]
[ 20940 of 126540 ]
[ 20960 of 126540 ]
[ 20980 of 126540 ]
[ 21000 of 126540 ]
[ 21020 of 126540 ]
[ 21040 of 126540 ]
[ 21060 of 126540 ]
[ 21080 of 126540 ]
[ 21100 of 126540 ]
[ 21120 of 126540 ]
[ 21140 of 126540 ]
[ 21160 of 126540 ]
[ 21180 of 126540 ]
[ 21200 of 126540 ]
[ 21220 of 126540 ]
[ 21240 of 126540 ]
[ 21260 of 126540 ]
[ 21280 of 126540 ]
[ 21300 of 126540 ]
[ 21320 of 126540 ]
[ 21340 of 126540 ]
[ 21360 of 126540 ]
[ 21380 of 126540 ]
[ 21400 of 126540 ]
[ 21420 of 126540 ]
[ 21440 of 126540 ]
[ 21460 of 126540 ]
[ 21480 of 126540 ]
[ 21500 of 126540 ]
[ 21520 of 126540 ]
[ 21540 of 126540 ]
[ 21560 of 126540 ]
[ 21580 of 126540 ]
[ 21600 of 126540 ]
[ 21620 of 126540 ]
[ 21640 of 126540 ]
[ 21660 of 126540 ]
[ 21680 of 126540 ]
[ 21700 of 126540 ]
[ 21720 of 126540 ]
[ 21740 of 126540 ]
[ 21760 of 126540 ]
[ 21780 of 126540 ]
[ 21800 of 126540 ]
[ 21820 of 126540 ]
[ 21840 of 126540 ]
[ 21860 of 126540 ]
[ 21880 of 126540 ]
[ 21900 of 126540 ]
[ 21920 of 126540 ]
[ 21940 of 126540 ]
[ 21960 of 126540 ]
[ 21980 of 126540 ]
[ 22000 of 126540 ]
[ 22020 of 126540 ]
[ 22040 of 126540 ]
[ 22060 of 126540 ]
[ 22080 of 126540 ]
[ 22100 of 126540 ]
[ 22120 of 126540 ]
[ 22140 of 126540 ]
[ 22160 of 126540 ]
[ 22180 of 126540 ]
[ 22200 of 126540 ]
[ 22220 of 126540 ]
[ 22240 of 126540 ]
[ 22260 of 126540 ]
[ 22280 of 126540 ]
[ 22300 of 126540 ]
[ 22320 of 126540 ]
[ 22340 of 126540 ]
[ 22360 of 126540 ]
[ 22380 of 126540 ]
[ 22400 of 126540 ]
[ 22420 of 126540 ]
[ 22440 of 126540 ]
[ 22460 of 126540 ]
[ 22480 of 126540 ]
[ 22500 of 126540 ]
[ 22520 of 126540 ]
[ 22540 of 126540 ]
[ 22560 of 126540 ]
[ 22580 of 126540 ]
[ 22600 of 126540 ]
[ 22620 of 126540 ]
[ 22640 of 126540 ]
[ 22660 of 126540 ]
[ 22680 of 126540 ]
[ 22700 of 126540 ]
[ 22720 of 126540 ]
[ 22740 of 126540 ]
[ 22760 of 126540 ]
[ 22780 of 126540 ]
[ 22800 of 126540 ]
[ 22820 of 126540 ]
[ 22840 of 126540 ]
[ 22860 of 126540 ]
[ 22880 of 126540 ]
[ 22900 of 126540 ]
[ 22920 of 126540 ]
[ 22940 of 126540 ]
[ 22960 of 126540 ]
[ 22980 of 126540 ]
[ 23000 of 126540 ]
[ 23020 of 126540 ]
[ 23040 of 126540 ]
[ 23060 of 126540 ]
[ 23080 of 126540 ]
[ 23100 of 126540 ]
[ 23120 of 126540 ]
[ 23140 of 126540 ]
[ 23160 of 126540 ]
[ 23180 of 126540 ]
[ 23200 of 126540 ]
[ 23220 of 126540 ]
[ 23240 of 126540 ]
[ 23260 of 126540 ]
[ 23280 of 126540 ]
[ 23300 of 126540 ]
[ 23320 of 126540 ]
[ 23340 of 126540 ]
[ 23360 of 126540 ]
[ 23380 of 126540 ]
[ 23400 of 126540 ]
[ 23420 of 126540 ]
[ 23440 of 126540 ]
[ 23460 of 126540 ]
[ 23480 of 126540 ]
[ 23500 of 126540 ]
[ 23520 of 126540 ]
[ 23540 of 126540 ]
[ 23560 of 126540 ]
[ 23580 of 126540 ]
[ 23600 of 126540 ]
[ 23620 of 126540 ]
[ 23640 of 126540 ]
[ 23660 of 126540 ]
[ 23680 of 126540 ]
[ 23700 of 126540 ]
[ 23720 of 126540 ]
[ 23740 of 126540 ]
[ 23760 of 126540 ]
[ 23780 of 126540 ]
[ 23800 of 126540 ]
[ 23820 of 126540 ]
[ 23840 of 126540 ]
[ 23860 of 126540 ]
[ 23880 of 126540 ]
[ 23900 of 126540 ]
[ 23920 of 126540 ]
[ 23940 of 126540 ]
[ 23960 of 126540 ]
[ 23980 of 126540 ]
[ 24000 of 126540 ]
[ 24020 of 126540 ]
[ 24040 of 126540 ]
[ 24060 of 126540 ]
[ 24080 of 126540 ]
[ 24100 of 126540 ]
[ 24120 of 126540 ]
[ 24140 of 126540 ]
[ 24160 of 126540 ]
[ 24180 of 126540 ]
[ 24200 of 126540 ]
[ 24220 of 126540 ]
[ 24240 of 126540 ]
[ 24260 of 126540 ]
[ 24280 of 126540 ]
[ 24300 of 126540 ]
[ 24320 of 126540 ]
[ 24340 of 126540 ]
[ 24360 of 126540 ]
[ 24380 of 126540 ]
[ 24400 of 126540 ]
[ 24420 of 126540 ]
[ 24440 of 126540 ]
[ 24460 of 126540 ]
[ 24480 of 126540 ]
[ 24500 of 126540 ]
[ 24520 of 126540 ]
[ 24540 of 126540 ]
[ 24560 of 126540 ]
[ 24580 of 126540 ]
[ 24600 of 126540 ]
[ 24620 of 126540 ]
[ 24640 of 126540 ]
[ 24660 of 126540 ]
[ 24680 of 126540 ]
[ 24700 of 126540 ]
[ 24720 of 126540 ]
[ 24740 of 126540 ]
[ 24760 of 126540 ]
[ 24780 of 126540 ]
[ 24800 of 126540 ]
[ 24820 of 126540 ]
[ 24840 of 126540 ]
[ 24860 of 126540 ]
[ 24880 of 126540 ]
[ 24900 of 126540 ]
[ 24920 of 126540 ]
[ 24940 of 126540 ]
[ 24960 of 126540 ]
[ 24980 of 126540 ]
[ 25000 of 126540 ]
[ 25020 of 126540 ]
[ 25040 of 126540 ]
[ 25060 of 126540 ]
[ 25080 of 126540 ]
[ 25100 of 126540 ]
[ 25120 of 126540 ]
[ 25140 of 126540 ]
[ 25160 of 126540 ]
[ 25180 of 126540 ]
[ 25200 of 126540 ]
[ 25220 of 126540 ]
[ 25240 of 126540 ]
[ 25260 of 126540 ]
[ 25280 of 126540 ]
[ 25300 of 126540 ]
[ 25320 of 126540 ]
[ 25340 of 126540 ]
[ 25360 of 126540 ]
[ 25380 of 126540 ]
[ 25400 of 126540 ]
[ 25420 of 126540 ]
[ 25440 of 126540 ]
[ 25460 of 126540 ]
[ 25480 of 126540 ]
[ 25500 of 126540 ]
[ 25520 of 126540 ]
[ 25540 of 126540 ]
[ 25560 of 126540 ]
[ 25580 of 126540 ]
[ 25600 of 126540 ]
[ 25620 of 126540 ]
[ 25640 of 126540 ]
[ 25660 of 126540 ]
[ 25680 of 126540 ]
[ 25700 of 126540 ]
[ 25720 of 126540 ]
[ 25740 of 126540 ]
[ 25760 of 126540 ]
[ 25780 of 126540 ]
[ 25800 of 126540 ]
[ 25820 of 126540 ]
[ 25840 of 126540 ]
[ 25860 of 126540 ]
[ 25880 of 126540 ]
[ 25900 of 126540 ]
[ 25920 of 126540 ]
[ 25940 of 126540 ]
[ 25960 of 126540 ]
[ 25980 of 126540 ]
[ 26000 of 126540 ]
[ 26020 of 126540 ]
[ 26040 of 126540 ]
[ 26060 of 126540 ]
[ 26080 of 126540 ]
[ 26100 of 126540 ]
[ 26120 of 126540 ]
[ 26140 of 126540 ]
[ 26160 of 126540 ]
[ 26180 of 126540 ]
[ 26200 of 126540 ]
[ 26220 of 126540 ]
[ 26240 of 126540 ]
[ 26260 of 126540 ]
[ 26280 of 126540 ]
[ 26300 of 126540 ]
[ 26320 of 126540 ]
[ 26340 of 126540 ]
[ 26360 of 126540 ]
[ 26380 of 126540 ]
[ 26400 of 126540 ]
[ 26420 of 126540 ]
[ 26440 of 126540 ]
[ 26460 of 126540 ]
[ 26480 of 126540 ]
[ 26500 of 126540 ]
[ 26520 of 126540 ]
[ 26540 of 126540 ]
[ 26560 of 126540 ]
[ 26580 of 126540 ]
[ 26600 of 126540 ]
[ 26620 of 126540 ]
[ 26640 of 126540 ]
[ 26660 of 126540 ]
[ 26680 of 126540 ]
[ 26700 of 126540 ]
[ 26720 of 126540 ]
[ 26740 of 126540 ]
[ 26760 of 126540 ]
[ 26780 of 126540 ]
[ 26800 of 126540 ]
[ 26820 of 126540 ]
[ 26840 of 126540 ]
[ 26860 of 126540 ]
[ 26880 of 126540 ]
[ 26900 of 126540 ]
[ 26920 of 126540 ]
[ 26940 of 126540 ]
[ 26960 of 126540 ]
[ 26980 of 126540 ]
[ 27000 of 126540 ]
[ 27020 of 126540 ]
[ 27040 of 126540 ]
[ 27060 of 126540 ]
[ 27080 of 126540 ]
[ 27100 of 126540 ]
[ 27120 of 126540 ]
[ 27140 of 126540 ]
[ 27160 of 126540 ]
[ 27180 of 126540 ]
[ 27200 of 126540 ]
[ 27220 of 126540 ]
[ 27240 of 126540 ]
[ 27260 of 126540 ]
[ 27280 of 126540 ]
[ 27300 of 126540 ]
[ 27320 of 126540 ]
[ 27340 of 126540 ]
[ 27360 of 126540 ]
[ 27380 of 126540 ]
[ 27400 of 126540 ]
[ 27420 of 126540 ]
[ 27440 of 126540 ]
[ 27460 of 126540 ]
[ 27480 of 126540 ]
[ 27500 of 126540 ]
[ 27520 of 126540 ]
[ 27540 of 126540 ]
[ 27560 of 126540 ]
[ 27580 of 126540 ]
[ 27600 of 126540 ]
[ 27620 of 126540 ]
[ 27640 of 126540 ]
[ 27660 of 126540 ]
[ 27680 of 126540 ]
[ 27700 of 126540 ]
[ 27720 of 126540 ]
[ 27740 of 126540 ]
[ 27760 of 126540 ]
[ 27780 of 126540 ]
[ 27800 of 126540 ]
[ 27820 of 126540 ]
[ 27840 of 126540 ]
[ 27860 of 126540 ]
[ 27880 of 126540 ]
[ 27900 of 126540 ]
[ 27920 of 126540 ]
[ 27940 of 126540 ]
[ 27960 of 126540 ]
[ 27980 of 126540 ]
[ 28000 of 126540 ]
[ 28020 of 126540 ]
[ 28040 of 126540 ]
[ 28060 of 126540 ]
[ 28080 of 126540 ]
[ 28100 of 126540 ]
[ 28120 of 126540 ]
[ 28140 of 126540 ]
[ 28160 of 126540 ]
[ 28180 of 126540 ]
[ 28200 of 126540 ]
[ 28220 of 126540 ]
[ 28240 of 126540 ]
[ 28260 of 126540 ]
[ 28280 of 126540 ]
[ 28300 of 126540 ]
[ 28320 of 126540 ]
[ 28340 of 126540 ]
[ 28360 of 126540 ]
[ 28380 of 126540 ]
[ 28400 of 126540 ]
[ 28420 of 126540 ]
[ 28440 of 126540 ]
[ 28460 of 126540 ]
[ 28480 of 126540 ]
[ 28500 of 126540 ]
[ 28520 of 126540 ]
[ 28540 of 126540 ]
[ 28560 of 126540 ]
[ 28580 of 126540 ]
[ 28600 of 126540 ]
[ 28620 of 126540 ]
[ 28640 of 126540 ]
[ 28660 of 126540 ]
[ 28680 of 126540 ]
[ 28700 of 126540 ]
[ 28720 of 126540 ]
[ 28740 of 126540 ]
[ 28760 of 126540 ]
[ 28780 of 126540 ]
[ 28800 of 126540 ]
[ 28820 of 126540 ]
[ 28840 of 126540 ]
[ 28860 of 126540 ]
[ 28880 of 126540 ]
[ 28900 of 126540 ]
[ 28920 of 126540 ]
[ 28940 of 126540 ]
[ 28960 of 126540 ]
[ 28980 of 126540 ]
[ 29000 of 126540 ]
[ 29020 of 126540 ]
[ 29040 of 126540 ]
[ 29060 of 126540 ]
[ 29080 of 126540 ]
[ 29100 of 126540 ]
[ 29120 of 126540 ]
[ 29140 of 126540 ]
[ 29160 of 126540 ]
[ 29180 of 126540 ]
[ 29200 of 126540 ]
[ 29220 of 126540 ]
[ 29240 of 126540 ]
[ 29260 of 126540 ]
[ 29280 of 126540 ]
[ 29300 of 126540 ]
[ 29320 of 126540 ]
[ 29340 of 126540 ]
[ 29360 of 126540 ]
[ 29380 of 126540 ]
[ 29400 of 126540 ]
[ 29420 of 126540 ]
[ 29440 of 126540 ]
[ 29460 of 126540 ]
[ 29480 of 126540 ]
[ 29500 of 126540 ]
[ 29520 of 126540 ]
[ 29540 of 126540 ]
[ 29560 of 126540 ]
[ 29580 of 126540 ]
[ 29600 of 126540 ]
[ 29620 of 126540 ]
[ 29640 of 126540 ]
[ 29660 of 126540 ]
[ 29680 of 126540 ]
[ 29700 of 126540 ]
[ 29720 of 126540 ]
[ 29740 of 126540 ]
[ 29760 of 126540 ]
[ 29780 of 126540 ]
[ 29800 of 126540 ]
[ 29820 of 126540 ]
[ 29840 of 126540 ]
[ 29860 of 126540 ]
[ 29880 of 126540 ]
[ 29900 of 126540 ]
[ 29920 of 126540 ]
[ 29940 of 126540 ]
[ 29960 of 126540 ]
[ 29980 of 126540 ]
[ 30000 of 126540 ]
[ 30020 of 126540 ]
[ 30040 of 126540 ]
[ 30060 of 126540 ]
[ 30080 of 126540 ]
[ 30100 of 126540 ]
[ 30120 of 126540 ]
[ 30140 of 126540 ]
[ 30160 of 126540 ]
[ 30180 of 126540 ]
[ 30200 of 126540 ]
[ 30220 of 126540 ]
[ 30240 of 126540 ]
[ 30260 of 126540 ]
[ 30280 of 126540 ]
[ 30300 of 126540 ]
[ 30320 of 126540 ]
[ 30340 of 126540 ]
[ 30360 of 126540 ]
[ 30380 of 126540 ]
[ 30400 of 126540 ]
[ 30420 of 126540 ]
[ 30440 of 126540 ]
[ 30460 of 126540 ]
[ 30480 of 126540 ]
[ 30500 of 126540 ]
[ 30520 of 126540 ]
[ 30540 of 126540 ]
[ 30560 of 126540 ]
[ 30580 of 126540 ]
[ 30600 of 126540 ]
[ 30620 of 126540 ]
[ 30640 of 126540 ]
[ 30660 of 126540 ]
[ 30680 of 126540 ]
[ 30700 of 126540 ]
[ 30720 of 126540 ]
[ 30740 of 126540 ]
[ 30760 of 126540 ]
[ 30780 of 126540 ]
[ 30800 of 126540 ]
[ 30820 of 126540 ]
[ 30840 of 126540 ]
[ 30860 of 126540 ]
[ 30880 of 126540 ]
[ 30900 of 126540 ]
[ 30920 of 126540 ]
[ 30940 of 126540 ]
[ 30960 of 126540 ]
[ 30980 of 126540 ]
[ 31000 of 126540 ]
[ 31020 of 126540 ]
[ 31040 of 126540 ]
[ 31060 of 126540 ]
[ 31080 of 126540 ]
[ 31100 of 126540 ]
[ 31120 of 126540 ]
[ 31140 of 126540 ]
[ 31160 of 126540 ]
[ 31180 of 126540 ]
[ 31200 of 126540 ]
[ 31220 of 126540 ]
[ 31240 of 126540 ]
[ 31260 of 126540 ]
[ 31280 of 126540 ]
[ 31300 of 126540 ]
[ 31320 of 126540 ]
[ 31340 of 126540 ]
[ 31360 of 126540 ]
[ 31380 of 126540 ]
[ 31400 of 126540 ]
[ 31420 of 126540 ]
[ 31440 of 126540 ]
[ 31460 of 126540 ]
[ 31480 of 126540 ]
[ 31500 of 126540 ]
[ 31520 of 126540 ]
[ 31540 of 126540 ]
[ 31560 of 126540 ]
[ 31580 of 126540 ]
[ 31600 of 126540 ]
[ 31620 of 126540 ]
[ 31640 of 126540 ]
[ 31660 of 126540 ]
[ 31680 of 126540 ]
[ 31700 of 126540 ]
[ 31720 of 126540 ]
[ 31740 of 126540 ]
[ 31760 of 126540 ]
[ 31780 of 126540 ]
[ 31800 of 126540 ]
[ 31820 of 126540 ]
[ 31840 of 126540 ]
[ 31860 of 126540 ]
[ 31880 of 126540 ]
[ 31900 of 126540 ]
[ 31920 of 126540 ]
[ 31940 of 126540 ]
[ 31960 of 126540 ]
[ 31980 of 126540 ]
[ 32000 of 126540 ]
[ 32020 of 126540 ]
[ 32040 of 126540 ]
[ 32060 of 126540 ]
[ 32080 of 126540 ]
[ 32100 of 126540 ]
[ 32120 of 126540 ]
[ 32140 of 126540 ]
[ 32160 of 126540 ]
[ 32180 of 126540 ]
[ 32200 of 126540 ]
[ 32220 of 126540 ]
[ 32240 of 126540 ]
[ 32260 of 126540 ]
[ 32280 of 126540 ]
[ 32300 of 126540 ]
[ 32320 of 126540 ]
[ 32340 of 126540 ]
[ 32360 of 126540 ]
[ 32380 of 126540 ]
[ 32400 of 126540 ]
[ 32420 of 126540 ]
[ 32440 of 126540 ]
[ 32460 of 126540 ]
[ 32480 of 126540 ]
[ 32500 of 126540 ]
[ 32520 of 126540 ]
[ 32540 of 126540 ]
[ 32560 of 126540 ]
[ 32580 of 126540 ]
[ 32600 of 126540 ]
[ 32620 of 126540 ]
[ 32640 of 126540 ]
[ 32660 of 126540 ]
[ 32680 of 126540 ]
[ 32700 of 126540 ]
[ 32720 of 126540 ]
[ 32740 of 126540 ]
[ 32760 of 126540 ]
[ 32780 of 126540 ]
[ 32800 of 126540 ]
[ 32820 of 126540 ]
[ 32840 of 126540 ]
[ 32860 of 126540 ]
[ 32880 of 126540 ]
[ 32900 of 126540 ]
[ 32920 of 126540 ]
[ 32940 of 126540 ]
[ 32960 of 126540 ]
[ 32980 of 126540 ]
[ 33000 of 126540 ]
[ 33020 of 126540 ]
[ 33040 of 126540 ]
[ 33060 of 126540 ]
[ 33080 of 126540 ]
[ 33100 of 126540 ]
[ 33120 of 126540 ]
[ 33140 of 126540 ]
[ 33160 of 126540 ]
[ 33180 of 126540 ]
[ 33200 of 126540 ]
[ 33220 of 126540 ]
[ 33240 of 126540 ]
[ 33260 of 126540 ]
[ 33280 of 126540 ]
[ 33300 of 126540 ]
[ 33320 of 126540 ]
[ 33340 of 126540 ]
[ 33360 of 126540 ]
[ 33380 of 126540 ]
[ 33400 of 126540 ]
[ 33420 of 126540 ]
[ 33440 of 126540 ]
[ 33460 of 126540 ]
[ 33480 of 126540 ]
[ 33500 of 126540 ]
[ 33520 of 126540 ]
[ 33540 of 126540 ]
[ 33560 of 126540 ]
[ 33580 of 126540 ]
[ 33600 of 126540 ]
[ 33620 of 126540 ]
[ 33640 of 126540 ]
[ 33660 of 126540 ]
[ 33680 of 126540 ]
[ 33700 of 126540 ]
[ 33720 of 126540 ]
[ 33740 of 126540 ]
[ 33760 of 126540 ]
[ 33780 of 126540 ]
[ 33800 of 126540 ]
[ 33820 of 126540 ]
[ 33840 of 126540 ]
[ 33860 of 126540 ]
[ 33880 of 126540 ]
[ 33900 of 126540 ]
[ 33920 of 126540 ]
[ 33940 of 126540 ]
[ 33960 of 126540 ]
[ 33980 of 126540 ]
[ 34000 of 126540 ]
[ 34020 of 126540 ]
[ 34040 of 126540 ]
[ 34060 of 126540 ]
[ 34080 of 126540 ]
[ 34100 of 126540 ]
[ 34120 of 126540 ]
[ 34140 of 126540 ]
[ 34160 of 126540 ]
[ 34180 of 126540 ]
[ 34200 of 126540 ]
[ 34220 of 126540 ]
[ 34240 of 126540 ]
[ 34260 of 126540 ]
[ 34280 of 126540 ]
[ 34300 of 126540 ]
[ 34320 of 126540 ]
[ 34340 of 126540 ]
[ 34360 of 126540 ]
[ 34380 of 126540 ]
[ 34400 of 126540 ]
[ 34420 of 126540 ]
[ 34440 of 126540 ]
[ 34460 of 126540 ]
[ 34480 of 126540 ]
[ 34500 of 126540 ]
[ 34520 of 126540 ]
[ 34540 of 126540 ]
[ 34560 of 126540 ]
[ 34580 of 126540 ]
[ 34600 of 126540 ]
[ 34620 of 126540 ]
[ 34640 of 126540 ]
[ 34660 of 126540 ]
[ 34680 of 126540 ]
[ 34700 of 126540 ]
[ 34720 of 126540 ]
[ 34740 of 126540 ]
[ 34760 of 126540 ]
[ 34780 of 126540 ]
[ 34800 of 126540 ]
[ 34820 of 126540 ]
[ 34840 of 126540 ]
[ 34860 of 126540 ]
[ 34880 of 126540 ]
[ 34900 of 126540 ]
[ 34920 of 126540 ]
[ 34940 of 126540 ]
[ 34960 of 126540 ]
[ 34980 of 126540 ]
[ 35000 of 126540 ]
[ 35020 of 126540 ]
[ 35040 of 126540 ]
[ 35060 of 126540 ]
[ 35080 of 126540 ]
[ 35100 of 126540 ]
[ 35120 of 126540 ]
[ 35140 of 126540 ]
[ 35160 of 126540 ]
[ 35180 of 126540 ]
[ 35200 of 126540 ]
[ 35220 of 126540 ]
[ 35240 of 126540 ]
[ 35260 of 126540 ]
[ 35280 of 126540 ]
[ 35300 of 126540 ]
[ 35320 of 126540 ]
[ 35340 of 126540 ]
[ 35360 of 126540 ]
[ 35380 of 126540 ]
[ 35400 of 126540 ]
[ 35420 of 126540 ]
[ 35440 of 126540 ]
[ 35460 of 126540 ]
[ 35480 of 126540 ]
[ 35500 of 126540 ]
[ 35520 of 126540 ]
[ 35540 of 126540 ]
[ 35560 of 126540 ]
[ 35580 of 126540 ]
[ 35600 of 126540 ]
[ 35620 of 126540 ]
[ 35640 of 126540 ]
[ 35660 of 126540 ]
[ 35680 of 126540 ]
[ 35700 of 126540 ]
[ 35720 of 126540 ]
[ 35740 of 126540 ]
[ 35760 of 126540 ]
[ 35780 of 126540 ]
[ 35800 of 126540 ]
[ 35820 of 126540 ]
[ 35840 of 126540 ]
[ 35860 of 126540 ]
[ 35880 of 126540 ]
[ 35900 of 126540 ]
[ 35920 of 126540 ]
[ 35940 of 126540 ]
[ 35960 of 126540 ]
[ 35980 of 126540 ]
[ 36000 of 126540 ]
[ 36020 of 126540 ]
[ 36040 of 126540 ]
[ 36060 of 126540 ]
[ 36080 of 126540 ]
[ 36100 of 126540 ]
[ 36120 of 126540 ]
[ 36140 of 126540 ]
[ 36160 of 126540 ]
[ 36180 of 126540 ]
[ 36200 of 126540 ]
[ 36220 of 126540 ]
[ 36240 of 126540 ]
[ 36260 of 126540 ]
[ 36280 of 126540 ]
[ 36300 of 126540 ]
[ 36320 of 126540 ]
[ 36340 of 126540 ]
[ 36360 of 126540 ]
[ 36380 of 126540 ]
[ 36400 of 126540 ]
[ 36420 of 126540 ]
[ 36440 of 126540 ]
[ 36460 of 126540 ]
[ 36480 of 126540 ]
[ 36500 of 126540 ]
[ 36520 of 126540 ]
[ 36540 of 126540 ]
[ 36560 of 126540 ]
[ 36580 of 126540 ]
[ 36600 of 126540 ]
[ 36620 of 126540 ]
[ 36640 of 126540 ]
[ 36660 of 126540 ]
[ 36680 of 126540 ]
[ 36700 of 126540 ]
[ 36720 of 126540 ]
[ 36740 of 126540 ]
[ 36760 of 126540 ]
[ 36780 of 126540 ]
[ 36800 of 126540 ]
[ 36820 of 126540 ]
[ 36840 of 126540 ]
[ 36860 of 126540 ]
[ 36880 of 126540 ]
[ 36900 of 126540 ]
[ 36920 of 126540 ]
[ 36940 of 126540 ]
[ 36960 of 126540 ]
[ 36980 of 126540 ]
[ 37000 of 126540 ]
[ 37020 of 126540 ]
[ 37040 of 126540 ]
[ 37060 of 126540 ]
[ 37080 of 126540 ]
[ 37100 of 126540 ]
[ 37120 of 126540 ]
[ 37140 of 126540 ]
[ 37160 of 126540 ]
[ 37180 of 126540 ]
[ 37200 of 126540 ]
[ 37220 of 126540 ]
[ 37240 of 126540 ]
[ 37260 of 126540 ]
[ 37280 of 126540 ]
[ 37300 of 126540 ]
[ 37320 of 126540 ]
[ 37340 of 126540 ]
[ 37360 of 126540 ]
[ 37380 of 126540 ]
[ 37400 of 126540 ]
[ 37420 of 126540 ]
[ 37440 of 126540 ]
[ 37460 of 126540 ]
[ 37480 of 126540 ]
[ 37500 of 126540 ]
[ 37520 of 126540 ]
[ 37540 of 126540 ]
[ 37560 of 126540 ]
[ 37580 of 126540 ]
[ 37600 of 126540 ]
[ 37620 of 126540 ]
[ 37640 of 126540 ]
[ 37660 of 126540 ]
[ 37680 of 126540 ]
[ 37700 of 126540 ]
[ 37720 of 126540 ]
[ 37740 of 126540 ]
[ 37760 of 126540 ]
[ 37780 of 126540 ]
[ 37800 of 126540 ]
[ 37820 of 126540 ]
[ 37840 of 126540 ]
[ 37860 of 126540 ]
[ 37880 of 126540 ]
[ 37900 of 126540 ]
[ 37920 of 126540 ]
[ 37940 of 126540 ]
[ 37960 of 126540 ]
[ 37980 of 126540 ]
[ 38000 of 126540 ]
[ 38020 of 126540 ]
[ 38040 of 126540 ]
[ 38060 of 126540 ]
[ 38080 of 126540 ]
[ 38100 of 126540 ]
[ 38120 of 126540 ]
[ 38140 of 126540 ]
[ 38160 of 126540 ]
[ 38180 of 126540 ]
[ 38200 of 126540 ]
[ 38220 of 126540 ]
[ 38240 of 126540 ]
[ 38260 of 126540 ]
[ 38280 of 126540 ]
[ 38300 of 126540 ]
[ 38320 of 126540 ]
[ 38340 of 126540 ]
[ 38360 of 126540 ]
[ 38380 of 126540 ]
[ 38400 of 126540 ]
[ 38420 of 126540 ]
[ 38440 of 126540 ]
[ 38460 of 126540 ]
[ 38480 of 126540 ]
[ 38500 of 126540 ]
[ 38520 of 126540 ]
[ 38540 of 126540 ]
[ 38560 of 126540 ]
[ 38580 of 126540 ]
[ 38600 of 126540 ]
[ 38620 of 126540 ]
[ 38640 of 126540 ]
[ 38660 of 126540 ]
[ 38680 of 126540 ]
[ 38700 of 126540 ]
[ 38720 of 126540 ]
[ 38740 of 126540 ]
[ 38760 of 126540 ]
[ 38780 of 126540 ]
[ 38800 of 126540 ]
[ 38820 of 126540 ]
[ 38840 of 126540 ]
[ 38860 of 126540 ]
[ 38880 of 126540 ]
[ 38900 of 126540 ]
[ 38920 of 126540 ]
[ 38940 of 126540 ]
[ 38960 of 126540 ]
[ 38980 of 126540 ]
[ 39000 of 126540 ]
[ 39020 of 126540 ]
[ 39040 of 126540 ]
[ 39060 of 126540 ]
[ 39080 of 126540 ]
[ 39100 of 126540 ]
[ 39120 of 126540 ]
[ 39140 of 126540 ]
[ 39160 of 126540 ]
[ 39180 of 126540 ]
[ 39200 of 126540 ]
[ 39220 of 126540 ]
[ 39240 of 126540 ]
[ 39260 of 126540 ]
[ 39280 of 126540 ]
[ 39300 of 126540 ]
[ 39320 of 126540 ]
[ 39340 of 126540 ]
[ 39360 of 126540 ]
[ 39380 of 126540 ]
[ 39400 of 126540 ]
[ 39420 of 126540 ]
[ 39440 of 126540 ]
[ 39460 of 126540 ]
[ 39480 of 126540 ]
[ 39500 of 126540 ]
[ 39520 of 126540 ]
[ 39540 of 126540 ]
[ 39560 of 126540 ]
[ 39580 of 126540 ]
[ 39600 of 126540 ]
[ 39620 of 126540 ]
[ 39640 of 126540 ]
[ 39660 of 126540 ]
[ 39680 of 126540 ]
[ 39700 of 126540 ]
[ 39720 of 126540 ]
[ 39740 of 126540 ]
[ 39760 of 126540 ]
[ 39780 of 126540 ]
[ 39800 of 126540 ]
[ 39820 of 126540 ]
[ 39840 of 126540 ]
[ 39860 of 126540 ]
[ 39880 of 126540 ]
[ 39900 of 126540 ]
[ 39920 of 126540 ]
[ 39940 of 126540 ]
[ 39960 of 126540 ]
[ 39980 of 126540 ]
[ 40000 of 126540 ]
[ 40020 of 126540 ]
[ 40040 of 126540 ]
[ 40060 of 126540 ]
[ 40080 of 126540 ]
[ 40100 of 126540 ]
[ 40120 of 126540 ]
[ 40140 of 126540 ]
[ 40160 of 126540 ]
[ 40180 of 126540 ]
[ 40200 of 126540 ]
[ 40220 of 126540 ]
[ 40240 of 126540 ]
[ 40260 of 126540 ]
[ 40280 of 126540 ]
[ 40300 of 126540 ]
[ 40320 of 126540 ]
[ 40340 of 126540 ]
[ 40360 of 126540 ]
[ 40380 of 126540 ]
[ 40400 of 126540 ]
[ 40420 of 126540 ]
[ 40440 of 126540 ]
[ 40460 of 126540 ]
[ 40480 of 126540 ]
[ 40500 of 126540 ]
[ 40520 of 126540 ]
[ 40540 of 126540 ]
[ 40560 of 126540 ]
[ 40580 of 126540 ]
[ 40600 of 126540 ]
[ 40620 of 126540 ]
[ 40640 of 126540 ]
[ 40660 of 126540 ]
[ 40680 of 126540 ]
[ 40700 of 126540 ]
[ 40720 of 126540 ]
[ 40740 of 126540 ]
[ 40760 of 126540 ]
[ 40780 of 126540 ]
[ 40800 of 126540 ]
[ 40820 of 126540 ]
[ 40840 of 126540 ]
[ 40860 of 126540 ]
[ 40880 of 126540 ]
[ 40900 of 126540 ]
[ 40920 of 126540 ]
[ 40940 of 126540 ]
[ 40960 of 126540 ]
[ 40980 of 126540 ]
[ 41000 of 126540 ]
[ 41020 of 126540 ]
[ 41040 of 126540 ]
[ 41060 of 126540 ]
[ 41080 of 126540 ]
[ 41100 of 126540 ]
[ 41120 of 126540 ]
[ 41140 of 126540 ]
[ 41160 of 126540 ]
[ 41180 of 126540 ]
[ 41200 of 126540 ]
[ 41220 of 126540 ]
[ 41240 of 126540 ]
[ 41260 of 126540 ]
[ 41280 of 126540 ]
[ 41300 of 126540 ]
[ 41320 of 126540 ]
[ 41340 of 126540 ]
[ 41360 of 126540 ]
[ 41380 of 126540 ]
[ 41400 of 126540 ]
[ 41420 of 126540 ]
[ 41440 of 126540 ]
[ 41460 of 126540 ]
[ 41480 of 126540 ]
[ 41500 of 126540 ]
[ 41520 of 126540 ]
[ 41540 of 126540 ]
[ 41560 of 126540 ]
[ 41580 of 126540 ]
[ 41600 of 126540 ]
[ 41620 of 126540 ]
[ 41640 of 126540 ]
[ 41660 of 126540 ]
[ 41680 of 126540 ]
[ 41700 of 126540 ]
[ 41720 of 126540 ]
[ 41740 of 126540 ]
[ 41760 of 126540 ]
[ 41780 of 126540 ]
[ 41800 of 126540 ]
[ 41820 of 126540 ]
[ 41840 of 126540 ]
[ 41860 of 126540 ]
[ 41880 of 126540 ]
[ 41900 of 126540 ]
[ 41920 of 126540 ]
[ 41940 of 126540 ]
[ 41960 of 126540 ]
[ 41980 of 126540 ]
[ 42000 of 126540 ]
[ 42020 of 126540 ]
[ 42040 of 126540 ]
[ 42060 of 126540 ]
[ 42080 of 126540 ]
[ 42100 of 126540 ]
[ 42120 of 126540 ]
[ 42140 of 126540 ]
[ 42160 of 126540 ]
[ 42180 of 126540 ]
[ 42200 of 126540 ]
[ 42220 of 126540 ]
[ 42240 of 126540 ]
[ 42260 of 126540 ]
[ 42280 of 126540 ]
[ 42300 of 126540 ]
[ 42320 of 126540 ]
[ 42340 of 126540 ]
[ 42360 of 126540 ]
[ 42380 of 126540 ]
[ 42400 of 126540 ]
[ 42420 of 126540 ]
[ 42440 of 126540 ]
[ 42460 of 126540 ]
[ 42480 of 126540 ]
[ 42500 of 126540 ]
[ 42520 of 126540 ]
[ 42540 of 126540 ]
[ 42560 of 126540 ]
[ 42580 of 126540 ]
[ 42600 of 126540 ]
[ 42620 of 126540 ]
[ 42640 of 126540 ]
[ 42660 of 126540 ]
[ 42680 of 126540 ]
[ 42700 of 126540 ]
[ 42720 of 126540 ]
[ 42740 of 126540 ]
[ 42760 of 126540 ]
[ 42780 of 126540 ]
[ 42800 of 126540 ]
[ 42820 of 126540 ]
[ 42840 of 126540 ]
[ 42860 of 126540 ]
[ 42880 of 126540 ]
[ 42900 of 126540 ]
[ 42920 of 126540 ]
[ 42940 of 126540 ]
[ 42960 of 126540 ]
[ 42980 of 126540 ]
[ 43000 of 126540 ]
[ 43020 of 126540 ]
[ 43040 of 126540 ]
[ 43060 of 126540 ]
[ 43080 of 126540 ]
[ 43100 of 126540 ]
[ 43120 of 126540 ]
[ 43140 of 126540 ]
[ 43160 of 126540 ]
[ 43180 of 126540 ]
[ 43200 of 126540 ]
[ 43220 of 126540 ]
[ 43240 of 126540 ]
[ 43260 of 126540 ]
[ 43280 of 126540 ]
[ 43300 of 126540 ]
[ 43320 of 126540 ]
[ 43340 of 126540 ]
[ 43360 of 126540 ]
[ 43380 of 126540 ]
[ 43400 of 126540 ]
[ 43420 of 126540 ]
[ 43440 of 126540 ]
[ 43460 of 126540 ]
[ 43480 of 126540 ]
[ 43500 of 126540 ]
[ 43520 of 126540 ]
[ 43540 of 126540 ]
[ 43560 of 126540 ]
[ 43580 of 126540 ]
[ 43600 of 126540 ]
[ 43620 of 126540 ]
[ 43640 of 126540 ]
[ 43660 of 126540 ]
[ 43680 of 126540 ]
[ 43700 of 126540 ]
[ 43720 of 126540 ]
[ 43740 of 126540 ]
[ 43760 of 126540 ]
[ 43780 of 126540 ]
[ 43800 of 126540 ]
[ 43820 of 126540 ]
[ 43840 of 126540 ]
[ 43860 of 126540 ]
[ 43880 of 126540 ]
[ 43900 of 126540 ]
[ 43920 of 126540 ]
[ 43940 of 126540 ]
[ 43960 of 126540 ]
[ 43980 of 126540 ]
[ 44000 of 126540 ]
[ 44020 of 126540 ]
[ 44040 of 126540 ]
[ 44060 of 126540 ]
[ 44080 of 126540 ]
[ 44100 of 126540 ]
[ 44120 of 126540 ]
[ 44140 of 126540 ]
[ 44160 of 126540 ]
[ 44180 of 126540 ]
[ 44200 of 126540 ]
[ 44220 of 126540 ]
[ 44240 of 126540 ]
[ 44260 of 126540 ]
[ 44280 of 126540 ]
[ 44300 of 126540 ]
[ 44320 of 126540 ]
[ 44340 of 126540 ]
[ 44360 of 126540 ]
[ 44380 of 126540 ]
[ 44400 of 126540 ]
[ 44420 of 126540 ]
[ 44440 of 126540 ]
[ 44460 of 126540 ]
[ 44480 of 126540 ]
[ 44500 of 126540 ]
[ 44520 of 126540 ]
[ 44540 of 126540 ]
[ 44560 of 126540 ]
[ 44580 of 126540 ]
[ 44600 of 126540 ]
[ 44620 of 126540 ]
[ 44640 of 126540 ]
[ 44660 of 126540 ]
[ 44680 of 126540 ]
[ 44700 of 126540 ]
[ 44720 of 126540 ]
[ 44740 of 126540 ]
[ 44760 of 126540 ]
[ 44780 of 126540 ]
[ 44800 of 126540 ]
[ 44820 of 126540 ]
[ 44840 of 126540 ]
[ 44860 of 126540 ]
[ 44880 of 126540 ]
[ 44900 of 126540 ]
[ 44920 of 126540 ]
[ 44940 of 126540 ]
[ 44960 of 126540 ]
[ 44980 of 126540 ]
[ 45000 of 126540 ]
[ 45020 of 126540 ]
[ 45040 of 126540 ]
[ 45060 of 126540 ]
[ 45080 of 126540 ]
[ 45100 of 126540 ]
[ 45120 of 126540 ]
[ 45140 of 126540 ]
[ 45160 of 126540 ]
[ 45180 of 126540 ]
[ 45200 of 126540 ]
[ 45220 of 126540 ]
[ 45240 of 126540 ]
[ 45260 of 126540 ]
[ 45280 of 126540 ]
[ 45300 of 126540 ]
[ 45320 of 126540 ]
[ 45340 of 126540 ]
[ 45360 of 126540 ]
[ 45380 of 126540 ]
[ 45400 of 126540 ]
[ 45420 of 126540 ]
[ 45440 of 126540 ]
[ 45460 of 126540 ]
[ 45480 of 126540 ]
[ 45500 of 126540 ]
[ 45520 of 126540 ]
[ 45540 of 126540 ]
[ 45560 of 126540 ]
[ 45580 of 126540 ]
[ 45600 of 126540 ]
[ 45620 of 126540 ]
[ 45640 of 126540 ]
[ 45660 of 126540 ]
[ 45680 of 126540 ]
[ 45700 of 126540 ]
[ 45720 of 126540 ]
[ 45740 of 126540 ]
[ 45760 of 126540 ]
[ 45780 of 126540 ]
[ 45800 of 126540 ]
[ 45820 of 126540 ]
[ 45840 of 126540 ]
[ 45860 of 126540 ]
[ 45880 of 126540 ]
[ 45900 of 126540 ]
[ 45920 of 126540 ]
[ 45940 of 126540 ]
[ 45960 of 126540 ]
[ 45980 of 126540 ]
[ 46000 of 126540 ]
[ 46020 of 126540 ]
[ 46040 of 126540 ]
[ 46060 of 126540 ]
[ 46080 of 126540 ]
[ 46100 of 126540 ]
[ 46120 of 126540 ]
[ 46140 of 126540 ]
[ 46160 of 126540 ]
[ 46180 of 126540 ]
[ 46200 of 126540 ]
[ 46220 of 126540 ]
[ 46240 of 126540 ]
[ 46260 of 126540 ]
[ 46280 of 126540 ]
[ 46300 of 126540 ]
[ 46320 of 126540 ]
[ 46340 of 126540 ]
[ 46360 of 126540 ]
[ 46380 of 126540 ]
[ 46400 of 126540 ]
[ 46420 of 126540 ]
[ 46440 of 126540 ]
[ 46460 of 126540 ]
[ 46480 of 126540 ]
[ 46500 of 126540 ]
[ 46520 of 126540 ]
[ 46540 of 126540 ]
[ 46560 of 126540 ]
[ 46580 of 126540 ]
[ 46600 of 126540 ]
[ 46620 of 126540 ]
[ 46640 of 126540 ]
[ 46660 of 126540 ]
[ 46680 of 126540 ]
[ 46700 of 126540 ]
[ 46720 of 126540 ]
[ 46740 of 126540 ]
[ 46760 of 126540 ]
[ 46780 of 126540 ]
[ 46800 of 126540 ]
[ 46820 of 126540 ]
[ 46840 of 126540 ]
[ 46860 of 126540 ]
[ 46880 of 126540 ]
[ 46900 of 126540 ]
[ 46920 of 126540 ]
[ 46940 of 126540 ]
[ 46960 of 126540 ]
[ 46980 of 126540 ]
[ 47000 of 126540 ]
[ 47020 of 126540 ]
[ 47040 of 126540 ]
[ 47060 of 126540 ]
[ 47080 of 126540 ]
[ 47100 of 126540 ]
[ 47120 of 126540 ]
[ 47140 of 126540 ]
[ 47160 of 126540 ]
[ 47180 of 126540 ]
[ 47200 of 126540 ]
[ 47220 of 126540 ]
[ 47240 of 126540 ]
[ 47260 of 126540 ]
[ 47280 of 126540 ]
[ 47300 of 126540 ]
[ 47320 of 126540 ]
[ 47340 of 126540 ]
[ 47360 of 126540 ]
[ 47380 of 126540 ]
[ 47400 of 126540 ]
[ 47420 of 126540 ]
[ 47440 of 126540 ]
[ 47460 of 126540 ]
[ 47480 of 126540 ]
[ 47500 of 126540 ]
[ 47520 of 126540 ]
[ 47540 of 126540 ]
[ 47560 of 126540 ]
[ 47580 of 126540 ]
[ 47600 of 126540 ]
[ 47620 of 126540 ]
[ 47640 of 126540 ]
[ 47660 of 126540 ]
[ 47680 of 126540 ]
[ 47700 of 126540 ]
[ 47720 of 126540 ]
[ 47740 of 126540 ]
[ 47760 of 126540 ]
[ 47780 of 126540 ]
[ 47800 of 126540 ]
[ 47820 of 126540 ]
[ 47840 of 126540 ]
[ 47860 of 126540 ]
[ 47880 of 126540 ]
[ 47900 of 126540 ]
[ 47920 of 126540 ]
[ 47940 of 126540 ]
[ 47960 of 126540 ]
[ 47980 of 126540 ]
[ 48000 of 126540 ]
[ 48020 of 126540 ]
[ 48040 of 126540 ]
[ 48060 of 126540 ]
[ 48080 of 126540 ]
[ 48100 of 126540 ]
[ 48120 of 126540 ]
[ 48140 of 126540 ]
[ 48160 of 126540 ]
[ 48180 of 126540 ]
[ 48200 of 126540 ]
[ 48220 of 126540 ]
[ 48240 of 126540 ]
[ 48260 of 126540 ]
[ 48280 of 126540 ]
[ 48300 of 126540 ]
[ 48320 of 126540 ]
[ 48340 of 126540 ]
[ 48360 of 126540 ]
[ 48380 of 126540 ]
[ 48400 of 126540 ]
[ 48420 of 126540 ]
[ 48440 of 126540 ]
[ 48460 of 126540 ]
[ 48480 of 126540 ]
[ 48500 of 126540 ]
[ 48520 of 126540 ]
[ 48540 of 126540 ]
[ 48560 of 126540 ]
[ 48580 of 126540 ]
[ 48600 of 126540 ]
[ 48620 of 126540 ]
[ 48640 of 126540 ]
[ 48660 of 126540 ]
[ 48680 of 126540 ]
[ 48700 of 126540 ]
[ 48720 of 126540 ]
[ 48740 of 126540 ]
[ 48760 of 126540 ]
[ 48780 of 126540 ]
[ 48800 of 126540 ]
[ 48820 of 126540 ]
[ 48840 of 126540 ]
[ 48860 of 126540 ]
[ 48880 of 126540 ]
[ 48900 of 126540 ]
[ 48920 of 126540 ]
[ 48940 of 126540 ]
[ 48960 of 126540 ]
[ 48980 of 126540 ]
[ 49000 of 126540 ]
[ 49020 of 126540 ]
[ 49040 of 126540 ]
[ 49060 of 126540 ]
[ 49080 of 126540 ]
[ 49100 of 126540 ]
[ 49120 of 126540 ]
[ 49140 of 126540 ]
[ 49160 of 126540 ]
[ 49180 of 126540 ]
[ 49200 of 126540 ]
[ 49220 of 126540 ]
[ 49240 of 126540 ]
[ 49260 of 126540 ]
[ 49280 of 126540 ]
[ 49300 of 126540 ]
[ 49320 of 126540 ]
[ 49340 of 126540 ]
[ 49360 of 126540 ]
[ 49380 of 126540 ]
[ 49400 of 126540 ]
[ 49420 of 126540 ]
[ 49440 of 126540 ]
[ 49460 of 126540 ]
[ 49480 of 126540 ]
[ 49500 of 126540 ]
[ 49520 of 126540 ]
[ 49540 of 126540 ]
[ 49560 of 126540 ]
[ 49580 of 126540 ]
[ 49600 of 126540 ]
[ 49620 of 126540 ]
[ 49640 of 126540 ]
[ 49660 of 126540 ]
[ 49680 of 126540 ]
[ 49700 of 126540 ]
[ 49720 of 126540 ]
[ 49740 of 126540 ]
[ 49760 of 126540 ]
[ 49780 of 126540 ]
[ 49800 of 126540 ]
[ 49820 of 126540 ]
[ 49840 of 126540 ]
[ 49860 of 126540 ]
[ 49880 of 126540 ]
[ 49900 of 126540 ]
[ 49920 of 126540 ]
[ 49940 of 126540 ]
[ 49960 of 126540 ]
[ 49980 of 126540 ]
[ 50000 of 126540 ]
[ 50020 of 126540 ]
[ 50040 of 126540 ]
[ 50060 of 126540 ]
[ 50080 of 126540 ]
[ 50100 of 126540 ]
[ 50120 of 126540 ]
[ 50140 of 126540 ]
[ 50160 of 126540 ]
[ 50180 of 126540 ]
[ 50200 of 126540 ]
[ 50220 of 126540 ]
[ 50240 of 126540 ]
[ 50260 of 126540 ]
[ 50280 of 126540 ]
[ 50300 of 126540 ]
[ 50320 of 126540 ]
[ 50340 of 126540 ]
[ 50360 of 126540 ]
[ 50380 of 126540 ]
[ 50400 of 126540 ]
[ 50420 of 126540 ]
[ 50440 of 126540 ]
[ 50460 of 126540 ]
[ 50480 of 126540 ]
[ 50500 of 126540 ]
[ 50520 of 126540 ]
[ 50540 of 126540 ]
[ 50560 of 126540 ]
[ 50580 of 126540 ]
[ 50600 of 126540 ]
[ 50620 of 126540 ]
[ 50640 of 126540 ]
[ 50660 of 126540 ]
[ 50680 of 126540 ]
[ 50700 of 126540 ]
[ 50720 of 126540 ]
[ 50740 of 126540 ]
[ 50760 of 126540 ]
[ 50780 of 126540 ]
[ 50800 of 126540 ]
[ 50820 of 126540 ]
[ 50840 of 126540 ]
[ 50860 of 126540 ]
[ 50880 of 126540 ]
[ 50900 of 126540 ]
[ 50920 of 126540 ]
[ 50940 of 126540 ]
[ 50960 of 126540 ]
[ 50980 of 126540 ]
[ 51000 of 126540 ]
[ 51020 of 126540 ]
[ 51040 of 126540 ]
[ 51060 of 126540 ]
[ 51080 of 126540 ]
[ 51100 of 126540 ]
[ 51120 of 126540 ]
[ 51140 of 126540 ]
[ 51160 of 126540 ]
[ 51180 of 126540 ]
[ 51200 of 126540 ]
[ 51220 of 126540 ]
[ 51240 of 126540 ]
[ 51260 of 126540 ]
[ 51280 of 126540 ]
[ 51300 of 126540 ]
[ 51320 of 126540 ]
[ 51340 of 126540 ]
[ 51360 of 126540 ]
[ 51380 of 126540 ]
[ 51400 of 126540 ]
[ 51420 of 126540 ]
[ 51440 of 126540 ]
[ 51460 of 126540 ]
[ 51480 of 126540 ]
[ 51500 of 126540 ]
[ 51520 of 126540 ]
[ 51540 of 126540 ]
[ 51560 of 126540 ]
[ 51580 of 126540 ]
[ 51600 of 126540 ]
[ 51620 of 126540 ]
[ 51640 of 126540 ]
[ 51660 of 126540 ]
[ 51680 of 126540 ]
[ 51700 of 126540 ]
[ 51720 of 126540 ]
[ 51740 of 126540 ]
[ 51760 of 126540 ]
[ 51780 of 126540 ]
[ 51800 of 126540 ]
[ 51820 of 126540 ]
[ 51840 of 126540 ]
[ 51860 of 126540 ]
[ 51880 of 126540 ]
[ 51900 of 126540 ]
[ 51920 of 126540 ]
[ 51940 of 126540 ]
[ 51960 of 126540 ]
[ 51980 of 126540 ]
[ 52000 of 126540 ]
[ 52020 of 126540 ]
[ 52040 of 126540 ]
[ 52060 of 126540 ]
[ 52080 of 126540 ]
[ 52100 of 126540 ]
[ 52120 of 126540 ]
[ 52140 of 126540 ]
[ 52160 of 126540 ]
[ 52180 of 126540 ]
[ 52200 of 126540 ]
[ 52220 of 126540 ]
[ 52240 of 126540 ]
[ 52260 of 126540 ]
[ 52280 of 126540 ]
[ 52300 of 126540 ]
[ 52320 of 126540 ]
[ 52340 of 126540 ]
[ 52360 of 126540 ]
[ 52380 of 126540 ]
[ 52400 of 126540 ]
[ 52420 of 126540 ]
[ 52440 of 126540 ]
[ 52460 of 126540 ]
[ 52480 of 126540 ]
[ 52500 of 126540 ]
[ 52520 of 126540 ]
[ 52540 of 126540 ]
[ 52560 of 126540 ]
[ 52580 of 126540 ]
[ 52600 of 126540 ]
[ 52620 of 126540 ]
[ 52640 of 126540 ]
[ 52660 of 126540 ]
[ 52680 of 126540 ]
[ 52700 of 126540 ]
[ 52720 of 126540 ]
[ 52740 of 126540 ]
[ 52760 of 126540 ]
[ 52780 of 126540 ]
[ 52800 of 126540 ]
[ 52820 of 126540 ]
[ 52840 of 126540 ]
[ 52860 of 126540 ]
[ 52880 of 126540 ]
[ 52900 of 126540 ]
[ 52920 of 126540 ]
[ 52940 of 126540 ]
[ 52960 of 126540 ]
[ 52980 of 126540 ]
[ 53000 of 126540 ]
[ 53020 of 126540 ]
[ 53040 of 126540 ]
[ 53060 of 126540 ]
[ 53080 of 126540 ]
[ 53100 of 126540 ]
[ 53120 of 126540 ]
[ 53140 of 126540 ]
[ 53160 of 126540 ]
[ 53180 of 126540 ]
[ 53200 of 126540 ]
[ 53220 of 126540 ]
[ 53240 of 126540 ]
[ 53260 of 126540 ]
[ 53280 of 126540 ]
[ 53300 of 126540 ]
[ 53320 of 126540 ]
[ 53340 of 126540 ]
[ 53360 of 126540 ]
[ 53380 of 126540 ]
[ 53400 of 126540 ]
[ 53420 of 126540 ]
[ 53440 of 126540 ]
[ 53460 of 126540 ]
[ 53480 of 126540 ]
[ 53500 of 126540 ]
[ 53520 of 126540 ]
[ 53540 of 126540 ]
[ 53560 of 126540 ]
[ 53580 of 126540 ]
[ 53600 of 126540 ]
[ 53620 of 126540 ]
[ 53640 of 126540 ]
[ 53660 of 126540 ]
[ 53680 of 126540 ]
[ 53700 of 126540 ]
[ 53720 of 126540 ]
[ 53740 of 126540 ]
[ 53760 of 126540 ]
[ 53780 of 126540 ]
[ 53800 of 126540 ]
[ 53820 of 126540 ]
[ 53840 of 126540 ]
[ 53860 of 126540 ]
[ 53880 of 126540 ]
[ 53900 of 126540 ]
[ 53920 of 126540 ]
[ 53940 of 126540 ]
[ 53960 of 126540 ]
[ 53980 of 126540 ]
[ 54000 of 126540 ]
[ 54020 of 126540 ]
[ 54040 of 126540 ]
[ 54060 of 126540 ]
[ 54080 of 126540 ]
[ 54100 of 126540 ]
[ 54120 of 126540 ]
[ 54140 of 126540 ]
[ 54160 of 126540 ]
[ 54180 of 126540 ]
[ 54200 of 126540 ]
[ 54220 of 126540 ]
[ 54240 of 126540 ]
[ 54260 of 126540 ]
[ 54280 of 126540 ]
[ 54300 of 126540 ]
[ 54320 of 126540 ]
[ 54340 of 126540 ]
[ 54360 of 126540 ]
[ 54380 of 126540 ]
[ 54400 of 126540 ]
[ 54420 of 126540 ]
[ 54440 of 126540 ]
[ 54460 of 126540 ]
[ 54480 of 126540 ]
[ 54500 of 126540 ]
[ 54520 of 126540 ]
[ 54540 of 126540 ]
[ 54560 of 126540 ]
[ 54580 of 126540 ]
[ 54600 of 126540 ]
[ 54620 of 126540 ]
[ 54640 of 126540 ]
[ 54660 of 126540 ]
[ 54680 of 126540 ]
[ 54700 of 126540 ]
[ 54720 of 126540 ]
[ 54740 of 126540 ]
[ 54760 of 126540 ]
[ 54780 of 126540 ]
[ 54800 of 126540 ]
[ 54820 of 126540 ]
[ 54840 of 126540 ]
[ 54860 of 126540 ]
[ 54880 of 126540 ]
[ 54900 of 126540 ]
[ 54920 of 126540 ]
[ 54940 of 126540 ]
[ 54960 of 126540 ]
[ 54980 of 126540 ]
[ 55000 of 126540 ]
[ 55020 of 126540 ]
[ 55040 of 126540 ]
[ 55060 of 126540 ]
[ 55080 of 126540 ]
[ 55100 of 126540 ]
[ 55120 of 126540 ]
[ 55140 of 126540 ]
[ 55160 of 126540 ]
[ 55180 of 126540 ]
[ 55200 of 126540 ]
[ 55220 of 126540 ]
[ 55240 of 126540 ]
[ 55260 of 126540 ]
[ 55280 of 126540 ]
[ 55300 of 126540 ]
[ 55320 of 126540 ]
[ 55340 of 126540 ]
[ 55360 of 126540 ]
[ 55380 of 126540 ]
[ 55400 of 126540 ]
[ 55420 of 126540 ]
[ 55440 of 126540 ]
[ 55460 of 126540 ]
[ 55480 of 126540 ]
[ 55500 of 126540 ]
[ 55520 of 126540 ]
[ 55540 of 126540 ]
[ 55560 of 126540 ]
[ 55580 of 126540 ]
[ 55600 of 126540 ]
[ 55620 of 126540 ]
[ 55640 of 126540 ]
[ 55660 of 126540 ]
[ 55680 of 126540 ]
[ 55700 of 126540 ]
[ 55720 of 126540 ]
[ 55740 of 126540 ]
[ 55760 of 126540 ]
[ 55780 of 126540 ]
[ 55800 of 126540 ]
[ 55820 of 126540 ]
[ 55840 of 126540 ]
[ 55860 of 126540 ]
[ 55880 of 126540 ]
[ 55900 of 126540 ]
[ 55920 of 126540 ]
[ 55940 of 126540 ]
[ 55960 of 126540 ]
[ 55980 of 126540 ]
[ 56000 of 126540 ]
[ 56020 of 126540 ]
[ 56040 of 126540 ]
[ 56060 of 126540 ]
[ 56080 of 126540 ]
[ 56100 of 126540 ]
[ 56120 of 126540 ]
[ 56140 of 126540 ]
[ 56160 of 126540 ]
[ 56180 of 126540 ]
[ 56200 of 126540 ]
[ 56220 of 126540 ]
[ 56240 of 126540 ]
[ 56260 of 126540 ]
[ 56280 of 126540 ]
[ 56300 of 126540 ]
[ 56320 of 126540 ]
[ 56340 of 126540 ]
[ 56360 of 126540 ]
[ 56380 of 126540 ]
[ 56400 of 126540 ]
[ 56420 of 126540 ]
[ 56440 of 126540 ]
[ 56460 of 126540 ]
[ 56480 of 126540 ]
[ 56500 of 126540 ]
[ 56520 of 126540 ]
[ 56540 of 126540 ]
[ 56560 of 126540 ]
[ 56580 of 126540 ]
[ 56600 of 126540 ]
[ 56620 of 126540 ]
[ 56640 of 126540 ]
[ 56660 of 126540 ]
[ 56680 of 126540 ]
[ 56700 of 126540 ]
[ 56720 of 126540 ]
[ 56740 of 126540 ]
[ 56760 of 126540 ]
[ 56780 of 126540 ]
[ 56800 of 126540 ]
[ 56820 of 126540 ]
[ 56840 of 126540 ]
[ 56860 of 126540 ]
[ 56880 of 126540 ]
[ 56900 of 126540 ]
[ 56920 of 126540 ]
[ 56940 of 126540 ]
[ 56960 of 126540 ]
[ 56980 of 126540 ]
[ 57000 of 126540 ]
[ 57020 of 126540 ]
[ 57040 of 126540 ]
[ 57060 of 126540 ]
[ 57080 of 126540 ]
[ 57100 of 126540 ]
[ 57120 of 126540 ]
[ 57140 of 126540 ]
[ 57160 of 126540 ]
[ 57180 of 126540 ]
[ 57200 of 126540 ]
[ 57220 of 126540 ]
[ 57240 of 126540 ]
[ 57260 of 126540 ]
[ 57280 of 126540 ]
[ 57300 of 126540 ]
[ 57320 of 126540 ]
[ 57340 of 126540 ]
[ 57360 of 126540 ]
[ 57380 of 126540 ]
[ 57400 of 126540 ]
[ 57420 of 126540 ]
[ 57440 of 126540 ]
[ 57460 of 126540 ]
[ 57480 of 126540 ]
[ 57500 of 126540 ]
[ 57520 of 126540 ]
[ 57540 of 126540 ]
[ 57560 of 126540 ]
[ 57580 of 126540 ]
[ 57600 of 126540 ]
[ 57620 of 126540 ]
[ 57640 of 126540 ]
[ 57660 of 126540 ]
[ 57680 of 126540 ]
[ 57700 of 126540 ]
[ 57720 of 126540 ]
[ 57740 of 126540 ]
[ 57760 of 126540 ]
[ 57780 of 126540 ]
[ 57800 of 126540 ]
[ 57820 of 126540 ]
[ 57840 of 126540 ]
[ 57860 of 126540 ]
[ 57880 of 126540 ]
[ 57900 of 126540 ]
[ 57920 of 126540 ]
[ 57940 of 126540 ]
[ 57960 of 126540 ]
[ 57980 of 126540 ]
[ 58000 of 126540 ]
[ 58020 of 126540 ]
[ 58040 of 126540 ]
[ 58060 of 126540 ]
[ 58080 of 126540 ]
[ 58100 of 126540 ]
[ 58120 of 126540 ]
[ 58140 of 126540 ]
[ 58160 of 126540 ]
[ 58180 of 126540 ]
[ 58200 of 126540 ]
[ 58220 of 126540 ]
[ 58240 of 126540 ]
[ 58260 of 126540 ]
[ 58280 of 126540 ]
[ 58300 of 126540 ]
[ 58320 of 126540 ]
[ 58340 of 126540 ]
[ 58360 of 126540 ]
[ 58380 of 126540 ]
[ 58400 of 126540 ]
[ 58420 of 126540 ]
[ 58440 of 126540 ]
[ 58460 of 126540 ]
[ 58480 of 126540 ]
[ 58500 of 126540 ]
[ 58520 of 126540 ]
[ 58540 of 126540 ]
[ 58560 of 126540 ]
[ 58580 of 126540 ]
[ 58600 of 126540 ]
[ 58620 of 126540 ]
[ 58640 of 126540 ]
[ 58660 of 126540 ]
[ 58680 of 126540 ]
[ 58700 of 126540 ]
[ 58720 of 126540 ]
[ 58740 of 126540 ]
[ 58760 of 126540 ]
[ 58780 of 126540 ]
[ 58800 of 126540 ]
[ 58820 of 126540 ]
[ 58840 of 126540 ]
[ 58860 of 126540 ]
[ 58880 of 126540 ]
[ 58900 of 126540 ]
[ 58920 of 126540 ]
[ 58940 of 126540 ]
[ 58960 of 126540 ]
[ 58980 of 126540 ]
[ 59000 of 126540 ]
[ 59020 of 126540 ]
[ 59040 of 126540 ]
[ 59060 of 126540 ]
[ 59080 of 126540 ]
[ 59100 of 126540 ]
[ 59120 of 126540 ]
[ 59140 of 126540 ]
[ 59160 of 126540 ]
[ 59180 of 126540 ]
[ 59200 of 126540 ]
[ 59220 of 126540 ]
[ 59240 of 126540 ]
[ 59260 of 126540 ]
[ 59280 of 126540 ]
[ 59300 of 126540 ]
[ 59320 of 126540 ]
[ 59340 of 126540 ]
[ 59360 of 126540 ]
[ 59380 of 126540 ]
[ 59400 of 126540 ]
[ 59420 of 126540 ]
[ 59440 of 126540 ]
[ 59460 of 126540 ]
[ 59480 of 126540 ]
[ 59500 of 126540 ]
[ 59520 of 126540 ]
[ 59540 of 126540 ]
[ 59560 of 126540 ]
[ 59580 of 126540 ]
[ 59600 of 126540 ]
[ 59620 of 126540 ]
[ 59640 of 126540 ]
[ 59660 of 126540 ]
[ 59680 of 126540 ]
[ 59700 of 126540 ]
[ 59720 of 126540 ]
[ 59740 of 126540 ]
[ 59760 of 126540 ]
[ 59780 of 126540 ]
[ 59800 of 126540 ]
[ 59820 of 126540 ]
[ 59840 of 126540 ]
[ 59860 of 126540 ]
[ 59880 of 126540 ]
[ 59900 of 126540 ]
[ 59920 of 126540 ]
[ 59940 of 126540 ]
[ 59960 of 126540 ]
[ 59980 of 126540 ]
[ 60000 of 126540 ]
[ 60020 of 126540 ]
[ 60040 of 126540 ]
[ 60060 of 126540 ]
[ 60080 of 126540 ]
[ 60100 of 126540 ]
[ 60120 of 126540 ]
[ 60140 of 126540 ]
[ 60160 of 126540 ]
[ 60180 of 126540 ]
[ 60200 of 126540 ]
[ 60220 of 126540 ]
[ 60240 of 126540 ]
[ 60260 of 126540 ]
[ 60280 of 126540 ]
[ 60300 of 126540 ]
[ 60320 of 126540 ]
[ 60340 of 126540 ]
[ 60360 of 126540 ]
[ 60380 of 126540 ]
[ 60400 of 126540 ]
[ 60420 of 126540 ]
[ 60440 of 126540 ]
[ 60460 of 126540 ]
[ 60480 of 126540 ]
[ 60500 of 126540 ]
[ 60520 of 126540 ]
[ 60540 of 126540 ]
[ 60560 of 126540 ]
[ 60580 of 126540 ]
[ 60600 of 126540 ]
[ 60620 of 126540 ]
[ 60640 of 126540 ]
[ 60660 of 126540 ]
[ 60680 of 126540 ]
[ 60700 of 126540 ]
[ 60720 of 126540 ]
[ 60740 of 126540 ]
[ 60760 of 126540 ]
[ 60780 of 126540 ]
[ 60800 of 126540 ]
[ 60820 of 126540 ]
[ 60840 of 126540 ]
[ 60860 of 126540 ]
[ 60880 of 126540 ]
[ 60900 of 126540 ]
[ 60920 of 126540 ]
[ 60940 of 126540 ]
[ 60960 of 126540 ]
[ 60980 of 126540 ]
[ 61000 of 126540 ]
[ 61020 of 126540 ]
[ 61040 of 126540 ]
[ 61060 of 126540 ]
[ 61080 of 126540 ]
[ 61100 of 126540 ]
[ 61120 of 126540 ]
[ 61140 of 126540 ]
[ 61160 of 126540 ]
[ 61180 of 126540 ]
[ 61200 of 126540 ]
[ 61220 of 126540 ]
[ 61240 of 126540 ]
[ 61260 of 126540 ]
[ 61280 of 126540 ]
[ 61300 of 126540 ]
[ 61320 of 126540 ]
[ 61340 of 126540 ]
[ 61360 of 126540 ]
[ 61380 of 126540 ]
[ 61400 of 126540 ]
[ 61420 of 126540 ]
[ 61440 of 126540 ]
[ 61460 of 126540 ]
[ 61480 of 126540 ]
[ 61500 of 126540 ]
[ 61520 of 126540 ]
[ 61540 of 126540 ]
[ 61560 of 126540 ]
[ 61580 of 126540 ]
[ 61600 of 126540 ]
[ 61620 of 126540 ]
[ 61640 of 126540 ]
[ 61660 of 126540 ]
[ 61680 of 126540 ]
[ 61700 of 126540 ]
[ 61720 of 126540 ]
[ 61740 of 126540 ]
[ 61760 of 126540 ]
[ 61780 of 126540 ]
[ 61800 of 126540 ]
[ 61820 of 126540 ]
[ 61840 of 126540 ]
[ 61860 of 126540 ]
[ 61880 of 126540 ]
[ 61900 of 126540 ]
[ 61920 of 126540 ]
[ 61940 of 126540 ]
[ 61960 of 126540 ]
[ 61980 of 126540 ]
[ 62000 of 126540 ]
[ 62020 of 126540 ]
[ 62040 of 126540 ]
[ 62060 of 126540 ]
[ 62080 of 126540 ]
[ 62100 of 126540 ]
[ 62120 of 126540 ]
[ 62140 of 126540 ]
[ 62160 of 126540 ]
[ 62180 of 126540 ]
[ 62200 of 126540 ]
[ 62220 of 126540 ]
[ 62240 of 126540 ]
[ 62260 of 126540 ]
[ 62280 of 126540 ]
[ 62300 of 126540 ]
[ 62320 of 126540 ]
[ 62340 of 126540 ]
[ 62360 of 126540 ]
[ 62380 of 126540 ]
[ 62400 of 126540 ]
[ 62420 of 126540 ]
[ 62440 of 126540 ]
[ 62460 of 126540 ]
[ 62480 of 126540 ]
[ 62500 of 126540 ]
[ 62520 of 126540 ]
[ 62540 of 126540 ]
[ 62560 of 126540 ]
[ 62580 of 126540 ]
[ 62600 of 126540 ]
[ 62620 of 126540 ]
[ 62640 of 126540 ]
[ 62660 of 126540 ]
[ 62680 of 126540 ]
[ 62700 of 126540 ]
[ 62720 of 126540 ]
[ 62740 of 126540 ]
[ 62760 of 126540 ]
[ 62780 of 126540 ]
[ 62800 of 126540 ]
[ 62820 of 126540 ]
[ 62840 of 126540 ]
[ 62860 of 126540 ]
[ 62880 of 126540 ]
[ 62900 of 126540 ]
[ 62920 of 126540 ]
[ 62940 of 126540 ]
[ 62960 of 126540 ]
[ 62980 of 126540 ]
[ 63000 of 126540 ]
[ 63020 of 126540 ]
[ 63040 of 126540 ]
[ 63060 of 126540 ]
[ 63080 of 126540 ]
[ 63100 of 126540 ]
[ 63120 of 126540 ]
[ 63140 of 126540 ]
[ 63160 of 126540 ]
[ 63180 of 126540 ]
[ 63200 of 126540 ]
[ 63220 of 126540 ]
[ 63240 of 126540 ]
[ 63260 of 126540 ]
[ 63280 of 126540 ]
[ 63300 of 126540 ]
[ 63320 of 126540 ]
[ 63340 of 126540 ]
[ 63360 of 126540 ]
[ 63380 of 126540 ]
[ 63400 of 126540 ]
[ 63420 of 126540 ]
[ 63440 of 126540 ]
[ 63460 of 126540 ]
[ 63480 of 126540 ]
[ 63500 of 126540 ]
[ 63520 of 126540 ]
[ 63540 of 126540 ]
[ 63560 of 126540 ]
[ 63580 of 126540 ]
[ 63600 of 126540 ]
[ 63620 of 126540 ]
[ 63640 of 126540 ]
[ 63660 of 126540 ]
[ 63680 of 126540 ]
[ 63700 of 126540 ]
[ 63720 of 126540 ]
[ 63740 of 126540 ]
[ 63760 of 126540 ]
[ 63780 of 126540 ]
[ 63800 of 126540 ]
[ 63820 of 126540 ]
[ 63840 of 126540 ]
[ 63860 of 126540 ]
[ 63880 of 126540 ]
[ 63900 of 126540 ]
[ 63920 of 126540 ]
[ 63940 of 126540 ]
[ 63960 of 126540 ]
[ 63980 of 126540 ]
[ 64000 of 126540 ]
[ 64020 of 126540 ]
[ 64040 of 126540 ]
[ 64060 of 126540 ]
[ 64080 of 126540 ]
[ 64100 of 126540 ]
[ 64120 of 126540 ]
[ 64140 of 126540 ]
[ 64160 of 126540 ]
[ 64180 of 126540 ]
[ 64200 of 126540 ]
[ 64220 of 126540 ]
[ 64240 of 126540 ]
[ 64260 of 126540 ]
[ 64280 of 126540 ]
[ 64300 of 126540 ]
[ 64320 of 126540 ]
[ 64340 of 126540 ]
[ 64360 of 126540 ]
[ 64380 of 126540 ]
[ 64400 of 126540 ]
[ 64420 of 126540 ]
[ 64440 of 126540 ]
[ 64460 of 126540 ]
[ 64480 of 126540 ]
[ 64500 of 126540 ]
[ 64520 of 126540 ]
[ 64540 of 126540 ]
[ 64560 of 126540 ]
[ 64580 of 126540 ]
[ 64600 of 126540 ]
[ 64620 of 126540 ]
[ 64640 of 126540 ]
[ 64660 of 126540 ]
[ 64680 of 126540 ]
[ 64700 of 126540 ]
[ 64720 of 126540 ]
[ 64740 of 126540 ]
[ 64760 of 126540 ]
[ 64780 of 126540 ]
[ 64800 of 126540 ]
[ 64820 of 126540 ]
[ 64840 of 126540 ]
[ 64860 of 126540 ]
[ 64880 of 126540 ]
[ 64900 of 126540 ]
[ 64920 of 126540 ]
[ 64940 of 126540 ]
[ 64960 of 126540 ]
[ 64980 of 126540 ]
[ 65000 of 126540 ]
[ 65020 of 126540 ]
[ 65040 of 126540 ]
[ 65060 of 126540 ]
[ 65080 of 126540 ]
[ 65100 of 126540 ]
[ 65120 of 126540 ]
[ 65140 of 126540 ]
[ 65160 of 126540 ]
[ 65180 of 126540 ]
[ 65200 of 126540 ]
[ 65220 of 126540 ]
[ 65240 of 126540 ]
[ 65260 of 126540 ]
[ 65280 of 126540 ]
[ 65300 of 126540 ]
[ 65320 of 126540 ]
[ 65340 of 126540 ]
[ 65360 of 126540 ]
[ 65380 of 126540 ]
[ 65400 of 126540 ]
[ 65420 of 126540 ]
[ 65440 of 126540 ]
[ 65460 of 126540 ]
[ 65480 of 126540 ]
[ 65500 of 126540 ]
[ 65520 of 126540 ]
[ 65540 of 126540 ]
[ 65560 of 126540 ]
[ 65580 of 126540 ]
[ 65600 of 126540 ]
[ 65620 of 126540 ]
[ 65640 of 126540 ]
[ 65660 of 126540 ]
[ 65680 of 126540 ]
[ 65700 of 126540 ]
[ 65720 of 126540 ]
[ 65740 of 126540 ]
[ 65760 of 126540 ]
[ 65780 of 126540 ]
[ 65800 of 126540 ]
[ 65820 of 126540 ]
[ 65840 of 126540 ]
[ 65860 of 126540 ]
[ 65880 of 126540 ]
[ 65900 of 126540 ]
