/home/tscherli/.bashrc: line 15: bind: warning: line editing not enabled
/home/tscherli/.bashrc: line 16: bind: warning: line editing not enabled
/home/tscherli/.bashrc: line 17: bind: warning: line editing not enabled
/home/tscherli/.bashrc: line 18: bind: warning: line editing not enabled
+ wait
+ nvidia-docker run -v /data/datasets:/data/datasets -v /home/tscherli:/home/tscherli tscherli/alphatraining python3 /data/datasets/tscherli/task2/train/resbase/resgates1.py
2019-03-05 09:13:29.973415: I tensorflow/core/platform/cpu_feature_guard.cc:141] Your CPU supports instructions that this TensorFlow binary was not compiled to use: AVX2 FMA
2019-03-05 09:13:30.226544: I tensorflow/core/common_runtime/gpu/gpu_device.cc:1432] Found device 0 with properties: 
name: TITAN X (Pascal) major: 6 minor: 1 memoryClockRate(GHz): 1.531
pciBusID: 0000:03:00.0
totalMemory: 11.91GiB freeMemory: 11.75GiB
2019-03-05 09:13:30.410338: I tensorflow/core/common_runtime/gpu/gpu_device.cc:1432] Found device 1 with properties: 
name: TITAN X (Pascal) major: 6 minor: 1 memoryClockRate(GHz): 1.531
pciBusID: 0000:81:00.0
totalMemory: 11.91GiB freeMemory: 448.06MiB
2019-03-05 09:13:30.410423: I tensorflow/core/common_runtime/gpu/gpu_device.cc:1511] Adding visible gpu devices: 0, 1
2019-03-05 09:13:31.358742: I tensorflow/core/common_runtime/gpu/gpu_device.cc:982] Device interconnect StreamExecutor with strength 1 edge matrix:
2019-03-05 09:13:31.358790: I tensorflow/core/common_runtime/gpu/gpu_device.cc:988]      0 1 
2019-03-05 09:13:31.358796: I tensorflow/core/common_runtime/gpu/gpu_device.cc:1001] 0:   N N 
2019-03-05 09:13:31.358800: I tensorflow/core/common_runtime/gpu/gpu_device.cc:1001] 1:   N N 
2019-03-05 09:13:31.359245: I tensorflow/core/common_runtime/gpu/gpu_device.cc:1115] Created TensorFlow device (/job:localhost/replica:0/task:0/device:GPU:0 with 11374 MB memory) -> physical GPU (device: 0, name: TITAN X (Pascal), pci bus id: 0000:03:00.0, compute capability: 6.1)
2019-03-05 09:13:31.360004: I tensorflow/core/common_runtime/gpu/gpu_device.cc:1115] Created TensorFlow device (/job:localhost/replica:0/task:0/device:GPU:1 with 159 MB memory) -> physical GPU (device: 1, name: TITAN X (Pascal), pci bus id: 0000:81:00.0, compute capability: 6.1)
Using TensorFlow backend.
/usr/local/lib/python3.5/dist-packages/keras_applications/resnet50.py:265: UserWarning: The output shape of `ResNet50(include_top=False)` has been changed since Keras 2.2.0.
  warnings.warn('The output shape of `ResNet50(include_top=False)` '
/data/datasets/tscherli/task2/train/resbase/resgates1.py:147: UserWarning: Update your `Conv2D` call to the Keras 2 API: `Conv2D(512, (3, 2), activation="relu", kernel_initializer="he_normal")`
  model.add(Conv2D(512,3,2, activation="relu",kernel_initializer='he_normal'))
/data/datasets/tscherli/task2/train/resbase/resgates1.py:148: UserWarning: Update your `Conv2D` call to the Keras 2 API: `Conv2D(256, (3, 2), activation="relu", kernel_initializer="he_normal")`
  model.add(Conv2D(256,3,2, activation="relu",kernel_initializer='he_normal'))
/data/datasets/tscherli/task2/train/resbase/resgates1.py:149: UserWarning: Update your `Conv2D` call to the Keras 2 API: `Conv2D(128, (3, 2), activation="relu", kernel_initializer="he_normal")`
  model.add(Conv2D(128,3,2, activation="relu",kernel_initializer='he_normal'))
/data/datasets/tscherli/task2/train/resbase/resgates1.py:150: UserWarning: Update your `Conv2D` call to the Keras 2 API: `Conv2D(64, (3, 2), activation="relu", kernel_initializer="he_normal")`
  model.add(Conv2D(64,3,2, activation="relu",kernel_initializer='he_normal'))
slurmstepd: error: *** JOB 22922 ON bender CANCELLED AT 2019-03-05T13:08:01 ***
