Starting Docker Image
/data/datasets/tscherli/task2
CONTAINER ID        IMAGE                    COMMAND             CREATED             STATUS              PORTS                NAMES
2b20f419b894        tscherli/alphatraining   "/bin/bash"         8 hours ago         Up 8 hours          6006/tcp, 8888/tcp   angry_mayer8
CONTAINER ID        IMAGE                    COMMAND             CREATED             STATUS              PORTS                NAMES
2b20f419b894        tscherli/alphatraining   "/bin/bash"         8 hours ago         Up 8 hours          6006/tcp, 8888/tcp   angry_mayer8
reading dataset labels:
...done
Filtering and normalizing labels...
Bad File: /data/datasets/tscherli/Data_Training_300/IMG_8832.jdon.JPG
Bad File: /data/datasets/tscherli/Data_Training_300/IMG_8686.sjon.JPG
...done
train/test split: 5061 / 1266
creating generator for 5061 images...
starting read:
[ 0 of 633 ] batch loaded. Batch Size: 3.840144 M. Total size: 0.001024 M.
[ 1 of 633 ] batch loaded. Batch Size: 3.840144 M. Total size: 0.0020480000000000003 M.
[ 2 of 633 ] batch loaded. Batch Size: 3.840144 M. Total size: 0.003072000000000001 M.
[ 3 of 633 ] batch loaded. Batch Size: 3.840144 M. Total size: 0.004096000000000001 M.
[ 4 of 633 ] batch loaded. Batch Size: 3.840144 M. Total size: 0.005119999999999998 M.
[ 5 of 633 ] batch loaded. Batch Size: 3.840144 M. Total size: 0.006143999999999995 M.
[ 6 of 633 ] batch loaded. Batch Size: 3.840144 M. Total size: 0.007167999999999992 M.
[ 7 of 633 ] batch loaded. Batch Size: 3.840144 M. Total size: 0.00819199999999999 M.
[ 8 of 633 ] batch loaded. Batch Size: 3.840144 M. Total size: 0.009215999999999986 M.
[ 9 of 633 ] batch loaded. Batch Size: 3.840144 M. Total size: 0.010239999999999983 M.
[ 10 of 633 ] batch loaded. Batch Size: 3.840144 M. Total size: 0.01126399999999998 M.
[ 11 of 633 ] batch loaded. Batch Size: 3.840144 M. Total size: 0.012287999999999978 M.
[ 12 of 633 ] batch loaded. Batch Size: 3.840144 M. Total size: 0.013311999999999975 M.
[ 13 of 633 ] batch loaded. Batch Size: 3.840144 M. Total size: 0.014335999999999972 M.
[ 14 of 633 ] batch loaded. Batch Size: 3.840144 M. Total size: 0.01535999999999997 M.
[ 15 of 633 ] batch loaded. Batch Size: 3.840144 M. Total size: 0.016383999999999968 M.
[ 16 of 633 ] batch loaded. Batch Size: 3.840144 M. Total size: 0.017407999999999965 M.
[ 17 of 633 ] batch loaded. Batch Size: 3.840144 M. Total size: 0.018431999999999962 M.
[ 18 of 633 ] batch loaded. Batch Size: 3.840144 M. Total size: 0.01945599999999996 M.
[ 19 of 633 ] batch loaded. Batch Size: 3.840144 M. Total size: 0.020479999999999957 M.
[ 20 of 633 ] batch loaded. Batch Size: 3.840144 M. Total size: 0.021503999999999954 M.
[ 21 of 633 ] batch loaded. Batch Size: 3.840144 M. Total size: 0.02252799999999995 M.
[ 22 of 633 ] batch loaded. Batch Size: 3.840144 M. Total size: 0.023551999999999948 M.
[ 23 of 633 ] batch loaded. Batch Size: 3.840144 M. Total size: 0.024575999999999945 M.
[ 24 of 633 ] batch loaded. Batch Size: 3.840144 M. Total size: 0.025599999999999942 M.
[ 25 of 633 ] batch loaded. Batch Size: 3.840144 M. Total size: 0.02662399999999994 M.
[ 26 of 633 ] batch loaded. Batch Size: 3.840144 M. Total size: 0.027647999999999937 M.
[ 27 of 633 ] batch loaded. Batch Size: 3.840144 M. Total size: 0.028671999999999934 M.
[ 28 of 633 ] batch loaded. Batch Size: 3.840144 M. Total size: 0.02969599999999993 M.
[ 29 of 633 ] batch loaded. Batch Size: 3.840144 M. Total size: 0.030719999999999928 M.
[ 30 of 633 ] batch loaded. Batch Size: 3.840144 M. Total size: 0.03174399999999994 M.
[ 31 of 633 ] batch loaded. Batch Size: 3.840144 M. Total size: 0.032767999999999964 M.
[ 32 of 633 ] batch loaded. Batch Size: 3.840144 M. Total size: 0.03379199999999999 M.
[ 33 of 633 ] batch loaded. Batch Size: 3.840144 M. Total size: 0.034816000000000014 M.
[ 34 of 633 ] batch loaded. Batch Size: 3.840144 M. Total size: 0.03584000000000004 M.
[ 35 of 633 ] batch loaded. Batch Size: 3.840144 M. Total size: 0.03686400000000006 M.
[ 36 of 633 ] batch loaded. Batch Size: 3.840144 M. Total size: 0.03788800000000009 M.
[ 37 of 633 ] batch loaded. Batch Size: 3.840144 M. Total size: 0.03891200000000011 M.
[ 38 of 633 ] batch loaded. Batch Size: 3.840144 M. Total size: 0.03993600000000014 M.
[ 39 of 633 ] batch loaded. Batch Size: 3.840144 M. Total size: 0.04096000000000016 M.
[ 40 of 633 ] batch loaded. Batch Size: 3.840144 M. Total size: 0.04198400000000019 M.
[ 41 of 633 ] batch loaded. Batch Size: 3.840144 M. Total size: 0.04300800000000021 M.
[ 42 of 633 ] batch loaded. Batch Size: 3.840144 M. Total size: 0.04403200000000024 M.
[ 43 of 633 ] batch loaded. Batch Size: 3.840144 M. Total size: 0.04505600000000026 M.
[ 44 of 633 ] batch loaded. Batch Size: 3.840144 M. Total size: 0.04608000000000029 M.
[ 45 of 633 ] batch loaded. Batch Size: 3.840144 M. Total size: 0.04710400000000031 M.
[ 46 of 633 ] batch loaded. Batch Size: 3.840144 M. Total size: 0.04812800000000034 M.
[ 47 of 633 ] batch loaded. Batch Size: 3.840144 M. Total size: 0.04915200000000036 M.
[ 48 of 633 ] batch loaded. Batch Size: 3.840144 M. Total size: 0.05017600000000039 M.
[ 49 of 633 ] batch loaded. Batch Size: 3.840144 M. Total size: 0.05120000000000041 M.
[ 50 of 633 ] batch loaded. Batch Size: 3.840144 M. Total size: 0.05222400000000044 M.
[ 51 of 633 ] batch loaded. Batch Size: 3.840144 M. Total size: 0.05324800000000046 M.
[ 52 of 633 ] batch loaded. Batch Size: 3.840144 M. Total size: 0.054272000000000487 M.
[ 53 of 633 ] batch loaded. Batch Size: 3.840144 M. Total size: 0.05529600000000051 M.
[ 54 of 633 ] batch loaded. Batch Size: 3.840144 M. Total size: 0.056320000000000536 M.
[ 55 of 633 ] batch loaded. Batch Size: 3.840144 M. Total size: 0.05734400000000056 M.
[ 56 of 633 ] batch loaded. Batch Size: 3.840144 M. Total size: 0.058368000000000586 M.
[ 57 of 633 ] batch loaded. Batch Size: 3.840144 M. Total size: 0.05939200000000061 M.
[ 58 of 633 ] batch loaded. Batch Size: 3.840144 M. Total size: 0.060416000000000636 M.
[ 59 of 633 ] batch loaded. Batch Size: 3.840144 M. Total size: 0.06144000000000066 M.
[ 60 of 633 ] batch loaded. Batch Size: 3.840144 M. Total size: 0.062464000000000686 M.
[ 61 of 633 ] batch loaded. Batch Size: 3.840144 M. Total size: 0.06348800000000071 M.
[ 62 of 633 ] batch loaded. Batch Size: 3.840144 M. Total size: 0.06451200000000074 M.
[ 63 of 633 ] batch loaded. Batch Size: 3.840144 M. Total size: 0.06553600000000076 M.
[ 64 of 633 ] batch loaded. Batch Size: 3.840144 M. Total size: 0.06656000000000079 M.
[ 65 of 633 ] batch loaded. Batch Size: 3.840144 M. Total size: 0.06758400000000081 M.
[ 66 of 633 ] batch loaded. Batch Size: 3.840144 M. Total size: 0.06860800000000083 M.
[ 67 of 633 ] batch loaded. Batch Size: 3.840144 M. Total size: 0.06963200000000086 M.
[ 68 of 633 ] batch loaded. Batch Size: 3.840144 M. Total size: 0.07065600000000088 M.
[ 69 of 633 ] batch loaded. Batch Size: 3.840144 M. Total size: 0.07168000000000091 M.
[ 70 of 633 ] batch loaded. Batch Size: 3.840144 M. Total size: 0.07270400000000093 M.
[ 71 of 633 ] batch loaded. Batch Size: 3.840144 M. Total size: 0.07372800000000096 M.
[ 72 of 633 ] batch loaded. Batch Size: 3.840144 M. Total size: 0.07475200000000098 M.
[ 73 of 633 ] batch loaded. Batch Size: 3.840144 M. Total size: 0.07577600000000101 M.
[ 74 of 633 ] batch loaded. Batch Size: 3.840144 M. Total size: 0.07680000000000103 M.
[ 75 of 633 ] batch loaded. Batch Size: 3.840144 M. Total size: 0.07782400000000106 M.
[ 76 of 633 ] batch loaded. Batch Size: 3.840144 M. Total size: 0.07884800000000108 M.
[ 77 of 633 ] batch loaded. Batch Size: 3.840144 M. Total size: 0.07987200000000111 M.
[ 78 of 633 ] batch loaded. Batch Size: 3.840144 M. Total size: 0.08089600000000113 M.
[ 79 of 633 ] batch loaded. Batch Size: 3.840144 M. Total size: 0.08192000000000116 M.
[ 80 of 633 ] batch loaded. Batch Size: 3.840144 M. Total size: 0.08294400000000118 M.
[ 81 of 633 ] batch loaded. Batch Size: 3.840144 M. Total size: 0.08396800000000121 M.
[ 82 of 633 ] batch loaded. Batch Size: 3.840144 M. Total size: 0.08499200000000123 M.
[ 83 of 633 ] batch loaded. Batch Size: 3.840144 M. Total size: 0.08601600000000126 M.
[ 84 of 633 ] batch loaded. Batch Size: 3.840144 M. Total size: 0.08704000000000128 M.
[ 85 of 633 ] batch loaded. Batch Size: 3.840144 M. Total size: 0.08806400000000131 M.
[ 86 of 633 ] batch loaded. Batch Size: 3.840144 M. Total size: 0.08908800000000133 M.
[ 87 of 633 ] batch loaded. Batch Size: 3.840144 M. Total size: 0.09011200000000136 M.
[ 88 of 633 ] batch loaded. Batch Size: 3.840144 M. Total size: 0.09113600000000138 M.
[ 89 of 633 ] batch loaded. Batch Size: 3.840144 M. Total size: 0.09216000000000141 M.
[ 90 of 633 ] batch loaded. Batch Size: 3.840144 M. Total size: 0.09318400000000143 M.
[ 91 of 633 ] batch loaded. Batch Size: 3.840144 M. Total size: 0.09420800000000146 M.
[ 92 of 633 ] batch loaded. Batch Size: 3.840144 M. Total size: 0.09523200000000148 M.
[ 93 of 633 ] batch loaded. Batch Size: 3.840144 M. Total size: 0.09625600000000151 M.
[ 94 of 633 ] batch loaded. Batch Size: 3.840144 M. Total size: 0.09728000000000153 M.
[ 95 of 633 ] batch loaded. Batch Size: 3.840144 M. Total size: 0.09830400000000156 M.
[ 96 of 633 ] batch loaded. Batch Size: 3.840144 M. Total size: 0.09932800000000158 M.
[ 97 of 633 ] batch loaded. Batch Size: 3.840144 M. Total size: 0.1003520000000016 M.
[ 98 of 633 ] batch loaded. Batch Size: 3.840144 M. Total size: 0.10137600000000163 M.
[ 99 of 633 ] batch loaded. Batch Size: 3.840144 M. Total size: 0.10240000000000166 M.
[ 100 of 633 ] batch loaded. Batch Size: 3.840144 M. Total size: 0.10342400000000168 M.
[ 101 of 633 ] batch loaded. Batch Size: 3.840144 M. Total size: 0.1044480000000017 M.
[ 102 of 633 ] batch loaded. Batch Size: 3.840144 M. Total size: 0.10547200000000173 M.
[ 103 of 633 ] batch loaded. Batch Size: 3.840144 M. Total size: 0.10649600000000176 M.
[ 104 of 633 ] batch loaded. Batch Size: 3.840144 M. Total size: 0.10752000000000178 M.
[ 105 of 633 ] batch loaded. Batch Size: 3.840144 M. Total size: 0.1085440000000018 M.
[ 106 of 633 ] batch loaded. Batch Size: 3.840144 M. Total size: 0.10956800000000183 M.
[ 107 of 633 ] batch loaded. Batch Size: 3.840144 M. Total size: 0.11059200000000186 M.
[ 108 of 633 ] batch loaded. Batch Size: 3.840144 M. Total size: 0.11161600000000188 M.
[ 109 of 633 ] batch loaded. Batch Size: 3.840144 M. Total size: 0.1126400000000019 M.
[ 110 of 633 ] batch loaded. Batch Size: 3.840144 M. Total size: 0.11366400000000193 M.
[ 111 of 633 ] batch loaded. Batch Size: 3.840144 M. Total size: 0.11468800000000196 M.
[ 112 of 633 ] batch loaded. Batch Size: 3.840144 M. Total size: 0.11571200000000198 M.
[ 113 of 633 ] batch loaded. Batch Size: 3.840144 M. Total size: 0.116736000000002 M.
[ 114 of 633 ] batch loaded. Batch Size: 3.840144 M. Total size: 0.11776000000000203 M.
[ 115 of 633 ] batch loaded. Batch Size: 3.840144 M. Total size: 0.11878400000000205 M.
[ 116 of 633 ] batch loaded. Batch Size: 3.840144 M. Total size: 0.11980800000000208 M.
[ 117 of 633 ] batch loaded. Batch Size: 3.840144 M. Total size: 0.1208320000000021 M.
[ 118 of 633 ] batch loaded. Batch Size: 3.840144 M. Total size: 0.12185600000000213 M.
[ 119 of 633 ] batch loaded. Batch Size: 3.840144 M. Total size: 0.12288000000000215 M.
[ 120 of 633 ] batch loaded. Batch Size: 3.840144 M. Total size: 0.12390400000000218 M.
[ 121 of 633 ] batch loaded. Batch Size: 3.840144 M. Total size: 0.1249280000000022 M.
[ 122 of 633 ] batch loaded. Batch Size: 3.840144 M. Total size: 0.12595200000000212 M.
[ 123 of 633 ] batch loaded. Batch Size: 3.840144 M. Total size: 0.12697600000000203 M.
[ 124 of 633 ] batch loaded. Batch Size: 3.840144 M. Total size: 0.12800000000000195 M.
[ 125 of 633 ] batch loaded. Batch Size: 3.840144 M. Total size: 0.12902400000000186 M.
[ 126 of 633 ] batch loaded. Batch Size: 3.840144 M. Total size: 0.13004800000000177 M.
[ 127 of 633 ] batch loaded. Batch Size: 3.840144 M. Total size: 0.1310720000000017 M.
[ 128 of 633 ] batch loaded. Batch Size: 3.840144 M. Total size: 0.1320960000000016 M.
[ 129 of 633 ] batch loaded. Batch Size: 3.840144 M. Total size: 0.13312000000000151 M.
[ 130 of 633 ] batch loaded. Batch Size: 3.840144 M. Total size: 0.13414400000000143 M.
[ 131 of 633 ] batch loaded. Batch Size: 3.840144 M. Total size: 0.13516800000000134 M.
[ 132 of 633 ] batch loaded. Batch Size: 3.840144 M. Total size: 0.13619200000000126 M.
[ 133 of 633 ] batch loaded. Batch Size: 3.840144 M. Total size: 0.13721600000000117 M.
[ 134 of 633 ] batch loaded. Batch Size: 3.840144 M. Total size: 0.13824000000000108 M.
[ 135 of 633 ] batch loaded. Batch Size: 3.840144 M. Total size: 0.139264000000001 M.
[ 136 of 633 ] batch loaded. Batch Size: 3.840144 M. Total size: 0.1402880000000009 M.
[ 137 of 633 ] batch loaded. Batch Size: 3.840144 M. Total size: 0.14131200000000083 M.
[ 138 of 633 ] batch loaded. Batch Size: 3.840144 M. Total size: 0.14233600000000074 M.
[ 139 of 633 ] batch loaded. Batch Size: 3.840144 M. Total size: 0.14336000000000065 M.
[ 140 of 633 ] batch loaded. Batch Size: 3.840144 M. Total size: 0.14438400000000057 M.
[ 141 of 633 ] batch loaded. Batch Size: 3.840144 M. Total size: 0.14540800000000048 M.
[ 142 of 633 ] batch loaded. Batch Size: 3.840144 M. Total size: 0.1464320000000004 M.
[ 143 of 633 ] batch loaded. Batch Size: 3.840144 M. Total size: 0.1474560000000003 M.
[ 144 of 633 ] batch loaded. Batch Size: 3.840144 M. Total size: 0.14848000000000022 M.
[ 145 of 633 ] batch loaded. Batch Size: 3.840144 M. Total size: 0.14950400000000014 M.
[ 146 of 633 ] batch loaded. Batch Size: 3.840144 M. Total size: 0.15052800000000005 M.
[ 147 of 633 ] batch loaded. Batch Size: 3.840144 M. Total size: 0.15155199999999996 M.
[ 148 of 633 ] batch loaded. Batch Size: 3.840144 M. Total size: 0.15257599999999988 M.
[ 149 of 633 ] batch loaded. Batch Size: 3.840144 M. Total size: 0.1535999999999998 M.
[ 150 of 633 ] batch loaded. Batch Size: 3.840144 M. Total size: 0.1546239999999997 M.
[ 151 of 633 ] batch loaded. Batch Size: 3.840144 M. Total size: 0.15564799999999962 M.
[ 152 of 633 ] batch loaded. Batch Size: 3.840144 M. Total size: 0.15667199999999953 M.
[ 153 of 633 ] batch loaded. Batch Size: 3.840144 M. Total size: 0.15769599999999945 M.
[ 154 of 633 ] batch loaded. Batch Size: 3.840144 M. Total size: 0.15871999999999936 M.
[ 155 of 633 ] batch loaded. Batch Size: 3.840144 M. Total size: 0.15974399999999928 M.
[ 156 of 633 ] batch loaded. Batch Size: 3.840144 M. Total size: 0.1607679999999992 M.
[ 157 of 633 ] batch loaded. Batch Size: 3.840144 M. Total size: 0.1617919999999991 M.
[ 158 of 633 ] batch loaded. Batch Size: 3.840144 M. Total size: 0.16281599999999902 M.
[ 159 of 633 ] batch loaded. Batch Size: 3.840144 M. Total size: 0.16383999999999893 M.
[ 160 of 633 ] batch loaded. Batch Size: 3.840144 M. Total size: 0.16486399999999884 M.
[ 161 of 633 ] batch loaded. Batch Size: 3.840144 M. Total size: 0.16588799999999876 M.
[ 162 of 633 ] batch loaded. Batch Size: 3.840144 M. Total size: 0.16691199999999867 M.
[ 163 of 633 ] batch loaded. Batch Size: 3.840144 M. Total size: 0.1679359999999986 M.
[ 164 of 633 ] batch loaded. Batch Size: 3.840144 M. Total size: 0.1689599999999985 M.
[ 165 of 633 ] batch loaded. Batch Size: 3.840144 M. Total size: 0.16998399999999841 M.
[ 166 of 633 ] batch loaded. Batch Size: 3.840144 M. Total size: 0.17100799999999833 M.
[ 167 of 633 ] batch loaded. Batch Size: 3.840144 M. Total size: 0.17203199999999824 M.
[ 168 of 633 ] batch loaded. Batch Size: 3.840144 M. Total size: 0.17305599999999816 M.
[ 169 of 633 ] batch loaded. Batch Size: 3.840144 M. Total size: 0.17407999999999807 M.
[ 170 of 633 ] batch loaded. Batch Size: 3.840144 M. Total size: 0.17510399999999798 M.
[ 171 of 633 ] batch loaded. Batch Size: 3.840144 M. Total size: 0.1761279999999979 M.
[ 172 of 633 ] batch loaded. Batch Size: 3.840144 M. Total size: 0.1771519999999978 M.
[ 173 of 633 ] batch loaded. Batch Size: 3.840144 M. Total size: 0.17817599999999773 M.
[ 174 of 633 ] batch loaded. Batch Size: 3.840144 M. Total size: 0.17919999999999764 M.
[ 175 of 633 ] batch loaded. Batch Size: 3.840144 M. Total size: 0.18022399999999755 M.
[ 176 of 633 ] batch loaded. Batch Size: 3.840144 M. Total size: 0.18124799999999747 M.
[ 177 of 633 ] batch loaded. Batch Size: 3.840144 M. Total size: 0.18227199999999738 M.
[ 178 of 633 ] batch loaded. Batch Size: 3.840144 M. Total size: 0.1832959999999973 M.
[ 179 of 633 ] batch loaded. Batch Size: 3.840144 M. Total size: 0.1843199999999972 M.
[ 180 of 633 ] batch loaded. Batch Size: 3.840144 M. Total size: 0.18534399999999712 M.
[ 181 of 633 ] batch loaded. Batch Size: 3.840144 M. Total size: 0.18636799999999704 M.
[ 182 of 633 ] batch loaded. Batch Size: 3.840144 M. Total size: 0.18739199999999695 M.
[ 183 of 633 ] batch loaded. Batch Size: 3.840144 M. Total size: 0.18841599999999686 M.
[ 184 of 633 ] batch loaded. Batch Size: 3.840144 M. Total size: 0.18943999999999678 M.
[ 185 of 633 ] batch loaded. Batch Size: 3.840144 M. Total size: 0.1904639999999967 M.
[ 186 of 633 ] batch loaded. Batch Size: 3.840144 M. Total size: 0.1914879999999966 M.
[ 187 of 633 ] batch loaded. Batch Size: 3.840144 M. Total size: 0.19251199999999652 M.
[ 188 of 633 ] batch loaded. Batch Size: 3.840144 M. Total size: 0.19353599999999643 M.
[ 189 of 633 ] batch loaded. Batch Size: 3.840144 M. Total size: 0.19455999999999635 M.
[ 190 of 633 ] batch loaded. Batch Size: 3.840144 M. Total size: 0.19558399999999626 M.
[ 191 of 633 ] batch loaded. Batch Size: 3.840144 M. Total size: 0.19660799999999617 M.
[ 192 of 633 ] batch loaded. Batch Size: 3.840144 M. Total size: 0.1976319999999961 M.
[ 193 of 633 ] batch loaded. Batch Size: 3.840144 M. Total size: 0.198655999999996 M.
[ 194 of 633 ] batch loaded. Batch Size: 3.840144 M. Total size: 0.19967999999999592 M.
[ 195 of 633 ] batch loaded. Batch Size: 3.840144 M. Total size: 0.20070399999999583 M.
[ 196 of 633 ] batch loaded. Batch Size: 3.840144 M. Total size: 0.20172799999999574 M.
[ 197 of 633 ] batch loaded. Batch Size: 3.840144 M. Total size: 0.20275199999999566 M.
[ 198 of 633 ] batch loaded. Batch Size: 3.840144 M. Total size: 0.20377599999999557 M.
[ 199 of 633 ] batch loaded. Batch Size: 3.840144 M. Total size: 0.20479999999999549 M.
[ 200 of 633 ] batch loaded. Batch Size: 3.840144 M. Total size: 0.2058239999999954 M.
[ 201 of 633 ] batch loaded. Batch Size: 3.840144 M. Total size: 0.2068479999999953 M.
[ 202 of 633 ] batch loaded. Batch Size: 3.840144 M. Total size: 0.20787199999999523 M.
[ 203 of 633 ] batch loaded. Batch Size: 3.840144 M. Total size: 0.20889599999999514 M.
[ 204 of 633 ] batch loaded. Batch Size: 3.840144 M. Total size: 0.20991999999999505 M.
[ 205 of 633 ] batch loaded. Batch Size: 3.840144 M. Total size: 0.21094399999999497 M.
[ 206 of 633 ] batch loaded. Batch Size: 3.840144 M. Total size: 0.21196799999999488 M.
[ 207 of 633 ] batch loaded. Batch Size: 3.840144 M. Total size: 0.2129919999999948 M.
[ 208 of 633 ] batch loaded. Batch Size: 3.840144 M. Total size: 0.2140159999999947 M.
[ 209 of 633 ] batch loaded. Batch Size: 3.840144 M. Total size: 0.21503999999999462 M.
[ 210 of 633 ] batch loaded. Batch Size: 3.840144 M. Total size: 0.21606399999999454 M.
[ 211 of 633 ] batch loaded. Batch Size: 3.840144 M. Total size: 0.21708799999999445 M.
[ 212 of 633 ] batch loaded. Batch Size: 3.840144 M. Total size: 0.21811199999999437 M.
[ 213 of 633 ] batch loaded. Batch Size: 3.840144 M. Total size: 0.21913599999999428 M.
[ 214 of 633 ] batch loaded. Batch Size: 3.840144 M. Total size: 0.2201599999999942 M.
[ 215 of 633 ] batch loaded. Batch Size: 3.840144 M. Total size: 0.2211839999999941 M.
[ 216 of 633 ] batch loaded. Batch Size: 3.840144 M. Total size: 0.22220799999999402 M.
[ 217 of 633 ] batch loaded. Batch Size: 3.840144 M. Total size: 0.22323199999999394 M.
[ 218 of 633 ] batch loaded. Batch Size: 3.840144 M. Total size: 0.22425599999999385 M.
[ 219 of 633 ] batch loaded. Batch Size: 3.840144 M. Total size: 0.22527999999999376 M.
[ 220 of 633 ] batch loaded. Batch Size: 3.840144 M. Total size: 0.22630399999999368 M.
[ 221 of 633 ] batch loaded. Batch Size: 3.840144 M. Total size: 0.2273279999999936 M.
[ 222 of 633 ] batch loaded. Batch Size: 3.840144 M. Total size: 0.2283519999999935 M.
[ 223 of 633 ] batch loaded. Batch Size: 3.840144 M. Total size: 0.22937599999999342 M.
[ 224 of 633 ] batch loaded. Batch Size: 3.840144 M. Total size: 0.23039999999999333 M.
[ 225 of 633 ] batch loaded. Batch Size: 3.840144 M. Total size: 0.23142399999999325 M.
[ 226 of 633 ] batch loaded. Batch Size: 3.840144 M. Total size: 0.23244799999999316 M.
[ 227 of 633 ] batch loaded. Batch Size: 3.840144 M. Total size: 0.23347199999999307 M.
[ 228 of 633 ] batch loaded. Batch Size: 3.840144 M. Total size: 0.234495999999993 M.
[ 229 of 633 ] batch loaded. Batch Size: 3.840144 M. Total size: 0.2355199999999929 M.
[ 230 of 633 ] batch loaded. Batch Size: 3.840144 M. Total size: 0.23654399999999282 M.
[ 231 of 633 ] batch loaded. Batch Size: 3.840144 M. Total size: 0.23756799999999273 M.
[ 232 of 633 ] batch loaded. Batch Size: 3.840144 M. Total size: 0.23859199999999264 M.
[ 233 of 633 ] batch loaded. Batch Size: 3.840144 M. Total size: 0.23961599999999256 M.
[ 234 of 633 ] batch loaded. Batch Size: 3.840144 M. Total size: 0.24063999999999247 M.
[ 235 of 633 ] batch loaded. Batch Size: 3.840144 M. Total size: 0.24166399999999238 M.
[ 236 of 633 ] batch loaded. Batch Size: 3.840144 M. Total size: 0.2426879999999923 M.
[ 237 of 633 ] batch loaded. Batch Size: 3.840144 M. Total size: 0.2437119999999922 M.
[ 238 of 633 ] batch loaded. Batch Size: 3.840144 M. Total size: 0.24473599999999213 M.
[ 239 of 633 ] batch loaded. Batch Size: 3.840144 M. Total size: 0.24575999999999204 M.
[ 240 of 633 ] batch loaded. Batch Size: 3.840144 M. Total size: 0.24678399999999195 M.
[ 241 of 633 ] batch loaded. Batch Size: 3.840144 M. Total size: 0.24780799999999187 M.
[ 242 of 633 ] batch loaded. Batch Size: 3.840144 M. Total size: 0.24883199999999178 M.
[ 243 of 633 ] batch loaded. Batch Size: 3.840144 M. Total size: 0.2498559999999917 M.
[ 244 of 633 ] batch loaded. Batch Size: 3.840144 M. Total size: 0.2508799999999918 M.
[ 245 of 633 ] batch loaded. Batch Size: 3.840144 M. Total size: 0.2519039999999919 M.
[ 246 of 633 ] batch loaded. Batch Size: 3.840144 M. Total size: 0.25292799999999205 M.
[ 247 of 633 ] batch loaded. Batch Size: 3.840144 M. Total size: 0.2539519999999922 M.
[ 248 of 633 ] batch loaded. Batch Size: 3.840144 M. Total size: 0.2549759999999923 M.
[ 249 of 633 ] batch loaded. Batch Size: 3.840144 M. Total size: 0.25599999999999246 M.
[ 250 of 633 ] batch loaded. Batch Size: 3.840144 M. Total size: 0.2570239999999926 M.
[ 251 of 633 ] batch loaded. Batch Size: 3.840144 M. Total size: 0.2580479999999927 M.
[ 252 of 633 ] batch loaded. Batch Size: 3.840144 M. Total size: 0.25907199999999286 M.
[ 253 of 633 ] batch loaded. Batch Size: 3.840144 M. Total size: 0.260095999999993 M.
[ 254 of 633 ] batch loaded. Batch Size: 3.840144 M. Total size: 0.26111999999999314 M.
[ 255 of 633 ] batch loaded. Batch Size: 3.840144 M. Total size: 0.26214399999999327 M.
[ 256 of 633 ] batch loaded. Batch Size: 3.840144 M. Total size: 0.2631679999999934 M.
[ 257 of 633 ] batch loaded. Batch Size: 3.840144 M. Total size: 0.26419199999999354 M.
[ 258 of 633 ] batch loaded. Batch Size: 3.840144 M. Total size: 0.2652159999999937 M.
[ 259 of 633 ] batch loaded. Batch Size: 3.840144 M. Total size: 0.2662399999999938 M.
[ 260 of 633 ] batch loaded. Batch Size: 3.840144 M. Total size: 0.26726399999999395 M.
[ 261 of 633 ] batch loaded. Batch Size: 3.840144 M. Total size: 0.2682879999999941 M.
[ 262 of 633 ] batch loaded. Batch Size: 3.840144 M. Total size: 0.2693119999999942 M.
[ 263 of 633 ] batch loaded. Batch Size: 3.840144 M. Total size: 0.27033599999999436 M.
[ 264 of 633 ] batch loaded. Batch Size: 3.840144 M. Total size: 0.2713599999999945 M.
[ 265 of 633 ] batch loaded. Batch Size: 3.840144 M. Total size: 0.27238399999999463 M.
[ 266 of 633 ] batch loaded. Batch Size: 3.840144 M. Total size: 0.27340799999999477 M.
[ 267 of 633 ] batch loaded. Batch Size: 3.840144 M. Total size: 0.2744319999999949 M.
[ 268 of 633 ] batch loaded. Batch Size: 3.840144 M. Total size: 0.27545599999999504 M.
[ 269 of 633 ] batch loaded. Batch Size: 3.840144 M. Total size: 0.2764799999999952 M.
[ 270 of 633 ] batch loaded. Batch Size: 3.840144 M. Total size: 0.2775039999999953 M.
[ 271 of 633 ] batch loaded. Batch Size: 3.840144 M. Total size: 0.27852799999999545 M.
[ 272 of 633 ] batch loaded. Batch Size: 3.840144 M. Total size: 0.2795519999999956 M.
[ 273 of 633 ] batch loaded. Batch Size: 3.840144 M. Total size: 0.2805759999999957 M.
[ 274 of 633 ] batch loaded. Batch Size: 3.840144 M. Total size: 0.28159999999999585 M.
[ 275 of 633 ] batch loaded. Batch Size: 3.840144 M. Total size: 0.282623999999996 M.
[ 276 of 633 ] batch loaded. Batch Size: 3.840144 M. Total size: 0.2836479999999961 M.
[ 277 of 633 ] batch loaded. Batch Size: 3.840144 M. Total size: 0.28467199999999626 M.
[ 278 of 633 ] batch loaded. Batch Size: 3.840144 M. Total size: 0.2856959999999964 M.
[ 279 of 633 ] batch loaded. Batch Size: 3.840144 M. Total size: 0.28671999999999653 M.
[ 280 of 633 ] batch loaded. Batch Size: 3.840144 M. Total size: 0.28774399999999667 M.
[ 281 of 633 ] batch loaded. Batch Size: 3.840144 M. Total size: 0.2887679999999968 M.
[ 282 of 633 ] batch loaded. Batch Size: 3.840144 M. Total size: 0.28979199999999694 M.
[ 283 of 633 ] batch loaded. Batch Size: 3.840144 M. Total size: 0.2908159999999971 M.
[ 284 of 633 ] batch loaded. Batch Size: 3.840144 M. Total size: 0.2918399999999972 M.
[ 285 of 633 ] batch loaded. Batch Size: 3.840144 M. Total size: 0.29286399999999735 M.
[ 286 of 633 ] batch loaded. Batch Size: 3.840144 M. Total size: 0.2938879999999975 M.
[ 287 of 633 ] batch loaded. Batch Size: 3.840144 M. Total size: 0.2949119999999976 M.
[ 288 of 633 ] batch loaded. Batch Size: 3.840144 M. Total size: 0.29593599999999776 M.
[ 289 of 633 ] batch loaded. Batch Size: 3.840144 M. Total size: 0.2969599999999979 M.
[ 290 of 633 ] batch loaded. Batch Size: 3.840144 M. Total size: 0.29798399999999803 M.
[ 291 of 633 ] batch loaded. Batch Size: 3.840144 M. Total size: 0.29900799999999816 M.
[ 292 of 633 ] batch loaded. Batch Size: 3.840144 M. Total size: 0.3000319999999983 M.
[ 293 of 633 ] batch loaded. Batch Size: 3.840144 M. Total size: 0.30105599999999844 M.
[ 294 of 633 ] batch loaded. Batch Size: 3.840144 M. Total size: 0.30207999999999857 M.
[ 295 of 633 ] batch loaded. Batch Size: 3.840144 M. Total size: 0.3031039999999987 M.
[ 296 of 633 ] batch loaded. Batch Size: 3.840144 M. Total size: 0.30412799999999884 M.
[ 297 of 633 ] batch loaded. Batch Size: 3.840144 M. Total size: 0.305151999999999 M.
[ 298 of 633 ] batch loaded. Batch Size: 3.840144 M. Total size: 0.3061759999999991 M.
[ 299 of 633 ] batch loaded. Batch Size: 3.840144 M. Total size: 0.30719999999999925 M.
[ 300 of 633 ] batch loaded. Batch Size: 3.840144 M. Total size: 0.3082239999999994 M.
[ 301 of 633 ] batch loaded. Batch Size: 3.840144 M. Total size: 0.3092479999999995 M.
[ 302 of 633 ] batch loaded. Batch Size: 3.840144 M. Total size: 0.31027199999999966 M.
[ 303 of 633 ] batch loaded. Batch Size: 3.840144 M. Total size: 0.3112959999999998 M.
[ 304 of 633 ] batch loaded. Batch Size: 3.840144 M. Total size: 0.31231999999999993 M.
[ 305 of 633 ] batch loaded. Batch Size: 3.840144 M. Total size: 0.31334400000000007 M.
[ 306 of 633 ] batch loaded. Batch Size: 3.840144 M. Total size: 0.3143680000000002 M.
[ 307 of 633 ] batch loaded. Batch Size: 3.840144 M. Total size: 0.31539200000000034 M.
[ 308 of 633 ] batch loaded. Batch Size: 3.840144 M. Total size: 0.3164160000000005 M.
[ 309 of 633 ] batch loaded. Batch Size: 3.840144 M. Total size: 0.3174400000000006 M.
[ 310 of 633 ] batch loaded. Batch Size: 3.840144 M. Total size: 0.31846400000000075 M.
[ 311 of 633 ] batch loaded. Batch Size: 3.840144 M. Total size: 0.3194880000000009 M.
[ 312 of 633 ] batch loaded. Batch Size: 3.840144 M. Total size: 0.320512000000001 M.
[ 313 of 633 ] batch loaded. Batch Size: 3.840144 M. Total size: 0.32153600000000115 M.
[ 314 of 633 ] batch loaded. Batch Size: 3.840144 M. Total size: 0.3225600000000013 M.
[ 315 of 633 ] batch loaded. Batch Size: 3.840144 M. Total size: 0.3235840000000014 M.
[ 316 of 633 ] batch loaded. Batch Size: 3.840144 M. Total size: 0.32460800000000156 M.
[ 317 of 633 ] batch loaded. Batch Size: 3.840144 M. Total size: 0.3256320000000017 M.
[ 318 of 633 ] batch loaded. Batch Size: 3.840144 M. Total size: 0.32665600000000183 M.
[ 319 of 633 ] batch loaded. Batch Size: 3.840144 M. Total size: 0.32768000000000197 M.
[ 320 of 633 ] batch loaded. Batch Size: 3.840144 M. Total size: 0.3287040000000021 M.
[ 321 of 633 ] batch loaded. Batch Size: 3.840144 M. Total size: 0.32972800000000224 M.
[ 322 of 633 ] batch loaded. Batch Size: 3.840144 M. Total size: 0.3307520000000024 M.
[ 323 of 633 ] batch loaded. Batch Size: 3.840144 M. Total size: 0.3317760000000025 M.
[ 324 of 633 ] batch loaded. Batch Size: 3.840144 M. Total size: 0.33280000000000265 M.
[ 325 of 633 ] batch loaded. Batch Size: 3.840144 M. Total size: 0.3338240000000028 M.
[ 326 of 633 ] batch loaded. Batch Size: 3.840144 M. Total size: 0.3348480000000029 M.
[ 327 of 633 ] batch loaded. Batch Size: 3.840144 M. Total size: 0.33587200000000306 M.
[ 328 of 633 ] batch loaded. Batch Size: 3.840144 M. Total size: 0.3368960000000032 M.
[ 329 of 633 ] batch loaded. Batch Size: 3.840144 M. Total size: 0.33792000000000333 M.
[ 330 of 633 ] batch loaded. Batch Size: 3.840144 M. Total size: 0.33894400000000346 M.
[ 331 of 633 ] batch loaded. Batch Size: 3.840144 M. Total size: 0.3399680000000036 M.
[ 332 of 633 ] batch loaded. Batch Size: 3.840144 M. Total size: 0.34099200000000374 M.
[ 333 of 633 ] batch loaded. Batch Size: 3.840144 M. Total size: 0.3420160000000039 M.
[ 334 of 633 ] batch loaded. Batch Size: 3.840144 M. Total size: 0.343040000000004 M.
[ 335 of 633 ] batch loaded. Batch Size: 3.840144 M. Total size: 0.34406400000000414 M.
[ 336 of 633 ] batch loaded. Batch Size: 3.840144 M. Total size: 0.3450880000000043 M.
[ 337 of 633 ] batch loaded. Batch Size: 3.840144 M. Total size: 0.3461120000000044 M.
[ 338 of 633 ] batch loaded. Batch Size: 3.840144 M. Total size: 0.34713600000000455 M.
[ 339 of 633 ] batch loaded. Batch Size: 3.840144 M. Total size: 0.3481600000000047 M.
[ 340 of 633 ] batch loaded. Batch Size: 3.840144 M. Total size: 0.3491840000000048 M.
[ 341 of 633 ] batch loaded. Batch Size: 3.840144 M. Total size: 0.35020800000000496 M.
[ 342 of 633 ] batch loaded. Batch Size: 3.840144 M. Total size: 0.3512320000000051 M.
[ 343 of 633 ] batch loaded. Batch Size: 3.840144 M. Total size: 0.35225600000000523 M.
[ 344 of 633 ] batch loaded. Batch Size: 3.840144 M. Total size: 0.35328000000000537 M.
[ 345 of 633 ] batch loaded. Batch Size: 3.840144 M. Total size: 0.3543040000000055 M.
[ 346 of 633 ] batch loaded. Batch Size: 3.840144 M. Total size: 0.35532800000000564 M.
[ 347 of 633 ] batch loaded. Batch Size: 3.840144 M. Total size: 0.3563520000000058 M.
[ 348 of 633 ] batch loaded. Batch Size: 3.840144 M. Total size: 0.3573760000000059 M.
[ 349 of 633 ] batch loaded. Batch Size: 3.840144 M. Total size: 0.35840000000000605 M.
[ 350 of 633 ] batch loaded. Batch Size: 3.840144 M. Total size: 0.3594240000000062 M.
[ 351 of 633 ] batch loaded. Batch Size: 3.840144 M. Total size: 0.3604480000000063 M.
[ 352 of 633 ] batch loaded. Batch Size: 3.840144 M. Total size: 0.36147200000000645 M.
[ 353 of 633 ] batch loaded. Batch Size: 3.840144 M. Total size: 0.3624960000000066 M.
[ 354 of 633 ] batch loaded. Batch Size: 3.840144 M. Total size: 0.3635200000000067 M.
[ 355 of 633 ] batch loaded. Batch Size: 3.840144 M. Total size: 0.36454400000000686 M.
[ 356 of 633 ] batch loaded. Batch Size: 3.840144 M. Total size: 0.365568000000007 M.
[ 357 of 633 ] batch loaded. Batch Size: 3.840144 M. Total size: 0.36659200000000713 M.
[ 358 of 633 ] batch loaded. Batch Size: 3.840144 M. Total size: 0.36761600000000727 M.
[ 359 of 633 ] batch loaded. Batch Size: 3.840144 M. Total size: 0.3686400000000074 M.
[ 360 of 633 ] batch loaded. Batch Size: 3.840144 M. Total size: 0.36966400000000754 M.
[ 361 of 633 ] batch loaded. Batch Size: 3.840144 M. Total size: 0.3706880000000077 M.
[ 362 of 633 ] batch loaded. Batch Size: 3.840144 M. Total size: 0.3717120000000078 M.
[ 363 of 633 ] batch loaded. Batch Size: 3.840144 M. Total size: 0.37273600000000795 M.
[ 364 of 633 ] batch loaded. Batch Size: 3.840144 M. Total size: 0.3737600000000081 M.
[ 365 of 633 ] batch loaded. Batch Size: 3.840144 M. Total size: 0.3747840000000082 M.
[ 366 of 633 ] batch loaded. Batch Size: 3.840144 M. Total size: 0.37580800000000836 M.
[ 367 of 633 ] batch loaded. Batch Size: 3.840144 M. Total size: 0.3768320000000085 M.
[ 368 of 633 ] batch loaded. Batch Size: 3.840144 M. Total size: 0.37785600000000863 M.
[ 369 of 633 ] batch loaded. Batch Size: 3.840144 M. Total size: 0.37888000000000877 M.
[ 370 of 633 ] batch loaded. Batch Size: 3.840144 M. Total size: 0.3799040000000089 M.
[ 371 of 633 ] batch loaded. Batch Size: 3.840144 M. Total size: 0.38092800000000904 M.
[ 372 of 633 ] batch loaded. Batch Size: 3.840144 M. Total size: 0.3819520000000092 M.
[ 373 of 633 ] batch loaded. Batch Size: 3.840144 M. Total size: 0.3829760000000093 M.
[ 374 of 633 ] batch loaded. Batch Size: 3.840144 M. Total size: 0.38400000000000944 M.
[ 375 of 633 ] batch loaded. Batch Size: 3.840144 M. Total size: 0.3850240000000096 M.
[ 376 of 633 ] batch loaded. Batch Size: 3.840144 M. Total size: 0.3860480000000097 M.
[ 377 of 633 ] batch loaded. Batch Size: 3.840144 M. Total size: 0.38707200000000985 M.
[ 378 of 633 ] batch loaded. Batch Size: 3.840144 M. Total size: 0.38809600000001 M.
[ 379 of 633 ] batch loaded. Batch Size: 3.840144 M. Total size: 0.3891200000000101 M.
[ 380 of 633 ] batch loaded. Batch Size: 3.840144 M. Total size: 0.39014400000001026 M.
[ 381 of 633 ] batch loaded. Batch Size: 3.840144 M. Total size: 0.3911680000000104 M.
[ 382 of 633 ] batch loaded. Batch Size: 3.840144 M. Total size: 0.39219200000001053 M.
[ 383 of 633 ] batch loaded. Batch Size: 3.840144 M. Total size: 0.39321600000001067 M.
[ 384 of 633 ] batch loaded. Batch Size: 3.840144 M. Total size: 0.3942400000000108 M.
[ 385 of 633 ] batch loaded. Batch Size: 3.840144 M. Total size: 0.39526400000001094 M.
[ 386 of 633 ] batch loaded. Batch Size: 3.840144 M. Total size: 0.3962880000000111 M.
[ 387 of 633 ] batch loaded. Batch Size: 3.840144 M. Total size: 0.3973120000000112 M.
[ 388 of 633 ] batch loaded. Batch Size: 3.840144 M. Total size: 0.39833600000001135 M.
[ 389 of 633 ] batch loaded. Batch Size: 3.840144 M. Total size: 0.3993600000000115 M.
[ 390 of 633 ] batch loaded. Batch Size: 3.840144 M. Total size: 0.4003840000000116 M.
[ 391 of 633 ] batch loaded. Batch Size: 3.840144 M. Total size: 0.40140800000001176 M.
[ 392 of 633 ] batch loaded. Batch Size: 3.840144 M. Total size: 0.4024320000000119 M.
[ 393 of 633 ] batch loaded. Batch Size: 3.840144 M. Total size: 0.403456000000012 M.
[ 394 of 633 ] batch loaded. Batch Size: 3.840144 M. Total size: 0.40448000000001216 M.
[ 395 of 633 ] batch loaded. Batch Size: 3.840144 M. Total size: 0.4055040000000123 M.
[ 396 of 633 ] batch loaded. Batch Size: 3.840144 M. Total size: 0.40652800000001243 M.
[ 397 of 633 ] batch loaded. Batch Size: 3.840144 M. Total size: 0.40755200000001257 M.
[ 398 of 633 ] batch loaded. Batch Size: 3.840144 M. Total size: 0.4085760000000127 M.
[ 399 of 633 ] batch loaded. Batch Size: 3.840144 M. Total size: 0.40960000000001284 M.
[ 400 of 633 ] batch loaded. Batch Size: 3.840144 M. Total size: 0.410624000000013 M.
[ 401 of 633 ] batch loaded. Batch Size: 3.840144 M. Total size: 0.4116480000000131 M.
[ 402 of 633 ] batch loaded. Batch Size: 3.840144 M. Total size: 0.41267200000001325 M.
[ 403 of 633 ] batch loaded. Batch Size: 3.840144 M. Total size: 0.4136960000000134 M.
[ 404 of 633 ] batch loaded. Batch Size: 3.840144 M. Total size: 0.4147200000000135 M.
[ 405 of 633 ] batch loaded. Batch Size: 3.840144 M. Total size: 0.41574400000001366 M.
[ 406 of 633 ] batch loaded. Batch Size: 3.840144 M. Total size: 0.4167680000000138 M.
[ 407 of 633 ] batch loaded. Batch Size: 3.840144 M. Total size: 0.41779200000001393 M.
[ 408 of 633 ] batch loaded. Batch Size: 3.840144 M. Total size: 0.41881600000001407 M.
[ 409 of 633 ] batch loaded. Batch Size: 3.840144 M. Total size: 0.4198400000000142 M.
[ 410 of 633 ] batch loaded. Batch Size: 3.840144 M. Total size: 0.42086400000001434 M.
[ 411 of 633 ] batch loaded. Batch Size: 3.840144 M. Total size: 0.4218880000000145 M.
[ 412 of 633 ] batch loaded. Batch Size: 3.840144 M. Total size: 0.4229120000000146 M.
[ 413 of 633 ] batch loaded. Batch Size: 3.840144 M. Total size: 0.42393600000001475 M.
[ 414 of 633 ] batch loaded. Batch Size: 3.840144 M. Total size: 0.4249600000000149 M.
[ 415 of 633 ] batch loaded. Batch Size: 3.840144 M. Total size: 0.425984000000015 M.
[ 416 of 633 ] batch loaded. Batch Size: 3.840144 M. Total size: 0.42700800000001515 M.
[ 417 of 633 ] batch loaded. Batch Size: 3.840144 M. Total size: 0.4280320000000153 M.
[ 418 of 633 ] batch loaded. Batch Size: 3.840144 M. Total size: 0.4290560000000154 M.
[ 419 of 633 ] batch loaded. Batch Size: 3.840144 M. Total size: 0.43008000000001556 M.
[ 420 of 633 ] batch loaded. Batch Size: 3.840144 M. Total size: 0.4311040000000157 M.
[ 421 of 633 ] batch loaded. Batch Size: 3.840144 M. Total size: 0.43212800000001583 M.
[ 422 of 633 ] batch loaded. Batch Size: 3.840144 M. Total size: 0.43315200000001597 M.
[ 423 of 633 ] batch loaded. Batch Size: 3.840144 M. Total size: 0.4341760000000161 M.
[ 424 of 633 ] batch loaded. Batch Size: 3.840144 M. Total size: 0.43520000000001624 M.
[ 425 of 633 ] batch loaded. Batch Size: 3.840144 M. Total size: 0.4362240000000164 M.
[ 426 of 633 ] batch loaded. Batch Size: 3.840144 M. Total size: 0.4372480000000165 M.
[ 427 of 633 ] batch loaded. Batch Size: 3.840144 M. Total size: 0.43827200000001665 M.
[ 428 of 633 ] batch loaded. Batch Size: 3.840144 M. Total size: 0.4392960000000168 M.
[ 429 of 633 ] batch loaded. Batch Size: 3.840144 M. Total size: 0.4403200000000169 M.
[ 430 of 633 ] batch loaded. Batch Size: 3.840144 M. Total size: 0.44134400000001706 M.
[ 431 of 633 ] batch loaded. Batch Size: 3.840144 M. Total size: 0.4423680000000172 M.
[ 432 of 633 ] batch loaded. Batch Size: 3.840144 M. Total size: 0.44339200000001733 M.
[ 433 of 633 ] batch loaded. Batch Size: 3.840144 M. Total size: 0.44441600000001746 M.
[ 434 of 633 ] batch loaded. Batch Size: 3.840144 M. Total size: 0.4454400000000176 M.
[ 435 of 633 ] batch loaded. Batch Size: 3.840144 M. Total size: 0.44646400000001774 M.
[ 436 of 633 ] batch loaded. Batch Size: 3.840144 M. Total size: 0.44748800000001787 M.
[ 437 of 633 ] batch loaded. Batch Size: 3.840144 M. Total size: 0.448512000000018 M.
[ 438 of 633 ] batch loaded. Batch Size: 3.840144 M. Total size: 0.44953600000001814 M.
[ 439 of 633 ] batch loaded. Batch Size: 3.840144 M. Total size: 0.4505600000000183 M.
[ 440 of 633 ] batch loaded. Batch Size: 3.840144 M. Total size: 0.4515840000000184 M.
[ 441 of 633 ] batch loaded. Batch Size: 3.840144 M. Total size: 0.45260800000001855 M.
[ 442 of 633 ] batch loaded. Batch Size: 3.840144 M. Total size: 0.4536320000000187 M.
[ 443 of 633 ] batch loaded. Batch Size: 3.840144 M. Total size: 0.4546560000000188 M.
[ 444 of 633 ] batch loaded. Batch Size: 3.840144 M. Total size: 0.45568000000001896 M.
[ 445 of 633 ] batch loaded. Batch Size: 3.840144 M. Total size: 0.4567040000000191 M.
[ 446 of 633 ] batch loaded. Batch Size: 3.840144 M. Total size: 0.45772800000001923 M.
[ 447 of 633 ] batch loaded. Batch Size: 3.840144 M. Total size: 0.45875200000001937 M.
[ 448 of 633 ] batch loaded. Batch Size: 3.840144 M. Total size: 0.4597760000000195 M.
[ 449 of 633 ] batch loaded. Batch Size: 3.840144 M. Total size: 0.46080000000001964 M.
[ 450 of 633 ] batch loaded. Batch Size: 3.840144 M. Total size: 0.4618240000000198 M.
[ 451 of 633 ] batch loaded. Batch Size: 3.840144 M. Total size: 0.4628480000000199 M.
[ 452 of 633 ] batch loaded. Batch Size: 3.840144 M. Total size: 0.46387200000002005 M.
[ 453 of 633 ] batch loaded. Batch Size: 3.840144 M. Total size: 0.4648960000000202 M.
[ 454 of 633 ] batch loaded. Batch Size: 3.840144 M. Total size: 0.4659200000000203 M.
[ 455 of 633 ] batch loaded. Batch Size: 3.840144 M. Total size: 0.46694400000002045 M.
[ 456 of 633 ] batch loaded. Batch Size: 3.840144 M. Total size: 0.4679680000000206 M.
[ 457 of 633 ] batch loaded. Batch Size: 3.840144 M. Total size: 0.4689920000000207 M.
[ 458 of 633 ] batch loaded. Batch Size: 3.840144 M. Total size: 0.47001600000002086 M.
[ 459 of 633 ] batch loaded. Batch Size: 3.840144 M. Total size: 0.471040000000021 M.
[ 460 of 633 ] batch loaded. Batch Size: 3.840144 M. Total size: 0.47206400000002113 M.
[ 461 of 633 ] batch loaded. Batch Size: 3.840144 M. Total size: 0.47308800000002127 M.
[ 462 of 633 ] batch loaded. Batch Size: 3.840144 M. Total size: 0.4741120000000214 M.
[ 463 of 633 ] batch loaded. Batch Size: 3.840144 M. Total size: 0.47513600000002154 M.
[ 464 of 633 ] batch loaded. Batch Size: 3.840144 M. Total size: 0.4761600000000217 M.
[ 465 of 633 ] batch loaded. Batch Size: 3.840144 M. Total size: 0.4771840000000218 M.
[ 466 of 633 ] batch loaded. Batch Size: 3.840144 M. Total size: 0.47820800000002195 M.
[ 467 of 633 ] batch loaded. Batch Size: 3.840144 M. Total size: 0.4792320000000221 M.
[ 468 of 633 ] batch loaded. Batch Size: 3.840144 M. Total size: 0.4802560000000222 M.
[ 469 of 633 ] batch loaded. Batch Size: 3.840144 M. Total size: 0.48128000000002236 M.
[ 470 of 633 ] batch loaded. Batch Size: 3.840144 M. Total size: 0.4823040000000225 M.
[ 471 of 633 ] batch loaded. Batch Size: 3.840144 M. Total size: 0.48332800000002263 M.
[ 472 of 633 ] batch loaded. Batch Size: 3.840144 M. Total size: 0.48435200000002276 M.
[ 473 of 633 ] batch loaded. Batch Size: 3.840144 M. Total size: 0.4853760000000229 M.
[ 474 of 633 ] batch loaded. Batch Size: 3.840144 M. Total size: 0.48640000000002304 M.
[ 475 of 633 ] batch loaded. Batch Size: 3.840144 M. Total size: 0.48742400000002317 M.
[ 476 of 633 ] batch loaded. Batch Size: 3.840144 M. Total size: 0.4884480000000233 M.
[ 477 of 633 ] batch loaded. Batch Size: 3.840144 M. Total size: 0.48947200000002344 M.
[ 478 of 633 ] batch loaded. Batch Size: 3.840144 M. Total size: 0.4904960000000236 M.
[ 479 of 633 ] batch loaded. Batch Size: 3.840144 M. Total size: 0.4915200000000237 M.
[ 480 of 633 ] batch loaded. Batch Size: 3.840144 M. Total size: 0.49254400000002385 M.
[ 481 of 633 ] batch loaded. Batch Size: 3.840144 M. Total size: 0.493568000000024 M.
[ 482 of 633 ] batch loaded. Batch Size: 3.840144 M. Total size: 0.4945920000000241 M.
[ 483 of 633 ] batch loaded. Batch Size: 3.840144 M. Total size: 0.49561600000002426 M.
[ 484 of 633 ] batch loaded. Batch Size: 3.840144 M. Total size: 0.4966400000000244 M.
[ 485 of 633 ] batch loaded. Batch Size: 3.840144 M. Total size: 0.49766400000002453 M.
[ 486 of 633 ] batch loaded. Batch Size: 3.840144 M. Total size: 0.49868800000002467 M.
[ 487 of 633 ] batch loaded. Batch Size: 3.840144 M. Total size: 0.4997120000000248 M.
[ 488 of 633 ] batch loaded. Batch Size: 3.840144 M. Total size: 0.5007360000000249 M.
[ 489 of 633 ] batch loaded. Batch Size: 3.840144 M. Total size: 0.5017600000000251 M.
[ 490 of 633 ] batch loaded. Batch Size: 3.840144 M. Total size: 0.5027840000000252 M.
[ 491 of 633 ] batch loaded. Batch Size: 3.840144 M. Total size: 0.5038080000000253 M.
[ 492 of 633 ] batch loaded. Batch Size: 3.840144 M. Total size: 0.5048320000000255 M.
[ 493 of 633 ] batch loaded. Batch Size: 3.840144 M. Total size: 0.5058560000000256 M.
[ 494 of 633 ] batch loaded. Batch Size: 3.840144 M. Total size: 0.5068800000000258 M.
[ 495 of 633 ] batch loaded. Batch Size: 3.840144 M. Total size: 0.5079040000000259 M.
[ 496 of 633 ] batch loaded. Batch Size: 3.840144 M. Total size: 0.508928000000026 M.
[ 497 of 633 ] batch loaded. Batch Size: 3.840144 M. Total size: 0.5099520000000262 M.
[ 498 of 633 ] batch loaded. Batch Size: 3.840144 M. Total size: 0.5109760000000263 M.
[ 499 of 633 ] batch loaded. Batch Size: 3.840144 M. Total size: 0.5120000000000264 M.
[ 500 of 633 ] batch loaded. Batch Size: 3.840144 M. Total size: 0.5130240000000266 M.
[ 501 of 633 ] batch loaded. Batch Size: 3.840144 M. Total size: 0.5140480000000267 M.
[ 502 of 633 ] batch loaded. Batch Size: 3.840144 M. Total size: 0.5150720000000268 M.
[ 503 of 633 ] batch loaded. Batch Size: 3.840144 M. Total size: 0.516096000000027 M.
[ 504 of 633 ] batch loaded. Batch Size: 3.840144 M. Total size: 0.5171200000000271 M.
[ 505 of 633 ] batch loaded. Batch Size: 3.840144 M. Total size: 0.5181440000000272 M.
[ 506 of 633 ] batch loaded. Batch Size: 3.840144 M. Total size: 0.5191680000000274 M.
[ 507 of 633 ] batch loaded. Batch Size: 3.840144 M. Total size: 0.5201920000000275 M.
[ 508 of 633 ] batch loaded. Batch Size: 3.840144 M. Total size: 0.5212160000000277 M.
[ 509 of 633 ] batch loaded. Batch Size: 3.840144 M. Total size: 0.5222400000000278 M.
[ 510 of 633 ] batch loaded. Batch Size: 3.840144 M. Total size: 0.5232640000000279 M.
[ 511 of 633 ] batch loaded. Batch Size: 3.840144 M. Total size: 0.5242880000000281 M.
[ 512 of 633 ] batch loaded. Batch Size: 3.840144 M. Total size: 0.5253120000000282 M.
[ 513 of 633 ] batch loaded. Batch Size: 3.840144 M. Total size: 0.5263360000000283 M.
[ 514 of 633 ] batch loaded. Batch Size: 3.840144 M. Total size: 0.5273600000000285 M.
[ 515 of 633 ] batch loaded. Batch Size: 3.840144 M. Total size: 0.5283840000000286 M.
[ 516 of 633 ] batch loaded. Batch Size: 3.840144 M. Total size: 0.5294080000000287 M.
[ 517 of 633 ] batch loaded. Batch Size: 3.840144 M. Total size: 0.5304320000000289 M.
[ 518 of 633 ] batch loaded. Batch Size: 3.840144 M. Total size: 0.531456000000029 M.
[ 519 of 633 ] batch loaded. Batch Size: 3.840144 M. Total size: 0.5324800000000292 M.
[ 520 of 633 ] batch loaded. Batch Size: 3.840144 M. Total size: 0.5335040000000293 M.
[ 521 of 633 ] batch loaded. Batch Size: 3.840144 M. Total size: 0.5345280000000294 M.
[ 522 of 633 ] batch loaded. Batch Size: 3.840144 M. Total size: 0.5355520000000296 M.
[ 523 of 633 ] batch loaded. Batch Size: 3.840144 M. Total size: 0.5365760000000297 M.
[ 524 of 633 ] batch loaded. Batch Size: 3.840144 M. Total size: 0.5376000000000298 M.
[ 525 of 633 ] batch loaded. Batch Size: 3.840144 M. Total size: 0.53862400000003 M.
[ 526 of 633 ] batch loaded. Batch Size: 3.840144 M. Total size: 0.5396480000000301 M.
[ 527 of 633 ] batch loaded. Batch Size: 3.840144 M. Total size: 0.5406720000000302 M.
[ 528 of 633 ] batch loaded. Batch Size: 3.840144 M. Total size: 0.5416960000000304 M.
[ 529 of 633 ] batch loaded. Batch Size: 3.840144 M. Total size: 0.5427200000000305 M.
[ 530 of 633 ] batch loaded. Batch Size: 3.840144 M. Total size: 0.5437440000000306 M.
[ 531 of 633 ] batch loaded. Batch Size: 3.840144 M. Total size: 0.5447680000000308 M.
[ 532 of 633 ] batch loaded. Batch Size: 3.840144 M. Total size: 0.5457920000000309 M.
[ 533 of 633 ] batch loaded. Batch Size: 3.840144 M. Total size: 0.546816000000031 M.
[ 534 of 633 ] batch loaded. Batch Size: 3.840144 M. Total size: 0.5478400000000312 M.
[ 535 of 633 ] batch loaded. Batch Size: 3.840144 M. Total size: 0.5488640000000313 M.
[ 536 of 633 ] batch loaded. Batch Size: 3.840144 M. Total size: 0.5498880000000315 M.
[ 537 of 633 ] batch loaded. Batch Size: 3.840144 M. Total size: 0.5509120000000316 M.
[ 538 of 633 ] batch loaded. Batch Size: 3.840144 M. Total size: 0.5519360000000317 M.
[ 539 of 633 ] batch loaded. Batch Size: 3.840144 M. Total size: 0.5529600000000319 M.
[ 540 of 633 ] batch loaded. Batch Size: 3.840144 M. Total size: 0.553984000000032 M.
[ 541 of 633 ] batch loaded. Batch Size: 3.840144 M. Total size: 0.5550080000000321 M.
[ 542 of 633 ] batch loaded. Batch Size: 3.840144 M. Total size: 0.5560320000000323 M.
[ 543 of 633 ] batch loaded. Batch Size: 3.840144 M. Total size: 0.5570560000000324 M.
[ 544 of 633 ] batch loaded. Batch Size: 3.840144 M. Total size: 0.5580800000000326 M.
[ 545 of 633 ] batch loaded. Batch Size: 3.840144 M. Total size: 0.5591040000000327 M.
[ 546 of 633 ] batch loaded. Batch Size: 3.840144 M. Total size: 0.5601280000000328 M.
[ 547 of 633 ] batch loaded. Batch Size: 3.840144 M. Total size: 0.561152000000033 M.
[ 548 of 633 ] batch loaded. Batch Size: 3.840144 M. Total size: 0.5621760000000331 M.
[ 549 of 633 ] batch loaded. Batch Size: 3.840144 M. Total size: 0.5632000000000332 M.
[ 550 of 633 ] batch loaded. Batch Size: 3.840144 M. Total size: 0.5642240000000334 M.
[ 551 of 633 ] batch loaded. Batch Size: 3.840144 M. Total size: 0.5652480000000335 M.
[ 552 of 633 ] batch loaded. Batch Size: 3.840144 M. Total size: 0.5662720000000336 M.
[ 553 of 633 ] batch loaded. Batch Size: 3.840144 M. Total size: 0.5672960000000338 M.
[ 554 of 633 ] batch loaded. Batch Size: 3.840144 M. Total size: 0.5683200000000339 M.
[ 555 of 633 ] batch loaded. Batch Size: 3.840144 M. Total size: 0.569344000000034 M.
[ 556 of 633 ] batch loaded. Batch Size: 3.840144 M. Total size: 0.5703680000000342 M.
[ 557 of 633 ] batch loaded. Batch Size: 3.840144 M. Total size: 0.5713920000000343 M.
[ 558 of 633 ] batch loaded. Batch Size: 3.840144 M. Total size: 0.5724160000000345 M.
[ 559 of 633 ] batch loaded. Batch Size: 3.840144 M. Total size: 0.5734400000000346 M.
[ 560 of 633 ] batch loaded. Batch Size: 3.840144 M. Total size: 0.5744640000000347 M.
[ 561 of 633 ] batch loaded. Batch Size: 3.840144 M. Total size: 0.5754880000000349 M.
[ 562 of 633 ] batch loaded. Batch Size: 3.840144 M. Total size: 0.576512000000035 M.
[ 563 of 633 ] batch loaded. Batch Size: 3.840144 M. Total size: 0.5775360000000351 M.
[ 564 of 633 ] batch loaded. Batch Size: 3.840144 M. Total size: 0.5785600000000353 M.
[ 565 of 633 ] batch loaded. Batch Size: 3.840144 M. Total size: 0.5795840000000354 M.
[ 566 of 633 ] batch loaded. Batch Size: 3.840144 M. Total size: 0.5806080000000355 M.
[ 567 of 633 ] batch loaded. Batch Size: 3.840144 M. Total size: 0.5816320000000357 M.
[ 568 of 633 ] batch loaded. Batch Size: 3.840144 M. Total size: 0.5826560000000358 M.
[ 569 of 633 ] batch loaded. Batch Size: 3.840144 M. Total size: 0.583680000000036 M.
[ 570 of 633 ] batch loaded. Batch Size: 3.840144 M. Total size: 0.5847040000000361 M.
[ 571 of 633 ] batch loaded. Batch Size: 3.840144 M. Total size: 0.5857280000000362 M.
[ 572 of 633 ] batch loaded. Batch Size: 3.840144 M. Total size: 0.5867520000000364 M.
[ 573 of 633 ] batch loaded. Batch Size: 3.840144 M. Total size: 0.5877760000000365 M.
[ 574 of 633 ] batch loaded. Batch Size: 3.840144 M. Total size: 0.5888000000000366 M.
[ 575 of 633 ] batch loaded. Batch Size: 3.840144 M. Total size: 0.5898240000000368 M.
[ 576 of 633 ] batch loaded. Batch Size: 3.840144 M. Total size: 0.5908480000000369 M.
[ 577 of 633 ] batch loaded. Batch Size: 3.840144 M. Total size: 0.591872000000037 M.
[ 578 of 633 ] batch loaded. Batch Size: 3.840144 M. Total size: 0.5928960000000372 M.
[ 579 of 633 ] batch loaded. Batch Size: 3.840144 M. Total size: 0.5939200000000373 M.
[ 580 of 633 ] batch loaded. Batch Size: 3.840144 M. Total size: 0.5949440000000374 M.
[ 581 of 633 ] batch loaded. Batch Size: 3.840144 M. Total size: 0.5959680000000376 M.
[ 582 of 633 ] batch loaded. Batch Size: 3.840144 M. Total size: 0.5969920000000377 M.
[ 583 of 633 ] batch loaded. Batch Size: 3.840144 M. Total size: 0.5980160000000379 M.
[ 584 of 633 ] batch loaded. Batch Size: 3.840144 M. Total size: 0.599040000000038 M.
[ 585 of 633 ] batch loaded. Batch Size: 3.840144 M. Total size: 0.6000640000000381 M.
[ 586 of 633 ] batch loaded. Batch Size: 3.840144 M. Total size: 0.6010880000000383 M.
[ 587 of 633 ] batch loaded. Batch Size: 3.840144 M. Total size: 0.6021120000000384 M.
[ 588 of 633 ] batch loaded. Batch Size: 3.840144 M. Total size: 0.6031360000000385 M.
[ 589 of 633 ] batch loaded. Batch Size: 3.840144 M. Total size: 0.6041600000000387 M.
[ 590 of 633 ] batch loaded. Batch Size: 3.840144 M. Total size: 0.6051840000000388 M.
[ 591 of 633 ] batch loaded. Batch Size: 3.840144 M. Total size: 0.6062080000000389 M.
[ 592 of 633 ] batch loaded. Batch Size: 3.840144 M. Total size: 0.6072320000000391 M.
[ 593 of 633 ] batch loaded. Batch Size: 3.840144 M. Total size: 0.6082560000000392 M.
[ 594 of 633 ] batch loaded. Batch Size: 3.840144 M. Total size: 0.6092800000000393 M.
[ 595 of 633 ] batch loaded. Batch Size: 3.840144 M. Total size: 0.6103040000000395 M.
[ 596 of 633 ] batch loaded. Batch Size: 3.840144 M. Total size: 0.6113280000000396 M.
[ 597 of 633 ] batch loaded. Batch Size: 3.840144 M. Total size: 0.6123520000000398 M.
[ 598 of 633 ] batch loaded. Batch Size: 3.840144 M. Total size: 0.6133760000000399 M.
[ 599 of 633 ] batch loaded. Batch Size: 3.840144 M. Total size: 0.61440000000004 M.
[ 600 of 633 ] batch loaded. Batch Size: 3.840144 M. Total size: 0.6154240000000402 M.
[ 601 of 633 ] batch loaded. Batch Size: 3.840144 M. Total size: 0.6164480000000403 M.
[ 602 of 633 ] batch loaded. Batch Size: 3.840144 M. Total size: 0.6174720000000404 M.
[ 603 of 633 ] batch loaded. Batch Size: 3.840144 M. Total size: 0.6184960000000406 M.
[ 604 of 633 ] batch loaded. Batch Size: 3.840144 M. Total size: 0.6195200000000407 M.
[ 605 of 633 ] batch loaded. Batch Size: 3.840144 M. Total size: 0.6205440000000408 M.
[ 606 of 633 ] batch loaded. Batch Size: 3.840144 M. Total size: 0.621568000000041 M.
[ 607 of 633 ] batch loaded. Batch Size: 3.840144 M. Total size: 0.6225920000000411 M.
[ 608 of 633 ] batch loaded. Batch Size: 3.840144 M. Total size: 0.6236160000000412 M.
[ 609 of 633 ] batch loaded. Batch Size: 3.840144 M. Total size: 0.6246400000000414 M.
[ 610 of 633 ] batch loaded. Batch Size: 3.840144 M. Total size: 0.6256640000000415 M.
[ 611 of 633 ] batch loaded. Batch Size: 3.840144 M. Total size: 0.6266880000000417 M.
[ 612 of 633 ] batch loaded. Batch Size: 3.840144 M. Total size: 0.6277120000000418 M.
[ 613 of 633 ] batch loaded. Batch Size: 3.840144 M. Total size: 0.6287360000000419 M.
[ 614 of 633 ] batch loaded. Batch Size: 3.840144 M. Total size: 0.6297600000000421 M.
[ 615 of 633 ] batch loaded. Batch Size: 3.840144 M. Total size: 0.6307840000000422 M.
[ 616 of 633 ] batch loaded. Batch Size: 3.840144 M. Total size: 0.6318080000000423 M.
[ 617 of 633 ] batch loaded. Batch Size: 3.840144 M. Total size: 0.6328320000000425 M.
[ 618 of 633 ] batch loaded. Batch Size: 3.840144 M. Total size: 0.6338560000000426 M.
[ 619 of 633 ] batch loaded. Batch Size: 3.840144 M. Total size: 0.6348800000000427 M.
[ 620 of 633 ] batch loaded. Batch Size: 3.840144 M. Total size: 0.6359040000000429 M.
[ 621 of 633 ] batch loaded. Batch Size: 3.840144 M. Total size: 0.636928000000043 M.
[ 622 of 633 ] batch loaded. Batch Size: 3.840144 M. Total size: 0.6379520000000432 M.
[ 623 of 633 ] batch loaded. Batch Size: 3.840144 M. Total size: 0.6389760000000433 M.
[ 624 of 633 ] batch loaded. Batch Size: 3.840144 M. Total size: 0.6400000000000434 M.
[ 625 of 633 ] batch loaded. Batch Size: 3.840144 M. Total size: 0.6410240000000436 M.
[ 626 of 633 ] batch loaded. Batch Size: 3.840144 M. Total size: 0.6420480000000437 M.
[ 627 of 633 ] batch loaded. Batch Size: 3.840144 M. Total size: 0.6430720000000438 M.
[ 628 of 633 ] batch loaded. Batch Size: 3.840144 M. Total size: 0.644096000000044 M.
[ 629 of 633 ] batch loaded. Batch Size: 3.840144 M. Total size: 0.6451200000000441 M.
[ 630 of 633 ] batch loaded. Batch Size: 3.840144 M. Total size: 0.6461440000000442 M.
[ 631 of 633 ] batch loaded. Batch Size: 3.840144 M. Total size: 0.6471680000000444 M.
[ 632 of 633 ] batch loaded. Batch Size: 2.400144 M. Total size: 0.6478080000000445 M.
creating generator for 1266 images...
starting read:
[ 0 of 159 ] batch loaded. Batch Size: 3.840144 M. Total size: 0.001024 M.
[ 1 of 159 ] batch loaded. Batch Size: 3.840144 M. Total size: 0.0020480000000000003 M.
[ 2 of 159 ] batch loaded. Batch Size: 3.840144 M. Total size: 0.003072000000000001 M.
[ 3 of 159 ] batch loaded. Batch Size: 3.840144 M. Total size: 0.004096000000000001 M.
[ 4 of 159 ] batch loaded. Batch Size: 3.840144 M. Total size: 0.005119999999999998 M.
[ 5 of 159 ] batch loaded. Batch Size: 3.840144 M. Total size: 0.006143999999999995 M.
[ 6 of 159 ] batch loaded. Batch Size: 3.840144 M. Total size: 0.007167999999999992 M.
[ 7 of 159 ] batch loaded. Batch Size: 3.840144 M. Total size: 0.00819199999999999 M.
[ 8 of 159 ] batch loaded. Batch Size: 3.840144 M. Total size: 0.009215999999999986 M.
[ 9 of 159 ] batch loaded. Batch Size: 3.840144 M. Total size: 0.010239999999999983 M.
[ 10 of 159 ] batch loaded. Batch Size: 3.840144 M. Total size: 0.01126399999999998 M.
[ 11 of 159 ] batch loaded. Batch Size: 3.840144 M. Total size: 0.012287999999999978 M.
[ 12 of 159 ] batch loaded. Batch Size: 3.840144 M. Total size: 0.013311999999999975 M.
[ 13 of 159 ] batch loaded. Batch Size: 3.840144 M. Total size: 0.014335999999999972 M.
[ 14 of 159 ] batch loaded. Batch Size: 3.840144 M. Total size: 0.01535999999999997 M.
[ 15 of 159 ] batch loaded. Batch Size: 3.840144 M. Total size: 0.016383999999999968 M.
[ 16 of 159 ] batch loaded. Batch Size: 3.840144 M. Total size: 0.017407999999999965 M.
[ 17 of 159 ] batch loaded. Batch Size: 3.840144 M. Total size: 0.018431999999999962 M.
[ 18 of 159 ] batch loaded. Batch Size: 3.840144 M. Total size: 0.01945599999999996 M.
[ 19 of 159 ] batch loaded. Batch Size: 3.840144 M. Total size: 0.020479999999999957 M.
[ 20 of 159 ] batch loaded. Batch Size: 3.840144 M. Total size: 0.021503999999999954 M.
[ 21 of 159 ] batch loaded. Batch Size: 3.840144 M. Total size: 0.02252799999999995 M.
[ 22 of 159 ] batch loaded. Batch Size: 3.840144 M. Total size: 0.023551999999999948 M.
[ 23 of 159 ] batch loaded. Batch Size: 3.840144 M. Total size: 0.024575999999999945 M.
[ 24 of 159 ] batch loaded. Batch Size: 3.840144 M. Total size: 0.025599999999999942 M.
[ 25 of 159 ] batch loaded. Batch Size: 3.840144 M. Total size: 0.02662399999999994 M.
[ 26 of 159 ] batch loaded. Batch Size: 3.840144 M. Total size: 0.027647999999999937 M.
[ 27 of 159 ] batch loaded. Batch Size: 3.840144 M. Total size: 0.028671999999999934 M.
[ 28 of 159 ] batch loaded. Batch Size: 3.840144 M. Total size: 0.02969599999999993 M.
[ 29 of 159 ] batch loaded. Batch Size: 3.840144 M. Total size: 0.030719999999999928 M.
[ 30 of 159 ] batch loaded. Batch Size: 3.840144 M. Total size: 0.03174399999999994 M.
[ 31 of 159 ] batch loaded. Batch Size: 3.840144 M. Total size: 0.032767999999999964 M.
[ 32 of 159 ] batch loaded. Batch Size: 3.840144 M. Total size: 0.03379199999999999 M.
[ 33 of 159 ] batch loaded. Batch Size: 3.840144 M. Total size: 0.034816000000000014 M.
[ 34 of 159 ] batch loaded. Batch Size: 3.840144 M. Total size: 0.03584000000000004 M.
[ 35 of 159 ] batch loaded. Batch Size: 3.840144 M. Total size: 0.03686400000000006 M.
[ 36 of 159 ] batch loaded. Batch Size: 3.840144 M. Total size: 0.03788800000000009 M.
[ 37 of 159 ] batch loaded. Batch Size: 3.840144 M. Total size: 0.03891200000000011 M.
[ 38 of 159 ] batch loaded. Batch Size: 3.840144 M. Total size: 0.03993600000000014 M.
[ 39 of 159 ] batch loaded. Batch Size: 3.840144 M. Total size: 0.04096000000000016 M.
[ 40 of 159 ] batch loaded. Batch Size: 3.840144 M. Total size: 0.04198400000000019 M.
[ 41 of 159 ] batch loaded. Batch Size: 3.840144 M. Total size: 0.04300800000000021 M.
[ 42 of 159 ] batch loaded. Batch Size: 3.840144 M. Total size: 0.04403200000000024 M.
[ 43 of 159 ] batch loaded. Batch Size: 3.840144 M. Total size: 0.04505600000000026 M.
[ 44 of 159 ] batch loaded. Batch Size: 3.840144 M. Total size: 0.04608000000000029 M.
[ 45 of 159 ] batch loaded. Batch Size: 3.840144 M. Total size: 0.04710400000000031 M.
[ 46 of 159 ] batch loaded. Batch Size: 3.840144 M. Total size: 0.04812800000000034 M.
[ 47 of 159 ] batch loaded. Batch Size: 3.840144 M. Total size: 0.04915200000000036 M.
[ 48 of 159 ] batch loaded. Batch Size: 3.840144 M. Total size: 0.05017600000000039 M.
[ 49 of 159 ] batch loaded. Batch Size: 3.840144 M. Total size: 0.05120000000000041 M.
[ 50 of 159 ] batch loaded. Batch Size: 3.840144 M. Total size: 0.05222400000000044 M.
[ 51 of 159 ] batch loaded. Batch Size: 3.840144 M. Total size: 0.05324800000000046 M.
[ 52 of 159 ] batch loaded. Batch Size: 3.840144 M. Total size: 0.054272000000000487 M.
[ 53 of 159 ] batch loaded. Batch Size: 3.840144 M. Total size: 0.05529600000000051 M.
[ 54 of 159 ] batch loaded. Batch Size: 3.840144 M. Total size: 0.056320000000000536 M.
[ 55 of 159 ] batch loaded. Batch Size: 3.840144 M. Total size: 0.05734400000000056 M.
[ 56 of 159 ] batch loaded. Batch Size: 3.840144 M. Total size: 0.058368000000000586 M.
[ 57 of 159 ] batch loaded. Batch Size: 3.840144 M. Total size: 0.05939200000000061 M.
[ 58 of 159 ] batch loaded. Batch Size: 3.840144 M. Total size: 0.060416000000000636 M.
[ 59 of 159 ] batch loaded. Batch Size: 3.840144 M. Total size: 0.06144000000000066 M.
[ 60 of 159 ] batch loaded. Batch Size: 3.840144 M. Total size: 0.062464000000000686 M.
[ 61 of 159 ] batch loaded. Batch Size: 3.840144 M. Total size: 0.06348800000000071 M.
[ 62 of 159 ] batch loaded. Batch Size: 3.840144 M. Total size: 0.06451200000000074 M.
[ 63 of 159 ] batch loaded. Batch Size: 3.840144 M. Total size: 0.06553600000000076 M.
[ 64 of 159 ] batch loaded. Batch Size: 3.840144 M. Total size: 0.06656000000000079 M.
[ 65 of 159 ] batch loaded. Batch Size: 3.840144 M. Total size: 0.06758400000000081 M.
[ 66 of 159 ] batch loaded. Batch Size: 3.840144 M. Total size: 0.06860800000000083 M.
[ 67 of 159 ] batch loaded. Batch Size: 3.840144 M. Total size: 0.06963200000000086 M.
[ 68 of 159 ] batch loaded. Batch Size: 3.840144 M. Total size: 0.07065600000000088 M.
[ 69 of 159 ] batch loaded. Batch Size: 3.840144 M. Total size: 0.07168000000000091 M.
[ 70 of 159 ] batch loaded. Batch Size: 3.840144 M. Total size: 0.07270400000000093 M.
[ 71 of 159 ] batch loaded. Batch Size: 3.840144 M. Total size: 0.07372800000000096 M.
[ 72 of 159 ] batch loaded. Batch Size: 3.840144 M. Total size: 0.07475200000000098 M.
[ 73 of 159 ] batch loaded. Batch Size: 3.840144 M. Total size: 0.07577600000000101 M.
[ 74 of 159 ] batch loaded. Batch Size: 3.840144 M. Total size: 0.07680000000000103 M.
[ 75 of 159 ] batch loaded. Batch Size: 3.840144 M. Total size: 0.07782400000000106 M.
[ 76 of 159 ] batch loaded. Batch Size: 3.840144 M. Total size: 0.07884800000000108 M.
[ 77 of 159 ] batch loaded. Batch Size: 3.840144 M. Total size: 0.07987200000000111 M.
[ 78 of 159 ] batch loaded. Batch Size: 3.840144 M. Total size: 0.08089600000000113 M.
[ 79 of 159 ] batch loaded. Batch Size: 3.840144 M. Total size: 0.08192000000000116 M.
[ 80 of 159 ] batch loaded. Batch Size: 3.840144 M. Total size: 0.08294400000000118 M.
[ 81 of 159 ] batch loaded. Batch Size: 3.840144 M. Total size: 0.08396800000000121 M.
[ 82 of 159 ] batch loaded. Batch Size: 3.840144 M. Total size: 0.08499200000000123 M.
[ 83 of 159 ] batch loaded. Batch Size: 3.840144 M. Total size: 0.08601600000000126 M.
[ 84 of 159 ] batch loaded. Batch Size: 3.840144 M. Total size: 0.08704000000000128 M.
[ 85 of 159 ] batch loaded. Batch Size: 3.840144 M. Total size: 0.08806400000000131 M.
[ 86 of 159 ] batch loaded. Batch Size: 3.840144 M. Total size: 0.08908800000000133 M.
[ 87 of 159 ] batch loaded. Batch Size: 3.840144 M. Total size: 0.09011200000000136 M.
[ 88 of 159 ] batch loaded. Batch Size: 3.840144 M. Total size: 0.09113600000000138 M.
[ 89 of 159 ] batch loaded. Batch Size: 3.840144 M. Total size: 0.09216000000000141 M.
[ 90 of 159 ] batch loaded. Batch Size: 3.840144 M. Total size: 0.09318400000000143 M.
[ 91 of 159 ] batch loaded. Batch Size: 3.840144 M. Total size: 0.09420800000000146 M.
[ 92 of 159 ] batch loaded. Batch Size: 3.840144 M. Total size: 0.09523200000000148 M.
[ 93 of 159 ] batch loaded. Batch Size: 3.840144 M. Total size: 0.09625600000000151 M.
[ 94 of 159 ] batch loaded. Batch Size: 3.840144 M. Total size: 0.09728000000000153 M.
[ 95 of 159 ] batch loaded. Batch Size: 3.840144 M. Total size: 0.09830400000000156 M.
[ 96 of 159 ] batch loaded. Batch Size: 3.840144 M. Total size: 0.09932800000000158 M.
[ 97 of 159 ] batch loaded. Batch Size: 3.840144 M. Total size: 0.1003520000000016 M.
[ 98 of 159 ] batch loaded. Batch Size: 3.840144 M. Total size: 0.10137600000000163 M.
[ 99 of 159 ] batch loaded. Batch Size: 3.840144 M. Total size: 0.10240000000000166 M.
[ 100 of 159 ] batch loaded. Batch Size: 3.840144 M. Total size: 0.10342400000000168 M.
[ 101 of 159 ] batch loaded. Batch Size: 3.840144 M. Total size: 0.1044480000000017 M.
[ 102 of 159 ] batch loaded. Batch Size: 3.840144 M. Total size: 0.10547200000000173 M.
[ 103 of 159 ] batch loaded. Batch Size: 3.840144 M. Total size: 0.10649600000000176 M.
[ 104 of 159 ] batch loaded. Batch Size: 3.840144 M. Total size: 0.10752000000000178 M.
[ 105 of 159 ] batch loaded. Batch Size: 3.840144 M. Total size: 0.1085440000000018 M.
[ 106 of 159 ] batch loaded. Batch Size: 3.840144 M. Total size: 0.10956800000000183 M.
[ 107 of 159 ] batch loaded. Batch Size: 3.840144 M. Total size: 0.11059200000000186 M.
[ 108 of 159 ] batch loaded. Batch Size: 3.840144 M. Total size: 0.11161600000000188 M.
[ 109 of 159 ] batch loaded. Batch Size: 3.840144 M. Total size: 0.1126400000000019 M.
[ 110 of 159 ] batch loaded. Batch Size: 3.840144 M. Total size: 0.11366400000000193 M.
[ 111 of 159 ] batch loaded. Batch Size: 3.840144 M. Total size: 0.11468800000000196 M.
[ 112 of 159 ] batch loaded. Batch Size: 3.840144 M. Total size: 0.11571200000000198 M.
[ 113 of 159 ] batch loaded. Batch Size: 3.840144 M. Total size: 0.116736000000002 M.
[ 114 of 159 ] batch loaded. Batch Size: 3.840144 M. Total size: 0.11776000000000203 M.
[ 115 of 159 ] batch loaded. Batch Size: 3.840144 M. Total size: 0.11878400000000205 M.
[ 116 of 159 ] batch loaded. Batch Size: 3.840144 M. Total size: 0.11980800000000208 M.
[ 117 of 159 ] batch loaded. Batch Size: 3.840144 M. Total size: 0.1208320000000021 M.
[ 118 of 159 ] batch loaded. Batch Size: 3.840144 M. Total size: 0.12185600000000213 M.
[ 119 of 159 ] batch loaded. Batch Size: 3.840144 M. Total size: 0.12288000000000215 M.
[ 120 of 159 ] batch loaded. Batch Size: 3.840144 M. Total size: 0.12390400000000218 M.
[ 121 of 159 ] batch loaded. Batch Size: 3.840144 M. Total size: 0.1249280000000022 M.
[ 122 of 159 ] batch loaded. Batch Size: 3.840144 M. Total size: 0.12595200000000212 M.
[ 123 of 159 ] batch loaded. Batch Size: 3.840144 M. Total size: 0.12697600000000203 M.
[ 124 of 159 ] batch loaded. Batch Size: 3.840144 M. Total size: 0.12800000000000195 M.
[ 125 of 159 ] batch loaded. Batch Size: 3.840144 M. Total size: 0.12902400000000186 M.
[ 126 of 159 ] batch loaded. Batch Size: 3.840144 M. Total size: 0.13004800000000177 M.
[ 127 of 159 ] batch loaded. Batch Size: 3.840144 M. Total size: 0.1310720000000017 M.
[ 128 of 159 ] batch loaded. Batch Size: 3.840144 M. Total size: 0.1320960000000016 M.
[ 129 of 159 ] batch loaded. Batch Size: 3.840144 M. Total size: 0.13312000000000151 M.
[ 130 of 159 ] batch loaded. Batch Size: 3.840144 M. Total size: 0.13414400000000143 M.
[ 131 of 159 ] batch loaded. Batch Size: 3.840144 M. Total size: 0.13516800000000134 M.
[ 132 of 159 ] batch loaded. Batch Size: 3.840144 M. Total size: 0.13619200000000126 M.
[ 133 of 159 ] batch loaded. Batch Size: 3.840144 M. Total size: 0.13721600000000117 M.
[ 134 of 159 ] batch loaded. Batch Size: 3.840144 M. Total size: 0.13824000000000108 M.
[ 135 of 159 ] batch loaded. Batch Size: 3.840144 M. Total size: 0.139264000000001 M.
[ 136 of 159 ] batch loaded. Batch Size: 3.840144 M. Total size: 0.1402880000000009 M.
[ 137 of 159 ] batch loaded. Batch Size: 3.840144 M. Total size: 0.14131200000000083 M.
[ 138 of 159 ] batch loaded. Batch Size: 3.840144 M. Total size: 0.14233600000000074 M.
[ 139 of 159 ] batch loaded. Batch Size: 3.840144 M. Total size: 0.14336000000000065 M.
[ 140 of 159 ] batch loaded. Batch Size: 3.840144 M. Total size: 0.14438400000000057 M.
[ 141 of 159 ] batch loaded. Batch Size: 3.840144 M. Total size: 0.14540800000000048 M.
[ 142 of 159 ] batch loaded. Batch Size: 3.840144 M. Total size: 0.1464320000000004 M.
[ 143 of 159 ] batch loaded. Batch Size: 3.840144 M. Total size: 0.1474560000000003 M.
[ 144 of 159 ] batch loaded. Batch Size: 3.840144 M. Total size: 0.14848000000000022 M.
[ 145 of 159 ] batch loaded. Batch Size: 3.840144 M. Total size: 0.14950400000000014 M.
[ 146 of 159 ] batch loaded. Batch Size: 3.840144 M. Total size: 0.15052800000000005 M.
[ 147 of 159 ] batch loaded. Batch Size: 3.840144 M. Total size: 0.15155199999999996 M.
[ 148 of 159 ] batch loaded. Batch Size: 3.840144 M. Total size: 0.15257599999999988 M.
[ 149 of 159 ] batch loaded. Batch Size: 3.840144 M. Total size: 0.1535999999999998 M.
[ 150 of 159 ] batch loaded. Batch Size: 3.840144 M. Total size: 0.1546239999999997 M.
[ 151 of 159 ] batch loaded. Batch Size: 3.840144 M. Total size: 0.15564799999999962 M.
[ 152 of 159 ] batch loaded. Batch Size: 3.840144 M. Total size: 0.15667199999999953 M.
[ 153 of 159 ] batch loaded. Batch Size: 3.840144 M. Total size: 0.15769599999999945 M.
[ 154 of 159 ] batch loaded. Batch Size: 3.840144 M. Total size: 0.15871999999999936 M.
[ 155 of 159 ] batch loaded. Batch Size: 3.840144 M. Total size: 0.15974399999999928 M.
[ 156 of 159 ] batch loaded. Batch Size: 3.840144 M. Total size: 0.1607679999999992 M.
[ 157 of 159 ] batch loaded. Batch Size: 3.840144 M. Total size: 0.1617919999999991 M.
[ 158 of 159 ] batch loaded. Batch Size: 0.960144 M. Total size: 0.16204799999999908 M.
Compiling network:
Fitting:
Epoch 1/1200
Done!
