Starting Docker Image
/data/datasets/tscherli/task2
CONTAINER ID        IMAGE               COMMAND             CREATED             STATUS              PORTS               NAMES
CONTAINER ID        IMAGE               COMMAND             CREATED             STATUS              PORTS               NAMES
reading dataset labels:
...done
Filtering and normalizing labels...
Bad File: /data/datasets/tscherli/Data_Training/IMG_8832.jdon.JPG
Bad File: /data/datasets/tscherli/Data_Training/IMG_8686.sjon.JPG
...done
train/test split: 5061 / 1266
creating generator for 5061 images...
starting read:
[ 0 of 1266 ] batch loaded. Batch Size: 1.920144 M. Total size: 0.000512 M.
[ 1 of 1266 ] batch loaded. Batch Size: 1.920144 M. Total size: 0.001024 M.
[ 2 of 1266 ] batch loaded. Batch Size: 1.920144 M. Total size: 0.0015360000000000003 M.
[ 3 of 1266 ] batch loaded. Batch Size: 1.920144 M. Total size: 0.0020480000000000003 M.
[ 4 of 1266 ] batch loaded. Batch Size: 1.920144 M. Total size: 0.0025600000000000006 M.
[ 5 of 1266 ] batch loaded. Batch Size: 1.920144 M. Total size: 0.003072000000000001 M.
[ 6 of 1266 ] batch loaded. Batch Size: 1.920144 M. Total size: 0.0035840000000000012 M.
[ 7 of 1266 ] batch loaded. Batch Size: 1.920144 M. Total size: 0.004096000000000001 M.
[ 8 of 1266 ] batch loaded. Batch Size: 1.920144 M. Total size: 0.004607999999999999 M.
[ 9 of 1266 ] batch loaded. Batch Size: 1.920144 M. Total size: 0.005119999999999998 M.
[ 10 of 1266 ] batch loaded. Batch Size: 1.920144 M. Total size: 0.005631999999999996 M.
[ 11 of 1266 ] batch loaded. Batch Size: 1.920144 M. Total size: 0.006143999999999995 M.
[ 12 of 1266 ] batch loaded. Batch Size: 1.920144 M. Total size: 0.0066559999999999935 M.
[ 13 of 1266 ] batch loaded. Batch Size: 1.920144 M. Total size: 0.007167999999999992 M.
[ 14 of 1266 ] batch loaded. Batch Size: 1.920144 M. Total size: 0.007679999999999991 M.
[ 15 of 1266 ] batch loaded. Batch Size: 1.920144 M. Total size: 0.00819199999999999 M.
[ 16 of 1266 ] batch loaded. Batch Size: 1.920144 M. Total size: 0.008703999999999988 M.
[ 17 of 1266 ] batch loaded. Batch Size: 1.920144 M. Total size: 0.009215999999999986 M.
[ 18 of 1266 ] batch loaded. Batch Size: 1.920144 M. Total size: 0.009727999999999985 M.
[ 19 of 1266 ] batch loaded. Batch Size: 1.920144 M. Total size: 0.010239999999999983 M.
[ 20 of 1266 ] batch loaded. Batch Size: 1.920144 M. Total size: 0.010751999999999982 M.
[ 21 of 1266 ] batch loaded. Batch Size: 1.920144 M. Total size: 0.01126399999999998 M.
[ 22 of 1266 ] batch loaded. Batch Size: 1.920144 M. Total size: 0.01177599999999998 M.
[ 23 of 1266 ] batch loaded. Batch Size: 1.920144 M. Total size: 0.012287999999999978 M.
[ 24 of 1266 ] batch loaded. Batch Size: 1.920144 M. Total size: 0.012799999999999976 M.
[ 25 of 1266 ] batch loaded. Batch Size: 1.920144 M. Total size: 0.013311999999999975 M.
[ 26 of 1266 ] batch loaded. Batch Size: 1.920144 M. Total size: 0.013823999999999973 M.
[ 27 of 1266 ] batch loaded. Batch Size: 1.920144 M. Total size: 0.014335999999999972 M.
[ 28 of 1266 ] batch loaded. Batch Size: 1.920144 M. Total size: 0.01484799999999997 M.
[ 29 of 1266 ] batch loaded. Batch Size: 1.920144 M. Total size: 0.01535999999999997 M.
[ 30 of 1266 ] batch loaded. Batch Size: 1.920144 M. Total size: 0.01587199999999997 M.
[ 31 of 1266 ] batch loaded. Batch Size: 1.920144 M. Total size: 0.016383999999999968 M.
[ 32 of 1266 ] batch loaded. Batch Size: 1.920144 M. Total size: 0.016895999999999967 M.
[ 33 of 1266 ] batch loaded. Batch Size: 1.920144 M. Total size: 0.017407999999999965 M.
[ 34 of 1266 ] batch loaded. Batch Size: 1.920144 M. Total size: 0.017919999999999964 M.
[ 35 of 1266 ] batch loaded. Batch Size: 1.920144 M. Total size: 0.018431999999999962 M.
[ 36 of 1266 ] batch loaded. Batch Size: 1.920144 M. Total size: 0.01894399999999996 M.
[ 37 of 1266 ] batch loaded. Batch Size: 1.920144 M. Total size: 0.01945599999999996 M.
[ 38 of 1266 ] batch loaded. Batch Size: 1.920144 M. Total size: 0.019967999999999958 M.
[ 39 of 1266 ] batch loaded. Batch Size: 1.920144 M. Total size: 0.020479999999999957 M.
[ 40 of 1266 ] batch loaded. Batch Size: 1.920144 M. Total size: 0.020991999999999955 M.
[ 41 of 1266 ] batch loaded. Batch Size: 1.920144 M. Total size: 0.021503999999999954 M.
[ 42 of 1266 ] batch loaded. Batch Size: 1.920144 M. Total size: 0.022015999999999952 M.
[ 43 of 1266 ] batch loaded. Batch Size: 1.920144 M. Total size: 0.02252799999999995 M.
[ 44 of 1266 ] batch loaded. Batch Size: 1.920144 M. Total size: 0.02303999999999995 M.
[ 45 of 1266 ] batch loaded. Batch Size: 1.920144 M. Total size: 0.023551999999999948 M.
[ 46 of 1266 ] batch loaded. Batch Size: 1.920144 M. Total size: 0.024063999999999947 M.
[ 47 of 1266 ] batch loaded. Batch Size: 1.920144 M. Total size: 0.024575999999999945 M.
[ 48 of 1266 ] batch loaded. Batch Size: 1.920144 M. Total size: 0.025087999999999944 M.
[ 49 of 1266 ] batch loaded. Batch Size: 1.920144 M. Total size: 0.025599999999999942 M.
[ 50 of 1266 ] batch loaded. Batch Size: 1.920144 M. Total size: 0.02611199999999994 M.
[ 51 of 1266 ] batch loaded. Batch Size: 1.920144 M. Total size: 0.02662399999999994 M.
[ 52 of 1266 ] batch loaded. Batch Size: 1.920144 M. Total size: 0.027135999999999938 M.
[ 53 of 1266 ] batch loaded. Batch Size: 1.920144 M. Total size: 0.027647999999999937 M.
[ 54 of 1266 ] batch loaded. Batch Size: 1.920144 M. Total size: 0.028159999999999935 M.
[ 55 of 1266 ] batch loaded. Batch Size: 1.920144 M. Total size: 0.028671999999999934 M.
[ 56 of 1266 ] batch loaded. Batch Size: 1.920144 M. Total size: 0.029183999999999932 M.
[ 57 of 1266 ] batch loaded. Batch Size: 1.920144 M. Total size: 0.02969599999999993 M.
[ 58 of 1266 ] batch loaded. Batch Size: 1.920144 M. Total size: 0.03020799999999993 M.
[ 59 of 1266 ] batch loaded. Batch Size: 1.920144 M. Total size: 0.030719999999999928 M.
[ 60 of 1266 ] batch loaded. Batch Size: 1.920144 M. Total size: 0.031231999999999926 M.
[ 61 of 1266 ] batch loaded. Batch Size: 1.920144 M. Total size: 0.03174399999999994 M.
[ 62 of 1266 ] batch loaded. Batch Size: 1.920144 M. Total size: 0.03225599999999995 M.
[ 63 of 1266 ] batch loaded. Batch Size: 1.920144 M. Total size: 0.032767999999999964 M.
[ 64 of 1266 ] batch loaded. Batch Size: 1.920144 M. Total size: 0.033279999999999976 M.
[ 65 of 1266 ] batch loaded. Batch Size: 1.920144 M. Total size: 0.03379199999999999 M.
[ 66 of 1266 ] batch loaded. Batch Size: 1.920144 M. Total size: 0.034304 M.
[ 67 of 1266 ] batch loaded. Batch Size: 1.920144 M. Total size: 0.034816000000000014 M.
[ 68 of 1266 ] batch loaded. Batch Size: 1.920144 M. Total size: 0.035328000000000026 M.
[ 69 of 1266 ] batch loaded. Batch Size: 1.920144 M. Total size: 0.03584000000000004 M.
[ 70 of 1266 ] batch loaded. Batch Size: 1.920144 M. Total size: 0.03635200000000005 M.
[ 71 of 1266 ] batch loaded. Batch Size: 1.920144 M. Total size: 0.03686400000000006 M.
[ 72 of 1266 ] batch loaded. Batch Size: 1.920144 M. Total size: 0.037376000000000076 M.
[ 73 of 1266 ] batch loaded. Batch Size: 1.920144 M. Total size: 0.03788800000000009 M.
[ 74 of 1266 ] batch loaded. Batch Size: 1.920144 M. Total size: 0.0384000000000001 M.
[ 75 of 1266 ] batch loaded. Batch Size: 1.920144 M. Total size: 0.03891200000000011 M.
[ 76 of 1266 ] batch loaded. Batch Size: 1.920144 M. Total size: 0.039424000000000126 M.
[ 77 of 1266 ] batch loaded. Batch Size: 1.920144 M. Total size: 0.03993600000000014 M.
[ 78 of 1266 ] batch loaded. Batch Size: 1.920144 M. Total size: 0.04044800000000015 M.
[ 79 of 1266 ] batch loaded. Batch Size: 1.920144 M. Total size: 0.04096000000000016 M.
[ 80 of 1266 ] batch loaded. Batch Size: 1.920144 M. Total size: 0.041472000000000175 M.
[ 81 of 1266 ] batch loaded. Batch Size: 1.920144 M. Total size: 0.04198400000000019 M.
[ 82 of 1266 ] batch loaded. Batch Size: 1.920144 M. Total size: 0.0424960000000002 M.
[ 83 of 1266 ] batch loaded. Batch Size: 1.920144 M. Total size: 0.04300800000000021 M.
[ 84 of 1266 ] batch loaded. Batch Size: 1.920144 M. Total size: 0.043520000000000225 M.
[ 85 of 1266 ] batch loaded. Batch Size: 1.920144 M. Total size: 0.04403200000000024 M.
[ 86 of 1266 ] batch loaded. Batch Size: 1.920144 M. Total size: 0.04454400000000025 M.
[ 87 of 1266 ] batch loaded. Batch Size: 1.920144 M. Total size: 0.04505600000000026 M.
[ 88 of 1266 ] batch loaded. Batch Size: 1.920144 M. Total size: 0.045568000000000275 M.
[ 89 of 1266 ] batch loaded. Batch Size: 1.920144 M. Total size: 0.04608000000000029 M.
[ 90 of 1266 ] batch loaded. Batch Size: 1.920144 M. Total size: 0.0465920000000003 M.
[ 91 of 1266 ] batch loaded. Batch Size: 1.920144 M. Total size: 0.04710400000000031 M.
[ 92 of 1266 ] batch loaded. Batch Size: 1.920144 M. Total size: 0.047616000000000325 M.
[ 93 of 1266 ] batch loaded. Batch Size: 1.920144 M. Total size: 0.04812800000000034 M.
[ 94 of 1266 ] batch loaded. Batch Size: 1.920144 M. Total size: 0.04864000000000035 M.
[ 95 of 1266 ] batch loaded. Batch Size: 1.920144 M. Total size: 0.04915200000000036 M.
[ 96 of 1266 ] batch loaded. Batch Size: 1.920144 M. Total size: 0.049664000000000375 M.
[ 97 of 1266 ] batch loaded. Batch Size: 1.920144 M. Total size: 0.05017600000000039 M.
[ 98 of 1266 ] batch loaded. Batch Size: 1.920144 M. Total size: 0.0506880000000004 M.
[ 99 of 1266 ] batch loaded. Batch Size: 1.920144 M. Total size: 0.05120000000000041 M.
[ 100 of 1266 ] batch loaded. Batch Size: 1.920144 M. Total size: 0.051712000000000424 M.
[ 101 of 1266 ] batch loaded. Batch Size: 1.920144 M. Total size: 0.05222400000000044 M.
[ 102 of 1266 ] batch loaded. Batch Size: 1.920144 M. Total size: 0.05273600000000045 M.
[ 103 of 1266 ] batch loaded. Batch Size: 1.920144 M. Total size: 0.05324800000000046 M.
[ 104 of 1266 ] batch loaded. Batch Size: 1.920144 M. Total size: 0.053760000000000474 M.
[ 105 of 1266 ] batch loaded. Batch Size: 1.920144 M. Total size: 0.054272000000000487 M.
[ 106 of 1266 ] batch loaded. Batch Size: 1.920144 M. Total size: 0.0547840000000005 M.
[ 107 of 1266 ] batch loaded. Batch Size: 1.920144 M. Total size: 0.05529600000000051 M.
[ 108 of 1266 ] batch loaded. Batch Size: 1.920144 M. Total size: 0.055808000000000524 M.
[ 109 of 1266 ] batch loaded. Batch Size: 1.920144 M. Total size: 0.056320000000000536 M.
[ 110 of 1266 ] batch loaded. Batch Size: 1.920144 M. Total size: 0.05683200000000055 M.
[ 111 of 1266 ] batch loaded. Batch Size: 1.920144 M. Total size: 0.05734400000000056 M.
[ 112 of 1266 ] batch loaded. Batch Size: 1.920144 M. Total size: 0.057856000000000574 M.
[ 113 of 1266 ] batch loaded. Batch Size: 1.920144 M. Total size: 0.058368000000000586 M.
[ 114 of 1266 ] batch loaded. Batch Size: 1.920144 M. Total size: 0.0588800000000006 M.
[ 115 of 1266 ] batch loaded. Batch Size: 1.920144 M. Total size: 0.05939200000000061 M.
[ 116 of 1266 ] batch loaded. Batch Size: 1.920144 M. Total size: 0.05990400000000062 M.
[ 117 of 1266 ] batch loaded. Batch Size: 1.920144 M. Total size: 0.060416000000000636 M.
[ 118 of 1266 ] batch loaded. Batch Size: 1.920144 M. Total size: 0.06092800000000065 M.
[ 119 of 1266 ] batch loaded. Batch Size: 1.920144 M. Total size: 0.06144000000000066 M.
[ 120 of 1266 ] batch loaded. Batch Size: 1.920144 M. Total size: 0.06195200000000067 M.
[ 121 of 1266 ] batch loaded. Batch Size: 1.920144 M. Total size: 0.062464000000000686 M.
[ 122 of 1266 ] batch loaded. Batch Size: 1.920144 M. Total size: 0.0629760000000007 M.
[ 123 of 1266 ] batch loaded. Batch Size: 1.920144 M. Total size: 0.06348800000000071 M.
[ 124 of 1266 ] batch loaded. Batch Size: 1.920144 M. Total size: 0.06400000000000072 M.
[ 125 of 1266 ] batch loaded. Batch Size: 1.920144 M. Total size: 0.06451200000000074 M.
[ 126 of 1266 ] batch loaded. Batch Size: 1.920144 M. Total size: 0.06502400000000075 M.
[ 127 of 1266 ] batch loaded. Batch Size: 1.920144 M. Total size: 0.06553600000000076 M.
[ 128 of 1266 ] batch loaded. Batch Size: 1.920144 M. Total size: 0.06604800000000077 M.
[ 129 of 1266 ] batch loaded. Batch Size: 1.920144 M. Total size: 0.06656000000000079 M.
[ 130 of 1266 ] batch loaded. Batch Size: 1.920144 M. Total size: 0.0670720000000008 M.
[ 131 of 1266 ] batch loaded. Batch Size: 1.920144 M. Total size: 0.06758400000000081 M.
[ 132 of 1266 ] batch loaded. Batch Size: 1.920144 M. Total size: 0.06809600000000082 M.
[ 133 of 1266 ] batch loaded. Batch Size: 1.920144 M. Total size: 0.06860800000000083 M.
[ 134 of 1266 ] batch loaded. Batch Size: 1.920144 M. Total size: 0.06912000000000085 M.
[ 135 of 1266 ] batch loaded. Batch Size: 1.920144 M. Total size: 0.06963200000000086 M.
[ 136 of 1266 ] batch loaded. Batch Size: 1.920144 M. Total size: 0.07014400000000087 M.
[ 137 of 1266 ] batch loaded. Batch Size: 1.920144 M. Total size: 0.07065600000000088 M.
[ 138 of 1266 ] batch loaded. Batch Size: 1.920144 M. Total size: 0.0711680000000009 M.
[ 139 of 1266 ] batch loaded. Batch Size: 1.920144 M. Total size: 0.07168000000000091 M.
[ 140 of 1266 ] batch loaded. Batch Size: 1.920144 M. Total size: 0.07219200000000092 M.
[ 141 of 1266 ] batch loaded. Batch Size: 1.920144 M. Total size: 0.07270400000000093 M.
[ 142 of 1266 ] batch loaded. Batch Size: 1.920144 M. Total size: 0.07321600000000095 M.
[ 143 of 1266 ] batch loaded. Batch Size: 1.920144 M. Total size: 0.07372800000000096 M.
[ 144 of 1266 ] batch loaded. Batch Size: 1.920144 M. Total size: 0.07424000000000097 M.
[ 145 of 1266 ] batch loaded. Batch Size: 1.920144 M. Total size: 0.07475200000000098 M.
[ 146 of 1266 ] batch loaded. Batch Size: 1.920144 M. Total size: 0.075264000000001 M.
[ 147 of 1266 ] batch loaded. Batch Size: 1.920144 M. Total size: 0.07577600000000101 M.
[ 148 of 1266 ] batch loaded. Batch Size: 1.920144 M. Total size: 0.07628800000000102 M.
[ 149 of 1266 ] batch loaded. Batch Size: 1.920144 M. Total size: 0.07680000000000103 M.
[ 150 of 1266 ] batch loaded. Batch Size: 1.920144 M. Total size: 0.07731200000000105 M.
[ 151 of 1266 ] batch loaded. Batch Size: 1.920144 M. Total size: 0.07782400000000106 M.
[ 152 of 1266 ] batch loaded. Batch Size: 1.920144 M. Total size: 0.07833600000000107 M.
[ 153 of 1266 ] batch loaded. Batch Size: 1.920144 M. Total size: 0.07884800000000108 M.
[ 154 of 1266 ] batch loaded. Batch Size: 1.920144 M. Total size: 0.0793600000000011 M.
[ 155 of 1266 ] batch loaded. Batch Size: 1.920144 M. Total size: 0.07987200000000111 M.
[ 156 of 1266 ] batch loaded. Batch Size: 1.920144 M. Total size: 0.08038400000000112 M.
[ 157 of 1266 ] batch loaded. Batch Size: 1.920144 M. Total size: 0.08089600000000113 M.
[ 158 of 1266 ] batch loaded. Batch Size: 1.920144 M. Total size: 0.08140800000000115 M.
[ 159 of 1266 ] batch loaded. Batch Size: 1.920144 M. Total size: 0.08192000000000116 M.
[ 160 of 1266 ] batch loaded. Batch Size: 1.920144 M. Total size: 0.08243200000000117 M.
[ 161 of 1266 ] batch loaded. Batch Size: 1.920144 M. Total size: 0.08294400000000118 M.
[ 162 of 1266 ] batch loaded. Batch Size: 1.920144 M. Total size: 0.0834560000000012 M.
[ 163 of 1266 ] batch loaded. Batch Size: 1.920144 M. Total size: 0.08396800000000121 M.
[ 164 of 1266 ] batch loaded. Batch Size: 1.920144 M. Total size: 0.08448000000000122 M.
[ 165 of 1266 ] batch loaded. Batch Size: 1.920144 M. Total size: 0.08499200000000123 M.
[ 166 of 1266 ] batch loaded. Batch Size: 1.920144 M. Total size: 0.08550400000000125 M.
[ 167 of 1266 ] batch loaded. Batch Size: 1.920144 M. Total size: 0.08601600000000126 M.
[ 168 of 1266 ] batch loaded. Batch Size: 1.920144 M. Total size: 0.08652800000000127 M.
[ 169 of 1266 ] batch loaded. Batch Size: 1.920144 M. Total size: 0.08704000000000128 M.
[ 170 of 1266 ] batch loaded. Batch Size: 1.920144 M. Total size: 0.0875520000000013 M.
[ 171 of 1266 ] batch loaded. Batch Size: 1.920144 M. Total size: 0.08806400000000131 M.
[ 172 of 1266 ] batch loaded. Batch Size: 1.920144 M. Total size: 0.08857600000000132 M.
[ 173 of 1266 ] batch loaded. Batch Size: 1.920144 M. Total size: 0.08908800000000133 M.
[ 174 of 1266 ] batch loaded. Batch Size: 1.920144 M. Total size: 0.08960000000000135 M.
[ 175 of 1266 ] batch loaded. Batch Size: 1.920144 M. Total size: 0.09011200000000136 M.
[ 176 of 1266 ] batch loaded. Batch Size: 1.920144 M. Total size: 0.09062400000000137 M.
[ 177 of 1266 ] batch loaded. Batch Size: 1.920144 M. Total size: 0.09113600000000138 M.
[ 178 of 1266 ] batch loaded. Batch Size: 1.920144 M. Total size: 0.0916480000000014 M.
[ 179 of 1266 ] batch loaded. Batch Size: 1.920144 M. Total size: 0.09216000000000141 M.
[ 180 of 1266 ] batch loaded. Batch Size: 1.920144 M. Total size: 0.09267200000000142 M.
[ 181 of 1266 ] batch loaded. Batch Size: 1.920144 M. Total size: 0.09318400000000143 M.
[ 182 of 1266 ] batch loaded. Batch Size: 1.920144 M. Total size: 0.09369600000000144 M.
[ 183 of 1266 ] batch loaded. Batch Size: 1.920144 M. Total size: 0.09420800000000146 M.
[ 184 of 1266 ] batch loaded. Batch Size: 1.920144 M. Total size: 0.09472000000000147 M.
[ 185 of 1266 ] batch loaded. Batch Size: 1.920144 M. Total size: 0.09523200000000148 M.
[ 186 of 1266 ] batch loaded. Batch Size: 1.920144 M. Total size: 0.0957440000000015 M.
[ 187 of 1266 ] batch loaded. Batch Size: 1.920144 M. Total size: 0.09625600000000151 M.
[ 188 of 1266 ] batch loaded. Batch Size: 1.920144 M. Total size: 0.09676800000000152 M.
[ 189 of 1266 ] batch loaded. Batch Size: 1.920144 M. Total size: 0.09728000000000153 M.
[ 190 of 1266 ] batch loaded. Batch Size: 1.920144 M. Total size: 0.09779200000000154 M.
[ 191 of 1266 ] batch loaded. Batch Size: 1.920144 M. Total size: 0.09830400000000156 M.
[ 192 of 1266 ] batch loaded. Batch Size: 1.920144 M. Total size: 0.09881600000000157 M.
[ 193 of 1266 ] batch loaded. Batch Size: 1.920144 M. Total size: 0.09932800000000158 M.
[ 194 of 1266 ] batch loaded. Batch Size: 1.920144 M. Total size: 0.0998400000000016 M.
[ 195 of 1266 ] batch loaded. Batch Size: 1.920144 M. Total size: 0.1003520000000016 M.
[ 196 of 1266 ] batch loaded. Batch Size: 1.920144 M. Total size: 0.10086400000000162 M.
[ 197 of 1266 ] batch loaded. Batch Size: 1.920144 M. Total size: 0.10137600000000163 M.
[ 198 of 1266 ] batch loaded. Batch Size: 1.920144 M. Total size: 0.10188800000000164 M.
[ 199 of 1266 ] batch loaded. Batch Size: 1.920144 M. Total size: 0.10240000000000166 M.
[ 200 of 1266 ] batch loaded. Batch Size: 1.920144 M. Total size: 0.10291200000000167 M.
[ 201 of 1266 ] batch loaded. Batch Size: 1.920144 M. Total size: 0.10342400000000168 M.
[ 202 of 1266 ] batch loaded. Batch Size: 1.920144 M. Total size: 0.1039360000000017 M.
[ 203 of 1266 ] batch loaded. Batch Size: 1.920144 M. Total size: 0.1044480000000017 M.
[ 204 of 1266 ] batch loaded. Batch Size: 1.920144 M. Total size: 0.10496000000000172 M.
[ 205 of 1266 ] batch loaded. Batch Size: 1.920144 M. Total size: 0.10547200000000173 M.
[ 206 of 1266 ] batch loaded. Batch Size: 1.920144 M. Total size: 0.10598400000000174 M.
[ 207 of 1266 ] batch loaded. Batch Size: 1.920144 M. Total size: 0.10649600000000176 M.
[ 208 of 1266 ] batch loaded. Batch Size: 1.920144 M. Total size: 0.10700800000000177 M.
[ 209 of 1266 ] batch loaded. Batch Size: 1.920144 M. Total size: 0.10752000000000178 M.
[ 210 of 1266 ] batch loaded. Batch Size: 1.920144 M. Total size: 0.1080320000000018 M.
[ 211 of 1266 ] batch loaded. Batch Size: 1.920144 M. Total size: 0.1085440000000018 M.
[ 212 of 1266 ] batch loaded. Batch Size: 1.920144 M. Total size: 0.10905600000000182 M.
[ 213 of 1266 ] batch loaded. Batch Size: 1.920144 M. Total size: 0.10956800000000183 M.
[ 214 of 1266 ] batch loaded. Batch Size: 1.920144 M. Total size: 0.11008000000000184 M.
[ 215 of 1266 ] batch loaded. Batch Size: 1.920144 M. Total size: 0.11059200000000186 M.
[ 216 of 1266 ] batch loaded. Batch Size: 1.920144 M. Total size: 0.11110400000000187 M.
[ 217 of 1266 ] batch loaded. Batch Size: 1.920144 M. Total size: 0.11161600000000188 M.
[ 218 of 1266 ] batch loaded. Batch Size: 1.920144 M. Total size: 0.11212800000000189 M.
[ 219 of 1266 ] batch loaded. Batch Size: 1.920144 M. Total size: 0.1126400000000019 M.
[ 220 of 1266 ] batch loaded. Batch Size: 1.920144 M. Total size: 0.11315200000000192 M.
[ 221 of 1266 ] batch loaded. Batch Size: 1.920144 M. Total size: 0.11366400000000193 M.
[ 222 of 1266 ] batch loaded. Batch Size: 1.920144 M. Total size: 0.11417600000000194 M.
[ 223 of 1266 ] batch loaded. Batch Size: 1.920144 M. Total size: 0.11468800000000196 M.
[ 224 of 1266 ] batch loaded. Batch Size: 1.920144 M. Total size: 0.11520000000000197 M.
[ 225 of 1266 ] batch loaded. Batch Size: 1.920144 M. Total size: 0.11571200000000198 M.
[ 226 of 1266 ] batch loaded. Batch Size: 1.920144 M. Total size: 0.11622400000000199 M.
[ 227 of 1266 ] batch loaded. Batch Size: 1.920144 M. Total size: 0.116736000000002 M.
[ 228 of 1266 ] batch loaded. Batch Size: 1.920144 M. Total size: 0.11724800000000202 M.
[ 229 of 1266 ] batch loaded. Batch Size: 1.920144 M. Total size: 0.11776000000000203 M.
[ 230 of 1266 ] batch loaded. Batch Size: 1.920144 M. Total size: 0.11827200000000204 M.
[ 231 of 1266 ] batch loaded. Batch Size: 1.920144 M. Total size: 0.11878400000000205 M.
[ 232 of 1266 ] batch loaded. Batch Size: 1.920144 M. Total size: 0.11929600000000207 M.
[ 233 of 1266 ] batch loaded. Batch Size: 1.920144 M. Total size: 0.11980800000000208 M.
[ 234 of 1266 ] batch loaded. Batch Size: 1.920144 M. Total size: 0.12032000000000209 M.
[ 235 of 1266 ] batch loaded. Batch Size: 1.920144 M. Total size: 0.1208320000000021 M.
[ 236 of 1266 ] batch loaded. Batch Size: 1.920144 M. Total size: 0.12134400000000212 M.
[ 237 of 1266 ] batch loaded. Batch Size: 1.920144 M. Total size: 0.12185600000000213 M.
[ 238 of 1266 ] batch loaded. Batch Size: 1.920144 M. Total size: 0.12236800000000214 M.
[ 239 of 1266 ] batch loaded. Batch Size: 1.920144 M. Total size: 0.12288000000000215 M.
[ 240 of 1266 ] batch loaded. Batch Size: 1.920144 M. Total size: 0.12339200000000217 M.
[ 241 of 1266 ] batch loaded. Batch Size: 1.920144 M. Total size: 0.12390400000000218 M.
[ 242 of 1266 ] batch loaded. Batch Size: 1.920144 M. Total size: 0.12441600000000219 M.
[ 243 of 1266 ] batch loaded. Batch Size: 1.920144 M. Total size: 0.1249280000000022 M.
[ 244 of 1266 ] batch loaded. Batch Size: 1.920144 M. Total size: 0.12544000000000216 M.
[ 245 of 1266 ] batch loaded. Batch Size: 1.920144 M. Total size: 0.12595200000000212 M.
[ 246 of 1266 ] batch loaded. Batch Size: 1.920144 M. Total size: 0.12646400000000207 M.
[ 247 of 1266 ] batch loaded. Batch Size: 1.920144 M. Total size: 0.12697600000000203 M.
[ 248 of 1266 ] batch loaded. Batch Size: 1.920144 M. Total size: 0.127488000000002 M.
[ 249 of 1266 ] batch loaded. Batch Size: 1.920144 M. Total size: 0.12800000000000195 M.
[ 250 of 1266 ] batch loaded. Batch Size: 1.920144 M. Total size: 0.1285120000000019 M.
[ 251 of 1266 ] batch loaded. Batch Size: 1.920144 M. Total size: 0.12902400000000186 M.
[ 252 of 1266 ] batch loaded. Batch Size: 1.920144 M. Total size: 0.12953600000000182 M.
[ 253 of 1266 ] batch loaded. Batch Size: 1.920144 M. Total size: 0.13004800000000177 M.
[ 254 of 1266 ] batch loaded. Batch Size: 1.920144 M. Total size: 0.13056000000000173 M.
[ 255 of 1266 ] batch loaded. Batch Size: 1.920144 M. Total size: 0.1310720000000017 M.
[ 256 of 1266 ] batch loaded. Batch Size: 1.920144 M. Total size: 0.13158400000000164 M.
[ 257 of 1266 ] batch loaded. Batch Size: 1.920144 M. Total size: 0.1320960000000016 M.
[ 258 of 1266 ] batch loaded. Batch Size: 1.920144 M. Total size: 0.13260800000000156 M.
[ 259 of 1266 ] batch loaded. Batch Size: 1.920144 M. Total size: 0.13312000000000151 M.
[ 260 of 1266 ] batch loaded. Batch Size: 1.920144 M. Total size: 0.13363200000000147 M.
[ 261 of 1266 ] batch loaded. Batch Size: 1.920144 M. Total size: 0.13414400000000143 M.
[ 262 of 1266 ] batch loaded. Batch Size: 1.920144 M. Total size: 0.13465600000000139 M.
[ 263 of 1266 ] batch loaded. Batch Size: 1.920144 M. Total size: 0.13516800000000134 M.
[ 264 of 1266 ] batch loaded. Batch Size: 1.920144 M. Total size: 0.1356800000000013 M.
[ 265 of 1266 ] batch loaded. Batch Size: 1.920144 M. Total size: 0.13619200000000126 M.
[ 266 of 1266 ] batch loaded. Batch Size: 1.920144 M. Total size: 0.1367040000000012 M.
[ 267 of 1266 ] batch loaded. Batch Size: 1.920144 M. Total size: 0.13721600000000117 M.
[ 268 of 1266 ] batch loaded. Batch Size: 1.920144 M. Total size: 0.13772800000000113 M.
[ 269 of 1266 ] batch loaded. Batch Size: 1.920144 M. Total size: 0.13824000000000108 M.
[ 270 of 1266 ] batch loaded. Batch Size: 1.920144 M. Total size: 0.13875200000000104 M.
[ 271 of 1266 ] batch loaded. Batch Size: 1.920144 M. Total size: 0.139264000000001 M.
[ 272 of 1266 ] batch loaded. Batch Size: 1.920144 M. Total size: 0.13977600000000096 M.
[ 273 of 1266 ] batch loaded. Batch Size: 1.920144 M. Total size: 0.1402880000000009 M.
[ 274 of 1266 ] batch loaded. Batch Size: 1.920144 M. Total size: 0.14080000000000087 M.
[ 275 of 1266 ] batch loaded. Batch Size: 1.920144 M. Total size: 0.14131200000000083 M.
[ 276 of 1266 ] batch loaded. Batch Size: 1.920144 M. Total size: 0.14182400000000078 M.
[ 277 of 1266 ] batch loaded. Batch Size: 1.920144 M. Total size: 0.14233600000000074 M.
[ 278 of 1266 ] batch loaded. Batch Size: 1.920144 M. Total size: 0.1428480000000007 M.
[ 279 of 1266 ] batch loaded. Batch Size: 1.920144 M. Total size: 0.14336000000000065 M.
[ 280 of 1266 ] batch loaded. Batch Size: 1.920144 M. Total size: 0.1438720000000006 M.
[ 281 of 1266 ] batch loaded. Batch Size: 1.920144 M. Total size: 0.14438400000000057 M.
[ 282 of 1266 ] batch loaded. Batch Size: 1.920144 M. Total size: 0.14489600000000052 M.
[ 283 of 1266 ] batch loaded. Batch Size: 1.920144 M. Total size: 0.14540800000000048 M.
[ 284 of 1266 ] batch loaded. Batch Size: 1.920144 M. Total size: 0.14592000000000044 M.
[ 285 of 1266 ] batch loaded. Batch Size: 1.920144 M. Total size: 0.1464320000000004 M.
[ 286 of 1266 ] batch loaded. Batch Size: 1.920144 M. Total size: 0.14694400000000035 M.
[ 287 of 1266 ] batch loaded. Batch Size: 1.920144 M. Total size: 0.1474560000000003 M.
[ 288 of 1266 ] batch loaded. Batch Size: 1.920144 M. Total size: 0.14796800000000027 M.
[ 289 of 1266 ] batch loaded. Batch Size: 1.920144 M. Total size: 0.14848000000000022 M.
[ 290 of 1266 ] batch loaded. Batch Size: 1.920144 M. Total size: 0.14899200000000018 M.
[ 291 of 1266 ] batch loaded. Batch Size: 1.920144 M. Total size: 0.14950400000000014 M.
[ 292 of 1266 ] batch loaded. Batch Size: 1.920144 M. Total size: 0.1500160000000001 M.
[ 293 of 1266 ] batch loaded. Batch Size: 1.920144 M. Total size: 0.15052800000000005 M.
[ 294 of 1266 ] batch loaded. Batch Size: 1.920144 M. Total size: 0.15104 M.
[ 295 of 1266 ] batch loaded. Batch Size: 1.920144 M. Total size: 0.15155199999999996 M.
[ 296 of 1266 ] batch loaded. Batch Size: 1.920144 M. Total size: 0.15206399999999992 M.
[ 297 of 1266 ] batch loaded. Batch Size: 1.920144 M. Total size: 0.15257599999999988 M.
[ 298 of 1266 ] batch loaded. Batch Size: 1.920144 M. Total size: 0.15308799999999984 M.
[ 299 of 1266 ] batch loaded. Batch Size: 1.920144 M. Total size: 0.1535999999999998 M.
[ 300 of 1266 ] batch loaded. Batch Size: 1.920144 M. Total size: 0.15411199999999975 M.
[ 301 of 1266 ] batch loaded. Batch Size: 1.920144 M. Total size: 0.1546239999999997 M.
[ 302 of 1266 ] batch loaded. Batch Size: 1.920144 M. Total size: 0.15513599999999966 M.
[ 303 of 1266 ] batch loaded. Batch Size: 1.920144 M. Total size: 0.15564799999999962 M.
[ 304 of 1266 ] batch loaded. Batch Size: 1.920144 M. Total size: 0.15615999999999958 M.
[ 305 of 1266 ] batch loaded. Batch Size: 1.920144 M. Total size: 0.15667199999999953 M.
[ 306 of 1266 ] batch loaded. Batch Size: 1.920144 M. Total size: 0.1571839999999995 M.
[ 307 of 1266 ] batch loaded. Batch Size: 1.920144 M. Total size: 0.15769599999999945 M.
[ 308 of 1266 ] batch loaded. Batch Size: 1.920144 M. Total size: 0.1582079999999994 M.
[ 309 of 1266 ] batch loaded. Batch Size: 1.920144 M. Total size: 0.15871999999999936 M.
[ 310 of 1266 ] batch loaded. Batch Size: 1.920144 M. Total size: 0.15923199999999932 M.
[ 311 of 1266 ] batch loaded. Batch Size: 1.920144 M. Total size: 0.15974399999999928 M.
[ 312 of 1266 ] batch loaded. Batch Size: 1.920144 M. Total size: 0.16025599999999923 M.
[ 313 of 1266 ] batch loaded. Batch Size: 1.920144 M. Total size: 0.1607679999999992 M.
[ 314 of 1266 ] batch loaded. Batch Size: 1.920144 M. Total size: 0.16127999999999915 M.
[ 315 of 1266 ] batch loaded. Batch Size: 1.920144 M. Total size: 0.1617919999999991 M.
[ 316 of 1266 ] batch loaded. Batch Size: 1.920144 M. Total size: 0.16230399999999906 M.
[ 317 of 1266 ] batch loaded. Batch Size: 1.920144 M. Total size: 0.16281599999999902 M.
[ 318 of 1266 ] batch loaded. Batch Size: 1.920144 M. Total size: 0.16332799999999897 M.
[ 319 of 1266 ] batch loaded. Batch Size: 1.920144 M. Total size: 0.16383999999999893 M.
[ 320 of 1266 ] batch loaded. Batch Size: 1.920144 M. Total size: 0.1643519999999989 M.
[ 321 of 1266 ] batch loaded. Batch Size: 1.920144 M. Total size: 0.16486399999999884 M.
[ 322 of 1266 ] batch loaded. Batch Size: 1.920144 M. Total size: 0.1653759999999988 M.
[ 323 of 1266 ] batch loaded. Batch Size: 1.920144 M. Total size: 0.16588799999999876 M.
[ 324 of 1266 ] batch loaded. Batch Size: 1.920144 M. Total size: 0.16639999999999872 M.
[ 325 of 1266 ] batch loaded. Batch Size: 1.920144 M. Total size: 0.16691199999999867 M.
[ 326 of 1266 ] batch loaded. Batch Size: 1.920144 M. Total size: 0.16742399999999863 M.
[ 327 of 1266 ] batch loaded. Batch Size: 1.920144 M. Total size: 0.1679359999999986 M.
[ 328 of 1266 ] batch loaded. Batch Size: 1.920144 M. Total size: 0.16844799999999854 M.
[ 329 of 1266 ] batch loaded. Batch Size: 1.920144 M. Total size: 0.1689599999999985 M.
[ 330 of 1266 ] batch loaded. Batch Size: 1.920144 M. Total size: 0.16947199999999846 M.
[ 331 of 1266 ] batch loaded. Batch Size: 1.920144 M. Total size: 0.16998399999999841 M.
[ 332 of 1266 ] batch loaded. Batch Size: 1.920144 M. Total size: 0.17049599999999837 M.
[ 333 of 1266 ] batch loaded. Batch Size: 1.920144 M. Total size: 0.17100799999999833 M.
[ 334 of 1266 ] batch loaded. Batch Size: 1.920144 M. Total size: 0.17151999999999828 M.
[ 335 of 1266 ] batch loaded. Batch Size: 1.920144 M. Total size: 0.17203199999999824 M.
[ 336 of 1266 ] batch loaded. Batch Size: 1.920144 M. Total size: 0.1725439999999982 M.
[ 337 of 1266 ] batch loaded. Batch Size: 1.920144 M. Total size: 0.17305599999999816 M.
[ 338 of 1266 ] batch loaded. Batch Size: 1.920144 M. Total size: 0.1735679999999981 M.
[ 339 of 1266 ] batch loaded. Batch Size: 1.920144 M. Total size: 0.17407999999999807 M.
[ 340 of 1266 ] batch loaded. Batch Size: 1.920144 M. Total size: 0.17459199999999803 M.
[ 341 of 1266 ] batch loaded. Batch Size: 1.920144 M. Total size: 0.17510399999999798 M.
[ 342 of 1266 ] batch loaded. Batch Size: 1.920144 M. Total size: 0.17561599999999794 M.
[ 343 of 1266 ] batch loaded. Batch Size: 1.920144 M. Total size: 0.1761279999999979 M.
[ 344 of 1266 ] batch loaded. Batch Size: 1.920144 M. Total size: 0.17663999999999785 M.
[ 345 of 1266 ] batch loaded. Batch Size: 1.920144 M. Total size: 0.1771519999999978 M.
[ 346 of 1266 ] batch loaded. Batch Size: 1.920144 M. Total size: 0.17766399999999777 M.
[ 347 of 1266 ] batch loaded. Batch Size: 1.920144 M. Total size: 0.17817599999999773 M.
[ 348 of 1266 ] batch loaded. Batch Size: 1.920144 M. Total size: 0.17868799999999768 M.
[ 349 of 1266 ] batch loaded. Batch Size: 1.920144 M. Total size: 0.17919999999999764 M.
[ 350 of 1266 ] batch loaded. Batch Size: 1.920144 M. Total size: 0.1797119999999976 M.
[ 351 of 1266 ] batch loaded. Batch Size: 1.920144 M. Total size: 0.18022399999999755 M.
[ 352 of 1266 ] batch loaded. Batch Size: 1.920144 M. Total size: 0.1807359999999975 M.
[ 353 of 1266 ] batch loaded. Batch Size: 1.920144 M. Total size: 0.18124799999999747 M.
[ 354 of 1266 ] batch loaded. Batch Size: 1.920144 M. Total size: 0.18175999999999742 M.
[ 355 of 1266 ] batch loaded. Batch Size: 1.920144 M. Total size: 0.18227199999999738 M.
[ 356 of 1266 ] batch loaded. Batch Size: 1.920144 M. Total size: 0.18278399999999734 M.
[ 357 of 1266 ] batch loaded. Batch Size: 1.920144 M. Total size: 0.1832959999999973 M.
[ 358 of 1266 ] batch loaded. Batch Size: 1.920144 M. Total size: 0.18380799999999725 M.
[ 359 of 1266 ] batch loaded. Batch Size: 1.920144 M. Total size: 0.1843199999999972 M.
[ 360 of 1266 ] batch loaded. Batch Size: 1.920144 M. Total size: 0.18483199999999717 M.
[ 361 of 1266 ] batch loaded. Batch Size: 1.920144 M. Total size: 0.18534399999999712 M.
[ 362 of 1266 ] batch loaded. Batch Size: 1.920144 M. Total size: 0.18585599999999708 M.
[ 363 of 1266 ] batch loaded. Batch Size: 1.920144 M. Total size: 0.18636799999999704 M.
[ 364 of 1266 ] batch loaded. Batch Size: 1.920144 M. Total size: 0.186879999999997 M.
[ 365 of 1266 ] batch loaded. Batch Size: 1.920144 M. Total size: 0.18739199999999695 M.
[ 366 of 1266 ] batch loaded. Batch Size: 1.920144 M. Total size: 0.1879039999999969