Starting Docker Image
/data/datasets/tscherli/task2
CONTAINER ID        IMAGE                    COMMAND                  CREATED             STATUS              PORTS                NAMES
fc546b4c7ada        tscherli/alphatraining   "python3 /data/datase"   26 minutes ago      Up 26 minutes       6006/tcp, 8888/tcp   nostalgic_shirley4
765acb75ceb0        tscherli/alphatraining   "/bin/bash"              About an hour ago   Up About an hour    6006/tcp, 8888/tcp   agitated_joliot
CONTAINER ID        IMAGE                    COMMAND                  CREATED             STATUS              PORTS                NAMES
fc546b4c7ada        tscherli/alphatraining   "python3 /data/datase"   26 minutes ago      Up 26 minutes       6006/tcp, 8888/tcp   nostalgic_shirley4
765acb75ceb0        tscherli/alphatraining   "/bin/bash"              About an hour ago   Up About an hour    6006/tcp, 8888/tcp   agitated_joliot
reading dataset labels:
...done
Filtering and normalizing labels...
Bad File: /data/datasets/tscherli/Data_Training/IMG_8832.jdon.JPG
Bad File: /data/datasets/tscherli/Data_Training/IMG_8686.sjon.JPG
...done
[ 20 of 126540 ]
[ 40 of 126540 ]
[ 60 of 126540 ]
[ 80 of 126540 ]
[ 100 of 126540 ]
[ 120 of 126540 ]
[ 140 of 126540 ]
[ 160 of 126540 ]
[ 180 of 126540 ]
[ 200 of 126540 ]
[ 220 of 126540 ]
[ 240 of 126540 ]
[ 260 of 126540 ]
[ 280 of 126540 ]
[ 300 of 126540 ]
[ 320 of 126540 ]
[ 340 of 126540 ]
[ 360 of 126540 ]
[ 380 of 126540 ]
[ 400 of 126540 ]
[ 420 of 126540 ]
[ 440 of 126540 ]
[ 460 of 126540 ]
[ 480 of 126540 ]
[ 500 of 126540 ]
[ 520 of 126540 ]
[ 540 of 126540 ]
[ 560 of 126540 ]
[ 580 of 126540 ]
[ 600 of 126540 ]
[ 620 of 126540 ]
[ 640 of 126540 ]
[ 660 of 126540 ]
[ 680 of 126540 ]
[ 700 of 126540 ]
[ 720 of 126540 ]
[ 740 of 126540 ]
[ 760 of 126540 ]
[ 780 of 126540 ]
[ 800 of 126540 ]
[ 820 of 126540 ]
[ 840 of 126540 ]
[ 860 of 126540 ]
[ 880 of 126540 ]
[ 900 of 126540 ]
[ 920 of 126540 ]
[ 940 of 126540 ]
[ 960 of 126540 ]
[ 980 of 126540 ]
[ 1000 of 126540 ]
[ 1020 of 126540 ]
[ 1040 of 126540 ]
[ 1060 of 126540 ]
[ 1080 of 126540 ]
[ 1100 of 126540 ]
[ 1120 of 126540 ]
[ 1140 of 126540 ]
[ 1160 of 126540 ]
[ 1180 of 126540 ]
[ 1200 of 126540 ]
[ 1220 of 126540 ]
[ 1240 of 126540 ]
[ 1260 of 126540 ]
[ 1280 of 126540 ]
[ 1300 of 126540 ]
[ 1320 of 126540 ]
[ 1340 of 126540 ]
[ 1360 of 126540 ]
[ 1380 of 126540 ]
[ 1400 of 126540 ]
[ 1420 of 126540 ]
[ 1440 of 126540 ]
[ 1460 of 126540 ]
[ 1480 of 126540 ]
[ 1500 of 126540 ]
[ 1520 of 126540 ]
[ 1540 of 126540 ]
[ 1560 of 126540 ]
[ 1580 of 126540 ]
[ 1600 of 126540 ]
[ 1620 of 126540 ]
[ 1640 of 126540 ]
[ 1660 of 126540 ]
[ 1680 of 126540 ]
[ 1700 of 126540 ]
[ 1720 of 126540 ]
[ 1740 of 126540 ]
[ 1760 of 126540 ]
[ 1780 of 126540 ]
[ 1800 of 126540 ]
[ 1820 of 126540 ]
[ 1840 of 126540 ]
[ 1860 of 126540 ]
[ 1880 of 126540 ]
[ 1900 of 126540 ]
[ 1920 of 126540 ]
[ 1940 of 126540 ]
[ 1960 of 126540 ]
[ 1980 of 126540 ]
[ 2000 of 126540 ]
[ 2020 of 126540 ]
[ 2040 of 126540 ]
[ 2060 of 126540 ]
[ 2080 of 126540 ]
[ 2100 of 126540 ]
[ 2120 of 126540 ]
[ 2140 of 126540 ]
[ 2160 of 126540 ]
[ 2180 of 126540 ]
[ 2200 of 126540 ]
[ 2220 of 126540 ]
[ 2240 of 126540 ]
[ 2260 of 126540 ]
[ 2280 of 126540 ]
[ 2300 of 126540 ]
[ 2320 of 126540 ]
[ 2340 of 126540 ]
[ 2360 of 126540 ]
[ 2380 of 126540 ]
[ 2400 of 126540 ]
[ 2420 of 126540 ]
[ 2440 of 126540 ]
[ 2460 of 126540 ]
[ 2480 of 126540 ]
[ 2500 of 126540 ]
[ 2520 of 126540 ]
[ 2540 of 126540 ]
[ 2560 of 126540 ]
[ 2580 of 126540 ]
[ 2600 of 126540 ]
[ 2620 of 126540 ]
[ 2640 of 126540 ]
[ 2660 of 126540 ]
[ 2680 of 126540 ]
[ 2700 of 126540 ]
[ 2720 of 126540 ]
[ 2740 of 126540 ]
[ 2760 of 126540 ]
[ 2780 of 126540 ]
[ 2800 of 126540 ]
[ 2820 of 126540 ]
[ 2840 of 126540 ]
[ 2860 of 126540 ]
[ 2880 of 126540 ]
[ 2900 of 126540 ]
[ 2920 of 126540 ]
[ 2940 of 126540 ]
[ 2960 of 126540 ]
[ 2980 of 126540 ]
[ 3000 of 126540 ]
[ 3020 of 126540 ]
[ 3040 of 126540 ]
[ 3060 of 126540 ]
[ 3080 of 126540 ]
[ 3100 of 126540 ]
[ 3120 of 126540 ]
[ 3140 of 126540 ]
[ 3160 of 126540 ]
[ 3180 of 126540 ]
[ 3200 of 126540 ]
[ 3220 of 126540 ]
[ 3240 of 126540 ]
[ 3260 of 126540 ]
[ 3280 of 126540 ]
[ 3300 of 126540 ]
[ 3320 of 126540 ]
[ 3340 of 126540 ]
[ 3360 of 126540 ]
[ 3380 of 126540 ]
[ 3400 of 126540 ]
[ 3420 of 126540 ]
[ 3440 of 126540 ]
[ 3460 of 126540 ]
[ 3480 of 126540 ]
[ 3500 of 126540 ]
[ 3520 of 126540 ]
[ 3540 of 126540 ]
[ 3560 of 126540 ]
[ 3580 of 126540 ]
[ 3600 of 126540 ]
[ 3620 of 126540 ]
[ 3640 of 126540 ]
[ 3660 of 126540 ]
[ 3680 of 126540 ]
[ 3700 of 126540 ]
[ 3720 of 126540 ]
[ 3740 of 126540 ]
[ 3760 of 126540 ]
[ 3780 of 126540 ]
[ 3800 of 126540 ]
[ 3820 of 126540 ]
[ 3840 of 126540 ]
[ 3860 of 126540 ]
[ 3880 of 126540 ]
[ 3900 of 126540 ]
[ 3920 of 126540 ]
[ 3940 of 126540 ]
[ 3960 of 126540 ]
[ 3980 of 126540 ]
[ 4000 of 126540 ]
[ 4020 of 126540 ]
[ 4040 of 126540 ]
[ 4060 of 126540 ]
[ 4080 of 126540 ]
[ 4100 of 126540 ]
[ 4120 of 126540 ]
[ 4140 of 126540 ]
[ 4160 of 126540 ]
[ 4180 of 126540 ]
[ 4200 of 126540 ]
[ 4220 of 126540 ]
[ 4240 of 126540 ]
[ 4260 of 126540 ]
[ 4280 of 126540 ]
[ 4300 of 126540 ]
[ 4320 of 126540 ]
[ 4340 of 126540 ]
[ 4360 of 126540 ]
[ 4380 of 126540 ]
[ 4400 of 126540 ]
[ 4420 of 126540 ]
[ 4440 of 126540 ]
[ 4460 of 126540 ]
[ 4480 of 126540 ]
[ 4500 of 126540 ]
[ 4520 of 126540 ]
[ 4540 of 126540 ]
[ 4560 of 126540 ]
[ 4580 of 126540 ]
[ 4600 of 126540 ]
[ 4620 of 126540 ]
[ 4640 of 126540 ]
[ 4660 of 126540 ]
[ 4680 of 126540 ]
[ 4700 of 126540 ]
[ 4720 of 126540 ]
[ 4740 of 126540 ]
[ 4760 of 126540 ]
[ 4780 of 126540 ]
[ 4800 of 126540 ]
[ 4820 of 126540 ]
[ 4840 of 126540 ]
[ 4860 of 126540 ]
[ 4880 of 126540 ]
[ 4900 of 126540 ]
[ 4920 of 126540 ]
[ 4940 of 126540 ]
[ 4960 of 126540 ]
[ 4980 of 126540 ]
[ 5000 of 126540 ]
[ 5020 of 126540 ]
[ 5040 of 126540 ]
[ 5060 of 126540 ]
[ 5080 of 126540 ]
[ 5100 of 126540 ]
[ 5120 of 126540 ]
[ 5140 of 126540 ]
[ 5160 of 126540 ]
[ 5180 of 126540 ]
[ 5200 of 126540 ]
[ 5220 of 126540 ]
[ 5240 of 126540 ]
[ 5260 of 126540 ]
[ 5280 of 126540 ]
[ 5300 of 126540 ]
[ 5320 of 126540 ]
[ 5340 of 126540 ]
[ 5360 of 126540 ]
[ 5380 of 126540 ]
[ 5400 of 126540 ]
[ 5420 of 126540 ]
[ 5440 of 126540 ]
[ 5460 of 126540 ]
[ 5480 of 126540 ]
[ 5500 of 126540 ]
[ 5520 of 126540 ]
[ 5540 of 126540 ]
[ 5560 of 126540 ]
[ 5580 of 126540 ]
[ 5600 of 126540 ]
[ 5620 of 126540 ]
[ 5640 of 126540 ]
[ 5660 of 126540 ]
[ 5680 of 126540 ]
[ 5700 of 126540 ]
[ 5720 of 126540 ]
[ 5740 of 126540 ]
[ 5760 of 126540 ]
[ 5780 of 126540 ]
[ 5800 of 126540 ]
[ 5820 of 126540 ]
[ 5840 of 126540 ]
[ 5860 of 126540 ]
[ 5880 of 126540 ]
[ 5900 of 126540 ]
[ 5920 of 126540 ]
[ 5940 of 126540 ]
[ 5960 of 126540 ]
[ 5980 of 126540 ]
[ 6000 of 126540 ]
[ 6020 of 126540 ]
[ 6040 of 126540 ]
[ 6060 of 126540 ]
[ 6080 of 126540 ]
[ 6100 of 126540 ]
[ 6120 of 126540 ]
[ 6140 of 126540 ]
[ 6160 of 126540 ]
[ 6180 of 126540 ]
[ 6200 of 126540 ]
[ 6220 of 126540 ]
[ 6240 of 126540 ]
[ 6260 of 126540 ]
[ 6280 of 126540 ]
[ 6300 of 126540 ]
[ 6320 of 126540 ]
[ 6340 of 126540 ]
[ 6360 of 126540 ]
[ 6380 of 126540 ]
[ 6400 of 126540 ]
[ 6420 of 126540 ]
[ 6440 of 126540 ]
[ 6460 of 126540 ]
[ 6480 of 126540 ]
[ 6500 of 126540 ]
[ 6520 of 126540 ]
[ 6540 of 126540 ]
[ 6560 of 126540 ]
[ 6580 of 126540 ]
[ 6600 of 126540 ]
[ 6620 of 126540 ]
[ 6640 of 126540 ]
[ 6660 of 126540 ]
[ 6680 of 126540 ]
[ 6700 of 126540 ]
[ 6720 of 126540 ]
[ 6740 of 126540 ]
[ 6760 of 126540 ]
[ 6780 of 126540 ]
[ 6800 of 126540 ]
[ 6820 of 126540 ]
[ 6840 of 126540 ]
[ 6860 of 126540 ]
[ 6880 of 126540 ]
[ 6900 of 126540 ]
[ 6920 of 126540 ]
[ 6940 of 126540 ]
[ 6960 of 126540 ]
[ 6980 of 126540 ]
[ 7000 of 126540 ]
[ 7020 of 126540 ]
[ 7040 of 126540 ]
[ 7060 of 126540 ]
[ 7080 of 126540 ]
[ 7100 of 126540 ]
[ 7120 of 126540 ]
[ 7140 of 126540 ]
[ 7160 of 126540 ]
[ 7180 of 126540 ]
[ 7200 of 126540 ]
[ 7220 of 126540 ]
[ 7240 of 126540 ]
[ 7260 of 126540 ]
[ 7280 of 126540 ]
[ 7300 of 126540 ]
[ 7320 of 126540 ]
[ 7340 of 126540 ]
[ 7360 of 126540 ]
[ 7380 of 126540 ]
[ 7400 of 126540 ]
[ 7420 of 126540 ]
[ 7440 of 126540 ]
[ 7460 of 126540 ]
[ 7480 of 126540 ]
[ 7500 of 126540 ]
[ 7520 of 126540 ]
[ 7540 of 126540 ]
[ 7560 of 126540 ]
[ 7580 of 126540 ]
[ 7600 of 126540 ]
[ 7620 of 126540 ]
[ 7640 of 126540 ]
[ 7660 of 126540 ]
[ 7680 of 126540 ]
[ 7700 of 126540 ]
[ 7720 of 126540 ]
[ 7740 of 126540 ]
[ 7760 of 126540 ]
[ 7780 of 126540 ]
[ 7800 of 126540 ]
[ 7820 of 126540 ]
[ 7840 of 126540 ]
[ 7860 of 126540 ]
[ 7880 of 126540 ]
[ 7900 of 126540 ]
[ 7920 of 126540 ]
[ 7940 of 126540 ]
[ 7960 of 126540 ]
[ 7980 of 126540 ]
[ 8000 of 126540 ]
[ 8020 of 126540 ]
[ 8040 of 126540 ]
[ 8060 of 126540 ]
[ 8080 of 126540 ]
[ 8100 of 126540 ]
[ 8120 of 126540 ]
[ 8140 of 126540 ]
[ 8160 of 126540 ]
[ 8180 of 126540 ]
[ 8200 of 126540 ]
[ 8220 of 126540 ]
[ 8240 of 126540 ]
[ 8260 of 126540 ]
[ 8280 of 126540 ]
[ 8300 of 126540 ]
[ 8320 of 126540 ]
[ 8340 of 126540 ]
[ 8360 of 126540 ]
[ 8380 of 126540 ]
[ 8400 of 126540 ]
[ 8420 of 126540 ]
[ 8440 of 126540 ]
[ 8460 of 126540 ]
[ 8480 of 126540 ]
[ 8500 of 126540 ]
[ 8520 of 126540 ]
[ 8540 of 126540 ]
[ 8560 of 126540 ]
[ 8580 of 126540 ]
[ 8600 of 126540 ]
[ 8620 of 126540 ]
[ 8640 of 126540 ]
[ 8660 of 126540 ]
[ 8680 of 126540 ]
[ 8700 of 126540 ]
[ 8720 of 126540 ]
[ 8740 of 126540 ]
[ 8760 of 126540 ]
[ 8780 of 126540 ]
[ 8800 of 126540 ]
[ 8820 of 126540 ]
[ 8840 of 126540 ]
[ 8860 of 126540 ]
[ 8880 of 126540 ]
[ 8900 of 126540 ]
[ 8920 of 126540 ]
[ 8940 of 126540 ]
[ 8960 of 126540 ]
[ 8980 of 126540 ]
[ 9000 of 126540 ]
[ 9020 of 126540 ]
[ 9040 of 126540 ]
[ 9060 of 126540 ]
[ 9080 of 126540 ]
[ 9100 of 126540 ]
[ 9120 of 126540 ]
[ 9140 of 126540 ]
[ 9160 of 126540 ]
[ 9180 of 126540 ]
[ 9200 of 126540 ]
[ 9220 of 126540 ]
[ 9240 of 126540 ]
[ 9260 of 126540 ]
[ 9280 of 126540 ]
[ 9300 of 126540 ]
[ 9320 of 126540 ]
[ 9340 of 126540 ]
[ 9360 of 126540 ]
[ 9380 of 126540 ]
[ 9400 of 126540 ]
[ 9420 of 126540 ]
[ 9440 of 126540 ]
[ 9460 of 126540 ]
[ 9480 of 126540 ]
[ 9500 of 126540 ]
[ 9520 of 126540 ]
[ 9540 of 126540 ]
[ 9560 of 126540 ]
[ 9580 of 126540 ]
[ 9600 of 126540 ]
[ 9620 of 126540 ]
[ 9640 of 126540 ]
[ 9660 of 126540 ]
[ 9680 of 126540 ]
[ 9700 of 126540 ]
[ 9720 of 126540 ]
[ 9740 of 126540 ]
[ 9760 of 126540 ]
[ 9780 of 126540 ]
[ 9800 of 126540 ]
[ 9820 of 126540 ]
[ 9840 of 126540 ]
[ 9860 of 126540 ]
[ 9880 of 126540 ]
[ 9900 of 126540 ]
[ 9920 of 126540 ]
[ 9940 of 126540 ]
[ 9960 of 126540 ]
[ 9980 of 126540 ]
[ 10000 of 126540 ]
[ 10020 of 126540 ]
[ 10040 of 126540 ]
[ 10060 of 126540 ]
[ 10080 of 126540 ]
[ 10100 of 126540 ]
[ 10120 of 126540 ]
[ 10140 of 126540 ]
[ 10160 of 126540 ]
[ 10180 of 126540 ]
[ 10200 of 126540 ]
[ 10220 of 126540 ]
[ 10240 of 126540 ]
[ 10260 of 126540 ]
[ 10280 of 126540 ]
[ 10300 of 126540 ]
[ 10320 of 126540 ]
[ 10340 of 126540 ]
[ 10360 of 126540 ]
[ 10380 of 126540 ]
[ 10400 of 126540 ]
[ 10420 of 126540 ]
[ 10440 of 126540 ]
[ 10460 of 126540 ]
[ 10480 of 126540 ]
[ 10500 of 126540 ]
[ 10520 of 126540 ]
[ 10540 of 126540 ]
[ 10560 of 126540 ]
[ 10580 of 126540 ]
[ 10600 of 126540 ]
[ 10620 of 126540 ]
[ 10640 of 126540 ]
[ 10660 of 126540 ]
[ 10680 of 126540 ]
[ 10700 of 126540 ]
[ 10720 of 126540 ]
[ 10740 of 126540 ]
[ 10760 of 126540 ]
[ 10780 of 126540 ]
[ 10800 of 126540 ]
[ 10820 of 126540 ]
[ 10840 of 126540 ]
[ 10860 of 126540 ]
[ 10880 of 126540 ]
[ 10900 of 126540 ]
[ 10920 of 126540 ]
[ 10940 of 126540 ]
[ 10960 of 126540 ]
[ 10980 of 126540 ]
[ 11000 of 126540 ]
[ 11020 of 126540 ]
[ 11040 of 126540 ]
[ 11060 of 126540 ]
[ 11080 of 126540 ]
[ 11100 of 126540 ]
[ 11120 of 126540 ]
[ 11140 of 126540 ]
[ 11160 of 126540 ]
[ 11180 of 126540 ]
[ 11200 of 126540 ]
[ 11220 of 126540 ]
[ 11240 of 126540 ]
[ 11260 of 126540 ]
[ 11280 of 126540 ]
[ 11300 of 126540 ]
[ 11320 of 126540 ]
[ 11340 of 126540 ]
[ 11360 of 126540 ]
[ 11380 of 126540 ]
[ 11400 of 126540 ]
[ 11420 of 126540 ]
[ 11440 of 126540 ]
[ 11460 of 126540 ]
[ 11480 of 126540 ]
[ 11500 of 126540 ]
[ 11520 of 126540 ]
[ 11540 of 126540 ]
[ 11560 of 126540 ]
[ 11580 of 126540 ]
[ 11600 of 126540 ]
[ 11620 of 126540 ]
[ 11640 of 126540 ]
[ 11660 of 126540 ]
[ 11680 of 126540 ]
[ 11700 of 126540 ]
[ 11720 of 126540 ]
[ 11740 of 126540 ]
[ 11760 of 126540 ]
[ 11780 of 126540 ]
[ 11800 of 126540 ]
[ 11820 of 126540 ]
[ 11840 of 126540 ]
[ 11860 of 126540 ]
[ 11880 of 126540 ]
[ 11900 of 126540 ]
[ 11920 of 126540 ]
[ 11940 of 126540 ]
[ 11960 of 126540 ]
[ 11980 of 126540 ]
[ 12000 of 126540 ]
[ 12020 of 126540 ]
[ 12040 of 126540 ]
[ 12060 of 126540 ]
[ 12080 of 126540 ]
[ 12100 of 126540 ]
[ 12120 of 126540 ]
[ 12140 of 126540 ]
[ 12160 of 126540 ]
[ 12180 of 126540 ]
[ 12200 of 126540 ]
[ 12220 of 126540 ]
[ 12240 of 126540 ]
[ 12260 of 126540 ]
[ 12280 of 126540 ]
[ 12300 of 126540 ]
[ 12320 of 126540 ]
[ 12340 of 126540 ]
[ 12360 of 126540 ]
[ 12380 of 126540 ]
[ 12400 of 126540 ]
[ 12420 of 126540 ]
[ 12440 of 126540 ]
[ 12460 of 126540 ]
[ 12480 of 126540 ]
[ 12500 of 126540 ]
[ 12520 of 126540 ]
[ 12540 of 126540 ]
[ 12560 of 126540 ]
[ 12580 of 126540 ]
[ 12600 of 126540 ]
[ 12620 of 126540 ]
[ 12640 of 126540 ]
[ 12660 of 126540 ]
[ 12680 of 126540 ]
[ 12700 of 126540 ]
[ 12720 of 126540 ]
[ 12740 of 126540 ]
[ 12760 of 126540 ]
[ 12780 of 126540 ]
[ 12800 of 126540 ]
[ 12820 of 126540 ]
[ 12840 of 126540 ]
[ 12860 of 126540 ]
[ 12880 of 126540 ]
[ 12900 of 126540 ]
[ 12920 of 126540 ]
[ 12940 of 126540 ]
[ 12960 of 126540 ]
[ 12980 of 126540 ]
[ 13000 of 126540 ]
[ 13020 of 126540 ]
[ 13040 of 126540 ]
[ 13060 of 126540 ]
[ 13080 of 126540 ]
[ 13100 of 126540 ]
[ 13120 of 126540 ]
[ 13140 of 126540 ]
[ 13160 of 126540 ]
[ 13180 of 126540 ]
[ 13200 of 126540 ]
[ 13220 of 126540 ]
[ 13240 of 126540 ]
[ 13260 of 126540 ]
[ 13280 of 126540 ]
[ 13300 of 126540 ]
[ 13320 of 126540 ]
[ 13340 of 126540 ]
[ 13360 of 126540 ]
[ 13380 of 126540 ]
[ 13400 of 126540 ]
[ 13420 of 126540 ]
[ 13440 of 126540 ]
[ 13460 of 126540 ]
[ 13480 of 126540 ]
[ 13500 of 126540 ]
[ 13520 of 126540 ]
[ 13540 of 126540 ]
[ 13560 of 126540 ]
[ 13580 of 126540 ]
[ 13600 of 126540 ]
[ 13620 of 126540 ]
[ 13640 of 126540 ]
[ 13660 of 126540 ]
[ 13680 of 126540 ]
[ 13700 of 126540 ]
[ 13720 of 126540 ]
[ 13740 of 126540 ]
[ 13760 of 126540 ]
[ 13780 of 126540 ]
[ 13800 of 126540 ]
[ 13820 of 126540 ]
[ 13840 of 126540 ]
[ 13860 of 126540 ]
[ 13880 of 126540 ]
[ 13900 of 126540 ]
[ 13920 of 126540 ]
[ 13940 of 126540 ]
[ 13960 of 126540 ]
[ 13980 of 126540 ]
[ 14000 of 126540 ]
[ 14020 of 126540 ]
[ 14040 of 126540 ]
[ 14060 of 126540 ]
[ 14080 of 126540 ]
[ 14100 of 126540 ]
[ 14120 of 126540 ]
[ 14140 of 126540 ]
[ 14160 of 126540 ]
[ 14180 of 126540 ]
[ 14200 of 126540 ]
[ 14220 of 126540 ]
[ 14240 of 126540 ]
[ 14260 of 126540 ]
[ 14280 of 126540 ]
[ 14300 of 126540 ]
[ 14320 of 126540 ]
[ 14340 of 126540 ]
[ 14360 of 126540 ]
[ 14380 of 126540 ]
[ 14400 of 126540 ]
[ 14420 of 126540 ]
[ 14440 of 126540 ]
[ 14460 of 126540 ]
[ 14480 of 126540 ]
[ 14500 of 126540 ]
[ 14520 of 126540 ]
[ 14540 of 126540 ]
[ 14560 of 126540 ]
[ 14580 of 126540 ]
[ 14600 of 126540 ]
[ 14620 of 126540 ]
[ 14640 of 126540 ]
[ 14660 of 126540 ]
[ 14680 of 126540 ]
[ 14700 of 126540 ]
[ 14720 of 126540 ]
[ 14740 of 126540 ]
[ 14760 of 126540 ]
[ 14780 of 126540 ]
[ 14800 of 126540 ]
[ 14820 of 126540 ]
[ 14840 of 126540 ]
[ 14860 of 126540 ]
[ 14880 of 126540 ]
[ 14900 of 126540 ]
[ 14920 of 126540 ]
[ 14940 of 126540 ]
[ 14960 of 126540 ]
[ 14980 of 126540 ]
[ 15000 of 126540 ]
[ 15020 of 126540 ]
[ 15040 of 126540 ]
[ 15060 of 126540 ]
[ 15080 of 126540 ]
[ 15100 of 126540 ]
[ 15120 of 126540 ]
[ 15140 of 126540 ]
[ 15160 of 126540 ]
[ 15180 of 126540 ]
[ 15200 of 126540 ]
[ 15220 of 126540 ]
[ 15240 of 126540 ]
[ 15260 of 126540 ]
[ 15280 of 126540 ]
[ 15300 of 126540 ]
[ 15320 of 126540 ]
[ 15340 of 126540 ]
[ 15360 of 126540 ]
[ 15380 of 126540 ]
[ 15400 of 126540 ]
[ 15420 of 126540 ]
[ 15440 of 126540 ]
[ 15460 of 126540 ]
[ 15480 of 126540 ]
[ 15500 of 126540 ]
[ 15520 of 126540 ]
[ 15540 of 126540 ]
[ 15560 of 126540 ]
[ 15580 of 126540 ]
[ 15600 of 126540 ]
[ 15620 of 126540 ]
[ 15640 of 126540 ]
[ 15660 of 126540 ]
[ 15680 of 126540 ]
[ 15700 of 126540 ]
[ 15720 of 126540 ]
[ 15740 of 126540 ]
[ 15760 of 126540 ]
[ 15780 of 126540 ]
[ 15800 of 126540 ]
[ 15820 of 126540 ]
[ 15840 of 126540 ]
[ 15860 of 126540 ]
[ 15880 of 126540 ]
[ 15900 of 126540 ]
[ 15920 of 126540 ]
[ 15940 of 126540 ]
[ 15960 of 126540 ]
[ 15980 of 126540 ]
[ 16000 of 126540 ]
[ 16020 of 126540 ]
[ 16040 of 126540 ]
[ 16060 of 126540 ]
[ 16080 of 126540 ]
[ 16100 of 126540 ]
[ 16120 of 126540 ]
[ 16140 of 126540 ]
[ 16160 of 126540 ]
[ 16180 of 126540 ]
[ 16200 of 126540 ]
[ 16220 of 126540 ]
[ 16240 of 126540 ]
[ 16260 of 126540 ]
[ 16280 of 126540 ]
[ 16300 of 126540 ]
[ 16320 of 126540 ]
[ 16340 of 126540 ]
[ 16360 of 126540 ]
[ 16380 of 126540 ]
[ 16400 of 126540 ]
[ 16420 of 126540 ]
[ 16440 of 126540 ]
[ 16460 of 126540 ]
[ 16480 of 126540 ]
[ 16500 of 126540 ]
[ 16520 of 126540 ]
[ 16540 of 126540 ]
[ 16560 of 126540 ]
[ 16580 of 126540 ]
[ 16600 of 126540 ]
[ 16620 of 126540 ]
[ 16640 of 126540 ]
[ 16660 of 126540 ]
[ 16680 of 126540 ]
[ 16700 of 126540 ]
[ 16720 of 126540 ]
[ 16740 of 126540 ]
[ 16760 of 126540 ]
[ 16780 of 126540 ]
[ 16800 of 126540 ]
[ 16820 of 126540 ]
[ 16840 of 126540 ]
[ 16860 of 126540 ]
[ 16880 of 126540 ]
[ 16900 of 126540 ]
[ 16920 of 126540 ]
[ 16940 of 126540 ]
[ 16960 of 126540 ]
[ 16980 of 126540 ]
[ 17000 of 126540 ]
[ 17020 of 126540 ]
[ 17040 of 126540 ]
[ 17060 of 126540 ]
[ 17080 of 126540 ]
[ 17100 of 126540 ]
[ 17120 of 126540 ]
[ 17140 of 126540 ]
[ 17160 of 126540 ]
[ 17180 of 126540 ]
[ 17200 of 126540 ]
[ 17220 of 126540 ]
[ 17240 of 126540 ]
[ 17260 of 126540 ]
[ 17280 of 126540 ]
[ 17300 of 126540 ]
[ 17320 of 126540 ]
[ 17340 of 126540 ]
[ 17360 of 126540 ]
[ 17380 of 126540 ]
[ 17400 of 126540 ]
[ 17420 of 126540 ]
[ 17440 of 126540 ]
[ 17460 of 126540 ]
[ 17480 of 126540 ]
[ 17500 of 126540 ]
[ 17520 of 126540 ]
[ 17540 of 126540 ]
[ 17560 of 126540 ]
[ 17580 of 126540 ]
[ 17600 of 126540 ]
[ 17620 of 126540 ]
[ 17640 of 126540 ]
[ 17660 of 126540 ]
[ 17680 of 126540 ]
[ 17700 of 126540 ]
[ 17720 of 126540 ]
[ 17740 of 126540 ]
[ 17760 of 126540 ]
[ 17780 of 126540 ]
[ 17800 of 126540 ]
[ 17820 of 126540 ]
[ 17840 of 126540 ]
[ 17860 of 126540 ]
[ 17880 of 126540 ]
[ 17900 of 126540 ]
[ 17920 of 126540 ]
[ 17940 of 126540 ]
[ 17960 of 126540 ]
[ 17980 of 126540 ]
[ 18000 of 126540 ]
[ 18020 of 126540 ]
[ 18040 of 126540 ]
[ 18060 of 126540 ]
[ 18080 of 126540 ]
[ 18100 of 126540 ]
[ 18120 of 126540 ]
[ 18140 of 126540 ]
[ 18160 of 126540 ]
[ 18180 of 126540 ]
[ 18200 of 126540 ]
[ 18220 of 126540 ]
[ 18240 of 126540 ]
[ 18260 of 126540 ]
[ 18280 of 126540 ]
[ 18300 of 126540 ]
[ 18320 of 126540 ]
[ 18340 of 126540 ]
[ 18360 of 126540 ]
[ 18380 of 126540 ]
[ 18400 of 126540 ]
[ 18420 of 126540 ]
[ 18440 of 126540 ]
[ 18460 of 126540 ]
[ 18480 of 126540 ]
[ 18500 of 126540 ]
[ 18520 of 126540 ]
[ 18540 of 126540 ]
[ 18560 of 126540 ]
[ 18580 of 126540 ]
[ 18600 of 126540 ]
[ 18620 of 126540 ]
[ 18640 of 126540 ]
[ 18660 of 126540 ]
[ 18680 of 126540 ]
[ 18700 of 126540 ]
[ 18720 of 126540 ]
[ 18740 of 126540 ]
[ 18760 of 126540 ]
[ 18780 of 126540 ]
[ 18800 of 126540 ]
[ 18820 of 126540 ]
[ 18840 of 126540 ]
[ 18860 of 126540 ]
[ 18880 of 126540 ]
[ 18900 of 126540 ]
[ 18920 of 126540 ]
[ 18940 of 126540 ]
[ 18960 of 126540 ]
[ 18980 of 126540 ]
[ 19000 of 126540 ]
[ 19020 of 126540 ]
[ 19040 of 126540 ]
[ 19060 of 126540 ]
[ 19080 of 126540 ]
[ 19100 of 126540 ]
[ 19120 of 126540 ]
[ 19140 of 126540 ]
[ 19160 of 126540 ]
[ 19180 of 126540 ]
[ 19200 of 126540 ]
[ 19220 of 126540 ]
[ 19240 of 126540 ]
[ 19260 of 126540 ]
[ 19280 of 126540 ]
[ 19300 of 126540 ]
[ 19320 of 126540 ]
[ 19340 of 126540 ]
[ 19360 of 126540 ]
[ 19380 of 126540 ]
[ 19400 of 126540 ]
[ 19420 of 126540 ]
[ 19440 of 126540 ]
[ 19460 of 126540 ]
[ 19480 of 126540 ]
[ 19500 of 126540 ]
[ 19520 of 126540 ]
[ 19540 of 126540 ]
[ 19560 of 126540 ]
[ 19580 of 126540 ]
[ 19600 of 126540 ]
[ 19620 of 126540 ]
[ 19640 of 126540 ]
[ 19660 of 126540 ]
[ 19680 of 126540 ]
[ 19700 of 126540 ]
[ 19720 of 126540 ]
[ 19740 of 126540 ]
[ 19760 of 126540 ]
[ 19780 of 126540 ]
[ 19800 of 126540 ]
[ 19820 of 126540 ]
[ 19840 of 126540 ]
[ 19860 of 126540 ]
[ 19880 of 126540 ]
[ 19900 of 126540 ]
[ 19920 of 126540 ]
[ 19940 of 126540 ]
[ 19960 of 126540 ]
[ 19980 of 126540 ]
[ 20000 of 126540 ]
[ 20020 of 126540 ]
[ 20040 of 126540 ]
[ 20060 of 126540 ]
[ 20080 of 126540 ]
[ 20100 of 126540 ]
[ 20120 of 126540 ]
[ 20140 of 126540 ]
[ 20160 of 126540 ]
[ 20180 of 126540 ]
[ 20200 of 126540 ]
[ 20220 of 126540 ]
[ 20240 of 126540 ]
[ 20260 of 126540 ]
[ 20280 of 126540 ]
[ 20300 of 126540 ]
[ 20320 of 126540 ]
[ 20340 of 126540 ]
[ 20360 of 126540 ]
[ 20380 of 126540 ]
[ 20400 of 126540 ]
[ 20420 of 126540 ]
[ 20440 of 126540 ]
[ 20460 of 126540 ]
[ 20480 of 126540 ]
[ 20500 of 126540 ]
[ 20520 of 126540 ]
[ 20540 of 126540 ]
[ 20560 of 126540 ]
[ 20580 of 126540 ]
[ 20600 of 126540 ]
[ 20620 of 126540 ]
[ 20640 of 126540 ]
[ 20660 of 126540 ]
[ 20680 of 126540 ]
[ 20700 of 126540 ]
[ 20720 of 126540 ]
[ 20740 of 126540 ]
[ 20760 of 126540 ]
[ 20780 of 126540 ]
[ 20800 of 126540 ]
[ 20820 of 126540 ]
[ 20840 of 126540 ]
[ 20860 of 126540 ]
[ 20880 of 126540 ]
[ 20900 of 126540 ]
[ 20920 of 126540 ]
[ 20940 of 126540 ]
[ 20960 of 126540 ]
[ 20980 of 126540 ]
[ 21000 of 126540 ]
[ 21020 of 126540 ]
[ 21040 of 126540 ]
[ 21060 of 126540 ]
[ 21080 of 126540 ]
[ 21100 of 126540 ]
[ 21120 of 126540 ]
[ 21140 of 126540 ]
[ 21160 of 126540 ]
[ 21180 of 126540 ]
[ 21200 of 126540 ]
[ 21220 of 126540 ]
[ 21240 of 126540 ]
[ 21260 of 126540 ]
[ 21280 of 126540 ]
[ 21300 of 126540 ]
[ 21320 of 126540 ]
[ 21340 of 126540 ]
[ 21360 of 126540 ]
[ 21380 of 126540 ]
[ 21400 of 126540 ]
[ 21420 of 126540 ]
[ 21440 of 126540 ]
[ 21460 of 126540 ]
[ 21480 of 126540 ]
[ 21500 of 126540 ]
[ 21520 of 126540 ]
[ 21540 of 126540 ]
[ 21560 of 126540 ]
[ 21580 of 126540 ]
[ 21600 of 126540 ]
[ 21620 of 126540 ]
[ 21640 of 126540 ]
[ 21660 of 126540 ]
[ 21680 of 126540 ]
[ 21700 of 126540 ]
[ 21720 of 126540 ]
[ 21740 of 126540 ]
[ 21760 of 126540 ]
[ 21780 of 126540 ]
[ 21800 of 126540 ]
[ 21820 of 126540 ]
[ 21840 of 126540 ]
[ 21860 of 126540 ]
[ 21880 of 126540 ]
[ 21900 of 126540 ]
[ 21920 of 126540 ]
[ 21940 of 126540 ]
[ 21960 of 126540 ]
[ 21980 of 126540 ]
[ 22000 of 126540 ]
[ 22020 of 126540 ]
[ 22040 of 126540 ]
[ 22060 of 126540 ]
[ 22080 of 126540 ]
[ 22100 of 126540 ]
[ 22120 of 126540 ]
[ 22140 of 126540 ]
[ 22160 of 126540 ]
[ 22180 of 126540 ]
[ 22200 of 126540 ]
[ 22220 of 126540 ]
[ 22240 of 126540 ]
[ 22260 of 126540 ]
[ 22280 of 126540 ]
[ 22300 of 126540 ]
[ 22320 of 126540 ]
[ 22340 of 126540 ]
[ 22360 of 126540 ]
[ 22380 of 126540 ]
[ 22400 of 126540 ]
[ 22420 of 126540 ]
[ 22440 of 126540 ]
[ 22460 of 126540 ]
[ 22480 of 126540 ]
[ 22500 of 126540 ]
[ 22520 of 126540 ]
[ 22540 of 126540 ]
[ 22560 of 126540 ]
[ 22580 of 126540 ]
[ 22600 of 126540 ]
[ 22620 of 126540 ]
[ 22640 of 126540 ]
[ 22660 of 126540 ]
[ 22680 of 126540 ]
[ 22700 of 126540 ]
[ 22720 of 126540 ]
[ 22740 of 126540 ]
[ 22760 of 126540 ]
[ 22780 of 126540 ]
[ 22800 of 126540 ]
[ 22820 of 126540 ]
[ 22840 of 126540 ]
[ 22860 of 126540 ]
[ 22880 of 126540 ]
[ 22900 of 126540 ]
[ 22920 of 126540 ]
[ 22940 of 126540 ]
[ 22960 of 126540 ]
[ 22980 of 126540 ]
[ 23000 of 126540 ]
[ 23020 of 126540 ]
[ 23040 of 126540 ]
[ 23060 of 126540 ]
[ 23080 of 126540 ]
[ 23100 of 126540 ]
[ 23120 of 126540 ]
[ 23140 of 126540 ]
[ 23160 of 126540 ]
[ 23180 of 126540 ]
[ 23200 of 126540 ]
[ 23220 of 126540 ]
[ 23240 of 126540 ]
[ 23260 of 126540 ]
[ 23280 of 126540 ]
[ 23300 of 126540 ]
[ 23320 of 126540 ]
[ 23340 of 126540 ]
[ 23360 of 126540 ]
[ 23380 of 126540 ]
[ 23400 of 126540 ]
[ 23420 of 126540 ]
[ 23440 of 126540 ]
[ 23460 of 126540 ]
[ 23480 of 126540 ]
[ 23500 of 126540 ]
[ 23520 of 126540 ]
[ 23540 of 126540 ]
[ 23560 of 126540 ]
[ 23580 of 126540 ]
[ 23600 of 126540 ]
[ 23620 of 126540 ]
[ 23640 of 126540 ]
[ 23660 of 126540 ]
[ 23680 of 126540 ]
[ 23700 of 126540 ]
[ 23720 of 126540 ]
[ 23740 of 126540 ]
[ 23760 of 126540 ]
[ 23780 of 126540 ]
[ 23800 of 126540 ]
[ 23820 of 126540 ]
[ 23840 of 126540 ]
[ 23860 of 126540 ]
[ 23880 of 126540 ]
[ 23900 of 126540 ]
[ 23920 of 126540 ]
[ 23940 of 126540 ]
[ 23960 of 126540 ]
[ 23980 of 126540 ]
[ 24000 of 126540 ]
[ 24020 of 126540 ]
[ 24040 of 126540 ]
[ 24060 of 126540 ]
[ 24080 of 126540 ]
[ 24100 of 126540 ]
[ 24120 of 126540 ]
[ 24140 of 126540 ]
[ 24160 of 126540 ]
[ 24180 of 126540 ]
[ 24200 of 126540 ]
[ 24220 of 126540 ]
[ 24240 of 126540 ]
[ 24260 of 126540 ]
[ 24280 of 126540 ]
[ 24300 of 126540 ]
[ 24320 of 126540 ]
[ 24340 of 126540 ]
[ 24360 of 126540 ]
[ 24380 of 126540 ]
[ 24400 of 126540 ]
[ 24420 of 126540 ]
[ 24440 of 126540 ]
[ 24460 of 126540 ]
[ 24480 of 126540 ]
[ 24500 of 126540 ]
[ 24520 of 126540 ]
[ 24540 of 126540 ]
[ 24560 of 126540 ]
[ 24580 of 126540 ]
[ 24600 of 126540 ]
[ 24620 of 126540 ]
[ 24640 of 126540 ]
[ 24660 of 126540 ]
[ 24680 of 126540 ]
[ 24700 of 126540 ]
[ 24720 of 126540 ]
[ 24740 of 126540 ]
[ 24760 of 126540 ]
[ 24780 of 126540 ]
[ 24800 of 126540 ]
[ 24820 of 126540 ]
[ 24840 of 126540 ]
[ 24860 of 126540 ]
[ 24880 of 126540 ]
[ 24900 of 126540 ]
[ 24920 of 126540 ]
[ 24940 of 126540 ]
[ 24960 of 126540 ]
[ 24980 of 126540 ]
[ 25000 of 126540 ]
[ 25020 of 126540 ]
[ 25040 of 126540 ]
[ 25060 of 126540 ]
[ 25080 of 126540 ]
[ 25100 of 126540 ]
[ 25120 of 126540 ]
[ 25140 of 126540 ]
[ 25160 of 126540 ]
[ 25180 of 126540 ]
[ 25200 of 126540 ]
[ 25220 of 126540 ]
[ 25240 of 126540 ]
[ 25260 of 126540 ]
[ 25280 of 126540 ]
[ 25300 of 126540 ]
[ 25320 of 126540 ]
[ 25340 of 126540 ]
[ 25360 of 126540 ]
[ 25380 of 126540 ]
[ 25400 of 126540 ]
[ 25420 of 126540 ]
[ 25440 of 126540 ]
[ 25460 of 126540 ]
[ 25480 of 126540 ]
[ 25500 of 126540 ]
[ 25520 of 126540 ]
[ 25540 of 126540 ]
[ 25560 of 126540 ]
[ 25580 of 126540 ]
[ 25600 of 126540 ]
[ 25620 of 126540 ]
[ 25640 of 126540 ]
[ 25660 of 126540 ]
[ 25680 of 126540 ]
[ 25700 of 126540 ]
[ 25720 of 126540 ]
[ 25740 of 126540 ]
[ 25760 of 126540 ]
[ 25780 of 126540 ]
[ 25800 of 126540 ]
[ 25820 of 126540 ]
[ 25840 of 126540 ]
[ 25860 of 126540 ]
[ 25880 of 126540 ]
[ 25900 of 126540 ]
[ 25920 of 126540 ]
[ 25940 of 126540 ]
[ 25960 of 126540 ]
[ 25980 of 126540 ]
[ 26000 of 126540 ]
[ 26020 of 126540 ]
[ 26040 of 126540 ]
[ 26060 of 126540 ]
[ 26080 of 126540 ]
[ 26100 of 126540 ]
[ 26120 of 126540 ]
[ 26140 of 126540 ]
[ 26160 of 126540 ]
[ 26180 of 126540 ]
[ 26200 of 126540 ]
[ 26220 of 126540 ]
[ 26240 of 126540 ]
[ 26260 of 126540 ]
[ 26280 of 126540 ]
[ 26300 of 126540 ]
[ 26320 of 126540 ]
[ 26340 of 126540 ]
[ 26360 of 126540 ]
[ 26380 of 126540 ]
[ 26400 of 126540 ]
[ 26420 of 126540 ]
[ 26440 of 126540 ]
[ 26460 of 126540 ]
[ 26480 of 126540 ]
[ 26500 of 126540 ]
[ 26520 of 126540 ]
[ 26540 of 126540 ]
[ 26560 of 126540 ]
[ 26580 of 126540 ]
[ 26600 of 126540 ]
[ 26620 of 126540 ]
[ 26640 of 126540 ]
[ 26660 of 126540 ]
[ 26680 of 126540 ]
[ 26700 of 126540 ]
[ 26720 of 126540 ]
[ 26740 of 126540 ]
[ 26760 of 126540 ]
[ 26780 of 126540 ]
[ 26800 of 126540 ]
[ 26820 of 126540 ]
[ 26840 of 126540 ]
[ 26860 of 126540 ]
[ 26880 of 126540 ]
[ 26900 of 126540 ]
[ 26920 of 126540 ]
[ 26940 of 126540 ]
[ 26960 of 126540 ]
[ 26980 of 126540 ]
[ 27000 of 126540 ]
[ 27020 of 126540 ]
[ 27040 of 126540 ]
[ 27060 of 126540 ]
[ 27080 of 126540 ]
[ 27100 of 126540 ]
[ 27120 of 126540 ]
[ 27140 of 126540 ]
[ 27160 of 126540 ]
[ 27180 of 126540 ]
[ 27200 of 126540 ]
[ 27220 of 126540 ]
[ 27240 of 126540 ]
[ 27260 of 126540 ]
[ 27280 of 126540 ]
[ 27300 of 126540 ]
[ 27320 of 126540 ]
[ 27340 of 126540 ]
[ 27360 of 126540 ]
[ 27380 of 126540 ]
[ 27400 of 126540 ]
[ 27420 of 126540 ]
[ 27440 of 126540 ]
[ 27460 of 126540 ]
[ 27480 of 126540 ]
[ 27500 of 126540 ]
[ 27520 of 126540 ]
[ 27540 of 126540 ]
[ 27560 of 126540 ]
[ 27580 of 126540 ]
[ 27600 of 126540 ]
[ 27620 of 126540 ]
[ 27640 of 126540 ]
[ 27660 of 126540 ]
[ 27680 of 126540 ]
[ 27700 of 126540 ]
[ 27720 of 126540 ]
[ 27740 of 126540 ]
[ 27760 of 126540 ]
[ 27780 of 126540 ]
[ 27800 of 126540 ]
[ 27820 of 126540 ]
[ 27840 of 126540 ]
[ 27860 of 126540 ]
[ 27880 of 126540 ]
[ 27900 of 126540 ]
[ 27920 of 126540 ]
[ 27940 of 126540 ]
[ 27960 of 126540 ]
[ 27980 of 126540 ]
[ 28000 of 126540 ]
[ 28020 of 126540 ]
[ 28040 of 126540 ]
[ 28060 of 126540 ]
[ 28080 of 126540 ]
[ 28100 of 126540 ]
[ 28120 of 126540 ]
[ 28140 of 126540 ]
[ 28160 of 126540 ]
[ 28180 of 126540 ]
[ 28200 of 126540 ]
[ 28220 of 126540 ]
[ 28240 of 126540 ]
[ 28260 of 126540 ]
[ 28280 of 126540 ]
[ 28300 of 126540 ]
[ 28320 of 126540 ]
[ 28340 of 126540 ]
[ 28360 of 126540 ]
[ 28380 of 126540 ]
[ 28400 of 126540 ]
[ 28420 of 126540 ]
[ 28440 of 126540 ]
[ 28460 of 126540 ]
[ 28480 of 126540 ]
[ 28500 of 126540 ]
[ 28520 of 126540 ]
[ 28540 of 126540 ]
[ 28560 of 126540 ]
[ 28580 of 126540 ]
[ 28600 of 126540 ]
[ 28620 of 126540 ]
[ 28640 of 126540 ]
[ 28660 of 126540 ]
[ 28680 of 126540 ]
[ 28700 of 126540 ]
[ 28720 of 126540 ]
[ 28740 of 126540 ]
[ 28760 of 126540 ]
[ 28780 of 126540 ]
[ 28800 of 126540 ]
[ 28820 of 126540 ]
[ 28840 of 126540 ]
[ 28860 of 126540 ]
[ 28880 of 126540 ]
[ 28900 of 126540 ]
[ 28920 of 126540 ]
[ 28940 of 126540 ]
[ 28960 of 126540 ]
[ 28980 of 126540 ]
[ 29000 of 126540 ]
[ 29020 of 126540 ]
[ 29040 of 126540 ]
[ 29060 of 126540 ]
[ 29080 of 126540 ]
[ 29100 of 126540 ]
[ 29120 of 126540 ]
[ 29140 of 126540 ]
[ 29160 of 126540 ]
[ 29180 of 126540 ]
[ 29200 of 126540 ]
[ 29220 of 126540 ]
[ 29240 of 126540 ]
[ 29260 of 126540 ]
[ 29280 of 126540 ]
[ 29300 of 126540 ]
[ 29320 of 126540 ]
[ 29340 of 126540 ]
[ 29360 of 126540 ]
[ 29380 of 126540 ]
[ 29400 of 126540 ]
[ 29420 of 126540 ]
[ 29440 of 126540 ]
[ 29460 of 126540 ]
[ 29480 of 126540 ]
[ 29500 of 126540 ]
[ 29520 of 126540 ]
[ 29540 of 126540 ]
[ 29560 of 126540 ]
[ 29580 of 126540 ]
[ 29600 of 126540 ]
[ 29620 of 126540 ]
[ 29640 of 126540 ]
[ 29660 of 126540 ]
[ 29680 of 126540 ]
[ 29700 of 126540 ]
[ 29720 of 126540 ]
[ 29740 of 126540 ]
[ 29760 of 126540 ]
[ 29780 of 126540 ]
[ 29800 of 126540 ]
[ 29820 of 126540 ]
[ 29840 of 126540 ]
[ 29860 of 126540 ]
[ 29880 of 126540 ]
[ 29900 of 126540 ]
[ 29920 of 126540 ]
[ 29940 of 126540 ]
[ 29960 of 126540 ]
[ 29980 of 126540 ]
[ 30000 of 126540 ]
[ 30020 of 126540 ]
[ 30040 of 126540 ]
[ 30060 of 126540 ]
[ 30080 of 126540 ]
[ 30100 of 126540 ]
[ 30120 of 126540 ]
[ 30140 of 126540 ]
[ 30160 of 126540 ]
[ 30180 of 126540 ]
[ 30200 of 126540 ]
[ 30220 of 126540 ]
[ 30240 of 126540 ]
[ 30260 of 126540 ]
[ 30280 of 126540 ]
[ 30300 of 126540 ]
[ 30320 of 126540 ]
[ 30340 of 126540 ]
[ 30360 of 126540 ]
[ 30380 of 126540 ]
[ 30400 of 126540 ]
[ 30420 of 126540 ]
[ 30440 of 126540 ]
[ 30460 of 126540 ]
[ 30480 of 126540 ]
[ 30500 of 126540 ]
[ 30520 of 126540 ]
[ 30540 of 126540 ]
[ 30560 of 126540 ]
[ 30580 of 126540 ]
[ 30600 of 126540 ]
[ 30620 of 126540 ]
[ 30640 of 126540 ]
[ 30660 of 126540 ]
[ 30680 of 126540 ]
[ 30700 of 126540 ]
[ 30720 of 126540 ]
[ 30740 of 126540 ]
[ 30760 of 126540 ]
[ 30780 of 126540 ]
[ 30800 of 126540 ]
[ 30820 of 126540 ]
[ 30840 of 126540 ]
[ 30860 of 126540 ]
[ 30880 of 126540 ]
[ 30900 of 126540 ]
[ 30920 of 126540 ]
[ 30940 of 126540 ]
[ 30960 of 126540 ]
[ 30980 of 126540 ]
[ 31000 of 126540 ]
[ 31020 of 126540 ]
[ 31040 of 126540 ]
[ 31060 of 126540 ]
[ 31080 of 126540 ]
[ 31100 of 126540 ]
[ 31120 of 126540 ]
[ 31140 of 126540 ]
[ 31160 of 126540 ]
[ 31180 of 126540 ]
[ 31200 of 126540 ]
[ 31220 of 126540 ]
[ 31240 of 126540 ]
[ 31260 of 126540 ]
[ 31280 of 126540 ]
[ 31300 of 126540 ]
[ 31320 of 126540 ]
[ 31340 of 126540 ]
[ 31360 of 126540 ]
[ 31380 of 126540 ]
[ 31400 of 126540 ]
[ 31420 of 126540 ]
[ 31440 of 126540 ]
[ 31460 of 126540 ]
[ 31480 of 126540 ]
[ 31500 of 126540 ]
[ 31520 of 126540 ]
[ 31540 of 126540 ]
[ 31560 of 126540 ]
[ 31580 of 126540 ]
[ 31600 of 126540 ]
[ 31620 of 126540 ]
[ 31640 of 126540 ]
[ 31660 of 126540 ]
[ 31680 of 126540 ]
[ 31700 of 126540 ]
[ 31720 of 126540 ]
[ 31740 of 126540 ]
[ 31760 of 126540 ]
[ 31780 of 126540 ]
[ 31800 of 126540 ]
[ 31820 of 126540 ]
[ 31840 of 126540 ]
[ 31860 of 126540 ]
[ 31880 of 126540 ]
[ 31900 of 126540 ]
[ 31920 of 126540 ]
[ 31940 of 126540 ]
[ 31960 of 126540 ]
[ 31980 of 126540 ]
[ 32000 of 126540 ]
[ 32020 of 126540 ]
[ 32040 of 126540 ]
[ 32060 of 126540 ]
[ 32080 of 126540 ]
[ 32100 of 126540 ]
[ 32120 of 126540 ]
[ 32140 of 126540 ]
[ 32160 of 126540 ]
[ 32180 of 126540 ]
[ 32200 of 126540 ]
[ 32220 of 126540 ]
[ 32240 of 126540 ]
[ 32260 of 126540 ]
[ 32280 of 126540 ]
[ 32300 of 126540 ]
[ 32320 of 126540 ]
[ 32340 of 126540 ]
[ 32360 of 126540 ]
[ 32380 of 126540 ]
[ 32400 of 126540 ]
[ 32420 of 126540 ]
[ 32440 of 126540 ]
[ 32460 of 126540 ]
[ 32480 of 126540 ]
[ 32500 of 126540 ]
[ 32520 of 126540 ]
[ 32540 of 126540 ]
[ 32560 of 126540 ]
[ 32580 of 126540 ]
[ 32600 of 126540 ]
[ 32620 of 126540 ]
[ 32640 of 126540 ]
[ 32660 of 126540 ]
[ 32680 of 126540 ]
[ 32700 of 126540 ]
[ 32720 of 126540 ]
[ 32740 of 126540 ]
[ 32760 of 126540 ]
[ 32780 of 126540 ]
[ 32800 of 126540 ]
[ 32820 of 126540 ]
[ 32840 of 126540 ]
[ 32860 of 126540 ]
[ 32880 of 126540 ]
[ 32900 of 126540 ]
[ 32920 of 126540 ]
[ 32940 of 126540 ]
[ 32960 of 126540 ]
[ 32980 of 126540 ]
[ 33000 of 126540 ]
[ 33020 of 126540 ]
[ 33040 of 126540 ]
[ 33060 of 126540 ]
[ 33080 of 126540 ]
[ 33100 of 126540 ]
[ 33120 of 126540 ]
[ 33140 of 126540 ]
[ 33160 of 126540 ]
[ 33180 of 126540 ]
[ 33200 of 126540 ]
[ 33220 of 126540 ]
[ 33240 of 126540 ]
[ 33260 of 126540 ]
[ 33280 of 126540 ]
[ 33300 of 126540 ]
[ 33320 of 126540 ]
[ 33340 of 126540 ]
[ 33360 of 126540 ]
[ 33380 of 126540 ]
[ 33400 of 126540 ]
[ 33420 of 126540 ]
[ 33440 of 126540 ]
[ 33460 of 126540 ]
[ 33480 of 126540 ]
[ 33500 of 126540 ]
[ 33520 of 126540 ]
[ 33540 of 126540 ]
[ 33560 of 126540 ]
[ 33580 of 126540 ]
[ 33600 of 126540 ]
[ 33620 of 126540 ]
[ 33640 of 126540 ]
[ 33660 of 126540 ]
[ 33680 of 126540 ]
[ 33700 of 126540 ]
[ 33720 of 126540 ]
[ 33740 of 126540 ]
[ 33760 of 126540 ]
[ 33780 of 126540 ]
[ 33800 of 126540 ]
[ 33820 of 126540 ]
[ 33840 of 126540 ]
[ 33860 of 126540 ]
[ 33880 of 126540 ]
[ 33900 of 126540 ]
[ 33920 of 126540 ]
[ 33940 of 126540 ]
[ 33960 of 126540 ]
[ 33980 of 126540 ]
[ 34000 of 126540 ]
[ 34020 of 126540 ]
[ 34040 of 126540 ]
[ 34060 of 126540 ]
[ 34080 of 126540 ]
[ 34100 of 126540 ]
[ 34120 of 126540 ]
[ 34140 of 126540 ]
[ 34160 of 126540 ]
[ 34180 of 126540 ]
[ 34200 of 126540 ]
[ 34220 of 126540 ]
[ 34240 of 126540 ]
[ 34260 of 126540 ]
[ 34280 of 126540 ]
[ 34300 of 126540 ]
[ 34320 of 126540 ]
[ 34340 of 126540 ]
[ 34360 of 126540 ]
[ 34380 of 126540 ]
[ 34400 of 126540 ]
[ 34420 of 126540 ]
[ 34440 of 126540 ]
[ 34460 of 126540 ]
[ 34480 of 126540 ]
[ 34500 of 126540 ]
[ 34520 of 126540 ]
[ 34540 of 126540 ]
[ 34560 of 126540 ]
[ 34580 of 126540 ]
[ 34600 of 126540 ]
[ 34620 of 126540 ]
[ 34640 of 126540 ]
[ 34660 of 126540 ]
[ 34680 of 126540 ]
[ 34700 of 126540 ]
[ 34720 of 126540 ]
[ 34740 of 126540 ]
[ 34760 of 126540 ]
[ 34780 of 126540 ]
[ 34800 of 126540 ]
[ 34820 of 126540 ]
[ 34840 of 126540 ]
[ 34860 of 126540 ]
[ 34880 of 126540 ]
[ 34900 of 126540 ]
[ 34920 of 126540 ]
[ 34940 of 126540 ]
[ 34960 of 126540 ]
[ 34980 of 126540 ]
[ 35000 of 126540 ]
[ 35020 of 126540 ]
[ 35040 of 126540 ]
[ 35060 of 126540 ]
[ 35080 of 126540 ]
[ 35100 of 126540 ]
[ 35120 of 126540 ]
[ 35140 of 126540 ]
[ 35160 of 126540 ]
[ 35180 of 126540 ]
[ 35200 of 126540 ]
[ 35220 of 126540 ]
[ 35240 of 126540 ]
[ 35260 of 126540 ]
[ 35280 of 126540 ]
[ 35300 of 126540 ]
[ 35320 of 126540 ]
[ 35340 of 126540 ]
[ 35360 of 126540 ]
[ 35380 of 126540 ]
[ 35400 of 126540 ]
[ 35420 of 126540 ]
[ 35440 of 126540 ]
[ 35460 of 126540 ]
[ 35480 of 126540 ]
[ 35500 of 126540 ]
[ 35520 of 126540 ]
[ 35540 of 126540 ]
[ 35560 of 126540 ]
[ 35580 of 126540 ]
[ 35600 of 126540 ]
[ 35620 of 126540 ]
[ 35640 of 126540 ]
[ 35660 of 126540 ]
[ 35680 of 126540 ]
[ 35700 of 126540 ]
[ 35720 of 126540 ]
[ 35740 of 126540 ]
[ 35760 of 126540 ]
[ 35780 of 126540 ]
[ 35800 of 126540 ]
[ 35820 of 126540 ]
[ 35840 of 126540 ]
[ 35860 of 126540 ]
[ 35880 of 126540 ]
[ 35900 of 126540 ]
[ 35920 of 126540 ]
[ 35940 of 126540 ]
[ 35960 of 126540 ]
[ 35980 of 126540 ]
[ 36000 of 126540 ]
[ 36020 of 126540 ]
[ 36040 of 126540 ]
[ 36060 of 126540 ]
[ 36080 of 126540 ]
[ 36100 of 126540 ]
[ 36120 of 126540 ]
[ 36140 of 126540 ]
[ 36160 of 126540 ]
[ 36180 of 126540 ]
[ 36200 of 126540 ]
[ 36220 of 126540 ]
[ 36240 of 126540 ]
[ 36260 of 126540 ]
[ 36280 of 126540 ]
[ 36300 of 126540 ]
[ 36320 of 126540 ]
[ 36340 of 126540 ]
[ 36360 of 126540 ]
[ 36380 of 126540 ]
[ 36400 of 126540 ]
[ 36420 of 126540 ]
[ 36440 of 126540 ]
[ 36460 of 126540 ]
[ 36480 of 126540 ]
[ 36500 of 126540 ]
[ 36520 of 126540 ]
[ 36540 of 126540 ]
[ 36560 of 126540 ]
[ 36580 of 126540 ]
[ 36600 of 126540 ]
[ 36620 of 126540 ]
[ 36640 of 126540 ]
[ 36660 of 126540 ]
[ 36680 of 126540 ]
[ 36700 of 126540 ]
[ 36720 of 126540 ]
[ 36740 of 126540 ]
[ 36760 of 126540 ]
[ 36780 of 126540 ]
[ 36800 of 126540 ]
[ 36820 of 126540 ]
[ 36840 of 126540 ]
[ 36860 of 126540 ]
[ 36880 of 126540 ]
[ 36900 of 126540 ]
[ 36920 of 126540 ]
[ 36940 of 126540 ]
[ 36960 of 126540 ]
[ 36980 of 126540 ]
[ 37000 of 126540 ]
[ 37020 of 126540 ]
[ 37040 of 126540 ]
[ 37060 of 126540 ]
[ 37080 of 126540 ]
[ 37100 of 126540 ]
[ 37120 of 126540 ]
[ 37140 of 126540 ]
[ 37160 of 126540 ]
[ 37180 of 126540 ]
[ 37200 of 126540 ]
[ 37220 of 126540 ]
[ 37240 of 126540 ]
[ 37260 of 126540 ]
[ 37280 of 126540 ]
[ 37300 of 126540 ]
[ 37320 of 126540 ]
[ 37340 of 126540 ]
[ 37360 of 126540 ]
[ 37380 of 126540 ]
[ 37400 of 126540 ]
[ 37420 of 126540 ]
[ 37440 of 126540 ]
[ 37460 of 126540 ]
[ 37480 of 126540 ]
[ 37500 of 126540 ]
[ 37520 of 126540 ]
[ 37540 of 126540 ]
[ 37560 of 126540 ]
[ 37580 of 126540 ]
[ 37600 of 126540 ]
[ 37620 of 126540 ]
[ 37640 of 126540 ]
[ 37660 of 126540 ]
[ 37680 of 126540 ]
[ 37700 of 126540 ]
[ 37720 of 126540 ]
[ 37740 of 126540 ]
[ 37760 of 126540 ]
[ 37780 of 126540 ]
[ 37800 of 126540 ]
[ 37820 of 126540 ]
[ 37840 of 126540 ]
[ 37860 of 126540 ]
[ 37880 of 126540 ]
[ 37900 of 126540 ]
[ 37920 of 126540 ]
[ 37940 of 126540 ]
[ 37960 of 126540 ]
[ 37980 of 126540 ]
[ 38000 of 126540 ]
[ 38020 of 126540 ]
[ 38040 of 126540 ]
[ 38060 of 126540 ]
[ 38080 of 126540 ]
[ 38100 of 126540 ]
[ 38120 of 126540 ]
[ 38140 of 126540 ]
[ 38160 of 126540 ]
[ 38180 of 126540 ]
[ 38200 of 126540 ]
[ 38220 of 126540 ]
[ 38240 of 126540 ]
[ 38260 of 126540 ]
[ 38280 of 126540 ]
[ 38300 of 126540 ]
[ 38320 of 126540 ]
[ 38340 of 126540 ]
[ 38360 of 126540 ]
[ 38380 of 126540 ]
[ 38400 of 126540 ]
[ 38420 of 126540 ]
[ 38440 of 126540 ]
[ 38460 of 126540 ]
[ 38480 of 126540 ]
[ 38500 of 126540 ]
[ 38520 of 126540 ]
[ 38540 of 126540 ]
[ 38560 of 126540 ]
[ 38580 of 126540 ]
[ 38600 of 126540 ]
[ 38620 of 126540 ]
[ 38640 of 126540 ]
[ 38660 of 126540 ]
[ 38680 of 126540 ]
[ 38700 of 126540 ]
[ 38720 of 126540 ]
[ 38740 of 126540 ]
[ 38760 of 126540 ]
[ 38780 of 126540 ]
[ 38800 of 126540 ]
[ 38820 of 126540 ]
[ 38840 of 126540 ]
[ 38860 of 126540 ]
[ 38880 of 126540 ]
[ 38900 of 126540 ]
[ 38920 of 126540 ]
[ 38940 of 126540 ]
[ 38960 of 126540 ]
[ 38980 of 126540 ]
[ 39000 of 126540 ]
[ 39020 of 126540 ]
[ 39040 of 126540 ]
[ 39060 of 126540 ]
[ 39080 of 126540 ]
[ 39100 of 126540 ]
[ 39120 of 126540 ]
[ 39140 of 126540 ]
[ 39160 of 126540 ]
[ 39180 of 126540 ]
[ 39200 of 126540 ]
[ 39220 of 126540 ]
[ 39240 of 126540 ]
[ 39260 of 126540 ]
[ 39280 of 126540 ]
[ 39300 of 126540 ]
[ 39320 of 126540 ]
[ 39340 of 126540 ]
[ 39360 of 126540 ]
[ 39380 of 126540 ]
[ 39400 of 126540 ]
[ 39420 of 126540 ]
[ 39440 of 126540 ]
[ 39460 of 126540 ]
[ 39480 of 126540 ]
[ 39500 of 126540 ]
[ 39520 of 126540 ]
[ 39540 of 126540 ]
[ 39560 of 126540 ]
[ 39580 of 126540 ]
[ 39600 of 126540 ]
[ 39620 of 126540 ]
[ 39640 of 126540 ]
[ 39660 of 126540 ]
[ 39680 of 126540 ]
[ 39700 of 126540 ]
[ 39720 of 126540 ]
[ 39740 of 126540 ]
[ 39760 of 126540 ]
[ 39780 of 126540 ]
[ 39800 of 126540 ]
[ 39820 of 126540 ]
[ 39840 of 126540 ]
[ 39860 of 126540 ]
[ 39880 of 126540 ]
[ 39900 of 126540 ]
[ 39920 of 126540 ]
[ 39940 of 126540 ]
[ 39960 of 126540 ]
[ 39980 of 126540 ]
[ 40000 of 126540 ]
[ 40020 of 126540 ]
[ 40040 of 126540 ]
[ 40060 of 126540 ]
[ 40080 of 126540 ]
[ 40100 of 126540 ]
[ 40120 of 126540 ]
[ 40140 of 126540 ]
[ 40160 of 126540 ]
[ 40180 of 126540 ]
[ 40200 of 126540 ]
[ 40220 of 126540 ]
[ 40240 of 126540 ]
[ 40260 of 126540 ]
[ 40280 of 126540 ]
[ 40300 of 126540 ]
[ 40320 of 126540 ]
[ 40340 of 126540 ]
[ 40360 of 126540 ]
[ 40380 of 126540 ]
[ 40400 of 126540 ]
[ 40420 of 126540 ]
[ 40440 of 126540 ]
[ 40460 of 126540 ]
[ 40480 of 126540 ]
[ 40500 of 126540 ]
[ 40520 of 126540 ]
[ 40540 of 126540 ]
[ 40560 of 126540 ]
[ 40580 of 126540 ]
[ 40600 of 126540 ]
[ 40620 of 126540 ]
[ 40640 of 126540 ]
[ 40660 of 126540 ]
[ 40680 of 126540 ]
[ 40700 of 126540 ]
[ 40720 of 126540 ]
[ 40740 of 126540 ]
[ 40760 of 126540 ]
[ 40780 of 126540 ]
[ 40800 of 126540 ]
[ 40820 of 126540 ]
[ 40840 of 126540 ]
[ 40860 of 126540 ]
[ 40880 of 126540 ]
[ 40900 of 126540 ]
[ 40920 of 126540 ]
[ 40940 of 126540 ]
[ 40960 of 126540 ]
[ 40980 of 126540 ]
[ 41000 of 126540 ]
[ 41020 of 126540 ]
[ 41040 of 126540 ]
[ 41060 of 126540 ]
[ 41080 of 126540 ]
[ 41100 of 126540 ]
[ 41120 of 126540 ]
[ 41140 of 126540 ]
[ 41160 of 126540 ]
[ 41180 of 126540 ]
[ 41200 of 126540 ]
[ 41220 of 126540 ]
[ 41240 of 126540 ]
[ 41260 of 126540 ]
[ 41280 of 126540 ]
[ 41300 of 126540 ]
[ 41320 of 126540