/home/tscherli/.bashrc: line 15: bind: warning: line editing not enabled
/home/tscherli/.bashrc: line 16: bind: warning: line editing not enabled
/home/tscherli/.bashrc: line 18: bind: warning: line editing not enabled
/home/tscherli/.bashrc: line 19: bind: warning: line editing not enabled
/home/tscherli/.bashrc: line 20: bind: warning: line editing not enabled
/home/tscherli/.bashrc: line 21: bind: warning: line editing not enabled
+ wait
+ nvidia-docker run -v /data/datasets:/data/datasets -v /home/tscherli:/home/tscherli tscherli/alphatraining python3 /home/tscherli/task2/mytests.py
Using TensorFlow backend.
                                                                               [                                        ] N/A% ETA:  --:--:-- \u2196 Loaded: 0.0 MB                                                                               [========================================] 100% Time:  0:02:11 \u2190 Loaded: 0.0 MB
2019-02-20 14:40:05.684673: I tensorflow/core/platform/cpu_feature_guard.cc:141] Your CPU supports instructions that this TensorFlow binary was not compiled to use: AVX2 FMA
2019-02-20 14:40:05.968363: I tensorflow/core/common_runtime/gpu/gpu_device.cc:1432] Found device 0 with properties: 
name: TITAN X (Pascal) major: 6 minor: 1 memoryClockRate(GHz): 1.531
pciBusID: 0000:02:00.0
totalMemory: 11.91GiB freeMemory: 11.75GiB
2019-02-20 14:40:06.317408: I tensorflow/core/common_runtime/gpu/gpu_device.cc:1432] Found device 1 with properties: 
name: TITAN X (Pascal) major: 6 minor: 1 memoryClockRate(GHz): 1.531
pciBusID: 0000:03:00.0
totalMemory: 11.91GiB freeMemory: 11.75GiB
2019-02-20 14:40:06.554664: I tensorflow/core/common_runtime/gpu/gpu_device.cc:1432] Found device 2 with properties: 
name: TITAN X (Pascal) major: 6 minor: 1 memoryClockRate(GHz): 1.531
pciBusID: 0000:81:00.0
totalMemory: 11.91GiB freeMemory: 4.38GiB
2019-02-20 14:40:06.830439: I tensorflow/core/common_runtime/gpu/gpu_device.cc:1432] Found device 3 with properties: 
name: TITAN X (Pascal) major: 6 minor: 1 memoryClockRate(GHz): 1.531
pciBusID: 0000:82:00.0
totalMemory: 11.91GiB freeMemory: 3.45GiB
2019-02-20 14:40:06.832385: I tensorflow/core/common_runtime/gpu/gpu_device.cc:1511] Adding visible gpu devices: 0, 1, 2, 3
2019-02-20 14:40:09.855722: I tensorflow/core/common_runtime/gpu/gpu_device.cc:982] Device interconnect StreamExecutor with strength 1 edge matrix:
2019-02-20 14:40:09.855785: I tensorflow/core/common_runtime/gpu/gpu_device.cc:988]      0 1 2 3 
2019-02-20 14:40:09.855794: I tensorflow/core/common_runtime/gpu/gpu_device.cc:1001] 0:   N Y N N 
2019-02-20 14:40:09.855800: I tensorflow/core/common_runtime/gpu/gpu_device.cc:1001] 1:   Y N N N 
2019-02-20 14:40:09.855805: I tensorflow/core/common_runtime/gpu/gpu_device.cc:1001] 2:   N N N Y 
2019-02-20 14:40:09.855810: I tensorflow/core/common_runtime/gpu/gpu_device.cc:1001] 3:   N N Y N 
2019-02-20 14:40:09.856810: I tensorflow/core/common_runtime/gpu/gpu_device.cc:1115] Created TensorFlow device (/job:localhost/replica:0/task:0/device:GPU:0 with 11374 MB memory) -> physical GPU (device: 0, name: TITAN X (Pascal), pci bus id: 0000:02:00.0, compute capability: 6.1)
2019-02-20 14:40:09.857719: I tensorflow/core/common_runtime/gpu/gpu_device.cc:1115] Created TensorFlow device (/job:localhost/replica:0/task:0/device:GPU:1 with 11374 MB memory) -> physical GPU (device: 1, name: TITAN X (Pascal), pci bus id: 0000:03:00.0, compute capability: 6.1)
2019-02-20 14:40:09.858578: I tensorflow/core/common_runtime/gpu/gpu_device.cc:1115] Created TensorFlow device (/job:localhost/replica:0/task:0/device:GPU:2 with 4122 MB memory) -> physical GPU (device: 2, name: TITAN X (Pascal), pci bus id: 0000:81:00.0, compute capability: 6.1)
2019-02-20 14:40:09.859409: I tensorflow/core/common_runtime/gpu/gpu_device.cc:1115] Created TensorFlow device (/job:localhost/replica:0/task:0/device:GPU:3 with 3169 MB memory) -> physical GPU (device: 3, name: TITAN X (Pascal), pci bus id: 0000:82:00.0, compute capability: 6.1)
+ echo 'Done!'
